[1.343s] Invoking command in '/home/dcs/Desktop/Lab/Lab1/ros2_ws/src/r2': PYTHONPATH=/home/dcs/Desktop/Lab/Lab1/build/r2/prefix_override:/home/dcs/Desktop/Lab/Lab1/install/r2/lib/python3.8/site-packages:${PYTHONPATH} /usr/bin/python3 setup.py egg_info --egg-base ../../../build/r2 build --build-base /home/dcs/Desktop/Lab/Lab1/build/r2/build install --record /home/dcs/Desktop/Lab/Lab1/build/r2/install.log --install-scripts $base/lib/r2 --single-version-externally-managed
[1.485s] running egg_info
[1.486s] creating ../../../build/r2/r2.egg-info
[1.486s] writing ../../../build/r2/r2.egg-info/PKG-INFO
[1.486s] writing dependency_links to ../../../build/r2/r2.egg-info/dependency_links.txt
[1.486s] writing entry points to ../../../build/r2/r2.egg-info/entry_points.txt
[1.486s] writing requirements to ../../../build/r2/r2.egg-info/requires.txt
[1.486s] writing top-level names to ../../../build/r2/r2.egg-info/top_level.txt
[1.513s] writing manifest file '../../../build/r2/r2.egg-info/SOURCES.txt'
[1.560s] reading manifest file '../../../build/r2/r2.egg-info/SOURCES.txt'
[1.563s] writing manifest file '../../../build/r2/r2.egg-info/SOURCES.txt'
[1.564s] running build
[1.565s] running build_py
[1.565s] creating /home/dcs/Desktop/Lab/Lab1/build/r2/build
[1.565s] creating /home/dcs/Desktop/Lab/Lab1/build/r2/build/lib
[1.565s] creating /home/dcs/Desktop/Lab/Lab1/build/r2/build/lib/r2
[1.565s] copying r2/printer.py -> /home/dcs/Desktop/Lab/Lab1/build/r2/build/lib/r2
[1.568s] copying r2/subscriber.py -> /home/dcs/Desktop/Lab/Lab1/build/r2/build/lib/r2
[1.573s] copying r2/__init__.py -> /home/dcs/Desktop/Lab/Lab1/build/r2/build/lib/r2
[1.573s] copying r2/publisher.py -> /home/dcs/Desktop/Lab/Lab1/build/r2/build/lib/r2
[1.578s] running install
[1.578s] running install_lib
[1.584s] creating /home/dcs/Desktop/Lab/Lab1/install/r2/lib/python3.8/site-packages/r2
[1.584s] copying /home/dcs/Desktop/Lab/Lab1/build/r2/build/lib/r2/printer.py -> /home/dcs/Desktop/Lab/Lab1/install/r2/lib/python3.8/site-packages/r2
[1.584s] copying /home/dcs/Desktop/Lab/Lab1/build/r2/build/lib/r2/subscriber.py -> /home/dcs/Desktop/Lab/Lab1/install/r2/lib/python3.8/site-packages/r2
[1.585s] copying /home/dcs/Desktop/Lab/Lab1/build/r2/build/lib/r2/__init__.py -> /home/dcs/Desktop/Lab/Lab1/install/r2/lib/python3.8/site-packages/r2
[1.585s] copying /home/dcs/Desktop/Lab/Lab1/build/r2/build/lib/r2/publisher.py -> /home/dcs/Desktop/Lab/Lab1/install/r2/lib/python3.8/site-packages/r2
[1.585s] byte-compiling /home/dcs/Desktop/Lab/Lab1/install/r2/lib/python3.8/site-packages/r2/printer.py to printer.cpython-38.pyc
[1.592s] byte-compiling /home/dcs/Desktop/Lab/Lab1/install/r2/lib/python3.8/site-packages/r2/subscriber.py to subscriber.cpython-38.pyc
[1.593s] byte-compiling /home/dcs/Desktop/Lab/Lab1/install/r2/lib/python3.8/site-packages/r2/__init__.py to __init__.cpython-38.pyc
[1.593s] byte-compiling /home/dcs/Desktop/Lab/Lab1/install/r2/lib/python3.8/site-packages/r2/publisher.py to publisher.cpython-38.pyc
[1.593s] running install_data
[1.593s] creating /home/dcs/Desktop/Lab/Lab1/install/r2/share/ament_index
[1.594s] creating /home/dcs/Desktop/Lab/Lab1/install/r2/share/ament_index/resource_index
[1.594s] creating /home/dcs/Desktop/Lab/Lab1/install/r2/share/ament_index/resource_index/packages
[1.594s] copying resource/r2 -> /home/dcs/Desktop/Lab/Lab1/install/r2/share/ament_index/resource_index/packages
[1.594s] copying package.xml -> /home/dcs/Desktop/Lab/Lab1/install/r2/share/r2
[1.594s] running install_egg_info
[1.595s] Copying ../../../build/r2/r2.egg-info to /home/dcs/Desktop/Lab/Lab1/install/r2/lib/python3.8/site-packages/r2-0.0.0-py3.8.egg-info
[1.600s] running install_scripts
[1.623s] Installing prt script to /home/dcs/Desktop/Lab/Lab1/install/r2/lib/r2
[1.628s] Installing pub script to /home/dcs/Desktop/Lab/Lab1/install/r2/lib/r2
[1.629s] Installing sub script to /home/dcs/Desktop/Lab/Lab1/install/r2/lib/r2
[1.629s] writing list of installed files to '/home/dcs/Desktop/Lab/Lab1/build/r2/install.log'
[1.667s] Invoked command in '/home/dcs/Desktop/Lab/Lab1/ros2_ws/src/r2' returned '0': PYTHONPATH=/home/dcs/Desktop/Lab/Lab1/build/r2/prefix_override:/home/dcs/Desktop/Lab/Lab1/install/r2/lib/python3.8/site-packages:${PYTHONPATH} /usr/bin/python3 setup.py egg_info --egg-base ../../../build/r2 build --build-base /home/dcs/Desktop/Lab/Lab1/build/r2/build install --record /home/dcs/Desktop/Lab/Lab1/build/r2/install.log --install-scripts $base/lib/r2 --single-version-externally-managed
