[1.781s] Invoking command in '/home/dcs/Desktop/Lab/Lab1/ros2_ws/src/r2': PYTHONPATH=/home/dcs/Desktop/Lab/Lab1/build/r2/prefix_override:/home/dcs/Desktop/Lab/Lab1/install/r2/lib/python3.8/site-packages:${PYTHONPATH} /usr/bin/python3 setup.py egg_info --egg-base ../../../build/r2 build --build-base /home/dcs/Desktop/Lab/Lab1/build/r2/build install --record /home/dcs/Desktop/Lab/Lab1/build/r2/install.log --install-scripts $base/lib/r2 --single-version-externally-managed
[1.949s] running egg_info
[1.950s] writing ../../../build/r2/r2.egg-info/PKG-INFO
[1.951s] writing dependency_links to ../../../build/r2/r2.egg-info/dependency_links.txt
[1.951s] writing entry points to ../../../build/r2/r2.egg-info/entry_points.txt
[1.952s] writing requirements to ../../../build/r2/r2.egg-info/requires.txt
[1.952s] writing top-level names to ../../../build/r2/r2.egg-info/top_level.txt
[1.977s] reading manifest file '../../../build/r2/r2.egg-info/SOURCES.txt'
[1.977s] writing manifest file '../../../build/r2/r2.egg-info/SOURCES.txt'
[1.978s] running build
[1.978s] running build_py
[1.978s] running install
[1.979s] running install_lib
[1.980s] running install_data
[1.981s] running install_egg_info
[1.982s] removing '/home/dcs/Desktop/Lab/Lab1/install/r2/lib/python3.8/site-packages/r2-0.0.0-py3.8.egg-info' (and everything under it)
[1.983s] Copying ../../../build/r2/r2.egg-info to /home/dcs/Desktop/Lab/Lab1/install/r2/lib/python3.8/site-packages/r2-0.0.0-py3.8.egg-info
[1.983s] running install_scripts
[1.998s] Installing prt script to /home/dcs/Desktop/Lab/Lab1/install/r2/lib/r2
[1.999s] Installing pub script to /home/dcs/Desktop/Lab/Lab1/install/r2/lib/r2
[1.999s] Installing sub script to /home/dcs/Desktop/Lab/Lab1/install/r2/lib/r2
[2.000s] writing list of installed files to '/home/dcs/Desktop/Lab/Lab1/build/r2/install.log'
[2.018s] Invoked command in '/home/dcs/Desktop/Lab/Lab1/ros2_ws/src/r2' returned '0': PYTHONPATH=/home/dcs/Desktop/Lab/Lab1/build/r2/prefix_override:/home/dcs/Desktop/Lab/Lab1/install/r2/lib/python3.8/site-packages:${PYTHONPATH} /usr/bin/python3 setup.py egg_info --egg-base ../../../build/r2 build --build-base /home/dcs/Desktop/Lab/Lab1/build/r2/build install --record /home/dcs/Desktop/Lab/Lab1/build/r2/install.log --install-scripts $base/lib/r2 --single-version-externally-managed
