[2.964s] Invoking command in '/home/dcs/Desktop/Lab/Lab1/ros2_ws/src/move_turtlebot3': PYTHONPATH=/home/dcs/Desktop/Lab/Lab1/build/move_turtlebot3/prefix_override:/home/dcs/Desktop/Lab/Lab1/install/move_turtlebot3/lib/python3.8/site-packages:${PYTHONPATH} /usr/bin/python3 setup.py egg_info --egg-base ../../../build/move_turtlebot3 build --build-base /home/dcs/Desktop/Lab/Lab1/build/move_turtlebot3/build install --record /home/dcs/Desktop/Lab/Lab1/build/move_turtlebot3/install.log --install-scripts $base/lib/move_turtlebot3 --single-version-externally-managed
[3.433s] running egg_info
[3.434s] writing ../../../build/move_turtlebot3/move_turtlebot3.egg-info/PKG-INFO
[3.435s] writing dependency_links to ../../../build/move_turtlebot3/move_turtlebot3.egg-info/dependency_links.txt
[3.435s] writing entry points to ../../../build/move_turtlebot3/move_turtlebot3.egg-info/entry_points.txt
[3.435s] writing requirements to ../../../build/move_turtlebot3/move_turtlebot3.egg-info/requires.txt
[3.435s] writing top-level names to ../../../build/move_turtlebot3/move_turtlebot3.egg-info/top_level.txt
[3.515s] reading manifest file '../../../build/move_turtlebot3/move_turtlebot3.egg-info/SOURCES.txt'
[3.515s] writing manifest file '../../../build/move_turtlebot3/move_turtlebot3.egg-info/SOURCES.txt'
[3.515s] running build
[3.516s] running build_py
[3.516s] running install
[3.516s] running install_lib
[3.518s] running install_data
[3.518s] running install_egg_info
[3.519s] removing '/home/dcs/Desktop/Lab/Lab1/install/move_turtlebot3/lib/python3.8/site-packages/move_turtlebot3-0.0.0-py3.8.egg-info' (and everything under it)
[3.519s] Copying ../../../build/move_turtlebot3/move_turtlebot3.egg-info to /home/dcs/Desktop/Lab/Lab1/install/move_turtlebot3/lib/python3.8/site-packages/move_turtlebot3-0.0.0-py3.8.egg-info
[3.520s] running install_scripts
[3.549s] Installing traj script to /home/dcs/Desktop/Lab/Lab1/install/move_turtlebot3/lib/move_turtlebot3
[3.549s] writing list of installed files to '/home/dcs/Desktop/Lab/Lab1/build/move_turtlebot3/install.log'
[3.637s] Invoked command in '/home/dcs/Desktop/Lab/Lab1/ros2_ws/src/move_turtlebot3' returned '0': PYTHONPATH=/home/dcs/Desktop/Lab/Lab1/build/move_turtlebot3/prefix_override:/home/dcs/Desktop/Lab/Lab1/install/move_turtlebot3/lib/python3.8/site-packages:${PYTHONPATH} /usr/bin/python3 setup.py egg_info --egg-base ../../../build/move_turtlebot3 build --build-base /home/dcs/Desktop/Lab/Lab1/build/move_turtlebot3/build install --record /home/dcs/Desktop/Lab/Lab1/build/move_turtlebot3/install.log --install-scripts $base/lib/move_turtlebot3 --single-version-externally-managed
