[3.350s] Invoking command in '/home/dcs/Desktop/Lab/Lab1/ros2_ws/src/ClosedLoop_Obstacle': PYTHONPATH=/home/dcs/Desktop/Lab/Lab1/build/ClosedLoop_Obstacle/prefix_override:/home/dcs/Desktop/Lab/Lab1/install/ClosedLoop_Obstacle/lib/python3.8/site-packages:${PYTHONPATH} /usr/bin/python3 setup.py egg_info --egg-base ../../../build/ClosedLoop_Obstacle build --build-base /home/dcs/Desktop/Lab/Lab1/build/ClosedLoop_Obstacle/build install --record /home/dcs/Desktop/Lab/Lab1/build/ClosedLoop_Obstacle/install.log --install-scripts $base/lib/ClosedLoop_Obstacle --single-version-externally-managed
[3.809s] running egg_info
[3.810s] writing ../../../build/ClosedLoop_Obstacle/ClosedLoop_Obstacle.egg-info/PKG-INFO
[3.810s] writing dependency_links to ../../../build/ClosedLoop_Obstacle/ClosedLoop_Obstacle.egg-info/dependency_links.txt
[3.810s] writing entry points to ../../../build/ClosedLoop_Obstacle/ClosedLoop_Obstacle.egg-info/entry_points.txt
[3.810s] writing requirements to ../../../build/ClosedLoop_Obstacle/ClosedLoop_Obstacle.egg-info/requires.txt
[3.810s] writing top-level names to ../../../build/ClosedLoop_Obstacle/ClosedLoop_Obstacle.egg-info/top_level.txt
[3.862s] reading manifest file '../../../build/ClosedLoop_Obstacle/ClosedLoop_Obstacle.egg-info/SOURCES.txt'
[3.862s] writing manifest file '../../../build/ClosedLoop_Obstacle/ClosedLoop_Obstacle.egg-info/SOURCES.txt'
[3.863s] running build
[3.863s] running build_py
[3.869s] copying ClosedLoop_Obstacle/ClosedLoop_Obstacle.py -> /home/dcs/Desktop/Lab/Lab1/build/ClosedLoop_Obstacle/build/lib/ClosedLoop_Obstacle
[3.869s] running install
[3.871s] running install_lib
[3.871s] copying /home/dcs/Desktop/Lab/Lab1/build/ClosedLoop_Obstacle/build/lib/ClosedLoop_Obstacle/ClosedLoop_Obstacle.py -> /home/dcs/Desktop/Lab/Lab1/install/ClosedLoop_Obstacle/lib/python3.8/site-packages/ClosedLoop_Obstacle
[3.872s] byte-compiling /home/dcs/Desktop/Lab/Lab1/install/ClosedLoop_Obstacle/lib/python3.8/site-packages/ClosedLoop_Obstacle/ClosedLoop_Obstacle.py to ClosedLoop_Obstacle.cpython-38.pyc
[3.873s] running install_data
[3.874s] running install_egg_info
[3.876s] removing '/home/dcs/Desktop/Lab/Lab1/install/ClosedLoop_Obstacle/lib/python3.8/site-packages/ClosedLoop_Obstacle-0.0.0-py3.8.egg-info' (and everything under it)
[3.876s] Copying ../../../build/ClosedLoop_Obstacle/ClosedLoop_Obstacle.egg-info to /home/dcs/Desktop/Lab/Lab1/install/ClosedLoop_Obstacle/lib/python3.8/site-packages/ClosedLoop_Obstacle-0.0.0-py3.8.egg-info
[3.877s] running install_scripts
[3.905s] Installing ClosedLoop script to /home/dcs/Desktop/Lab/Lab1/install/ClosedLoop_Obstacle/lib/ClosedLoop_Obstacle
[3.905s] writing list of installed files to '/home/dcs/Desktop/Lab/Lab1/build/ClosedLoop_Obstacle/install.log'
[4.712s] Invoked command in '/home/dcs/Desktop/Lab/Lab1/ros2_ws/src/ClosedLoop_Obstacle' returned '0': PYTHONPATH=/home/dcs/Desktop/Lab/Lab1/build/ClosedLoop_Obstacle/prefix_override:/home/dcs/Desktop/Lab/Lab1/install/ClosedLoop_Obstacle/lib/python3.8/site-packages:${PYTHONPATH} /usr/bin/python3 setup.py egg_info --egg-base ../../../build/ClosedLoop_Obstacle build --build-base /home/dcs/Desktop/Lab/Lab1/build/ClosedLoop_Obstacle/build install --record /home/dcs/Desktop/Lab/Lab1/build/ClosedLoop_Obstacle/install.log --install-scripts $base/lib/ClosedLoop_Obstacle --single-version-externally-managed
