[2.772s] Invoking command in '/home/dcs/Desktop/Lab/Lab1/ros2_ws/src/laser': PYTHONPATH=/home/dcs/Desktop/Lab/Lab1/build/laser/prefix_override:/home/dcs/Desktop/Lab/Lab1/install/laser/lib/python3.8/site-packages:${PYTHONPATH} /usr/bin/python3 setup.py egg_info --egg-base ../../../build/laser build --build-base /home/dcs/Desktop/Lab/Lab1/build/laser/build install --record /home/dcs/Desktop/Lab/Lab1/build/laser/install.log --install-scripts $base/lib/laser --single-version-externally-managed
[3.047s] running egg_info
[3.047s] writing ../../../build/laser/laser.egg-info/PKG-INFO
[3.051s] writing dependency_links to ../../../build/laser/laser.egg-info/dependency_links.txt
[3.052s] writing entry points to ../../../build/laser/laser.egg-info/entry_points.txt
[3.052s] writing requirements to ../../../build/laser/laser.egg-info/requires.txt
[3.052s] writing top-level names to ../../../build/laser/laser.egg-info/top_level.txt
[3.120s] reading manifest file '../../../build/laser/laser.egg-info/SOURCES.txt'
[3.123s] writing manifest file '../../../build/laser/laser.egg-info/SOURCES.txt'
[3.123s] running build
[3.124s] running build_py
[3.124s] copying laser/laser.py -> /home/dcs/Desktop/Lab/Lab1/build/laser/build/lib/laser
[3.125s] running install
[3.132s] running install_lib
[3.133s] copying /home/dcs/Desktop/Lab/Lab1/build/laser/build/lib/laser/laser.py -> /home/dcs/Desktop/Lab/Lab1/install/laser/lib/python3.8/site-packages/laser
[3.134s] byte-compiling /home/dcs/Desktop/Lab/Lab1/install/laser/lib/python3.8/site-packages/laser/laser.py to laser.cpython-38.pyc
[3.135s] running install_data
[3.136s] running install_egg_info
[3.138s] removing '/home/dcs/Desktop/Lab/Lab1/install/laser/lib/python3.8/site-packages/laser-0.0.0-py3.8.egg-info' (and everything under it)
[3.138s] Copying ../../../build/laser/laser.egg-info to /home/dcs/Desktop/Lab/Lab1/install/laser/lib/python3.8/site-packages/laser-0.0.0-py3.8.egg-info
[3.139s] running install_scripts
[3.175s] Installing laser_node script to /home/dcs/Desktop/Lab/Lab1/install/laser/lib/laser
[3.176s] writing list of installed files to '/home/dcs/Desktop/Lab/Lab1/build/laser/install.log'
[3.232s] Invoked command in '/home/dcs/Desktop/Lab/Lab1/ros2_ws/src/laser' returned '0': PYTHONPATH=/home/dcs/Desktop/Lab/Lab1/build/laser/prefix_override:/home/dcs/Desktop/Lab/Lab1/install/laser/lib/python3.8/site-packages:${PYTHONPATH} /usr/bin/python3 setup.py egg_info --egg-base ../../../build/laser build --build-base /home/dcs/Desktop/Lab/Lab1/build/laser/build install --record /home/dcs/Desktop/Lab/Lab1/build/laser/install.log --install-scripts $base/lib/laser --single-version-externally-managed
