[0.875s] Invoking command in '/home/dcs/Desktop/Lab/Lab1/ros2_ws/src/r2': PYTHONPATH=/home/dcs/Desktop/Lab/Lab1/ros2_ws/build/r2/prefix_override:/home/dcs/Desktop/Lab/Lab1/ros2_ws/install/r2/lib/python3.8/site-packages:${PYTHONPATH} /usr/bin/python3 setup.py egg_info --egg-base ../../build/r2 build --build-base /home/dcs/Desktop/Lab/Lab1/ros2_ws/build/r2/build install --record /home/dcs/Desktop/Lab/Lab1/ros2_ws/build/r2/install.log --install-scripts $base/lib/r2 --single-version-externally-managed
[0.995s] running egg_info
[0.995s] writing ../../build/r2/r2.egg-info/PKG-INFO
[0.995s] writing dependency_links to ../../build/r2/r2.egg-info/dependency_links.txt
[0.996s] writing entry points to ../../build/r2/r2.egg-info/entry_points.txt
[0.996s] writing requirements to ../../build/r2/r2.egg-info/requires.txt
[0.996s] writing top-level names to ../../build/r2/r2.egg-info/top_level.txt
[1.024s] reading manifest file '../../build/r2/r2.egg-info/SOURCES.txt'
[1.024s] writing manifest file '../../build/r2/r2.egg-info/SOURCES.txt'
[1.025s] running build
[1.025s] running build_py
[1.025s] running install
[1.026s] running install_lib
[1.029s] running install_data
[1.029s] running install_egg_info
[1.029s] removing '/home/dcs/Desktop/Lab/Lab1/ros2_ws/install/r2/lib/python3.8/site-packages/r2-0.0.0-py3.8.egg-info' (and everything under it)
[1.030s] Copying ../../build/r2/r2.egg-info to /home/dcs/Desktop/Lab/Lab1/ros2_ws/install/r2/lib/python3.8/site-packages/r2-0.0.0-py3.8.egg-info
[1.030s] running install_scripts
[1.042s] Installing prt script to /home/dcs/Desktop/Lab/Lab1/ros2_ws/install/r2/lib/r2
[1.042s] Installing pub script to /home/dcs/Desktop/Lab/Lab1/ros2_ws/install/r2/lib/r2
[1.043s] Installing sub script to /home/dcs/Desktop/Lab/Lab1/ros2_ws/install/r2/lib/r2
[1.043s] writing list of installed files to '/home/dcs/Desktop/Lab/Lab1/ros2_ws/build/r2/install.log'
[1.058s] Invoked command in '/home/dcs/Desktop/Lab/Lab1/ros2_ws/src/r2' returned '0': PYTHONPATH=/home/dcs/Desktop/Lab/Lab1/ros2_ws/build/r2/prefix_override:/home/dcs/Desktop/Lab/Lab1/ros2_ws/install/r2/lib/python3.8/site-packages:${PYTHONPATH} /usr/bin/python3 setup.py egg_info --egg-base ../../build/r2 build --build-base /home/dcs/Desktop/Lab/Lab1/ros2_ws/build/r2/build install --record /home/dcs/Desktop/Lab/Lab1/ros2_ws/build/r2/install.log --install-scripts $base/lib/r2 --single-version-externally-managed
