[1.713s] Invoking command in '/home/dcs/Desktop/Lab/Lab1/ros2_ws/src/move_turtlebot3': PYTHONPATH=/home/dcs/Desktop/Lab/Lab1/build/move_turtlebot3/prefix_override:/home/dcs/Desktop/Lab/Lab1/install/move_turtlebot3/lib/python3.8/site-packages:${PYTHONPATH} /usr/bin/python3 setup.py egg_info --egg-base ../../../build/move_turtlebot3 build --build-base /home/dcs/Desktop/Lab/Lab1/build/move_turtlebot3/build install --record /home/dcs/Desktop/Lab/Lab1/build/move_turtlebot3/install.log --install-scripts $base/lib/move_turtlebot3 --single-version-externally-managed
[1.908s] running egg_info
[1.908s] writing ../../../build/move_turtlebot3/move_turtlebot3.egg-info/PKG-INFO
[1.909s] writing dependency_links to ../../../build/move_turtlebot3/move_turtlebot3.egg-info/dependency_links.txt
[1.909s] writing entry points to ../../../build/move_turtlebot3/move_turtlebot3.egg-info/entry_points.txt
[1.909s] writing requirements to ../../../build/move_turtlebot3/move_turtlebot3.egg-info/requires.txt
[1.909s] writing top-level names to ../../../build/move_turtlebot3/move_turtlebot3.egg-info/top_level.txt
[1.943s] reading manifest file '../../../build/move_turtlebot3/move_turtlebot3.egg-info/SOURCES.txt'
[1.944s] writing manifest file '../../../build/move_turtlebot3/move_turtlebot3.egg-info/SOURCES.txt'
[1.944s] running build
[1.944s] running build_py
[1.944s] running install
[1.945s] running install_lib
[1.946s] running install_data
[1.946s] running install_egg_info
[1.948s] removing '/home/dcs/Desktop/Lab/Lab1/install/move_turtlebot3/lib/python3.8/site-packages/move_turtlebot3-0.0.0-py3.8.egg-info' (and everything under it)
[1.948s] Copying ../../../build/move_turtlebot3/move_turtlebot3.egg-info to /home/dcs/Desktop/Lab/Lab1/install/move_turtlebot3/lib/python3.8/site-packages/move_turtlebot3-0.0.0-py3.8.egg-info
[1.952s] running install_scripts
[1.978s] Installing traj script to /home/dcs/Desktop/Lab/Lab1/install/move_turtlebot3/lib/move_turtlebot3
[1.979s] writing list of installed files to '/home/dcs/Desktop/Lab/Lab1/build/move_turtlebot3/install.log'
[2.299s] Invoked command in '/home/dcs/Desktop/Lab/Lab1/ros2_ws/src/move_turtlebot3' returned '0': PYTHONPATH=/home/dcs/Desktop/Lab/Lab1/build/move_turtlebot3/prefix_override:/home/dcs/Desktop/Lab/Lab1/install/move_turtlebot3/lib/python3.8/site-packages:${PYTHONPATH} /usr/bin/python3 setup.py egg_info --egg-base ../../../build/move_turtlebot3 build --build-base /home/dcs/Desktop/Lab/Lab1/build/move_turtlebot3/build install --record /home/dcs/Desktop/Lab/Lab1/build/move_turtlebot3/install.log --install-scripts $base/lib/move_turtlebot3 --single-version-externally-managed
