[1.443s] Invoking command in '/home/dcs/Desktop/Lab/Lab1/ros2_ws/noise': PYTHONPATH=/home/dcs/Desktop/Lab/Lab1/ros2_ws/build/noise/prefix_override:/home/dcs/Desktop/Lab/Lab1/ros2_ws/install/noise/lib/python3.8/site-packages:${PYTHONPATH} /usr/bin/python3 setup.py egg_info --egg-base ../build/noise build --build-base /home/dcs/Desktop/Lab/Lab1/ros2_ws/build/noise/build install --record /home/dcs/Desktop/Lab/Lab1/ros2_ws/build/noise/install.log --install-scripts $base/lib/noise --single-version-externally-managed
[1.619s] running egg_info
[1.622s] writing ../build/noise/noise.egg-info/PKG-INFO
[1.623s] writing dependency_links to ../build/noise/noise.egg-info/dependency_links.txt
[1.623s] writing entry points to ../build/noise/noise.egg-info/entry_points.txt
[1.626s] writing requirements to ../build/noise/noise.egg-info/requires.txt
[1.627s] writing top-level names to ../build/noise/noise.egg-info/top_level.txt
[1.679s] reading manifest file '../build/noise/noise.egg-info/SOURCES.txt'
[1.679s] writing manifest file '../build/noise/noise.egg-info/SOURCES.txt'
[1.680s] running build
[1.680s] running build_py
[1.680s] running install
[1.682s] running install_lib
[1.696s] running install_data
[1.696s] running install_egg_info
[1.696s] removing '/home/dcs/Desktop/Lab/Lab1/ros2_ws/install/noise/lib/python3.8/site-packages/noise-0.0.0-py3.8.egg-info' (and everything under it)
[1.696s] Copying ../build/noise/noise.egg-info to /home/dcs/Desktop/Lab/Lab1/ros2_ws/install/noise/lib/python3.8/site-packages/noise-0.0.0-py3.8.egg-info
[1.696s] running install_scripts
[1.724s] Installing noise script to /home/dcs/Desktop/Lab/Lab1/ros2_ws/install/noise/lib/noise
[1.726s] writing list of installed files to '/home/dcs/Desktop/Lab/Lab1/ros2_ws/build/noise/install.log'
[2.035s] Invoked command in '/home/dcs/Desktop/Lab/Lab1/ros2_ws/noise' returned '0': PYTHONPATH=/home/dcs/Desktop/Lab/Lab1/ros2_ws/build/noise/prefix_override:/home/dcs/Desktop/Lab/Lab1/ros2_ws/install/noise/lib/python3.8/site-packages:${PYTHONPATH} /usr/bin/python3 setup.py egg_info --egg-base ../build/noise build --build-base /home/dcs/Desktop/Lab/Lab1/ros2_ws/build/noise/build install --record /home/dcs/Desktop/Lab/Lab1/ros2_ws/build/noise/install.log --install-scripts $base/lib/noise --single-version-externally-managed
