[1.626s] Invoking command in '/home/dcs/Desktop/Lab/Lab1/ros2_ws/src/noise': PYTHONPATH=/home/dcs/Desktop/Lab/Lab1/build/noise/prefix_override:/home/dcs/Desktop/Lab/Lab1/install/noise/lib/python3.8/site-packages:${PYTHONPATH} /usr/bin/python3 setup.py egg_info --egg-base ../../../build/noise build --build-base /home/dcs/Desktop/Lab/Lab1/build/noise/build install --record /home/dcs/Desktop/Lab/Lab1/build/noise/install.log --install-scripts $base/lib/noise --single-version-externally-managed
[1.899s] running egg_info
[1.899s] writing ../../../build/noise/noise.egg-info/PKG-INFO
[1.899s] writing dependency_links to ../../../build/noise/noise.egg-info/dependency_links.txt
[1.899s] writing entry points to ../../../build/noise/noise.egg-info/entry_points.txt
[1.899s] writing requirements to ../../../build/noise/noise.egg-info/requires.txt
[1.899s] writing top-level names to ../../../build/noise/noise.egg-info/top_level.txt
[1.899s] reading manifest file '../../../build/noise/noise.egg-info/SOURCES.txt'
[1.899s] writing manifest file '../../../build/noise/noise.egg-info/SOURCES.txt'
[1.899s] running build
[1.899s] running build_py
[1.899s] running install
[1.899s] running install_lib
[1.900s] running install_data
[1.900s] running install_egg_info
[1.900s] removing '/home/dcs/Desktop/Lab/Lab1/install/noise/lib/python3.8/site-packages/noise-0.0.0-py3.8.egg-info' (and everything under it)
[1.900s] Copying ../../../build/noise/noise.egg-info to /home/dcs/Desktop/Lab/Lab1/install/noise/lib/python3.8/site-packages/noise-0.0.0-py3.8.egg-info
[1.900s] running install_scripts
[1.900s] Installing noise script to /home/dcs/Desktop/Lab/Lab1/install/noise/lib/noise
[1.900s] writing list of installed files to '/home/dcs/Desktop/Lab/Lab1/build/noise/install.log'
[1.905s] Invoked command in '/home/dcs/Desktop/Lab/Lab1/ros2_ws/src/noise' returned '0': PYTHONPATH=/home/dcs/Desktop/Lab/Lab1/build/noise/prefix_override:/home/dcs/Desktop/Lab/Lab1/install/noise/lib/python3.8/site-packages:${PYTHONPATH} /usr/bin/python3 setup.py egg_info --egg-base ../../../build/noise build --build-base /home/dcs/Desktop/Lab/Lab1/build/noise/build install --record /home/dcs/Desktop/Lab/Lab1/build/noise/install.log --install-scripts $base/lib/noise --single-version-externally-managed
