[1.684s] Invoking command in '/home/dcs/Desktop/Lab/Lab1/ros2_ws/noise': PYTHONPATH=/home/dcs/Desktop/Lab/Lab1/ros2_ws/build/noise/prefix_override:/home/dcs/Desktop/Lab/Lab1/ros2_ws/install/noise/lib/python3.8/site-packages:${PYTHONPATH} /usr/bin/python3 setup.py egg_info --egg-base ../build/noise build --build-base /home/dcs/Desktop/Lab/Lab1/ros2_ws/build/noise/build install --record /home/dcs/Desktop/Lab/Lab1/ros2_ws/build/noise/install.log --install-scripts $base/lib/noise --single-version-externally-managed
[1.864s] running egg_info
[1.864s] writing ../build/noise/noise.egg-info/PKG-INFO
[1.864s] writing dependency_links to ../build/noise/noise.egg-info/dependency_links.txt
[1.864s] writing entry points to ../build/noise/noise.egg-info/entry_points.txt
[1.864s] writing requirements to ../build/noise/noise.egg-info/requires.txt
[1.864s] writing top-level names to ../build/noise/noise.egg-info/top_level.txt
[1.886s] reading manifest file '../build/noise/noise.egg-info/SOURCES.txt'
[1.887s] writing manifest file '../build/noise/noise.egg-info/SOURCES.txt'
[1.887s] running build
[1.887s] running build_py
[1.887s] copying noise/noise.py -> /home/dcs/Desktop/Lab/Lab1/ros2_ws/build/noise/build/lib/noise
[1.887s] running install
[1.888s] running install_lib
[1.888s] copying /home/dcs/Desktop/Lab/Lab1/ros2_ws/build/noise/build/lib/noise/noise.py -> /home/dcs/Desktop/Lab/Lab1/ros2_ws/install/noise/lib/python3.8/site-packages/noise
[1.888s] byte-compiling /home/dcs/Desktop/Lab/Lab1/ros2_ws/install/noise/lib/python3.8/site-packages/noise/noise.py to noise.cpython-38.pyc
[1.889s] running install_data
[1.890s] running install_egg_info
[1.891s] removing '/home/dcs/Desktop/Lab/Lab1/ros2_ws/install/noise/lib/python3.8/site-packages/noise-0.0.0-py3.8.egg-info' (and everything under it)
[1.891s] Copying ../build/noise/noise.egg-info to /home/dcs/Desktop/Lab/Lab1/ros2_ws/install/noise/lib/python3.8/site-packages/noise-0.0.0-py3.8.egg-info
[1.891s] running install_scripts
[1.902s] Installing noise script to /home/dcs/Desktop/Lab/Lab1/ros2_ws/install/noise/lib/noise
[1.902s] writing list of installed files to '/home/dcs/Desktop/Lab/Lab1/ros2_ws/build/noise/install.log'
[2.123s] Invoked command in '/home/dcs/Desktop/Lab/Lab1/ros2_ws/noise' returned '0': PYTHONPATH=/home/dcs/Desktop/Lab/Lab1/ros2_ws/build/noise/prefix_override:/home/dcs/Desktop/Lab/Lab1/ros2_ws/install/noise/lib/python3.8/site-packages:${PYTHONPATH} /usr/bin/python3 setup.py egg_info --egg-base ../build/noise build --build-base /home/dcs/Desktop/Lab/Lab1/ros2_ws/build/noise/build install --record /home/dcs/Desktop/Lab/Lab1/ros2_ws/build/noise/install.log --install-scripts $base/lib/noise --single-version-externally-managed
