[1.001s] Invoking command in '/home/dcs/Desktop/Lab/Lab1/ros2_ws/src/r2': PYTHONPATH=/home/dcs/Desktop/Lab/Lab1/ros2_ws/build/r2/prefix_override:/home/dcs/Desktop/Lab/Lab1/ros2_ws/install/r2/lib/python3.8/site-packages:${PYTHONPATH} /usr/bin/python3 setup.py egg_info --egg-base ../../build/r2 build --build-base /home/dcs/Desktop/Lab/Lab1/ros2_ws/build/r2/build install --record /home/dcs/Desktop/Lab/Lab1/ros2_ws/build/r2/install.log --install-scripts $base/lib/r2 --single-version-externally-managed
[1.130s] running egg_info
[1.131s] writing ../../build/r2/r2.egg-info/PKG-INFO
[1.131s] writing dependency_links to ../../build/r2/r2.egg-info/dependency_links.txt
[1.131s] writing entry points to ../../build/r2/r2.egg-info/entry_points.txt
[1.131s] writing requirements to ../../build/r2/r2.egg-info/requires.txt
[1.132s] writing top-level names to ../../build/r2/r2.egg-info/top_level.txt
[1.155s] reading manifest file '../../build/r2/r2.egg-info/SOURCES.txt'
[1.155s] writing manifest file '../../build/r2/r2.egg-info/SOURCES.txt'
[1.156s] running build
[1.156s] running build_py
[1.156s] running install
[1.157s] running install_lib
[1.157s] running install_data
[1.158s] running install_egg_info
[1.159s] removing '/home/dcs/Desktop/Lab/Lab1/ros2_ws/install/r2/lib/python3.8/site-packages/r2-0.0.0-py3.8.egg-info' (and everything under it)
[1.159s] Copying ../../build/r2/r2.egg-info to /home/dcs/Desktop/Lab/Lab1/ros2_ws/install/r2/lib/python3.8/site-packages/r2-0.0.0-py3.8.egg-info
[1.159s] running install_scripts
[1.171s] Installing prt script to /home/dcs/Desktop/Lab/Lab1/ros2_ws/install/r2/lib/r2
[1.171s] Installing pub script to /home/dcs/Desktop/Lab/Lab1/ros2_ws/install/r2/lib/r2
[1.172s] Installing sub script to /home/dcs/Desktop/Lab/Lab1/ros2_ws/install/r2/lib/r2
[1.172s] writing list of installed files to '/home/dcs/Desktop/Lab/Lab1/ros2_ws/build/r2/install.log'
[1.221s] Invoked command in '/home/dcs/Desktop/Lab/Lab1/ros2_ws/src/r2' returned '0': PYTHONPATH=/home/dcs/Desktop/Lab/Lab1/ros2_ws/build/r2/prefix_override:/home/dcs/Desktop/Lab/Lab1/ros2_ws/install/r2/lib/python3.8/site-packages:${PYTHONPATH} /usr/bin/python3 setup.py egg_info --egg-base ../../build/r2 build --build-base /home/dcs/Desktop/Lab/Lab1/ros2_ws/build/r2/build install --record /home/dcs/Desktop/Lab/Lab1/ros2_ws/build/r2/install.log --install-scripts $base/lib/r2 --single-version-externally-managed
