[0.000000] (-) TimerEvent: {}
[0.000345] (ClosedLoop_Obstacle) JobQueued: {'identifier': 'ClosedLoop_Obstacle', 'dependencies': OrderedDict()}
[0.000381] (OpenLoop_Obstacle) JobQueued: {'identifier': 'OpenLoop_Obstacle', 'dependencies': OrderedDict()}
[0.000397] (controller) JobQueued: {'identifier': 'controller', 'dependencies': OrderedDict()}
[0.000410] (followWall) JobQueued: {'identifier': 'followWall', 'dependencies': OrderedDict()}
[0.000421] (laser) JobQueued: {'identifier': 'laser', 'dependencies': OrderedDict()}
[0.000433] (move_square) JobQueued: {'identifier': 'move_square', 'dependencies': OrderedDict()}
[0.000449] (move_turtlebot3) JobQueued: {'identifier': 'move_turtlebot3', 'dependencies': OrderedDict()}
[0.000463] (my_py_pkg) JobQueued: {'identifier': 'my_py_pkg', 'dependencies': OrderedDict()}
[0.000477] (noise) JobQueued: {'identifier': 'noise', 'dependencies': OrderedDict()}
[0.000490] (package_name) JobQueued: {'identifier': 'package_name', 'dependencies': OrderedDict()}
[0.000504] (r2) JobQueued: {'identifier': 'r2', 'dependencies': OrderedDict()}
[0.000518] (turtlebot3) JobQueued: {'identifier': 'turtlebot3', 'dependencies': OrderedDict()}
[0.000790] (ClosedLoop_Obstacle) JobStarted: {'identifier': 'ClosedLoop_Obstacle'}
[0.099723] (-) TimerEvent: {}
[0.121657] (OpenLoop_Obstacle) JobStarted: {'identifier': 'OpenLoop_Obstacle'}
[0.200030] (-) TimerEvent: {}
[0.245292] (controller) JobStarted: {'identifier': 'controller'}
[0.300140] (-) TimerEvent: {}
[0.368880] (followWall) JobStarted: {'identifier': 'followWall'}
[0.371261] (followWall) JobEnded: {'identifier': 'followWall', 'rc': 0}
[0.372528] (ClosedLoop_Obstacle) JobEnded: {'identifier': 'ClosedLoop_Obstacle', 'rc': 'SIGINT'}
[0.372840] (OpenLoop_Obstacle) JobEnded: {'identifier': 'OpenLoop_Obstacle', 'rc': 'SIGINT'}
[0.373198] (controller) JobEnded: {'identifier': 'controller', 'rc': 'SIGINT'}
[0.382900] (laser) JobSkipped: {'identifier': 'laser'}
[0.382947] (move_square) JobSkipped: {'identifier': 'move_square'}
[0.382963] (move_turtlebot3) JobSkipped: {'identifier': 'move_turtlebot3'}
[0.382976] (my_py_pkg) JobSkipped: {'identifier': 'my_py_pkg'}
[0.382988] (noise) JobSkipped: {'identifier': 'noise'}
[0.382999] (package_name) JobSkipped: {'identifier': 'package_name'}
[0.383010] (r2) JobSkipped: {'identifier': 'r2'}
[0.383021] (turtlebot3) JobSkipped: {'identifier': 'turtlebot3'}
[0.383034] (-) EventReactorShutdown: {}
