[1.871s] Invoking command in '/home/dcs/Desktop/Lab/Lab1/ros2_ws/src/move_turtlebot3': PYTHONPATH=/home/dcs/Desktop/Lab/Lab1/build/move_turtlebot3/prefix_override:/home/dcs/Desktop/Lab/Lab1/install/move_turtlebot3/lib/python3.8/site-packages:${PYTHONPATH} /usr/bin/python3 setup.py egg_info --egg-base ../../../build/move_turtlebot3 build --build-base /home/dcs/Desktop/Lab/Lab1/build/move_turtlebot3/build install --record /home/dcs/Desktop/Lab/Lab1/build/move_turtlebot3/install.log --install-scripts $base/lib/move_turtlebot3 --single-version-externally-managed
[2.166s] running egg_info
[2.167s] writing ../../../build/move_turtlebot3/move_turtlebot3.egg-info/PKG-INFO
[2.167s] writing dependency_links to ../../../build/move_turtlebot3/move_turtlebot3.egg-info/dependency_links.txt
[2.167s] writing entry points to ../../../build/move_turtlebot3/move_turtlebot3.egg-info/entry_points.txt
[2.167s] writing requirements to ../../../build/move_turtlebot3/move_turtlebot3.egg-info/requires.txt
[2.168s] writing top-level names to ../../../build/move_turtlebot3/move_turtlebot3.egg-info/top_level.txt
[2.197s] reading manifest file '../../../build/move_turtlebot3/move_turtlebot3.egg-info/SOURCES.txt'
[2.198s] writing manifest file '../../../build/move_turtlebot3/move_turtlebot3.egg-info/SOURCES.txt'
[2.198s] running build
[2.198s] running build_py
[2.198s] running install
[2.198s] running install_lib
[2.199s] running install_data
[2.200s] running install_egg_info
[2.209s] removing '/home/dcs/Desktop/Lab/Lab1/install/move_turtlebot3/lib/python3.8/site-packages/move_turtlebot3-0.0.0-py3.8.egg-info' (and everything under it)
[2.210s] Copying ../../../build/move_turtlebot3/move_turtlebot3.egg-info to /home/dcs/Desktop/Lab/Lab1/install/move_turtlebot3/lib/python3.8/site-packages/move_turtlebot3-0.0.0-py3.8.egg-info
[2.210s] running install_scripts
[2.238s] Installing traj script to /home/dcs/Desktop/Lab/Lab1/install/move_turtlebot3/lib/move_turtlebot3
[2.239s] writing list of installed files to '/home/dcs/Desktop/Lab/Lab1/build/move_turtlebot3/install.log'
[2.414s] Invoked command in '/home/dcs/Desktop/Lab/Lab1/ros2_ws/src/move_turtlebot3' returned '0': PYTHONPATH=/home/dcs/Desktop/Lab/Lab1/build/move_turtlebot3/prefix_override:/home/dcs/Desktop/Lab/Lab1/install/move_turtlebot3/lib/python3.8/site-packages:${PYTHONPATH} /usr/bin/python3 setup.py egg_info --egg-base ../../../build/move_turtlebot3 build --build-base /home/dcs/Desktop/Lab/Lab1/build/move_turtlebot3/build install --record /home/dcs/Desktop/Lab/Lab1/build/move_turtlebot3/install.log --install-scripts $base/lib/move_turtlebot3 --single-version-externally-managed
