[0.749s] Invoking command in '/home/dcs/Desktop/Lab/Lab1/ros2_ws/src/r2': PYTHONPATH=/home/dcs/Desktop/Lab/Lab1/ros2_ws/build/r2/prefix_override:/home/dcs/Desktop/Lab/Lab1/ros2_ws/install/r2/lib/python3.8/site-packages:${PYTHONPATH} /usr/bin/python3 setup.py egg_info --egg-base ../../build/r2 build --build-base /home/dcs/Desktop/Lab/Lab1/ros2_ws/build/r2/build install --record /home/dcs/Desktop/Lab/Lab1/ros2_ws/build/r2/install.log --install-scripts $base/lib/r2 --single-version-externally-managed
[0.870s] running egg_info
[0.871s] writing ../../build/r2/r2.egg-info/PKG-INFO
[0.871s] writing dependency_links to ../../build/r2/r2.egg-info/dependency_links.txt
[0.871s] writing entry points to ../../build/r2/r2.egg-info/entry_points.txt
[0.871s] writing requirements to ../../build/r2/r2.egg-info/requires.txt
[0.871s] writing top-level names to ../../build/r2/r2.egg-info/top_level.txt
[0.891s] reading manifest file '../../build/r2/r2.egg-info/SOURCES.txt'
[0.891s] writing manifest file '../../build/r2/r2.egg-info/SOURCES.txt'
[0.892s] running build
[0.892s] running build_py
[0.892s] running install
[0.892s] running install_lib
[0.893s] running install_data
[0.894s] running install_egg_info
[0.895s] removing '/home/dcs/Desktop/Lab/Lab1/ros2_ws/install/r2/lib/python3.8/site-packages/r2-0.0.0-py3.8.egg-info' (and everything under it)
[0.895s] Copying ../../build/r2/r2.egg-info to /home/dcs/Desktop/Lab/Lab1/ros2_ws/install/r2/lib/python3.8/site-packages/r2-0.0.0-py3.8.egg-info
[0.895s] running install_scripts
[0.907s] Installing prt script to /home/dcs/Desktop/Lab/Lab1/ros2_ws/install/r2/lib/r2
[0.907s] Installing pub script to /home/dcs/Desktop/Lab/Lab1/ros2_ws/install/r2/lib/r2
[0.907s] Installing sub script to /home/dcs/Desktop/Lab/Lab1/ros2_ws/install/r2/lib/r2
[0.907s] writing list of installed files to '/home/dcs/Desktop/Lab/Lab1/ros2_ws/build/r2/install.log'
[0.928s] Invoked command in '/home/dcs/Desktop/Lab/Lab1/ros2_ws/src/r2' returned '0': PYTHONPATH=/home/dcs/Desktop/Lab/Lab1/ros2_ws/build/r2/prefix_override:/home/dcs/Desktop/Lab/Lab1/ros2_ws/install/r2/lib/python3.8/site-packages:${PYTHONPATH} /usr/bin/python3 setup.py egg_info --egg-base ../../build/r2 build --build-base /home/dcs/Desktop/Lab/Lab1/ros2_ws/build/r2/build install --record /home/dcs/Desktop/Lab/Lab1/ros2_ws/build/r2/install.log --install-scripts $base/lib/r2 --single-version-externally-managed
