[1.499s] Invoking command in '/home/dcs/Desktop/Lab/Lab1/ros2_ws/src/r2': PYTHONPATH=/home/dcs/Desktop/Lab/Lab1/build/r2/prefix_override:/home/dcs/Desktop/Lab/Lab1/install/r2/lib/python3.8/site-packages:${PYTHONPATH} /usr/bin/python3 setup.py egg_info --egg-base ../../../build/r2 build --build-base /home/dcs/Desktop/Lab/Lab1/build/r2/build install --record /home/dcs/Desktop/Lab/Lab1/build/r2/install.log --install-scripts $base/lib/r2 --single-version-externally-managed
[1.679s] running egg_info
[1.679s] writing ../../../build/r2/r2.egg-info/PKG-INFO
[1.680s] writing dependency_links to ../../../build/r2/r2.egg-info/dependency_links.txt
[1.680s] writing entry points to ../../../build/r2/r2.egg-info/entry_points.txt
[1.680s] writing requirements to ../../../build/r2/r2.egg-info/requires.txt
[1.680s] writing top-level names to ../../../build/r2/r2.egg-info/top_level.txt
[1.703s] reading manifest file '../../../build/r2/r2.egg-info/SOURCES.txt'
[1.703s] writing manifest file '../../../build/r2/r2.egg-info/SOURCES.txt'
[1.703s] running build
[1.704s] running build_py
[1.704s] running install
[1.704s] running install_lib
[1.705s] running install_data
[1.706s] running install_egg_info
[1.707s] removing '/home/dcs/Desktop/Lab/Lab1/install/r2/lib/python3.8/site-packages/r2-0.0.0-py3.8.egg-info' (and everything under it)
[1.707s] Copying ../../../build/r2/r2.egg-info to /home/dcs/Desktop/Lab/Lab1/install/r2/lib/python3.8/site-packages/r2-0.0.0-py3.8.egg-info
[1.708s] running install_scripts
[1.720s] Installing prt script to /home/dcs/Desktop/Lab/Lab1/install/r2/lib/r2
[1.720s] Installing pub script to /home/dcs/Desktop/Lab/Lab1/install/r2/lib/r2
[1.720s] Installing sub script to /home/dcs/Desktop/Lab/Lab1/install/r2/lib/r2
[1.720s] writing list of installed files to '/home/dcs/Desktop/Lab/Lab1/build/r2/install.log'
[1.820s] Invoked command in '/home/dcs/Desktop/Lab/Lab1/ros2_ws/src/r2' returned '0': PYTHONPATH=/home/dcs/Desktop/Lab/Lab1/build/r2/prefix_override:/home/dcs/Desktop/Lab/Lab1/install/r2/lib/python3.8/site-packages:${PYTHONPATH} /usr/bin/python3 setup.py egg_info --egg-base ../../../build/r2 build --build-base /home/dcs/Desktop/Lab/Lab1/build/r2/build install --record /home/dcs/Desktop/Lab/Lab1/build/r2/install.log --install-scripts $base/lib/r2 --single-version-externally-managed
