[1.311s] Invoking command in '/home/dcs/Desktop/Lab/Lab1/ros2_ws/src/r2': PYTHONPATH=/home/dcs/Desktop/Lab/Lab1/build/r2/prefix_override:/home/dcs/Desktop/Lab/Lab1/install/r2/lib/python3.8/site-packages:${PYTHONPATH} /usr/bin/python3 setup.py egg_info --egg-base ../../../build/r2 build --build-base /home/dcs/Desktop/Lab/Lab1/build/r2/build install --record /home/dcs/Desktop/Lab/Lab1/build/r2/install.log --install-scripts $base/lib/r2 --single-version-externally-managed
[1.487s] running egg_info
[1.488s] writing ../../../build/r2/r2.egg-info/PKG-INFO
[1.488s] writing dependency_links to ../../../build/r2/r2.egg-info/dependency_links.txt
[1.488s] writing entry points to ../../../build/r2/r2.egg-info/entry_points.txt
[1.489s] writing requirements to ../../../build/r2/r2.egg-info/requires.txt
[1.489s] writing top-level names to ../../../build/r2/r2.egg-info/top_level.txt
[1.518s] reading manifest file '../../../build/r2/r2.egg-info/SOURCES.txt'
[1.519s] writing manifest file '../../../build/r2/r2.egg-info/SOURCES.txt'
[1.519s] running build
[1.520s] running build_py
[1.520s] running install
[1.521s] running install_lib
[1.522s] running install_data
[1.522s] running install_egg_info
[1.524s] removing '/home/dcs/Desktop/Lab/Lab1/install/r2/lib/python3.8/site-packages/r2-0.0.0-py3.8.egg-info' (and everything under it)
[1.524s] Copying ../../../build/r2/r2.egg-info to /home/dcs/Desktop/Lab/Lab1/install/r2/lib/python3.8/site-packages/r2-0.0.0-py3.8.egg-info
[1.525s] running install_scripts
[1.538s] Installing prt script to /home/dcs/Desktop/Lab/Lab1/install/r2/lib/r2
[1.538s] Installing pub script to /home/dcs/Desktop/Lab/Lab1/install/r2/lib/r2
[1.539s] Installing sub script to /home/dcs/Desktop/Lab/Lab1/install/r2/lib/r2
[1.542s] writing list of installed files to '/home/dcs/Desktop/Lab/Lab1/build/r2/install.log'
[1.638s] Invoked command in '/home/dcs/Desktop/Lab/Lab1/ros2_ws/src/r2' returned '0': PYTHONPATH=/home/dcs/Desktop/Lab/Lab1/build/r2/prefix_override:/home/dcs/Desktop/Lab/Lab1/install/r2/lib/python3.8/site-packages:${PYTHONPATH} /usr/bin/python3 setup.py egg_info --egg-base ../../../build/r2 build --build-base /home/dcs/Desktop/Lab/Lab1/build/r2/build install --record /home/dcs/Desktop/Lab/Lab1/build/r2/install.log --install-scripts $base/lib/r2 --single-version-externally-managed
