[1.695s] Invoking command in '/home/dcs/Desktop/Lab/Lab1/ros2_ws/src/turtlebot3': PYTHONPATH=/home/dcs/Desktop/Lab/Lab1/build/turtlebot3/prefix_override:/home/dcs/Desktop/Lab/Lab1/install/turtlebot3/lib/python3.8/site-packages:${PYTHONPATH} /usr/bin/python3 setup.py egg_info --egg-base ../../../build/turtlebot3 build --build-base /home/dcs/Desktop/Lab/Lab1/build/turtlebot3/build install --record /home/dcs/Desktop/Lab/Lab1/build/turtlebot3/install.log --install-scripts $base/lib/turtlebot3 --single-version-externally-managed
[1.997s] running egg_info
[1.997s] writing ../../../build/turtlebot3/turtlebot3.egg-info/PKG-INFO
[1.998s] writing dependency_links to ../../../build/turtlebot3/turtlebot3.egg-info/dependency_links.txt
[1.998s] writing entry points to ../../../build/turtlebot3/turtlebot3.egg-info/entry_points.txt
[1.998s] writing requirements to ../../../build/turtlebot3/turtlebot3.egg-info/requires.txt
[1.998s] writing top-level names to ../../../build/turtlebot3/turtlebot3.egg-info/top_level.txt
[2.023s] reading manifest file '../../../build/turtlebot3/turtlebot3.egg-info/SOURCES.txt'
[2.023s] writing manifest file '../../../build/turtlebot3/turtlebot3.egg-info/SOURCES.txt'
[2.023s] running build
[2.023s] running build_py
[2.024s] running install
[2.024s] running install_lib
[2.027s] running install_data
[2.027s] running install_egg_info
[2.027s] removing '/home/dcs/Desktop/Lab/Lab1/install/turtlebot3/lib/python3.8/site-packages/turtlebot3-0.0.0-py3.8.egg-info' (and everything under it)
[2.027s] Copying ../../../build/turtlebot3/turtlebot3.egg-info to /home/dcs/Desktop/Lab/Lab1/install/turtlebot3/lib/python3.8/site-packages/turtlebot3-0.0.0-py3.8.egg-info
[2.027s] running install_scripts
[2.051s] Installing bot3 script to /home/dcs/Desktop/Lab/Lab1/install/turtlebot3/lib/turtlebot3
[2.051s] Installing run_10_trials script to /home/dcs/Desktop/Lab/Lab1/install/turtlebot3/lib/turtlebot3
[2.051s] writing list of installed files to '/home/dcs/Desktop/Lab/Lab1/build/turtlebot3/install.log'
[2.131s] Invoked command in '/home/dcs/Desktop/Lab/Lab1/ros2_ws/src/turtlebot3' returned '0': PYTHONPATH=/home/dcs/Desktop/Lab/Lab1/build/turtlebot3/prefix_override:/home/dcs/Desktop/Lab/Lab1/install/turtlebot3/lib/python3.8/site-packages:${PYTHONPATH} /usr/bin/python3 setup.py egg_info --egg-base ../../../build/turtlebot3 build --build-base /home/dcs/Desktop/Lab/Lab1/build/turtlebot3/build install --record /home/dcs/Desktop/Lab/Lab1/build/turtlebot3/install.log --install-scripts $base/lib/turtlebot3 --single-version-externally-managed
