[1.255s] Invoking command in '/home/dcs/Desktop/Lab/Lab1/ros2_ws/src/package_name': PYTHONPATH=/home/dcs/Desktop/Lab/Lab1/ros2_ws/build/package_name/prefix_override:/home/dcs/Desktop/Lab/Lab1/ros2_ws/install/package_name/lib/python3.8/site-packages:${PYTHONPATH} /usr/bin/python3 setup.py egg_info --egg-base ../../build/package_name build --build-base /home/dcs/Desktop/Lab/Lab1/ros2_ws/build/package_name/build install --record /home/dcs/Desktop/Lab/Lab1/ros2_ws/build/package_name/install.log --install-scripts $base/lib/package_name --single-version-externally-managed
[1.414s] running egg_info
[1.415s] writing ../../build/package_name/package_name.egg-info/PKG-INFO
[1.416s] writing dependency_links to ../../build/package_name/package_name.egg-info/dependency_links.txt
[1.416s] writing entry points to ../../build/package_name/package_name.egg-info/entry_points.txt
[1.416s] writing requirements to ../../build/package_name/package_name.egg-info/requires.txt
[1.417s] writing top-level names to ../../build/package_name/package_name.egg-info/top_level.txt
[1.450s] reading manifest file '../../build/package_name/package_name.egg-info/SOURCES.txt'
[1.451s] writing manifest file '../../build/package_name/package_name.egg-info/SOURCES.txt'
[1.451s] running build
[1.452s] running build_py
[1.452s] running install
[1.453s] running install_lib
[1.453s] running install_data
[1.454s] running install_egg_info
[1.456s] removing '/home/dcs/Desktop/Lab/Lab1/ros2_ws/install/package_name/lib/python3.8/site-packages/package_name-0.0.0-py3.8.egg-info' (and everything under it)
[1.456s] Copying ../../build/package_name/package_name.egg-info to /home/dcs/Desktop/Lab/Lab1/ros2_ws/install/package_name/lib/python3.8/site-packages/package_name-0.0.0-py3.8.egg-info
[1.456s] running install_scripts
[1.470s] Installing my_node script to /home/dcs/Desktop/Lab/Lab1/ros2_ws/install/package_name/lib/package_name
[1.471s] writing list of installed files to '/home/dcs/Desktop/Lab/Lab1/ros2_ws/build/package_name/install.log'
[1.492s] Invoked command in '/home/dcs/Desktop/Lab/Lab1/ros2_ws/src/package_name' returned '0': PYTHONPATH=/home/dcs/Desktop/Lab/Lab1/ros2_ws/build/package_name/prefix_override:/home/dcs/Desktop/Lab/Lab1/ros2_ws/install/package_name/lib/python3.8/site-packages:${PYTHONPATH} /usr/bin/python3 setup.py egg_info --egg-base ../../build/package_name build --build-base /home/dcs/Desktop/Lab/Lab1/ros2_ws/build/package_name/build install --record /home/dcs/Desktop/Lab/Lab1/ros2_ws/build/package_name/install.log --install-scripts $base/lib/package_name --single-version-externally-managed
