[2.027s] Invoking command in '/home/dcs/Desktop/Lab/Lab1/ros2_ws/src/controller': PYTHONPATH=/home/dcs/Desktop/Lab/Lab1/ros2_ws/build/controller/prefix_override:/home/dcs/Desktop/Lab/Lab1/ros2_ws/install/controller/lib/python3.8/site-packages:${PYTHONPATH} /usr/bin/python3 setup.py egg_info --egg-base ../../build/controller build --build-base /home/dcs/Desktop/Lab/Lab1/ros2_ws/build/controller/build install --record /home/dcs/Desktop/Lab/Lab1/ros2_ws/build/controller/install.log --install-scripts $base/lib/controller --single-version-externally-managed
[2.306s] running egg_info
[2.307s] writing ../../build/controller/controller.egg-info/PKG-INFO
[2.307s] writing dependency_links to ../../build/controller/controller.egg-info/dependency_links.txt
[2.307s] writing entry points to ../../build/controller/controller.egg-info/entry_points.txt
[2.307s] writing requirements to ../../build/controller/controller.egg-info/requires.txt
[2.308s] writing top-level names to ../../build/controller/controller.egg-info/top_level.txt
[2.334s] reading manifest file '../../build/controller/controller.egg-info/SOURCES.txt'
[2.334s] writing manifest file '../../build/controller/controller.egg-info/SOURCES.txt'
[2.334s] running build
[2.334s] running build_py
[2.334s] running install
[2.334s] running install_lib
[2.334s] running install_data
[2.336s] running install_egg_info
[2.336s] removing '/home/dcs/Desktop/Lab/Lab1/ros2_ws/install/controller/lib/python3.8/site-packages/controller-0.0.0-py3.8.egg-info' (and everything under it)
[2.336s] Copying ../../build/controller/controller.egg-info to /home/dcs/Desktop/Lab/Lab1/ros2_ws/install/controller/lib/python3.8/site-packages/controller-0.0.0-py3.8.egg-info
[2.336s] running install_scripts
[2.350s] writing list of installed files to '/home/dcs/Desktop/Lab/Lab1/ros2_ws/build/controller/install.log'
[2.615s] Invoked command in '/home/dcs/Desktop/Lab/Lab1/ros2_ws/src/controller' returned '0': PYTHONPATH=/home/dcs/Desktop/Lab/Lab1/ros2_ws/build/controller/prefix_override:/home/dcs/Desktop/Lab/Lab1/ros2_ws/install/controller/lib/python3.8/site-packages:${PYTHONPATH} /usr/bin/python3 setup.py egg_info --egg-base ../../build/controller build --build-base /home/dcs/Desktop/Lab/Lab1/ros2_ws/build/controller/build install --record /home/dcs/Desktop/Lab/Lab1/ros2_ws/build/controller/install.log --install-scripts $base/lib/controller --single-version-externally-managed
