[3.636s] Invoking command in '/home/dcs/Desktop/Lab/Lab1/ros2_ws/src/move_square': PYTHONPATH=/home/dcs/Desktop/Lab/Lab1/build/move_square/prefix_override:/home/dcs/Desktop/Lab/Lab1/install/move_square/lib/python3.8/site-packages:${PYTHONPATH} /usr/bin/python3 setup.py egg_info --egg-base ../../../build/move_square build --build-base /home/dcs/Desktop/Lab/Lab1/build/move_square/build install --record /home/dcs/Desktop/Lab/Lab1/build/move_square/install.log --install-scripts $base/lib/move_square --single-version-externally-managed
[4.143s] running egg_info
[4.144s] writing ../../../build/move_square/move_square.egg-info/PKG-INFO
[4.147s] writing dependency_links to ../../../build/move_square/move_square.egg-info/dependency_links.txt
[4.148s] writing entry points to ../../../build/move_square/move_square.egg-info/entry_points.txt
[4.148s] writing requirements to ../../../build/move_square/move_square.egg-info/requires.txt
[4.148s] writing top-level names to ../../../build/move_square/move_square.egg-info/top_level.txt
[4.199s] reading manifest file '../../../build/move_square/move_square.egg-info/SOURCES.txt'
[4.205s] writing manifest file '../../../build/move_square/move_square.egg-info/SOURCES.txt'
[4.206s] running build
[4.208s] running build_py
[4.210s] running install
[4.212s] running install_lib
[4.218s] running install_data
[4.218s] running install_egg_info
[4.226s] removing '/home/dcs/Desktop/Lab/Lab1/install/move_square/lib/python3.8/site-packages/move_square-0.0.0-py3.8.egg-info' (and everything under it)
[4.226s] Copying ../../../build/move_square/move_square.egg-info to /home/dcs/Desktop/Lab/Lab1/install/move_square/lib/python3.8/site-packages/move_square-0.0.0-py3.8.egg-info
[4.227s] running install_scripts
[4.265s] Installing square script to /home/dcs/Desktop/Lab/Lab1/install/move_square/lib/move_square
[4.268s] writing list of installed files to '/home/dcs/Desktop/Lab/Lab1/build/move_square/install.log'
[4.653s] Invoked command in '/home/dcs/Desktop/Lab/Lab1/ros2_ws/src/move_square' returned '0': PYTHONPATH=/home/dcs/Desktop/Lab/Lab1/build/move_square/prefix_override:/home/dcs/Desktop/Lab/Lab1/install/move_square/lib/python3.8/site-packages:${PYTHONPATH} /usr/bin/python3 setup.py egg_info --egg-base ../../../build/move_square build --build-base /home/dcs/Desktop/Lab/Lab1/build/move_square/build install --record /home/dcs/Desktop/Lab/Lab1/build/move_square/install.log --install-scripts $base/lib/move_square --single-version-externally-managed
