[2.180s] Invoking command in '/home/dcs/Desktop/Lab/Lab1/ros2_ws/src/turtlebot3': PYTHONPATH=/home/dcs/Desktop/Lab/Lab1/build/turtlebot3/prefix_override:/home/dcs/Desktop/Lab/Lab1/install/turtlebot3/lib/python3.8/site-packages:${PYTHONPATH} /usr/bin/python3 setup.py egg_info --egg-base ../../../build/turtlebot3 build --build-base /home/dcs/Desktop/Lab/Lab1/build/turtlebot3/build install --record /home/dcs/Desktop/Lab/Lab1/build/turtlebot3/install.log --install-scripts $base/lib/turtlebot3 --single-version-externally-managed
[2.543s] running egg_info
[2.544s] writing ../../../build/turtlebot3/turtlebot3.egg-info/PKG-INFO
[2.544s] writing dependency_links to ../../../build/turtlebot3/turtlebot3.egg-info/dependency_links.txt
[2.545s] writing entry points to ../../../build/turtlebot3/turtlebot3.egg-info/entry_points.txt
[2.545s] writing requirements to ../../../build/turtlebot3/turtlebot3.egg-info/requires.txt
[2.545s] writing top-level names to ../../../build/turtlebot3/turtlebot3.egg-info/top_level.txt
[2.578s] reading manifest file '../../../build/turtlebot3/turtlebot3.egg-info/SOURCES.txt'
[2.579s] writing manifest file '../../../build/turtlebot3/turtlebot3.egg-info/SOURCES.txt'
[2.579s] running build
[2.579s] running build_py
[2.579s] running install
[2.580s] running install_lib
[2.581s] running install_data
[2.583s] running install_egg_info
[2.584s] removing '/home/dcs/Desktop/Lab/Lab1/install/turtlebot3/lib/python3.8/site-packages/turtlebot3-0.0.0-py3.8.egg-info' (and everything under it)
[2.584s] Copying ../../../build/turtlebot3/turtlebot3.egg-info to /home/dcs/Desktop/Lab/Lab1/install/turtlebot3/lib/python3.8/site-packages/turtlebot3-0.0.0-py3.8.egg-info
[2.585s] running install_scripts
[2.603s] Installing bot3 script to /home/dcs/Desktop/Lab/Lab1/install/turtlebot3/lib/turtlebot3
[2.603s] Installing run_10_trials script to /home/dcs/Desktop/Lab/Lab1/install/turtlebot3/lib/turtlebot3
[2.605s] writing list of installed files to '/home/dcs/Desktop/Lab/Lab1/build/turtlebot3/install.log'
[2.793s] Invoked command in '/home/dcs/Desktop/Lab/Lab1/ros2_ws/src/turtlebot3' returned '0': PYTHONPATH=/home/dcs/Desktop/Lab/Lab1/build/turtlebot3/prefix_override:/home/dcs/Desktop/Lab/Lab1/install/turtlebot3/lib/python3.8/site-packages:${PYTHONPATH} /usr/bin/python3 setup.py egg_info --egg-base ../../../build/turtlebot3 build --build-base /home/dcs/Desktop/Lab/Lab1/build/turtlebot3/build install --record /home/dcs/Desktop/Lab/Lab1/build/turtlebot3/install.log --install-scripts $base/lib/turtlebot3 --single-version-externally-managed
