[3.568s] Invoking command in '/home/dcs/Desktop/Lab/Lab1/ros2_ws/src/move_square': PYTHONPATH=/home/dcs/Desktop/Lab/Lab1/build/move_square/prefix_override:/home/dcs/Desktop/Lab/Lab1/install/move_square/lib/python3.8/site-packages:${PYTHONPATH} /usr/bin/python3 setup.py egg_info --egg-base ../../../build/move_square build --build-base /home/dcs/Desktop/Lab/Lab1/build/move_square/build install --record /home/dcs/Desktop/Lab/Lab1/build/move_square/install.log --install-scripts $base/lib/move_square --single-version-externally-managed
[3.987s] running egg_info
[4.008s] writing ../../../build/move_square/move_square.egg-info/PKG-INFO
[4.008s] writing dependency_links to ../../../build/move_square/move_square.egg-info/dependency_links.txt
[4.008s] writing entry points to ../../../build/move_square/move_square.egg-info/entry_points.txt
[4.008s] writing requirements to ../../../build/move_square/move_square.egg-info/requires.txt
[4.008s] writing top-level names to ../../../build/move_square/move_square.egg-info/top_level.txt
[4.076s] reading manifest file '../../../build/move_square/move_square.egg-info/SOURCES.txt'
[4.076s] writing manifest file '../../../build/move_square/move_square.egg-info/SOURCES.txt'
[4.076s] running build
[4.076s] running build_py
[4.076s] running install
[4.077s] running install_lib
[4.077s] running install_data
[4.077s] running install_egg_info
[4.077s] removing '/home/dcs/Desktop/Lab/Lab1/install/move_square/lib/python3.8/site-packages/move_square-0.0.0-py3.8.egg-info' (and everything under it)
[4.077s] Copying ../../../build/move_square/move_square.egg-info to /home/dcs/Desktop/Lab/Lab1/install/move_square/lib/python3.8/site-packages/move_square-0.0.0-py3.8.egg-info
[4.100s] running install_scripts
[4.169s] Installing square script to /home/dcs/Desktop/Lab/Lab1/install/move_square/lib/move_square
[4.170s] writing list of installed files to '/home/dcs/Desktop/Lab/Lab1/build/move_square/install.log'
[4.552s] Invoked command in '/home/dcs/Desktop/Lab/Lab1/ros2_ws/src/move_square' returned '0': PYTHONPATH=/home/dcs/Desktop/Lab/Lab1/build/move_square/prefix_override:/home/dcs/Desktop/Lab/Lab1/install/move_square/lib/python3.8/site-packages:${PYTHONPATH} /usr/bin/python3 setup.py egg_info --egg-base ../../../build/move_square build --build-base /home/dcs/Desktop/Lab/Lab1/build/move_square/build install --record /home/dcs/Desktop/Lab/Lab1/build/move_square/install.log --install-scripts $base/lib/move_square --single-version-externally-managed
