[1.813s] Invoking command in '/home/dcs/Desktop/Lab/Lab1/ros2_ws/src/controller': PYTHONPATH=/home/dcs/Desktop/Lab/Lab1/build/controller/prefix_override:/home/dcs/Desktop/Lab/Lab1/install/controller/lib/python3.8/site-packages:${PYTHONPATH} /usr/bin/python3 setup.py egg_info --egg-base ../../../build/controller build --build-base /home/dcs/Desktop/Lab/Lab1/build/controller/build install --record /home/dcs/Desktop/Lab/Lab1/build/controller/install.log --install-scripts $base/lib/controller --single-version-externally-managed
[2.001s] running egg_info
[2.002s] writing ../../../build/controller/controller.egg-info/PKG-INFO
[2.002s] writing dependency_links to ../../../build/controller/controller.egg-info/dependency_links.txt
[2.002s] writing entry points to ../../../build/controller/controller.egg-info/entry_points.txt
[2.003s] writing requirements to ../../../build/controller/controller.egg-info/requires.txt
[2.003s] writing top-level names to ../../../build/controller/controller.egg-info/top_level.txt
[2.037s] reading manifest file '../../../build/controller/controller.egg-info/SOURCES.txt'
[2.038s] writing manifest file '../../../build/controller/controller.egg-info/SOURCES.txt'
[2.038s] running build
[2.038s] running build_py
[2.038s] running install
[2.039s] running install_lib
[2.046s] running install_data
[2.047s] running install_egg_info
[2.050s] removing '/home/dcs/Desktop/Lab/Lab1/install/controller/lib/python3.8/site-packages/controller-0.0.0-py3.8.egg-info' (and everything under it)
[2.050s] Copying ../../../build/controller/controller.egg-info to /home/dcs/Desktop/Lab/Lab1/install/controller/lib/python3.8/site-packages/controller-0.0.0-py3.8.egg-info
[2.052s] running install_scripts
[2.078s] writing list of installed files to '/home/dcs/Desktop/Lab/Lab1/build/controller/install.log'
[2.276s] Invoked command in '/home/dcs/Desktop/Lab/Lab1/ros2_ws/src/controller' returned '0': PYTHONPATH=/home/dcs/Desktop/Lab/Lab1/build/controller/prefix_override:/home/dcs/Desktop/Lab/Lab1/install/controller/lib/python3.8/site-packages:${PYTHONPATH} /usr/bin/python3 setup.py egg_info --egg-base ../../../build/controller build --build-base /home/dcs/Desktop/Lab/Lab1/build/controller/build install --record /home/dcs/Desktop/Lab/Lab1/build/controller/install.log --install-scripts $base/lib/controller --single-version-externally-managed
