[1.538s] Invoking command in '/home/dcs/Desktop/Lab/Lab1/ros2_ws/src/move_turtlebot3': PYTHONPATH=/home/dcs/Desktop/Lab/Lab1/ros2_ws/build/move_turtlebot3/prefix_override:/home/dcs/Desktop/Lab/Lab1/ros2_ws/install/move_turtlebot3/lib/python3.8/site-packages:${PYTHONPATH} /usr/bin/python3 setup.py egg_info --egg-base ../../build/move_turtlebot3 build --build-base /home/dcs/Desktop/Lab/Lab1/ros2_ws/build/move_turtlebot3/build install --record /home/dcs/Desktop/Lab/Lab1/ros2_ws/build/move_turtlebot3/install.log --install-scripts $base/lib/move_turtlebot3 --single-version-externally-managed
[1.736s] running egg_info
[1.736s] writing ../../build/move_turtlebot3/move_turtlebot3.egg-info/PKG-INFO
[1.737s] writing dependency_links to ../../build/move_turtlebot3/move_turtlebot3.egg-info/dependency_links.txt
[1.738s] writing entry points to ../../build/move_turtlebot3/move_turtlebot3.egg-info/entry_points.txt
[1.738s] writing requirements to ../../build/move_turtlebot3/move_turtlebot3.egg-info/requires.txt
[1.740s] writing top-level names to ../../build/move_turtlebot3/move_turtlebot3.egg-info/top_level.txt
[1.759s] reading manifest file '../../build/move_turtlebot3/move_turtlebot3.egg-info/SOURCES.txt'
[1.760s] writing manifest file '../../build/move_turtlebot3/move_turtlebot3.egg-info/SOURCES.txt'
[1.761s] running build
[1.761s] running build_py
[1.761s] running install
[1.762s] running install_lib
[1.769s] running install_data
[1.769s] running install_egg_info
[1.769s] removing '/home/dcs/Desktop/Lab/Lab1/ros2_ws/install/move_turtlebot3/lib/python3.8/site-packages/move_turtlebot3-0.0.0-py3.8.egg-info' (and everything under it)
[1.770s] Copying ../../build/move_turtlebot3/move_turtlebot3.egg-info to /home/dcs/Desktop/Lab/Lab1/ros2_ws/install/move_turtlebot3/lib/python3.8/site-packages/move_turtlebot3-0.0.0-py3.8.egg-info
[1.770s] running install_scripts
[1.783s] Installing traj script to /home/dcs/Desktop/Lab/Lab1/ros2_ws/install/move_turtlebot3/lib/move_turtlebot3
[1.783s] writing list of installed files to '/home/dcs/Desktop/Lab/Lab1/ros2_ws/build/move_turtlebot3/install.log'
[1.987s] Invoked command in '/home/dcs/Desktop/Lab/Lab1/ros2_ws/src/move_turtlebot3' returned '0': PYTHONPATH=/home/dcs/Desktop/Lab/Lab1/ros2_ws/build/move_turtlebot3/prefix_override:/home/dcs/Desktop/Lab/Lab1/ros2_ws/install/move_turtlebot3/lib/python3.8/site-packages:${PYTHONPATH} /usr/bin/python3 setup.py egg_info --egg-base ../../build/move_turtlebot3 build --build-base /home/dcs/Desktop/Lab/Lab1/ros2_ws/build/move_turtlebot3/build install --record /home/dcs/Desktop/Lab/Lab1/ros2_ws/build/move_turtlebot3/install.log --install-scripts $base/lib/move_turtlebot3 --single-version-externally-managed
