[3.110s] Invoking command in '/home/dcs/Desktop/Lab/Lab1/ros2_ws/src/controller': PYTHONPATH=/home/dcs/Desktop/Lab/Lab1/ros2_ws/build/controller/prefix_override:/home/dcs/Desktop/Lab/Lab1/ros2_ws/install/controller/lib/python3.8/site-packages:${PYTHONPATH} /usr/bin/python3 setup.py egg_info --egg-base ../../build/controller build --build-base /home/dcs/Desktop/Lab/Lab1/ros2_ws/build/controller/build install --record /home/dcs/Desktop/Lab/Lab1/ros2_ws/build/controller/install.log --install-scripts $base/lib/controller --single-version-externally-managed
[3.295s] running egg_info
[3.296s] creating ../../build/controller/controller.egg-info
[3.296s] writing ../../build/controller/controller.egg-info/PKG-INFO
[3.296s] writing dependency_links to ../../build/controller/controller.egg-info/dependency_links.txt
[3.297s] writing entry points to ../../build/controller/controller.egg-info/entry_points.txt
[3.297s] writing requirements to ../../build/controller/controller.egg-info/requires.txt
[3.298s] writing top-level names to ../../build/controller/controller.egg-info/top_level.txt
[3.298s] writing manifest file '../../build/controller/controller.egg-info/SOURCES.txt'
[3.340s] reading manifest file '../../build/controller/controller.egg-info/SOURCES.txt'
[3.340s] writing manifest file '../../build/controller/controller.egg-info/SOURCES.txt'
[3.341s] running build
[3.341s] running build_py
[3.341s] creating /home/dcs/Desktop/Lab/Lab1/ros2_ws/build/controller/build
[3.341s] creating /home/dcs/Desktop/Lab/Lab1/ros2_ws/build/controller/build/lib
[3.342s] creating /home/dcs/Desktop/Lab/Lab1/ros2_ws/build/controller/build/lib/controller
[3.342s] copying controller/controller.py -> /home/dcs/Desktop/Lab/Lab1/ros2_ws/build/controller/build/lib/controller
[3.353s] copying controller/__init__.py -> /home/dcs/Desktop/Lab/Lab1/ros2_ws/build/controller/build/lib/controller
[3.358s] running install
[3.358s] running install_lib
[3.358s] creating /home/dcs/Desktop/Lab/Lab1/ros2_ws/install/controller/lib/python3.8/site-packages/controller
[3.358s] copying /home/dcs/Desktop/Lab/Lab1/ros2_ws/build/controller/build/lib/controller/controller.py -> /home/dcs/Desktop/Lab/Lab1/ros2_ws/install/controller/lib/python3.8/site-packages/controller
[3.358s] copying /home/dcs/Desktop/Lab/Lab1/ros2_ws/build/controller/build/lib/controller/__init__.py -> /home/dcs/Desktop/Lab/Lab1/ros2_ws/install/controller/lib/python3.8/site-packages/controller
[3.358s] byte-compiling /home/dcs/Desktop/Lab/Lab1/ros2_ws/install/controller/lib/python3.8/site-packages/controller/controller.py to controller.cpython-38.pyc
[3.359s] byte-compiling /home/dcs/Desktop/Lab/Lab1/ros2_ws/install/controller/lib/python3.8/site-packages/controller/__init__.py to __init__.cpython-38.pyc
[3.360s] running install_data
[3.367s] creating /home/dcs/Desktop/Lab/Lab1/ros2_ws/install/controller/share/ament_index
[3.367s] creating /home/dcs/Desktop/Lab/Lab1/ros2_ws/install/controller/share/ament_index/resource_index
[3.367s] creating /home/dcs/Desktop/Lab/Lab1/ros2_ws/install/controller/share/ament_index/resource_index/packages
[3.367s] copying resource/controller -> /home/dcs/Desktop/Lab/Lab1/ros2_ws/install/controller/share/ament_index/resource_index/packages
[3.367s] copying package.xml -> /home/dcs/Desktop/Lab/Lab1/ros2_ws/install/controller/share/controller
[3.367s] running install_egg_info
[3.367s] Copying ../../build/controller/controller.egg-info to /home/dcs/Desktop/Lab/Lab1/ros2_ws/install/controller/lib/python3.8/site-packages/controller-0.0.0-py3.8.egg-info
[3.369s] running install_scripts
[3.394s] writing list of installed files to '/home/dcs/Desktop/Lab/Lab1/ros2_ws/build/controller/install.log'
[3.636s] Invoked command in '/home/dcs/Desktop/Lab/Lab1/ros2_ws/src/controller' returned '0': PYTHONPATH=/home/dcs/Desktop/Lab/Lab1/ros2_ws/build/controller/prefix_override:/home/dcs/Desktop/Lab/Lab1/ros2_ws/install/controller/lib/python3.8/site-packages:${PYTHONPATH} /usr/bin/python3 setup.py egg_info --egg-base ../../build/controller build --build-base /home/dcs/Desktop/Lab/Lab1/ros2_ws/build/controller/build install --record /home/dcs/Desktop/Lab/Lab1/ros2_ws/build/controller/install.log --install-scripts $base/lib/controller --single-version-externally-managed
