[1.713s] Invoking command in '/home/dcs/Desktop/Lab/Lab1/ros2_ws/src/controller': PYTHONPATH=/home/dcs/Desktop/Lab/Lab1/ros2_ws/build/controller/prefix_override:/home/dcs/Desktop/Lab/Lab1/ros2_ws/install/controller/lib/python3.8/site-packages:${PYTHONPATH} /usr/bin/python3 setup.py egg_info --egg-base ../../build/controller build --build-base /home/dcs/Desktop/Lab/Lab1/ros2_ws/build/controller/build install --record /home/dcs/Desktop/Lab/Lab1/ros2_ws/build/controller/install.log --install-scripts $base/lib/controller --single-version-externally-managed
[1.866s] running egg_info
[1.866s] writing ../../build/controller/controller.egg-info/PKG-INFO
[1.866s] writing dependency_links to ../../build/controller/controller.egg-info/dependency_links.txt
[1.867s] writing entry points to ../../build/controller/controller.egg-info/entry_points.txt
[1.867s] writing requirements to ../../build/controller/controller.egg-info/requires.txt
[1.869s] writing top-level names to ../../build/controller/controller.egg-info/top_level.txt
[1.900s] reading manifest file '../../build/controller/controller.egg-info/SOURCES.txt'
[1.901s] writing manifest file '../../build/controller/controller.egg-info/SOURCES.txt'
[1.902s] running build
[1.902s] running build_py
[1.902s] running install
[1.903s] running install_lib
[1.904s] running install_data
[1.905s] running install_egg_info
[1.906s] removing '/home/dcs/Desktop/Lab/Lab1/ros2_ws/install/controller/lib/python3.8/site-packages/controller-0.0.0-py3.8.egg-info' (and everything under it)
[1.909s] Copying ../../build/controller/controller.egg-info to /home/dcs/Desktop/Lab/Lab1/ros2_ws/install/controller/lib/python3.8/site-packages/controller-0.0.0-py3.8.egg-info
[1.913s] running install_scripts
[1.927s] writing list of installed files to '/home/dcs/Desktop/Lab/Lab1/ros2_ws/build/controller/install.log'
[2.380s] Invoked command in '/home/dcs/Desktop/Lab/Lab1/ros2_ws/src/controller' returned '0': PYTHONPATH=/home/dcs/Desktop/Lab/Lab1/ros2_ws/build/controller/prefix_override:/home/dcs/Desktop/Lab/Lab1/ros2_ws/install/controller/lib/python3.8/site-packages:${PYTHONPATH} /usr/bin/python3 setup.py egg_info --egg-base ../../build/controller build --build-base /home/dcs/Desktop/Lab/Lab1/ros2_ws/build/controller/build install --record /home/dcs/Desktop/Lab/Lab1/ros2_ws/build/controller/install.log --install-scripts $base/lib/controller --single-version-externally-managed
