[2.989s] Invoking command in '/home/dcs/Desktop/Lab/Lab1/ros2_ws/src/package_name': PYTHONPATH=/home/dcs/Desktop/Lab/Lab1/build/package_name/prefix_override:/home/dcs/Desktop/Lab/Lab1/install/package_name/lib/python3.8/site-packages:${PYTHONPATH} /usr/bin/python3 setup.py egg_info --egg-base ../../../build/package_name build --build-base /home/dcs/Desktop/Lab/Lab1/build/package_name/build install --record /home/dcs/Desktop/Lab/Lab1/build/package_name/install.log --install-scripts $base/lib/package_name --single-version-externally-managed
[3.253s] running egg_info
[3.253s] writing ../../../build/package_name/package_name.egg-info/PKG-INFO
[3.254s] writing dependency_links to ../../../build/package_name/package_name.egg-info/dependency_links.txt
[3.254s] writing entry points to ../../../build/package_name/package_name.egg-info/entry_points.txt
[3.254s] writing requirements to ../../../build/package_name/package_name.egg-info/requires.txt
[3.255s] writing top-level names to ../../../build/package_name/package_name.egg-info/top_level.txt
[3.331s] reading manifest file '../../../build/package_name/package_name.egg-info/SOURCES.txt'
[3.332s] writing manifest file '../../../build/package_name/package_name.egg-info/SOURCES.txt'
[3.332s] running build
[3.332s] running build_py
[3.332s] running install
[3.332s] running install_lib
[3.332s] running install_data
[3.333s] running install_egg_info
[3.337s] removing '/home/dcs/Desktop/Lab/Lab1/install/package_name/lib/python3.8/site-packages/package_name-0.0.0-py3.8.egg-info' (and everything under it)
[3.337s] Copying ../../../build/package_name/package_name.egg-info to /home/dcs/Desktop/Lab/Lab1/install/package_name/lib/python3.8/site-packages/package_name-0.0.0-py3.8.egg-info
[3.343s] running install_scripts
[3.372s] Installing my_node script to /home/dcs/Desktop/Lab/Lab1/install/package_name/lib/package_name
[3.375s] writing list of installed files to '/home/dcs/Desktop/Lab/Lab1/build/package_name/install.log'
[3.432s] Invoked command in '/home/dcs/Desktop/Lab/Lab1/ros2_ws/src/package_name' returned '0': PYTHONPATH=/home/dcs/Desktop/Lab/Lab1/build/package_name/prefix_override:/home/dcs/Desktop/Lab/Lab1/install/package_name/lib/python3.8/site-packages:${PYTHONPATH} /usr/bin/python3 setup.py egg_info --egg-base ../../../build/package_name build --build-base /home/dcs/Desktop/Lab/Lab1/build/package_name/build install --record /home/dcs/Desktop/Lab/Lab1/build/package_name/install.log --install-scripts $base/lib/package_name --single-version-externally-managed
