[1.716s] Invoking command in '/home/dcs/Desktop/Lab/Lab1/ros2_ws/src/controller': PYTHONPATH=/home/dcs/Desktop/Lab/Lab1/build/controller/prefix_override:/home/dcs/Desktop/Lab/Lab1/install/controller/lib/python3.8/site-packages:${PYTHONPATH} /usr/bin/python3 setup.py egg_info --egg-base ../../../build/controller build --build-base /home/dcs/Desktop/Lab/Lab1/build/controller/build install --record /home/dcs/Desktop/Lab/Lab1/build/controller/install.log --install-scripts $base/lib/controller --single-version-externally-managed
[1.906s] running egg_info
[1.908s] writing ../../../build/controller/controller.egg-info/PKG-INFO
[1.910s] writing dependency_links to ../../../build/controller/controller.egg-info/dependency_links.txt
[1.916s] writing entry points to ../../../build/controller/controller.egg-info/entry_points.txt
[1.916s] writing requirements to ../../../build/controller/controller.egg-info/requires.txt
[1.916s] writing top-level names to ../../../build/controller/controller.egg-info/top_level.txt
[1.967s] reading manifest file '../../../build/controller/controller.egg-info/SOURCES.txt'
[1.967s] writing manifest file '../../../build/controller/controller.egg-info/SOURCES.txt'
[1.967s] running build
[1.967s] running build_py
[1.967s] running install
[1.968s] running install_lib
[1.974s] running install_data
[1.974s] running install_egg_info
[1.974s] removing '/home/dcs/Desktop/Lab/Lab1/install/controller/lib/python3.8/site-packages/controller-0.0.0-py3.8.egg-info' (and everything under it)
[1.974s] Copying ../../../build/controller/controller.egg-info to /home/dcs/Desktop/Lab/Lab1/install/controller/lib/python3.8/site-packages/controller-0.0.0-py3.8.egg-info
[1.974s] running install_scripts
[1.985s] writing list of installed files to '/home/dcs/Desktop/Lab/Lab1/build/controller/install.log'
[2.227s] Invoked command in '/home/dcs/Desktop/Lab/Lab1/ros2_ws/src/controller' returned '0': PYTHONPATH=/home/dcs/Desktop/Lab/Lab1/build/controller/prefix_override:/home/dcs/Desktop/Lab/Lab1/install/controller/lib/python3.8/site-packages:${PYTHONPATH} /usr/bin/python3 setup.py egg_info --egg-base ../../../build/controller build --build-base /home/dcs/Desktop/Lab/Lab1/build/controller/build install --record /home/dcs/Desktop/Lab/Lab1/build/controller/install.log --install-scripts $base/lib/controller --single-version-externally-managed
