[1.575s] Invoking command in '/home/dcs/Desktop/Lab/Lab1/ros2_ws/src/followWall': PYTHONPATH=/home/dcs/Desktop/Lab/Lab1/build/followWall/prefix_override:/home/dcs/Desktop/Lab/Lab1/install/followWall/lib/python3.8/site-packages:${PYTHONPATH} /usr/bin/python3 setup.py egg_info --egg-base ../../../build/followWall build --build-base /home/dcs/Desktop/Lab/Lab1/build/followWall/build install --record /home/dcs/Desktop/Lab/Lab1/build/followWall/install.log --install-scripts $base/lib/followWall --single-version-externally-managed
[1.873s] running egg_info
[1.873s] writing ../../../build/followWall/followWall.egg-info/PKG-INFO
[1.873s] writing dependency_links to ../../../build/followWall/followWall.egg-info/dependency_links.txt
[1.873s] writing entry points to ../../../build/followWall/followWall.egg-info/entry_points.txt
[1.873s] writing requirements to ../../../build/followWall/followWall.egg-info/requires.txt
[1.873s] writing top-level names to ../../../build/followWall/followWall.egg-info/top_level.txt
[1.923s] reading manifest file '../../../build/followWall/followWall.egg-info/SOURCES.txt'
[1.923s] writing manifest file '../../../build/followWall/followWall.egg-info/SOURCES.txt'
[1.923s] running build
[1.923s] running build_py
[1.923s] copying followWall/followWall.py -> /home/dcs/Desktop/Lab/Lab1/build/followWall/build/lib/followWall
[1.923s] running install
[1.923s] running install_lib
[1.923s] copying /home/dcs/Desktop/Lab/Lab1/build/followWall/build/lib/followWall/followWall.py -> /home/dcs/Desktop/Lab/Lab1/install/followWall/lib/python3.8/site-packages/followWall
[1.923s] byte-compiling /home/dcs/Desktop/Lab/Lab1/install/followWall/lib/python3.8/site-packages/followWall/followWall.py to followWall.cpython-38.pyc
[1.923s] running install_data
[1.924s] running install_egg_info
[1.924s] removing '/home/dcs/Desktop/Lab/Lab1/install/followWall/lib/python3.8/site-packages/followWall-0.0.0-py3.8.egg-info' (and everything under it)
[1.925s] Copying ../../../build/followWall/followWall.egg-info to /home/dcs/Desktop/Lab/Lab1/install/followWall/lib/python3.8/site-packages/followWall-0.0.0-py3.8.egg-info
[1.925s] running install_scripts
[1.947s] Installing follow_wall script to /home/dcs/Desktop/Lab/Lab1/install/followWall/lib/followWall
[1.947s] writing list of installed files to '/home/dcs/Desktop/Lab/Lab1/build/followWall/install.log'
[1.980s] Invoked command in '/home/dcs/Desktop/Lab/Lab1/ros2_ws/src/followWall' returned '0': PYTHONPATH=/home/dcs/Desktop/Lab/Lab1/build/followWall/prefix_override:/home/dcs/Desktop/Lab/Lab1/install/followWall/lib/python3.8/site-packages:${PYTHONPATH} /usr/bin/python3 setup.py egg_info --egg-base ../../../build/followWall build --build-base /home/dcs/Desktop/Lab/Lab1/build/followWall/build install --record /home/dcs/Desktop/Lab/Lab1/build/followWall/install.log --install-scripts $base/lib/followWall --single-version-externally-managed
