running egg_info
creating ../../../build/OpenLoop_Obstacle/OpenLoop_Obstacle.egg-info
writing ../../../build/OpenLoop_Obstacle/OpenLoop_Obstacle.egg-info/PKG-INFO
writing dependency_links to ../../../build/OpenLoop_Obstacle/OpenLoop_Obstacle.egg-info/dependency_links.txt
writing entry points to ../../../build/OpenLoop_Obstacle/OpenLoop_Obstacle.egg-info/entry_points.txt
writing requirements to ../../../build/OpenLoop_Obstacle/OpenLoop_Obstacle.egg-info/requires.txt
writing top-level names to ../../../build/OpenLoop_Obstacle/OpenLoop_Obstacle.egg-info/top_level.txt
writing manifest file '../../../build/OpenLoop_Obstacle/OpenLoop_Obstacle.egg-info/SOURCES.txt'
reading manifest file '../../../build/OpenLoop_Obstacle/OpenLoop_Obstacle.egg-info/SOURCES.txt'
writing manifest file '../../../build/OpenLoop_Obstacle/OpenLoop_Obstacle.egg-info/SOURCES.txt'
running build
running build_py
creating /home/dcs/Desktop/Lab/Lab1/build/OpenLoop_Obstacle/build
creating /home/dcs/Desktop/Lab/Lab1/build/OpenLoop_Obstacle/build/lib
creating /home/dcs/Desktop/Lab/Lab1/build/OpenLoop_Obstacle/build/lib/OpenLoop_Obstacle
copying OpenLoop_Obstacle/__init__.py -> /home/dcs/Desktop/Lab/Lab1/build/OpenLoop_Obstacle/build/lib/OpenLoop_Obstacle
running install
running install_lib
creating /home/dcs/Desktop/Lab/Lab1/install/OpenLoop_Obstacle/lib/python3.8/site-packages/OpenLoop_Obstacle
copying /home/dcs/Desktop/Lab/Lab1/build/OpenLoop_Obstacle/build/lib/OpenLoop_Obstacle/__init__.py -> /home/dcs/Desktop/Lab/Lab1/install/OpenLoop_Obstacle/lib/python3.8/site-packages/OpenLoop_Obstacle
byte-compiling /home/dcs/Desktop/Lab/Lab1/install/OpenLoop_Obstacle/lib/python3.8/site-packages/OpenLoop_Obstacle/__init__.py to __init__.cpython-38.pyc
running install_data
creating /home/dcs/Desktop/Lab/Lab1/install/OpenLoop_Obstacle/share/ament_index
creating /home/dcs/Desktop/Lab/Lab1/install/OpenLoop_Obstacle/share/ament_index/resource_index
creating /home/dcs/Desktop/Lab/Lab1/install/OpenLoop_Obstacle/share/ament_index/resource_index/packages
copying resource/OpenLoop_Obstacle -> /home/dcs/Desktop/Lab/Lab1/install/OpenLoop_Obstacle/share/ament_index/resource_index/packages
copying package.xml -> /home/dcs/Desktop/Lab/Lab1/install/OpenLoop_Obstacle/share/OpenLoop_Obstacle
running install_egg_info
Copying ../../../build/OpenLoop_Obstacle/OpenLoop_Obstacle.egg-info to /home/dcs/Desktop/Lab/Lab1/install/OpenLoop_Obstacle/lib/python3.8/site-packages/OpenLoop_Obstacle-0.0.0-py3.8.egg-info
running install_scripts
writing list of installed files to '/home/dcs/Desktop/Lab/Lab1/build/OpenLoop_Obstacle/install.log'
