[2.952s] Invoking command in '/home/dcs/Desktop/Lab/Lab1/ros2_ws/src/OpenLoop_Obstacle': PYTHONPATH=/home/dcs/Desktop/Lab/Lab1/build/OpenLoop_Obstacle/prefix_override:/home/dcs/Desktop/Lab/Lab1/install/OpenLoop_Obstacle/lib/python3.8/site-packages:${PYTHONPATH} /usr/bin/python3 setup.py egg_info --egg-base ../../../build/OpenLoop_Obstacle build --build-base /home/dcs/Desktop/Lab/Lab1/build/OpenLoop_Obstacle/build install --record /home/dcs/Desktop/Lab/Lab1/build/OpenLoop_Obstacle/install.log --install-scripts $base/lib/OpenLoop_Obstacle --single-version-externally-managed
[3.393s] running egg_info
[3.393s] creating ../../../build/OpenLoop_Obstacle/OpenLoop_Obstacle.egg-info
[3.393s] writing ../../../build/OpenLoop_Obstacle/OpenLoop_Obstacle.egg-info/PKG-INFO
[3.393s] writing dependency_links to ../../../build/OpenLoop_Obstacle/OpenLoop_Obstacle.egg-info/dependency_links.txt
[3.394s] writing entry points to ../../../build/OpenLoop_Obstacle/OpenLoop_Obstacle.egg-info/entry_points.txt
[3.394s] writing requirements to ../../../build/OpenLoop_Obstacle/OpenLoop_Obstacle.egg-info/requires.txt
[3.394s] writing top-level names to ../../../build/OpenLoop_Obstacle/OpenLoop_Obstacle.egg-info/top_level.txt
[3.400s] writing manifest file '../../../build/OpenLoop_Obstacle/OpenLoop_Obstacle.egg-info/SOURCES.txt'
[3.456s] reading manifest file '../../../build/OpenLoop_Obstacle/OpenLoop_Obstacle.egg-info/SOURCES.txt'
[3.461s] writing manifest file '../../../build/OpenLoop_Obstacle/OpenLoop_Obstacle.egg-info/SOURCES.txt'
[3.461s] running build
[3.461s] running build_py
[3.461s] creating /home/dcs/Desktop/Lab/Lab1/build/OpenLoop_Obstacle/build
[3.461s] creating /home/dcs/Desktop/Lab/Lab1/build/OpenLoop_Obstacle/build/lib
[3.461s] creating /home/dcs/Desktop/Lab/Lab1/build/OpenLoop_Obstacle/build/lib/OpenLoop_Obstacle
[3.462s] copying OpenLoop_Obstacle/__init__.py -> /home/dcs/Desktop/Lab/Lab1/build/OpenLoop_Obstacle/build/lib/OpenLoop_Obstacle
[3.462s] running install
[3.462s] running install_lib
[3.463s] creating /home/dcs/Desktop/Lab/Lab1/install/OpenLoop_Obstacle/lib/python3.8/site-packages/OpenLoop_Obstacle
[3.463s] copying /home/dcs/Desktop/Lab/Lab1/build/OpenLoop_Obstacle/build/lib/OpenLoop_Obstacle/__init__.py -> /home/dcs/Desktop/Lab/Lab1/install/OpenLoop_Obstacle/lib/python3.8/site-packages/OpenLoop_Obstacle
[3.465s] byte-compiling /home/dcs/Desktop/Lab/Lab1/install/OpenLoop_Obstacle/lib/python3.8/site-packages/OpenLoop_Obstacle/__init__.py to __init__.cpython-38.pyc
[3.469s] running install_data
[3.469s] creating /home/dcs/Desktop/Lab/Lab1/install/OpenLoop_Obstacle/share/ament_index
[3.469s] creating /home/dcs/Desktop/Lab/Lab1/install/OpenLoop_Obstacle/share/ament_index/resource_index
[3.469s] creating /home/dcs/Desktop/Lab/Lab1/install/OpenLoop_Obstacle/share/ament_index/resource_index/packages
[3.469s] copying resource/OpenLoop_Obstacle -> /home/dcs/Desktop/Lab/Lab1/install/OpenLoop_Obstacle/share/ament_index/resource_index/packages
[3.469s] copying package.xml -> /home/dcs/Desktop/Lab/Lab1/install/OpenLoop_Obstacle/share/OpenLoop_Obstacle
[3.470s] running install_egg_info
[3.471s] Copying ../../../build/OpenLoop_Obstacle/OpenLoop_Obstacle.egg-info to /home/dcs/Desktop/Lab/Lab1/install/OpenLoop_Obstacle/lib/python3.8/site-packages/OpenLoop_Obstacle-0.0.0-py3.8.egg-info
[3.472s] running install_scripts
[3.509s] writing list of installed files to '/home/dcs/Desktop/Lab/Lab1/build/OpenLoop_Obstacle/install.log'
[3.814s] Invoked command in '/home/dcs/Desktop/Lab/Lab1/ros2_ws/src/OpenLoop_Obstacle' returned '0': PYTHONPATH=/home/dcs/Desktop/Lab/Lab1/build/OpenLoop_Obstacle/prefix_override:/home/dcs/Desktop/Lab/Lab1/install/OpenLoop_Obstacle/lib/python3.8/site-packages:${PYTHONPATH} /usr/bin/python3 setup.py egg_info --egg-base ../../../build/OpenLoop_Obstacle build --build-base /home/dcs/Desktop/Lab/Lab1/build/OpenLoop_Obstacle/build install --record /home/dcs/Desktop/Lab/Lab1/build/OpenLoop_Obstacle/install.log --install-scripts $base/lib/OpenLoop_Obstacle --single-version-externally-managed
