[3.100s] Invoking command in '/home/dcs/Desktop/Lab/Lab1/ros2_ws/src/move_square': PYTHONPATH=/home/dcs/Desktop/Lab/Lab1/build/move_square/prefix_override:/home/dcs/Desktop/Lab/Lab1/install/move_square/lib/python3.8/site-packages:${PYTHONPATH} /usr/bin/python3 setup.py egg_info --egg-base ../../../build/move_square build --build-base /home/dcs/Desktop/Lab/Lab1/build/move_square/build install --record /home/dcs/Desktop/Lab/Lab1/build/move_square/install.log --install-scripts $base/lib/move_square --single-version-externally-managed
[3.589s] running egg_info
[3.590s] writing ../../../build/move_square/move_square.egg-info/PKG-INFO
[3.590s] writing dependency_links to ../../../build/move_square/move_square.egg-info/dependency_links.txt
[3.591s] writing entry points to ../../../build/move_square/move_square.egg-info/entry_points.txt
[3.591s] writing requirements to ../../../build/move_square/move_square.egg-info/requires.txt
[3.591s] writing top-level names to ../../../build/move_square/move_square.egg-info/top_level.txt
[3.665s] reading manifest file '../../../build/move_square/move_square.egg-info/SOURCES.txt'
[3.673s] writing manifest file '../../../build/move_square/move_square.egg-info/SOURCES.txt'
[3.673s] running build
[3.674s] running build_py
[3.674s] running install
[3.675s] running install_lib
[3.676s] running install_data
[3.676s] running install_egg_info
[3.678s] removing '/home/dcs/Desktop/Lab/Lab1/install/move_square/lib/python3.8/site-packages/move_square-0.0.0-py3.8.egg-info' (and everything under it)
[3.678s] Copying ../../../build/move_square/move_square.egg-info to /home/dcs/Desktop/Lab/Lab1/install/move_square/lib/python3.8/site-packages/move_square-0.0.0-py3.8.egg-info
[3.679s] running install_scripts
[3.727s] Installing square script to /home/dcs/Desktop/Lab/Lab1/install/move_square/lib/move_square
[3.727s] writing list of installed files to '/home/dcs/Desktop/Lab/Lab1/build/move_square/install.log'
[3.774s] Invoked command in '/home/dcs/Desktop/Lab/Lab1/ros2_ws/src/move_square' returned '0': PYTHONPATH=/home/dcs/Desktop/Lab/Lab1/build/move_square/prefix_override:/home/dcs/Desktop/Lab/Lab1/install/move_square/lib/python3.8/site-packages:${PYTHONPATH} /usr/bin/python3 setup.py egg_info --egg-base ../../../build/move_square build --build-base /home/dcs/Desktop/Lab/Lab1/build/move_square/build install --record /home/dcs/Desktop/Lab/Lab1/build/move_square/install.log --install-scripts $base/lib/move_square --single-version-externally-managed
