[1.631s] Invoking command in '/home/dcs/Desktop/Lab/Lab1/ros2_ws/src/r2': PYTHONPATH=/home/dcs/Desktop/Lab/Lab1/build/r2/prefix_override:/home/dcs/Desktop/Lab/Lab1/install/r2/lib/python3.8/site-packages:${PYTHONPATH} /usr/bin/python3 setup.py egg_info --egg-base ../../../build/r2 build --build-base /home/dcs/Desktop/Lab/Lab1/build/r2/build install --record /home/dcs/Desktop/Lab/Lab1/build/r2/install.log --install-scripts $base/lib/r2 --single-version-externally-managed
[1.802s] running egg_info
[1.802s] writing ../../../build/r2/r2.egg-info/PKG-INFO
[1.806s] writing dependency_links to ../../../build/r2/r2.egg-info/dependency_links.txt
[1.806s] writing entry points to ../../../build/r2/r2.egg-info/entry_points.txt
[1.806s] writing requirements to ../../../build/r2/r2.egg-info/requires.txt
[1.806s] writing top-level names to ../../../build/r2/r2.egg-info/top_level.txt
[1.832s] reading manifest file '../../../build/r2/r2.egg-info/SOURCES.txt'
[1.832s] writing manifest file '../../../build/r2/r2.egg-info/SOURCES.txt'
[1.833s] running build
[1.833s] running build_py
[1.833s] running install
[1.834s] running install_lib
[1.835s] running install_data
[1.835s] running install_egg_info
[1.837s] removing '/home/dcs/Desktop/Lab/Lab1/install/r2/lib/python3.8/site-packages/r2-0.0.0-py3.8.egg-info' (and everything under it)
[1.843s] Copying ../../../build/r2/r2.egg-info to /home/dcs/Desktop/Lab/Lab1/install/r2/lib/python3.8/site-packages/r2-0.0.0-py3.8.egg-info
[1.843s] running install_scripts
[1.858s] Installing prt script to /home/dcs/Desktop/Lab/Lab1/install/r2/lib/r2
[1.858s] Installing pub script to /home/dcs/Desktop/Lab/Lab1/install/r2/lib/r2
[1.858s] Installing sub script to /home/dcs/Desktop/Lab/Lab1/install/r2/lib/r2
[1.858s] writing list of installed files to '/home/dcs/Desktop/Lab/Lab1/build/r2/install.log'
[1.871s] Invoked command in '/home/dcs/Desktop/Lab/Lab1/ros2_ws/src/r2' returned '0': PYTHONPATH=/home/dcs/Desktop/Lab/Lab1/build/r2/prefix_override:/home/dcs/Desktop/Lab/Lab1/install/r2/lib/python3.8/site-packages:${PYTHONPATH} /usr/bin/python3 setup.py egg_info --egg-base ../../../build/r2 build --build-base /home/dcs/Desktop/Lab/Lab1/build/r2/build install --record /home/dcs/Desktop/Lab/Lab1/build/r2/install.log --install-scripts $base/lib/r2 --single-version-externally-managed
