[1.731s] Invoking command in '/home/dcs/Desktop/Lab/Lab1/ros2_ws/src/followWall': PYTHONPATH=/home/dcs/Desktop/Lab/Lab1/build/followWall/prefix_override:/home/dcs/Desktop/Lab/Lab1/install/followWall/lib/python3.8/site-packages:${PYTHONPATH} /usr/bin/python3 setup.py egg_info --egg-base ../../../build/followWall build --build-base /home/dcs/Desktop/Lab/Lab1/build/followWall/build install --record /home/dcs/Desktop/Lab/Lab1/build/followWall/install.log --install-scripts $base/lib/followWall --single-version-externally-managed
[1.991s] running egg_info
[1.991s] creating ../../../build/followWall/followWall.egg-info
[1.991s] writing ../../../build/followWall/followWall.egg-info/PKG-INFO
[1.991s] writing dependency_links to ../../../build/followWall/followWall.egg-info/dependency_links.txt
[1.991s] writing entry points to ../../../build/followWall/followWall.egg-info/entry_points.txt
[1.991s] writing requirements to ../../../build/followWall/followWall.egg-info/requires.txt
[1.991s] writing top-level names to ../../../build/followWall/followWall.egg-info/top_level.txt
[1.991s] writing manifest file '../../../build/followWall/followWall.egg-info/SOURCES.txt'
[2.016s] package init file 'followWall/__init__.py' not found (or not a regular file)
[2.016s] reading manifest file '../../../build/followWall/followWall.egg-info/SOURCES.txt'
[2.018s] writing manifest file '../../../build/followWall/followWall.egg-info/SOURCES.txt'
[2.018s] running build
[2.018s] running build_py
[2.018s] creating /home/dcs/Desktop/Lab/Lab1/build/followWall/build
[2.018s] creating /home/dcs/Desktop/Lab/Lab1/build/followWall/build/lib
[2.018s] creating /home/dcs/Desktop/Lab/Lab1/build/followWall/build/lib/followWall
[2.018s] copying followWall/followWall.py -> /home/dcs/Desktop/Lab/Lab1/build/followWall/build/lib/followWall
[2.018s] running install
[2.018s] running install_lib
[2.018s] creating /home/dcs/Desktop/Lab/Lab1/install/followWall/lib/python3.8/site-packages/followWall
[2.018s] copying /home/dcs/Desktop/Lab/Lab1/build/followWall/build/lib/followWall/followWall.py -> /home/dcs/Desktop/Lab/Lab1/install/followWall/lib/python3.8/site-packages/followWall
[2.019s] byte-compiling /home/dcs/Desktop/Lab/Lab1/install/followWall/lib/python3.8/site-packages/followWall/followWall.py to followWall.cpython-38.pyc
[2.020s] running install_data
[2.020s] creating /home/dcs/Desktop/Lab/Lab1/install/followWall/share/ament_index
[2.020s] creating /home/dcs/Desktop/Lab/Lab1/install/followWall/share/ament_index/resource_index
[2.020s] creating /home/dcs/Desktop/Lab/Lab1/install/followWall/share/ament_index/resource_index/packages
[2.020s] copying resource/followWall -> /home/dcs/Desktop/Lab/Lab1/install/followWall/share/ament_index/resource_index/packages
[2.020s] copying package.xml -> /home/dcs/Desktop/Lab/Lab1/install/followWall/share/followWall
[2.020s] running install_egg_info
[2.022s] Copying ../../../build/followWall/followWall.egg-info to /home/dcs/Desktop/Lab/Lab1/install/followWall/lib/python3.8/site-packages/followWall-0.0.0-py3.8.egg-info
[2.023s] running install_scripts
[2.035s] Installing follow_wall script to /home/dcs/Desktop/Lab/Lab1/install/followWall/lib/followWall
[2.035s] writing list of installed files to '/home/dcs/Desktop/Lab/Lab1/build/followWall/install.log'
[2.404s] Invoked command in '/home/dcs/Desktop/Lab/Lab1/ros2_ws/src/followWall' returned '0': PYTHONPATH=/home/dcs/Desktop/Lab/Lab1/build/followWall/prefix_override:/home/dcs/Desktop/Lab/Lab1/install/followWall/lib/python3.8/site-packages:${PYTHONPATH} /usr/bin/python3 setup.py egg_info --egg-base ../../../build/followWall build --build-base /home/dcs/Desktop/Lab/Lab1/build/followWall/build install --record /home/dcs/Desktop/Lab/Lab1/build/followWall/install.log --install-scripts $base/lib/followWall --single-version-externally-managed
