[2.827s] Invoking command in '/home/dcs/Desktop/Lab/Lab1/ros2_ws/src/laser': PYTHONPATH=/home/dcs/Desktop/Lab/Lab1/build/laser/prefix_override:/home/dcs/Desktop/Lab/Lab1/install/laser/lib/python3.8/site-packages:${PYTHONPATH} /usr/bin/python3 setup.py egg_info --egg-base ../../../build/laser build --build-base /home/dcs/Desktop/Lab/Lab1/build/laser/build install --record /home/dcs/Desktop/Lab/Lab1/build/laser/install.log --install-scripts $base/lib/laser --single-version-externally-managed
[3.209s] running egg_info
[3.210s] writing ../../../build/laser/laser.egg-info/PKG-INFO
[3.211s] writing dependency_links to ../../../build/laser/laser.egg-info/dependency_links.txt
[3.211s] writing entry points to ../../../build/laser/laser.egg-info/entry_points.txt
[3.211s] writing requirements to ../../../build/laser/laser.egg-info/requires.txt
[3.211s] writing top-level names to ../../../build/laser/laser.egg-info/top_level.txt
[3.273s] reading manifest file '../../../build/laser/laser.egg-info/SOURCES.txt'
[3.273s] writing manifest file '../../../build/laser/laser.egg-info/SOURCES.txt'
[3.273s] running build
[3.273s] running build_py
[3.273s] running install
[3.273s] running install_lib
[3.274s] running install_data
[3.276s] running install_egg_info
[3.276s] removing '/home/dcs/Desktop/Lab/Lab1/install/laser/lib/python3.8/site-packages/laser-0.0.0-py3.8.egg-info' (and everything under it)
[3.276s] Copying ../../../build/laser/laser.egg-info to /home/dcs/Desktop/Lab/Lab1/install/laser/lib/python3.8/site-packages/laser-0.0.0-py3.8.egg-info
[3.277s] running install_scripts
[3.293s] Installing laser_node script to /home/dcs/Desktop/Lab/Lab1/install/laser/lib/laser
[3.294s] writing list of installed files to '/home/dcs/Desktop/Lab/Lab1/build/laser/install.log'
[3.405s] Invoked command in '/home/dcs/Desktop/Lab/Lab1/ros2_ws/src/laser' returned '0': PYTHONPATH=/home/dcs/Desktop/Lab/Lab1/build/laser/prefix_override:/home/dcs/Desktop/Lab/Lab1/install/laser/lib/python3.8/site-packages:${PYTHONPATH} /usr/bin/python3 setup.py egg_info --egg-base ../../../build/laser build --build-base /home/dcs/Desktop/Lab/Lab1/build/laser/build install --record /home/dcs/Desktop/Lab/Lab1/build/laser/install.log --install-scripts $base/lib/laser --single-version-externally-managed
