[1.918s] Invoking command in '/home/dcs/Desktop/Lab/Lab1/ros2_ws/src/OpenLoop_Obstacle': PYTHONPATH=/home/dcs/Desktop/Lab/Lab1/build/OpenLoop_Obstacle/prefix_override:/home/dcs/Desktop/Lab/Lab1/install/OpenLoop_Obstacle/lib/python3.8/site-packages:${PYTHONPATH} /usr/bin/python3 setup.py egg_info --egg-base ../../../build/OpenLoop_Obstacle build --build-base /home/dcs/Desktop/Lab/Lab1/build/OpenLoop_Obstacle/build install --record /home/dcs/Desktop/Lab/Lab1/build/OpenLoop_Obstacle/install.log --install-scripts $base/lib/OpenLoop_Obstacle --single-version-externally-managed
[2.170s] running egg_info
[2.170s] writing ../../../build/OpenLoop_Obstacle/OpenLoop_Obstacle.egg-info/PKG-INFO
[2.170s] writing dependency_links to ../../../build/OpenLoop_Obstacle/OpenLoop_Obstacle.egg-info/dependency_links.txt
[2.170s] writing entry points to ../../../build/OpenLoop_Obstacle/OpenLoop_Obstacle.egg-info/entry_points.txt
[2.170s] writing requirements to ../../../build/OpenLoop_Obstacle/OpenLoop_Obstacle.egg-info/requires.txt
[2.170s] writing top-level names to ../../../build/OpenLoop_Obstacle/OpenLoop_Obstacle.egg-info/top_level.txt
[2.193s] reading manifest file '../../../build/OpenLoop_Obstacle/OpenLoop_Obstacle.egg-info/SOURCES.txt'
[2.194s] writing manifest file '../../../build/OpenLoop_Obstacle/OpenLoop_Obstacle.egg-info/SOURCES.txt'
[2.194s] running build
[2.196s] running build_py
[2.196s] running install
[2.196s] running install_lib
[2.196s] running install_data
[2.197s] running install_egg_info
[2.198s] removing '/home/dcs/Desktop/Lab/Lab1/install/OpenLoop_Obstacle/lib/python3.8/site-packages/OpenLoop_Obstacle-0.0.0-py3.8.egg-info' (and everything under it)
[2.198s] Copying ../../../build/OpenLoop_Obstacle/OpenLoop_Obstacle.egg-info to /home/dcs/Desktop/Lab/Lab1/install/OpenLoop_Obstacle/lib/python3.8/site-packages/OpenLoop_Obstacle-0.0.0-py3.8.egg-info
[2.200s] running install_scripts
[2.213s] writing list of installed files to '/home/dcs/Desktop/Lab/Lab1/build/OpenLoop_Obstacle/install.log'
[2.517s] Invoked command in '/home/dcs/Desktop/Lab/Lab1/ros2_ws/src/OpenLoop_Obstacle' returned '0': PYTHONPATH=/home/dcs/Desktop/Lab/Lab1/build/OpenLoop_Obstacle/prefix_override:/home/dcs/Desktop/Lab/Lab1/install/OpenLoop_Obstacle/lib/python3.8/site-packages:${PYTHONPATH} /usr/bin/python3 setup.py egg_info --egg-base ../../../build/OpenLoop_Obstacle build --build-base /home/dcs/Desktop/Lab/Lab1/build/OpenLoop_Obstacle/build install --record /home/dcs/Desktop/Lab/Lab1/build/OpenLoop_Obstacle/install.log --install-scripts $base/lib/OpenLoop_Obstacle --single-version-externally-managed
