[2.959s] Invoking command in '/home/dcs/Desktop/Lab/Lab1/ros2_ws/src/noise': PYTHONPATH=/home/dcs/Desktop/Lab/Lab1/build/noise/prefix_override:/home/dcs/Desktop/Lab/Lab1/install/noise/lib/python3.8/site-packages:${PYTHONPATH} /usr/bin/python3 setup.py egg_info --egg-base ../../../build/noise build --build-base /home/dcs/Desktop/Lab/Lab1/build/noise/build install --record /home/dcs/Desktop/Lab/Lab1/build/noise/install.log --install-scripts $base/lib/noise --single-version-externally-managed
[3.485s] running egg_info
[3.485s] writing ../../../build/noise/noise.egg-info/PKG-INFO
[3.485s] writing dependency_links to ../../../build/noise/noise.egg-info/dependency_links.txt
[3.485s] writing entry points to ../../../build/noise/noise.egg-info/entry_points.txt
[3.485s] writing requirements to ../../../build/noise/noise.egg-info/requires.txt
[3.485s] writing top-level names to ../../../build/noise/noise.egg-info/top_level.txt
[3.545s] reading manifest file '../../../build/noise/noise.egg-info/SOURCES.txt'
[3.547s] writing manifest file '../../../build/noise/noise.egg-info/SOURCES.txt'
[3.547s] running build
[3.547s] running build_py
[3.549s] running install
[3.550s] running install_lib
[3.558s] running install_data
[3.558s] running install_egg_info
[3.563s] removing '/home/dcs/Desktop/Lab/Lab1/install/noise/lib/python3.8/site-packages/noise-0.0.0-py3.8.egg-info' (and everything under it)
[3.563s] Copying ../../../build/noise/noise.egg-info to /home/dcs/Desktop/Lab/Lab1/install/noise/lib/python3.8/site-packages/noise-0.0.0-py3.8.egg-info
[3.570s] running install_scripts
[3.594s] Installing noise script to /home/dcs/Desktop/Lab/Lab1/install/noise/lib/noise
[3.595s] writing list of installed files to '/home/dcs/Desktop/Lab/Lab1/build/noise/install.log'
[3.980s] Invoked command in '/home/dcs/Desktop/Lab/Lab1/ros2_ws/src/noise' returned '0': PYTHONPATH=/home/dcs/Desktop/Lab/Lab1/build/noise/prefix_override:/home/dcs/Desktop/Lab/Lab1/install/noise/lib/python3.8/site-packages:${PYTHONPATH} /usr/bin/python3 setup.py egg_info --egg-base ../../../build/noise build --build-base /home/dcs/Desktop/Lab/Lab1/build/noise/build install --record /home/dcs/Desktop/Lab/Lab1/build/noise/install.log --install-scripts $base/lib/noise --single-version-externally-managed
