running egg_info
creating ../build/package_name/package_name.egg-info
writing ../build/package_name/package_name.egg-info/PKG-INFO
writing dependency_links to ../build/package_name/package_name.egg-info/dependency_links.txt
writing entry points to ../build/package_name/package_name.egg-info/entry_points.txt
writing requirements to ../build/package_name/package_name.egg-info/requires.txt
writing top-level names to ../build/package_name/package_name.egg-info/top_level.txt
writing manifest file '../build/package_name/package_name.egg-info/SOURCES.txt'
reading manifest file '../build/package_name/package_name.egg-info/SOURCES.txt'
writing manifest file '../build/package_name/package_name.egg-info/SOURCES.txt'
running build
running build_py
creating /home/dcs/Desktop/Lab/Lab1/ros2_ws/src/build/package_name/build
creating /home/dcs/Desktop/Lab/Lab1/ros2_ws/src/build/package_name/build/lib
creating /home/dcs/Desktop/Lab/Lab1/ros2_ws/src/build/package_name/build/lib/package_name
copying package_name/__init__.py -> /home/dcs/Desktop/Lab/Lab1/ros2_ws/src/build/package_name/build/lib/package_name
copying package_name/my_node.py -> /home/dcs/Desktop/Lab/Lab1/ros2_ws/src/build/package_name/build/lib/package_name
running install
running install_lib
creating /home/dcs/Desktop/Lab/Lab1/ros2_ws/src/install/package_name/lib/python3.8/site-packages/package_name
copying /home/dcs/Desktop/Lab/Lab1/ros2_ws/src/build/package_name/build/lib/package_name/__init__.py -> /home/dcs/Desktop/Lab/Lab1/ros2_ws/src/install/package_name/lib/python3.8/site-packages/package_name
copying /home/dcs/Desktop/Lab/Lab1/ros2_ws/src/build/package_name/build/lib/package_name/my_node.py -> /home/dcs/Desktop/Lab/Lab1/ros2_ws/src/install/package_name/lib/python3.8/site-packages/package_name
byte-compiling /home/dcs/Desktop/Lab/Lab1/ros2_ws/src/install/package_name/lib/python3.8/site-packages/package_name/__init__.py to __init__.cpython-38.pyc
byte-compiling /home/dcs/Desktop/Lab/Lab1/ros2_ws/src/install/package_name/lib/python3.8/site-packages/package_name/my_node.py to my_node.cpython-38.pyc
running install_data
creating /home/dcs/Desktop/Lab/Lab1/ros2_ws/src/install/package_name/share/ament_index
creating /home/dcs/Desktop/Lab/Lab1/ros2_ws/src/install/package_name/share/ament_index/resource_index
creating /home/dcs/Desktop/Lab/Lab1/ros2_ws/src/install/package_name/share/ament_index/resource_index/packages
copying resource/package_name -> /home/dcs/Desktop/Lab/Lab1/ros2_ws/src/install/package_name/share/ament_index/resource_index/packages
copying package.xml -> /home/dcs/Desktop/Lab/Lab1/ros2_ws/src/install/package_name/share/package_name
running install_egg_info
Copying ../build/package_name/package_name.egg-info to /home/dcs/Desktop/Lab/Lab1/ros2_ws/src/install/package_name/lib/python3.8/site-packages/package_name-0.0.0-py3.8.egg-info
running install_scripts
Installing my_node script to /home/dcs/Desktop/Lab/Lab1/ros2_ws/src/install/package_name/lib/package_name
writing list of installed files to '/home/dcs/Desktop/Lab/Lab1/ros2_ws/src/build/package_name/install.log'
