[2.659s] Invoking command in '/home/dcs/Desktop/Lab/Lab1/ros2_ws/src/package_name': PYTHONPATH=/home/dcs/Desktop/Lab/Lab1/ros2_ws/src/build/package_name/prefix_override:/home/dcs/Desktop/Lab/Lab1/ros2_ws/src/install/package_name/lib/python3.8/site-packages:${PYTHONPATH} /usr/bin/python3 setup.py egg_info --egg-base ../build/package_name build --build-base /home/dcs/Desktop/Lab/Lab1/ros2_ws/src/build/package_name/build install --record /home/dcs/Desktop/Lab/Lab1/ros2_ws/src/build/package_name/install.log --install-scripts $base/lib/package_name --single-version-externally-managed
[3.003s] running egg_info
[3.011s] creating ../build/package_name/package_name.egg-info
[3.011s] writing ../build/package_name/package_name.egg-info/PKG-INFO
[3.011s] writing dependency_links to ../build/package_name/package_name.egg-info/dependency_links.txt
[3.011s] writing entry points to ../build/package_name/package_name.egg-info/entry_points.txt
[3.011s] writing requirements to ../build/package_name/package_name.egg-info/requires.txt
[3.012s] writing top-level names to ../build/package_name/package_name.egg-info/top_level.txt
[3.012s] writing manifest file '../build/package_name/package_name.egg-info/SOURCES.txt'
[3.077s] reading manifest file '../build/package_name/package_name.egg-info/SOURCES.txt'
[3.077s] writing manifest file '../build/package_name/package_name.egg-info/SOURCES.txt'
[3.077s] running build
[3.077s] running build_py
[3.077s] creating /home/dcs/Desktop/Lab/Lab1/ros2_ws/src/build/package_name/build
[3.077s] creating /home/dcs/Desktop/Lab/Lab1/ros2_ws/src/build/package_name/build/lib
[3.078s] creating /home/dcs/Desktop/Lab/Lab1/ros2_ws/src/build/package_name/build/lib/package_name
[3.078s] copying package_name/__init__.py -> /home/dcs/Desktop/Lab/Lab1/ros2_ws/src/build/package_name/build/lib/package_name
[3.078s] copying package_name/my_node.py -> /home/dcs/Desktop/Lab/Lab1/ros2_ws/src/build/package_name/build/lib/package_name
[3.093s] running install
[3.093s] running install_lib
[3.093s] creating /home/dcs/Desktop/Lab/Lab1/ros2_ws/src/install/package_name/lib/python3.8/site-packages/package_name
[3.093s] copying /home/dcs/Desktop/Lab/Lab1/ros2_ws/src/build/package_name/build/lib/package_name/__init__.py -> /home/dcs/Desktop/Lab/Lab1/ros2_ws/src/install/package_name/lib/python3.8/site-packages/package_name
[3.093s] copying /home/dcs/Desktop/Lab/Lab1/ros2_ws/src/build/package_name/build/lib/package_name/my_node.py -> /home/dcs/Desktop/Lab/Lab1/ros2_ws/src/install/package_name/lib/python3.8/site-packages/package_name
[3.094s] byte-compiling /home/dcs/Desktop/Lab/Lab1/ros2_ws/src/install/package_name/lib/python3.8/site-packages/package_name/__init__.py to __init__.cpython-38.pyc
[3.095s] byte-compiling /home/dcs/Desktop/Lab/Lab1/ros2_ws/src/install/package_name/lib/python3.8/site-packages/package_name/my_node.py to my_node.cpython-38.pyc
[3.095s] running install_data
[3.099s] creating /home/dcs/Desktop/Lab/Lab1/ros2_ws/src/install/package_name/share/ament_index
[3.099s] creating /home/dcs/Desktop/Lab/Lab1/ros2_ws/src/install/package_name/share/ament_index/resource_index
[3.099s] creating /home/dcs/Desktop/Lab/Lab1/ros2_ws/src/install/package_name/share/ament_index/resource_index/packages
[3.099s] copying resource/package_name -> /home/dcs/Desktop/Lab/Lab1/ros2_ws/src/install/package_name/share/ament_index/resource_index/packages
[3.100s] copying package.xml -> /home/dcs/Desktop/Lab/Lab1/ros2_ws/src/install/package_name/share/package_name
[3.100s] running install_egg_info
[3.104s] Copying ../build/package_name/package_name.egg-info to /home/dcs/Desktop/Lab/Lab1/ros2_ws/src/install/package_name/lib/python3.8/site-packages/package_name-0.0.0-py3.8.egg-info
[3.115s] running install_scripts
[3.150s] Installing my_node script to /home/dcs/Desktop/Lab/Lab1/ros2_ws/src/install/package_name/lib/package_name
[3.150s] writing list of installed files to '/home/dcs/Desktop/Lab/Lab1/ros2_ws/src/build/package_name/install.log'
[3.361s] Invoked command in '/home/dcs/Desktop/Lab/Lab1/ros2_ws/src/package_name' returned '0': PYTHONPATH=/home/dcs/Desktop/Lab/Lab1/ros2_ws/src/build/package_name/prefix_override:/home/dcs/Desktop/Lab/Lab1/ros2_ws/src/install/package_name/lib/python3.8/site-packages:${PYTHONPATH} /usr/bin/python3 setup.py egg_info --egg-base ../build/package_name build --build-base /home/dcs/Desktop/Lab/Lab1/ros2_ws/src/build/package_name/build install --record /home/dcs/Desktop/Lab/Lab1/ros2_ws/src/build/package_name/install.log --install-scripts $base/lib/package_name --single-version-externally-managed
