[3.069s] Invoking command in '/home/dcs/Desktop/Lab/Lab1/ros2_ws/src/move_turtlebot3': PYTHONPATH=/home/dcs/Desktop/Lab/Lab1/ros2_ws/src/build/move_turtlebot3/prefix_override:/home/dcs/Desktop/Lab/Lab1/ros2_ws/src/install/move_turtlebot3/lib/python3.8/site-packages:${PYTHONPATH} /usr/bin/python3 setup.py egg_info --egg-base ../build/move_turtlebot3 build --build-base /home/dcs/Desktop/Lab/Lab1/ros2_ws/src/build/move_turtlebot3/build install --record /home/dcs/Desktop/Lab/Lab1/ros2_ws/src/build/move_turtlebot3/install.log --install-scripts $base/lib/move_turtlebot3 --single-version-externally-managed
[3.382s] running egg_info
[3.383s] creating ../build/move_turtlebot3/move_turtlebot3.egg-info
[3.383s] writing ../build/move_turtlebot3/move_turtlebot3.egg-info/PKG-INFO
[3.383s] writing dependency_links to ../build/move_turtlebot3/move_turtlebot3.egg-info/dependency_links.txt
[3.383s] writing entry points to ../build/move_turtlebot3/move_turtlebot3.egg-info/entry_points.txt
[3.383s] writing requirements to ../build/move_turtlebot3/move_turtlebot3.egg-info/requires.txt
[3.392s] writing top-level names to ../build/move_turtlebot3/move_turtlebot3.egg-info/top_level.txt
[3.392s] writing manifest file '../build/move_turtlebot3/move_turtlebot3.egg-info/SOURCES.txt'
[3.451s] reading manifest file '../build/move_turtlebot3/move_turtlebot3.egg-info/SOURCES.txt'
[3.451s] writing manifest file '../build/move_turtlebot3/move_turtlebot3.egg-info/SOURCES.txt'
[3.454s] running build
[3.454s] running build_py
[3.454s] creating /home/dcs/Desktop/Lab/Lab1/ros2_ws/src/build/move_turtlebot3/build
[3.454s] creating /home/dcs/Desktop/Lab/Lab1/ros2_ws/src/build/move_turtlebot3/build/lib
[3.454s] creating /home/dcs/Desktop/Lab/Lab1/ros2_ws/src/build/move_turtlebot3/build/lib/move_turtlebot3
[3.454s] copying move_turtlebot3/__init__.py -> /home/dcs/Desktop/Lab/Lab1/ros2_ws/src/build/move_turtlebot3/build/lib/move_turtlebot3
[3.454s] copying move_turtlebot3/trajectory.py -> /home/dcs/Desktop/Lab/Lab1/ros2_ws/src/build/move_turtlebot3/build/lib/move_turtlebot3
[3.455s] running install
[3.455s] running install_lib
[3.455s] creating /home/dcs/Desktop/Lab/Lab1/ros2_ws/src/install/move_turtlebot3/lib/python3.8/site-packages/move_turtlebot3
[3.455s] copying /home/dcs/Desktop/Lab/Lab1/ros2_ws/src/build/move_turtlebot3/build/lib/move_turtlebot3/__init__.py -> /home/dcs/Desktop/Lab/Lab1/ros2_ws/src/install/move_turtlebot3/lib/python3.8/site-packages/move_turtlebot3
[3.455s] copying /home/dcs/Desktop/Lab/Lab1/ros2_ws/src/build/move_turtlebot3/build/lib/move_turtlebot3/trajectory.py -> /home/dcs/Desktop/Lab/Lab1/ros2_ws/src/install/move_turtlebot3/lib/python3.8/site-packages/move_turtlebot3
[3.455s] byte-compiling /home/dcs/Desktop/Lab/Lab1/ros2_ws/src/install/move_turtlebot3/lib/python3.8/site-packages/move_turtlebot3/__init__.py to __init__.cpython-38.pyc
[3.455s] byte-compiling /home/dcs/Desktop/Lab/Lab1/ros2_ws/src/install/move_turtlebot3/lib/python3.8/site-packages/move_turtlebot3/trajectory.py to trajectory.cpython-38.pyc
[3.456s] running install_data
[3.466s] creating /home/dcs/Desktop/Lab/Lab1/ros2_ws/src/install/move_turtlebot3/share/ament_index
[3.466s] creating /home/dcs/Desktop/Lab/Lab1/ros2_ws/src/install/move_turtlebot3/share/ament_index/resource_index
[3.467s] creating /home/dcs/Desktop/Lab/Lab1/ros2_ws/src/install/move_turtlebot3/share/ament_index/resource_index/packages
[3.467s] copying resource/move_turtlebot3 -> /home/dcs/Desktop/Lab/Lab1/ros2_ws/src/install/move_turtlebot3/share/ament_index/resource_index/packages
[3.467s] copying package.xml -> /home/dcs/Desktop/Lab/Lab1/ros2_ws/src/install/move_turtlebot3/share/move_turtlebot3
[3.467s] running install_egg_info
[3.467s] Copying ../build/move_turtlebot3/move_turtlebot3.egg-info to /home/dcs/Desktop/Lab/Lab1/ros2_ws/src/install/move_turtlebot3/lib/python3.8/site-packages/move_turtlebot3-0.0.0-py3.8.egg-info
[3.467s] running install_scripts
[3.494s] Installing traj script to /home/dcs/Desktop/Lab/Lab1/ros2_ws/src/install/move_turtlebot3/lib/move_turtlebot3
[3.495s] writing list of installed files to '/home/dcs/Desktop/Lab/Lab1/ros2_ws/src/build/move_turtlebot3/install.log'
[3.550s] Invoked command in '/home/dcs/Desktop/Lab/Lab1/ros2_ws/src/move_turtlebot3' returned '0': PYTHONPATH=/home/dcs/Desktop/Lab/Lab1/ros2_ws/src/build/move_turtlebot3/prefix_override:/home/dcs/Desktop/Lab/Lab1/ros2_ws/src/install/move_turtlebot3/lib/python3.8/site-packages:${PYTHONPATH} /usr/bin/python3 setup.py egg_info --egg-base ../build/move_turtlebot3 build --build-base /home/dcs/Desktop/Lab/Lab1/ros2_ws/src/build/move_turtlebot3/build install --record /home/dcs/Desktop/Lab/Lab1/ros2_ws/src/build/move_turtlebot3/install.log --install-scripts $base/lib/move_turtlebot3 --single-version-externally-managed
