[2.218s] Invoking command in '/home/dcs/Desktop/Lab/Lab1/ros2_ws/src/laser': PYTHONPATH=/home/dcs/Desktop/Lab/Lab1/build/laser/prefix_override:/home/dcs/Desktop/Lab/Lab1/install/laser/lib/python3.8/site-packages:${PYTHONPATH} /usr/bin/python3 setup.py egg_info --egg-base ../../../build/laser build --build-base /home/dcs/Desktop/Lab/Lab1/build/laser/build install --record /home/dcs/Desktop/Lab/Lab1/build/laser/install.log --install-scripts $base/lib/laser --single-version-externally-managed
[2.454s] running egg_info
[2.455s] writing ../../../build/laser/laser.egg-info/PKG-INFO
[2.464s] writing dependency_links to ../../../build/laser/laser.egg-info/dependency_links.txt
[2.464s] writing entry points to ../../../build/laser/laser.egg-info/entry_points.txt
[2.464s] writing requirements to ../../../build/laser/laser.egg-info/requires.txt
[2.464s] writing top-level names to ../../../build/laser/laser.egg-info/top_level.txt
[2.506s] reading manifest file '../../../build/laser/laser.egg-info/SOURCES.txt'
[2.506s] writing manifest file '../../../build/laser/laser.egg-info/SOURCES.txt'
[2.506s] running build
[2.506s] running build_py
[2.506s] running install
[2.507s] running install_lib
[2.507s] running install_data
[2.508s] running install_egg_info
[2.509s] removing '/home/dcs/Desktop/Lab/Lab1/install/laser/lib/python3.8/site-packages/laser-0.0.0-py3.8.egg-info' (and everything under it)
[2.510s] Copying ../../../build/laser/laser.egg-info to /home/dcs/Desktop/Lab/Lab1/install/laser/lib/python3.8/site-packages/laser-0.0.0-py3.8.egg-info
[2.522s] running install_scripts
[2.537s] Installing laser_node script to /home/dcs/Desktop/Lab/Lab1/install/laser/lib/laser
[2.539s] writing list of installed files to '/home/dcs/Desktop/Lab/Lab1/build/laser/install.log'
[2.730s] Invoked command in '/home/dcs/Desktop/Lab/Lab1/ros2_ws/src/laser' returned '0': PYTHONPATH=/home/dcs/Desktop/Lab/Lab1/build/laser/prefix_override:/home/dcs/Desktop/Lab/Lab1/install/laser/lib/python3.8/site-packages:${PYTHONPATH} /usr/bin/python3 setup.py egg_info --egg-base ../../../build/laser build --build-base /home/dcs/Desktop/Lab/Lab1/build/laser/build install --record /home/dcs/Desktop/Lab/Lab1/build/laser/install.log --install-scripts $base/lib/laser --single-version-externally-managed
