running egg_info
writing ../../../build/turtlebot3/turtlebot3.egg-info/PKG-INFO
writing dependency_links to ../../../build/turtlebot3/turtlebot3.egg-info/dependency_links.txt
writing entry points to ../../../build/turtlebot3/turtlebot3.egg-info/entry_points.txt
writing requirements to ../../../build/turtlebot3/turtlebot3.egg-info/requires.txt
writing top-level names to ../../../build/turtlebot3/turtlebot3.egg-info/top_level.txt
reading manifest file '../../../build/turtlebot3/turtlebot3.egg-info/SOURCES.txt'
writing manifest file '../../../build/turtlebot3/turtlebot3.egg-info/SOURCES.txt'
running build
running build_py
running install
running install_lib
running install_data
running install_egg_info
removing '/home/dcs/Desktop/Lab/Lab1/install/turtlebot3/lib/python3.8/site-packages/turtlebot3-0.0.0-py3.8.egg-info' (and everything under it)
Copying ../../../build/turtlebot3/turtlebot3.egg-info to /home/dcs/Desktop/Lab/Lab1/install/turtlebot3/lib/python3.8/site-packages/turtlebot3-0.0.0-py3.8.egg-info
running install_scripts
Installing bot3 script to /home/dcs/Desktop/Lab/Lab1/install/turtlebot3/lib/turtlebot3
Installing run_10_trials script to /home/dcs/Desktop/Lab/Lab1/install/turtlebot3/lib/turtlebot3
writing list of installed files to '/home/dcs/Desktop/Lab/Lab1/build/turtlebot3/install.log'
