[1.602s] Invoking command in '/home/dcs/Desktop/Lab/Lab1/ros2_ws/src/move_turtlebot3': PYTHONPATH=/home/dcs/Desktop/Lab/Lab1/build/move_turtlebot3/prefix_override:/home/dcs/Desktop/Lab/Lab1/install/move_turtlebot3/lib/python3.8/site-packages:${PYTHONPATH} /usr/bin/python3 setup.py egg_info --egg-base ../../../build/move_turtlebot3 build --build-base /home/dcs/Desktop/Lab/Lab1/build/move_turtlebot3/build install --record /home/dcs/Desktop/Lab/Lab1/build/move_turtlebot3/install.log --install-scripts $base/lib/move_turtlebot3 --single-version-externally-managed
[1.860s] running egg_info
[1.861s] creating ../../../build/move_turtlebot3/move_turtlebot3.egg-info
[1.861s] writing ../../../build/move_turtlebot3/move_turtlebot3.egg-info/PKG-INFO
[1.861s] writing dependency_links to ../../../build/move_turtlebot3/move_turtlebot3.egg-info/dependency_links.txt
[1.862s] writing entry points to ../../../build/move_turtlebot3/move_turtlebot3.egg-info/entry_points.txt
[1.862s] writing requirements to ../../../build/move_turtlebot3/move_turtlebot3.egg-info/requires.txt
[1.862s] writing top-level names to ../../../build/move_turtlebot3/move_turtlebot3.egg-info/top_level.txt
[1.863s] writing manifest file '../../../build/move_turtlebot3/move_turtlebot3.egg-info/SOURCES.txt'
[1.924s] reading manifest file '../../../build/move_turtlebot3/move_turtlebot3.egg-info/SOURCES.txt'
[1.924s] writing manifest file '../../../build/move_turtlebot3/move_turtlebot3.egg-info/SOURCES.txt'
[1.924s] running build
[1.924s] running build_py
[1.924s] creating /home/dcs/Desktop/Lab/Lab1/build/move_turtlebot3/build
[1.924s] creating /home/dcs/Desktop/Lab/Lab1/build/move_turtlebot3/build/lib
[1.924s] creating /home/dcs/Desktop/Lab/Lab1/build/move_turtlebot3/build/lib/move_turtlebot3
[1.924s] copying move_turtlebot3/__init__.py -> /home/dcs/Desktop/Lab/Lab1/build/move_turtlebot3/build/lib/move_turtlebot3
[1.924s] copying move_turtlebot3/trajectory.py -> /home/dcs/Desktop/Lab/Lab1/build/move_turtlebot3/build/lib/move_turtlebot3
[1.924s] running install
[1.924s] running install_lib
[1.924s] creating /home/dcs/Desktop/Lab/Lab1/install/move_turtlebot3/lib/python3.8/site-packages/move_turtlebot3
[1.924s] copying /home/dcs/Desktop/Lab/Lab1/build/move_turtlebot3/build/lib/move_turtlebot3/__init__.py -> /home/dcs/Desktop/Lab/Lab1/install/move_turtlebot3/lib/python3.8/site-packages/move_turtlebot3
[1.924s] copying /home/dcs/Desktop/Lab/Lab1/build/move_turtlebot3/build/lib/move_turtlebot3/trajectory.py -> /home/dcs/Desktop/Lab/Lab1/install/move_turtlebot3/lib/python3.8/site-packages/move_turtlebot3
[1.924s] byte-compiling /home/dcs/Desktop/Lab/Lab1/install/move_turtlebot3/lib/python3.8/site-packages/move_turtlebot3/__init__.py to __init__.cpython-38.pyc
[1.924s] byte-compiling /home/dcs/Desktop/Lab/Lab1/install/move_turtlebot3/lib/python3.8/site-packages/move_turtlebot3/trajectory.py to trajectory.cpython-38.pyc
[1.924s] running install_data
[1.924s] creating /home/dcs/Desktop/Lab/Lab1/install/move_turtlebot3/share/ament_index
[1.936s] creating /home/dcs/Desktop/Lab/Lab1/install/move_turtlebot3/share/ament_index/resource_index
[1.937s] creating /home/dcs/Desktop/Lab/Lab1/install/move_turtlebot3/share/ament_index/resource_index/packages
[1.937s] copying resource/move_turtlebot3 -> /home/dcs/Desktop/Lab/Lab1/install/move_turtlebot3/share/ament_index/resource_index/packages
[1.938s] copying package.xml -> /home/dcs/Desktop/Lab/Lab1/install/move_turtlebot3/share/move_turtlebot3
[1.938s] running install_egg_info
[1.940s] Copying ../../../build/move_turtlebot3/move_turtlebot3.egg-info to /home/dcs/Desktop/Lab/Lab1/install/move_turtlebot3/lib/python3.8/site-packages/move_turtlebot3-0.0.0-py3.8.egg-info
[1.941s] running install_scripts
[1.963s] Installing traj script to /home/dcs/Desktop/Lab/Lab1/install/move_turtlebot3/lib/move_turtlebot3
[1.969s] writing list of installed files to '/home/dcs/Desktop/Lab/Lab1/build/move_turtlebot3/install.log'
[2.049s] Invoked command in '/home/dcs/Desktop/Lab/Lab1/ros2_ws/src/move_turtlebot3' returned '0': PYTHONPATH=/home/dcs/Desktop/Lab/Lab1/build/move_turtlebot3/prefix_override:/home/dcs/Desktop/Lab/Lab1/install/move_turtlebot3/lib/python3.8/site-packages:${PYTHONPATH} /usr/bin/python3 setup.py egg_info --egg-base ../../../build/move_turtlebot3 build --build-base /home/dcs/Desktop/Lab/Lab1/build/move_turtlebot3/build install --record /home/dcs/Desktop/Lab/Lab1/build/move_turtlebot3/install.log --install-scripts $base/lib/move_turtlebot3 --single-version-externally-managed
