[2.062s] Invoking command in '/home/dcs/Desktop/Lab/Lab1/ros2_ws/src/noise': PYTHONPATH=/home/dcs/Desktop/Lab/Lab1/ros2_ws/build/noise/prefix_override:/home/dcs/Desktop/Lab/Lab1/ros2_ws/install/noise/lib/python3.8/site-packages:${PYTHONPATH} /usr/bin/python3 setup.py egg_info --egg-base ../../build/noise build --build-base /home/dcs/Desktop/Lab/Lab1/ros2_ws/build/noise/build install --record /home/dcs/Desktop/Lab/Lab1/ros2_ws/build/noise/install.log --install-scripts $base/lib/noise --single-version-externally-managed
[2.268s] running egg_info
[2.269s] writing ../../build/noise/noise.egg-info/PKG-INFO
[2.270s] writing dependency_links to ../../build/noise/noise.egg-info/dependency_links.txt
[2.270s] writing entry points to ../../build/noise/noise.egg-info/entry_points.txt
[2.271s] writing requirements to ../../build/noise/noise.egg-info/requires.txt
[2.272s] writing top-level names to ../../build/noise/noise.egg-info/top_level.txt
[2.295s] reading manifest file '../../build/noise/noise.egg-info/SOURCES.txt'
[2.296s] writing manifest file '../../build/noise/noise.egg-info/SOURCES.txt'
[2.296s] running build
[2.297s] running build_py
[2.297s] running install
[2.298s] running install_lib
[2.300s] running install_data
[2.300s] running install_egg_info
[2.302s] removing '/home/dcs/Desktop/Lab/Lab1/ros2_ws/install/noise/lib/python3.8/site-packages/noise-0.0.0-py3.8.egg-info' (and everything under it)
[2.310s] Copying ../../build/noise/noise.egg-info to /home/dcs/Desktop/Lab/Lab1/ros2_ws/install/noise/lib/python3.8/site-packages/noise-0.0.0-py3.8.egg-info
[2.315s] running install_scripts
[2.329s] Installing noise script to /home/dcs/Desktop/Lab/Lab1/ros2_ws/install/noise/lib/noise
[2.330s] writing list of installed files to '/home/dcs/Desktop/Lab/Lab1/ros2_ws/build/noise/install.log'
[2.352s] Invoked command in '/home/dcs/Desktop/Lab/Lab1/ros2_ws/src/noise' returned '0': PYTHONPATH=/home/dcs/Desktop/Lab/Lab1/ros2_ws/build/noise/prefix_override:/home/dcs/Desktop/Lab/Lab1/ros2_ws/install/noise/lib/python3.8/site-packages:${PYTHONPATH} /usr/bin/python3 setup.py egg_info --egg-base ../../build/noise build --build-base /home/dcs/Desktop/Lab/Lab1/ros2_ws/build/noise/build install --record /home/dcs/Desktop/Lab/Lab1/ros2_ws/build/noise/install.log --install-scripts $base/lib/noise --single-version-externally-managed
