[1.140s] DEBUG:colcon:Command line arguments: ['/usr/bin/colcon', 'build']
[1.140s] DEBUG:colcon:Parsed command line arguments: Namespace(allow_overriding=[], ament_cmake_args=None, base_paths=['.'], build_base='build', catkin_cmake_args=None, catkin_skip_building_tests=False, cmake_args=None, cmake_clean_cache=False, cmake_clean_first=False, cmake_force_configure=False, cmake_target=None, cmake_target_skip_unavailable=False, continue_on_error=False, event_handlers=None, executor='parallel', ignore_user_meta=False, install_base='install', log_base=None, log_level=None, main=<bound method BuildVerb.main of <colcon_core.verb.build.BuildVerb object at 0x7f78f0743670>>, merge_install=False, metas=['./colcon.meta'], packages_above=None, packages_above_and_dependencies=None, packages_above_depth=None, packages_end=None, packages_ignore=None, packages_ignore_regex=None, packages_select=None, packages_select_build_failed=False, packages_select_by_dep=None, packages_select_regex=None, packages_select_test_failures=False, packages_skip=None, packages_skip_build_finished=False, packages_skip_by_dep=None, packages_skip_regex=None, packages_skip_test_passed=False, packages_skip_up_to=None, packages_start=None, packages_up_to=None, packages_up_to_regex=None, parallel_workers=4, paths=None, symlink_install=False, test_result_base=None, verb_extension=<colcon_core.verb.build.BuildVerb object at 0x7f78f0743670>, verb_name='build', verb_parser=<colcon_defaults.argument_parser.defaults.DefaultArgumentsDecorator object at 0x7f78f094f430>)
[1.191s] Level 1:colcon.colcon_core.package_discovery:discover_packages(colcon_meta) check parameters
[1.191s] Level 1:colcon.colcon_core.package_discovery:discover_packages(recursive) check parameters
[1.191s] Level 1:colcon.colcon_core.package_discovery:discover_packages(ignore) check parameters
[1.191s] Level 1:colcon.colcon_core.package_discovery:discover_packages(path) check parameters
[1.191s] Level 1:colcon.colcon_core.package_discovery:discover_packages(colcon_meta) discover
[1.191s] Level 1:colcon.colcon_core.package_discovery:discover_packages(recursive) discover
[1.191s] INFO:colcon.colcon_core.package_discovery:Crawling recursively for packages in '/home/dcs/Desktop/Lab/Lab1/ros2_ws'
[1.191s] Level 1:colcon.colcon_core.package_identification:_identify(.) by extensions ['ignore', 'ignore_ament_install']
[1.191s] Level 1:colcon.colcon_core.package_identification:_identify(.) by extension 'ignore'
[1.192s] Level 1:colcon.colcon_core.package_identification:_identify(.) by extension 'ignore_ament_install'
[1.192s] Level 1:colcon.colcon_core.package_identification:_identify(.) by extensions ['colcon_pkg']
[1.192s] Level 1:colcon.colcon_core.package_identification:_identify(.) by extension 'colcon_pkg'
[1.192s] Level 1:colcon.colcon_core.package_identification:_identify(.) by extensions ['colcon_meta']
[1.192s] Level 1:colcon.colcon_core.package_identification:_identify(.) by extension 'colcon_meta'
[1.192s] Level 1:colcon.colcon_core.package_identification:_identify(.) by extensions ['ros']
[1.192s] Level 1:colcon.colcon_core.package_identification:_identify(.) by extension 'ros'
[1.199s] Level 1:colcon.colcon_core.package_identification:_identify(.) by extensions ['cmake', 'python']
[1.199s] Level 1:colcon.colcon_core.package_identification:_identify(.) by extension 'cmake'
[1.199s] Level 1:colcon.colcon_core.package_identification:_identify(.) by extension 'python'
[1.199s] Level 1:colcon.colcon_core.package_identification:_identify(.) by extensions ['python_setup_py']
[1.199s] Level 1:colcon.colcon_core.package_identification:_identify(.) by extension 'python_setup_py'
[1.199s] Level 1:colcon.colcon_core.package_identification:_identify(build) by extensions ['ignore', 'ignore_ament_install']
[1.199s] Level 1:colcon.colcon_core.package_identification:_identify(build) by extension 'ignore'
[1.199s] Level 1:colcon.colcon_core.package_identification:_identify(build) ignored
[1.199s] Level 1:colcon.colcon_core.package_identification:_identify(install) by extensions ['ignore', 'ignore_ament_install']
[1.199s] Level 1:colcon.colcon_core.package_identification:_identify(install) by extension 'ignore'
[1.199s] Level 1:colcon.colcon_core.package_identification:_identify(install) ignored
[1.199s] Level 1:colcon.colcon_core.package_identification:_identify(launch) by extensions ['ignore', 'ignore_ament_install']
[1.200s] Level 1:colcon.colcon_core.package_identification:_identify(launch) by extension 'ignore'
[1.200s] Level 1:colcon.colcon_core.package_identification:_identify(launch) by extension 'ignore_ament_install'
[1.200s] Level 1:colcon.colcon_core.package_identification:_identify(launch) by extensions ['colcon_pkg']
[1.200s] Level 1:colcon.colcon_core.package_identification:_identify(launch) by extension 'colcon_pkg'
[1.200s] Level 1:colcon.colcon_core.package_identification:_identify(launch) by extensions ['colcon_meta']
[1.200s] Level 1:colcon.colcon_core.package_identification:_identify(launch) by extension 'colcon_meta'
[1.200s] Level 1:colcon.colcon_core.package_identification:_identify(launch) by extensions ['ros']
[1.200s] Level 1:colcon.colcon_core.package_identification:_identify(launch) by extension 'ros'
[1.200s] Level 1:colcon.colcon_core.package_identification:_identify(launch) by extensions ['cmake', 'python']
[1.200s] Level 1:colcon.colcon_core.package_identification:_identify(launch) by extension 'cmake'
[1.200s] Level 1:colcon.colcon_core.package_identification:_identify(launch) by extension 'python'
[1.200s] Level 1:colcon.colcon_core.package_identification:_identify(launch) by extensions ['python_setup_py']
[1.200s] Level 1:colcon.colcon_core.package_identification:_identify(launch) by extension 'python_setup_py'
[1.200s] Level 1:colcon.colcon_core.package_identification:_identify(launch/__pycache__) by extensions ['ignore', 'ignore_ament_install']
[1.200s] Level 1:colcon.colcon_core.package_identification:_identify(launch/__pycache__) by extension 'ignore'
[1.200s] Level 1:colcon.colcon_core.package_identification:_identify(launch/__pycache__) by extension 'ignore_ament_install'
[1.200s] Level 1:colcon.colcon_core.package_identification:_identify(launch/__pycache__) by extensions ['colcon_pkg']
[1.200s] Level 1:colcon.colcon_core.package_identification:_identify(launch/__pycache__) by extension 'colcon_pkg'
[1.200s] Level 1:colcon.colcon_core.package_identification:_identify(launch/__pycache__) by extensions ['colcon_meta']
[1.200s] Level 1:colcon.colcon_core.package_identification:_identify(launch/__pycache__) by extension 'colcon_meta'
[1.200s] Level 1:colcon.colcon_core.package_identification:_identify(launch/__pycache__) by extensions ['ros']
[1.200s] Level 1:colcon.colcon_core.package_identification:_identify(launch/__pycache__) by extension 'ros'
[1.200s] Level 1:colcon.colcon_core.package_identification:_identify(launch/__pycache__) by extensions ['cmake', 'python']
[1.200s] Level 1:colcon.colcon_core.package_identification:_identify(launch/__pycache__) by extension 'cmake'
[1.200s] Level 1:colcon.colcon_core.package_identification:_identify(launch/__pycache__) by extension 'python'
[1.200s] Level 1:colcon.colcon_core.package_identification:_identify(launch/__pycache__) by extensions ['python_setup_py']
[1.200s] Level 1:colcon.colcon_core.package_identification:_identify(launch/__pycache__) by extension 'python_setup_py'
[1.200s] Level 1:colcon.colcon_core.package_identification:_identify(log) by extensions ['ignore', 'ignore_ament_install']
[1.200s] Level 1:colcon.colcon_core.package_identification:_identify(log) by extension 'ignore'
[1.200s] Level 1:colcon.colcon_core.package_identification:_identify(log) ignored
[1.200s] Level 1:colcon.colcon_core.package_identification:_identify(noise) by extensions ['ignore', 'ignore_ament_install']
[1.200s] Level 1:colcon.colcon_core.package_identification:_identify(noise) by extension 'ignore'
[1.200s] Level 1:colcon.colcon_core.package_identification:_identify(noise) by extension 'ignore_ament_install'
[1.200s] Level 1:colcon.colcon_core.package_identification:_identify(noise) by extensions ['colcon_pkg']
[1.200s] Level 1:colcon.colcon_core.package_identification:_identify(noise) by extension 'colcon_pkg'
[1.200s] Level 1:colcon.colcon_core.package_identification:_identify(noise) by extensions ['colcon_meta']
[1.200s] Level 1:colcon.colcon_core.package_identification:_identify(noise) by extension 'colcon_meta'
[1.200s] Level 1:colcon.colcon_core.package_identification:_identify(noise) by extensions ['ros']
[1.200s] Level 1:colcon.colcon_core.package_identification:_identify(noise) by extension 'ros'
[1.202s] DEBUG:colcon.colcon_core.package_identification:Package 'noise' with type 'ros.ament_python' and name 'noise'
[1.202s] Level 1:colcon.colcon_core.package_identification:_identify(src) by extensions ['ignore', 'ignore_ament_install']
[1.202s] Level 1:colcon.colcon_core.package_identification:_identify(src) by extension 'ignore'
[1.202s] Level 1:colcon.colcon_core.package_identification:_identify(src) by extension 'ignore_ament_install'
[1.202s] Level 1:colcon.colcon_core.package_identification:_identify(src) by extensions ['colcon_pkg']
[1.202s] Level 1:colcon.colcon_core.package_identification:_identify(src) by extension 'colcon_pkg'
[1.202s] Level 1:colcon.colcon_core.package_identification:_identify(src) by extensions ['colcon_meta']
[1.202s] Level 1:colcon.colcon_core.package_identification:_identify(src) by extension 'colcon_meta'
[1.202s] Level 1:colcon.colcon_core.package_identification:_identify(src) by extensions ['ros']
[1.202s] Level 1:colcon.colcon_core.package_identification:_identify(src) by extension 'ros'
[1.202s] Level 1:colcon.colcon_core.package_identification:_identify(src) by extensions ['cmake', 'python']
[1.202s] Level 1:colcon.colcon_core.package_identification:_identify(src) by extension 'cmake'
[1.202s] Level 1:colcon.colcon_core.package_identification:_identify(src) by extension 'python'
[1.202s] Level 1:colcon.colcon_core.package_identification:_identify(src) by extensions ['python_setup_py']
[1.202s] Level 1:colcon.colcon_core.package_identification:_identify(src) by extension 'python_setup_py'
[1.203s] Level 1:colcon.colcon_core.package_identification:_identify(src/move_square) by extensions ['ignore', 'ignore_ament_install']
[1.203s] Level 1:colcon.colcon_core.package_identification:_identify(src/move_square) by extension 'ignore'
[1.203s] Level 1:colcon.colcon_core.package_identification:_identify(src/move_square) by extension 'ignore_ament_install'
[1.203s] Level 1:colcon.colcon_core.package_identification:_identify(src/move_square) by extensions ['colcon_pkg']
[1.203s] Level 1:colcon.colcon_core.package_identification:_identify(src/move_square) by extension 'colcon_pkg'
[1.203s] Level 1:colcon.colcon_core.package_identification:_identify(src/move_square) by extensions ['colcon_meta']
[1.203s] Level 1:colcon.colcon_core.package_identification:_identify(src/move_square) by extension 'colcon_meta'
[1.203s] Level 1:colcon.colcon_core.package_identification:_identify(src/move_square) by extensions ['ros']
[1.203s] Level 1:colcon.colcon_core.package_identification:_identify(src/move_square) by extension 'ros'
[1.203s] DEBUG:colcon.colcon_core.package_identification:Package 'src/move_square' with type 'ros.ament_python' and name 'move_square'
[1.203s] Level 1:colcon.colcon_core.package_identification:_identify(src/move_turtlebot3) by extensions ['ignore', 'ignore_ament_install']
[1.203s] Level 1:colcon.colcon_core.package_identification:_identify(src/move_turtlebot3) by extension 'ignore'
[1.203s] Level 1:colcon.colcon_core.package_identification:_identify(src/move_turtlebot3) by extension 'ignore_ament_install'
[1.203s] Level 1:colcon.colcon_core.package_identification:_identify(src/move_turtlebot3) by extensions ['colcon_pkg']
[1.203s] Level 1:colcon.colcon_core.package_identification:_identify(src/move_turtlebot3) by extension 'colcon_pkg'
[1.203s] Level 1:colcon.colcon_core.package_identification:_identify(src/move_turtlebot3) by extensions ['colcon_meta']
[1.203s] Level 1:colcon.colcon_core.package_identification:_identify(src/move_turtlebot3) by extension 'colcon_meta'
[1.203s] Level 1:colcon.colcon_core.package_identification:_identify(src/move_turtlebot3) by extensions ['ros']
[1.203s] Level 1:colcon.colcon_core.package_identification:_identify(src/move_turtlebot3) by extension 'ros'
[1.204s] DEBUG:colcon.colcon_core.package_identification:Package 'src/move_turtlebot3' with type 'ros.ament_python' and name 'move_turtlebot3'
[1.204s] Level 1:colcon.colcon_core.package_identification:_identify(src/my_py_pkg) by extensions ['ignore', 'ignore_ament_install']
[1.204s] Level 1:colcon.colcon_core.package_identification:_identify(src/my_py_pkg) by extension 'ignore'
[1.204s] Level 1:colcon.colcon_core.package_identification:_identify(src/my_py_pkg) by extension 'ignore_ament_install'
[1.204s] Level 1:colcon.colcon_core.package_identification:_identify(src/my_py_pkg) by extensions ['colcon_pkg']
[1.204s] Level 1:colcon.colcon_core.package_identification:_identify(src/my_py_pkg) by extension 'colcon_pkg'
[1.204s] Level 1:colcon.colcon_core.package_identification:_identify(src/my_py_pkg) by extensions ['colcon_meta']
[1.204s] Level 1:colcon.colcon_core.package_identification:_identify(src/my_py_pkg) by extension 'colcon_meta'
[1.204s] Level 1:colcon.colcon_core.package_identification:_identify(src/my_py_pkg) by extensions ['ros']
[1.204s] Level 1:colcon.colcon_core.package_identification:_identify(src/my_py_pkg) by extension 'ros'
[1.204s] DEBUG:colcon.colcon_core.package_identification:Package 'src/my_py_pkg' with type 'ros.ament_python' and name 'my_py_pkg'
[1.204s] Level 1:colcon.colcon_core.package_identification:_identify(src/package_name) by extensions ['ignore', 'ignore_ament_install']
[1.204s] Level 1:colcon.colcon_core.package_identification:_identify(src/package_name) by extension 'ignore'
[1.204s] Level 1:colcon.colcon_core.package_identification:_identify(src/package_name) by extension 'ignore_ament_install'
[1.204s] Level 1:colcon.colcon_core.package_identification:_identify(src/package_name) by extensions ['colcon_pkg']
[1.204s] Level 1:colcon.colcon_core.package_identification:_identify(src/package_name) by extension 'colcon_pkg'
[1.204s] Level 1:colcon.colcon_core.package_identification:_identify(src/package_name) by extensions ['colcon_meta']
[1.204s] Level 1:colcon.colcon_core.package_identification:_identify(src/package_name) by extension 'colcon_meta'
[1.204s] Level 1:colcon.colcon_core.package_identification:_identify(src/package_name) by extensions ['ros']
[1.204s] Level 1:colcon.colcon_core.package_identification:_identify(src/package_name) by extension 'ros'
[1.205s] DEBUG:colcon.colcon_core.package_identification:Package 'src/package_name' with type 'ros.ament_python' and name 'package_name'
[1.205s] Level 1:colcon.colcon_core.package_identification:_identify(src/r2) by extensions ['ignore', 'ignore_ament_install']
[1.205s] Level 1:colcon.colcon_core.package_identification:_identify(src/r2) by extension 'ignore'
[1.205s] Level 1:colcon.colcon_core.package_identification:_identify(src/r2) by extension 'ignore_ament_install'
[1.205s] Level 1:colcon.colcon_core.package_identification:_identify(src/r2) by extensions ['colcon_pkg']
[1.205s] Level 1:colcon.colcon_core.package_identification:_identify(src/r2) by extension 'colcon_pkg'
[1.205s] Level 1:colcon.colcon_core.package_identification:_identify(src/r2) by extensions ['colcon_meta']
[1.205s] Level 1:colcon.colcon_core.package_identification:_identify(src/r2) by extension 'colcon_meta'
[1.205s] Level 1:colcon.colcon_core.package_identification:_identify(src/r2) by extensions ['ros']
[1.205s] Level 1:colcon.colcon_core.package_identification:_identify(src/r2) by extension 'ros'
[1.205s] DEBUG:colcon.colcon_core.package_identification:Package 'src/r2' with type 'ros.ament_python' and name 'r2'
[1.205s] Level 1:colcon.colcon_core.package_discovery:discover_packages(recursive) using defaults
[1.205s] Level 1:colcon.colcon_core.package_discovery:discover_packages(ignore) discover
[1.205s] Level 1:colcon.colcon_core.package_discovery:discover_packages(ignore) using defaults
[1.205s] Level 1:colcon.colcon_core.package_discovery:discover_packages(path) discover
[1.205s] Level 1:colcon.colcon_core.package_discovery:discover_packages(path) using defaults
[1.317s] Level 1:colcon.colcon_core.package_discovery:discover_packages(prefix_path) check parameters
[1.317s] Level 1:colcon.colcon_core.package_discovery:discover_packages(prefix_path) discover
[1.336s] WARNING:colcon.colcon_core.prefix_path.colcon:The path '/home/dcs/Desktop/Lab/Lab1/ros2_ws/src/install' in the environment variable COLCON_PREFIX_PATH doesn't exist
[1.336s] WARNING:colcon.colcon_core.prefix_path.colcon:The path '/home/dcs/Desktop/Lab/Lab1/install' in the environment variable COLCON_PREFIX_PATH doesn't exist
[1.336s] WARNING:colcon.colcon_ros.prefix_path.ament:The path '/home/dcs/Desktop/Lab/Lab1/ros2_ws/src/install/r2' in the environment variable AMENT_PREFIX_PATH doesn't exist
[1.336s] WARNING:colcon.colcon_ros.prefix_path.ament:The path '/home/dcs/Desktop/Lab/Lab1/ros2_ws/src/install/package_name' in the environment variable AMENT_PREFIX_PATH doesn't exist
[1.336s] WARNING:colcon.colcon_ros.prefix_path.ament:The path '/home/dcs/Desktop/Lab/Lab1/ros2_ws/src/install/my_py_pkg' in the environment variable AMENT_PREFIX_PATH doesn't exist
[1.336s] WARNING:colcon.colcon_ros.prefix_path.ament:The path '/home/dcs/Desktop/Lab/Lab1/ros2_ws/src/install/move_turtlebot3' in the environment variable AMENT_PREFIX_PATH doesn't exist
[1.336s] WARNING:colcon.colcon_ros.prefix_path.ament:The path '/home/dcs/Desktop/Lab/Lab1/install/r2' in the environment variable AMENT_PREFIX_PATH doesn't exist
[1.336s] WARNING:colcon.colcon_ros.prefix_path.ament:The path '/home/dcs/Desktop/Lab/Lab1/install/package_name' in the environment variable AMENT_PREFIX_PATH doesn't exist
[1.336s] WARNING:colcon.colcon_ros.prefix_path.ament:The path '/home/dcs/Desktop/Lab/Lab1/install/my_py_pkg' in the environment variable AMENT_PREFIX_PATH doesn't exist
[1.337s] WARNING:colcon.colcon_ros.prefix_path.ament:The path '/home/dcs/Desktop/Lab/Lab1/install/move_turtlebot3' in the environment variable AMENT_PREFIX_PATH doesn't exist
[1.357s] DEBUG:colcon.colcon_installed_package_information.package_discovery:Found 6 installed packages in /home/dcs/Desktop/Lab/Lab1/ros2_ws/install
[1.377s] DEBUG:colcon.colcon_installed_package_information.package_discovery:Found 373 installed packages in /opt/ros/foxy
[1.379s] Level 1:colcon.colcon_core.package_discovery:discover_packages(prefix_path) using defaults
[1.463s] Level 5:colcon.colcon_core.verb:set package 'move_square' build argument 'cmake_args' from command line to 'None'
[1.463s] Level 5:colcon.colcon_core.verb:set package 'move_square' build argument 'cmake_target' from command line to 'None'
[1.463s] Level 5:colcon.colcon_core.verb:set package 'move_square' build argument 'cmake_target_skip_unavailable' from command line to 'False'
[1.463s] Level 5:colcon.colcon_core.verb:set package 'move_square' build argument 'cmake_clean_cache' from command line to 'False'
[1.463s] Level 5:colcon.colcon_core.verb:set package 'move_square' build argument 'cmake_clean_first' from command line to 'False'
[1.463s] Level 5:colcon.colcon_core.verb:set package 'move_square' build argument 'cmake_force_configure' from command line to 'False'
[1.463s] Level 5:colcon.colcon_core.verb:set package 'move_square' build argument 'ament_cmake_args' from command line to 'None'
[1.464s] Level 5:colcon.colcon_core.verb:set package 'move_square' build argument 'catkin_cmake_args' from command line to 'None'
[1.464s] Level 5:colcon.colcon_core.verb:set package 'move_square' build argument 'catkin_skip_building_tests' from command line to 'False'
[1.464s] DEBUG:colcon.colcon_core.verb:Building package 'move_square' with the following arguments: {'ament_cmake_args': None, 'build_base': '/home/dcs/Desktop/Lab/Lab1/ros2_ws/build/move_square', 'catkin_cmake_args': None, 'catkin_skip_building_tests': False, 'cmake_args': None, 'cmake_clean_cache': False, 'cmake_clean_first': False, 'cmake_force_configure': False, 'cmake_target': None, 'cmake_target_skip_unavailable': False, 'install_base': '/home/dcs/Desktop/Lab/Lab1/ros2_ws/install/move_square', 'merge_install': False, 'path': '/home/dcs/Desktop/Lab/Lab1/ros2_ws/src/move_square', 'symlink_install': False, 'test_result_base': None}
[1.482s] Level 5:colcon.colcon_core.verb:set package 'move_turtlebot3' build argument 'cmake_args' from command line to 'None'
[1.482s] Level 5:colcon.colcon_core.verb:set package 'move_turtlebot3' build argument 'cmake_target' from command line to 'None'
[1.482s] Level 5:colcon.colcon_core.verb:set package 'move_turtlebot3' build argument 'cmake_target_skip_unavailable' from command line to 'False'
[1.482s] Level 5:colcon.colcon_core.verb:set package 'move_turtlebot3' build argument 'cmake_clean_cache' from command line to 'False'
[1.482s] Level 5:colcon.colcon_core.verb:set package 'move_turtlebot3' build argument 'cmake_clean_first' from command line to 'False'
[1.482s] Level 5:colcon.colcon_core.verb:set package 'move_turtlebot3' build argument 'cmake_force_configure' from command line to 'False'
[1.482s] Level 5:colcon.colcon_core.verb:set package 'move_turtlebot3' build argument 'ament_cmake_args' from command line to 'None'
[1.482s] Level 5:colcon.colcon_core.verb:set package 'move_turtlebot3' build argument 'catkin_cmake_args' from command line to 'None'
[1.482s] Level 5:colcon.colcon_core.verb:set package 'move_turtlebot3' build argument 'catkin_skip_building_tests' from command line to 'False'
[1.482s] DEBUG:colcon.colcon_core.verb:Building package 'move_turtlebot3' with the following arguments: {'ament_cmake_args': None, 'build_base': '/home/dcs/Desktop/Lab/Lab1/ros2_ws/build/move_turtlebot3', 'catkin_cmake_args': None, 'catkin_skip_building_tests': False, 'cmake_args': None, 'cmake_clean_cache': False, 'cmake_clean_first': False, 'cmake_force_configure': False, 'cmake_target': None, 'cmake_target_skip_unavailable': False, 'install_base': '/home/dcs/Desktop/Lab/Lab1/ros2_ws/install/move_turtlebot3', 'merge_install': False, 'path': '/home/dcs/Desktop/Lab/Lab1/ros2_ws/src/move_turtlebot3', 'symlink_install': False, 'test_result_base': None}
[1.507s] Level 5:colcon.colcon_core.verb:set package 'my_py_pkg' build argument 'cmake_args' from command line to 'None'
[1.507s] Level 5:colcon.colcon_core.verb:set package 'my_py_pkg' build argument 'cmake_target' from command line to 'None'
[1.507s] Level 5:colcon.colcon_core.verb:set package 'my_py_pkg' build argument 'cmake_target_skip_unavailable' from command line to 'False'
[1.507s] Level 5:colcon.colcon_core.verb:set package 'my_py_pkg' build argument 'cmake_clean_cache' from command line to 'False'
[1.507s] Level 5:colcon.colcon_core.verb:set package 'my_py_pkg' build argument 'cmake_clean_first' from command line to 'False'
[1.507s] Level 5:colcon.colcon_core.verb:set package 'my_py_pkg' build argument 'cmake_force_configure' from command line to 'False'
[1.507s] Level 5:colcon.colcon_core.verb:set package 'my_py_pkg' build argument 'ament_cmake_args' from command line to 'None'
[1.507s] Level 5:colcon.colcon_core.verb:set package 'my_py_pkg' build argument 'catkin_cmake_args' from command line to 'None'
[1.507s] Level 5:colcon.colcon_core.verb:set package 'my_py_pkg' build argument 'catkin_skip_building_tests' from command line to 'False'
[1.507s] DEBUG:colcon.colcon_core.verb:Building package 'my_py_pkg' with the following arguments: {'ament_cmake_args': None, 'build_base': '/home/dcs/Desktop/Lab/Lab1/ros2_ws/build/my_py_pkg', 'catkin_cmake_args': None, 'catkin_skip_building_tests': False, 'cmake_args': None, 'cmake_clean_cache': False, 'cmake_clean_first': False, 'cmake_force_configure': False, 'cmake_target': None, 'cmake_target_skip_unavailable': False, 'install_base': '/home/dcs/Desktop/Lab/Lab1/ros2_ws/install/my_py_pkg', 'merge_install': False, 'path': '/home/dcs/Desktop/Lab/Lab1/ros2_ws/src/my_py_pkg', 'symlink_install': False, 'test_result_base': None}
[1.525s] Level 5:colcon.colcon_core.verb:set package 'noise' build argument 'cmake_args' from command line to 'None'
[1.525s] Level 5:colcon.colcon_core.verb:set package 'noise' build argument 'cmake_target' from command line to 'None'
[1.525s] Level 5:colcon.colcon_core.verb:set package 'noise' build argument 'cmake_target_skip_unavailable' from command line to 'False'
[1.525s] Level 5:colcon.colcon_core.verb:set package 'noise' build argument 'cmake_clean_cache' from command line to 'False'
[1.525s] Level 5:colcon.colcon_core.verb:set package 'noise' build argument 'cmake_clean_first' from command line to 'False'
[1.525s] Level 5:colcon.colcon_core.verb:set package 'noise' build argument 'cmake_force_configure' from command line to 'False'
[1.525s] Level 5:colcon.colcon_core.verb:set package 'noise' build argument 'ament_cmake_args' from command line to 'None'
[1.525s] Level 5:colcon.colcon_core.verb:set package 'noise' build argument 'catkin_cmake_args' from command line to 'None'
[1.525s] Level 5:colcon.colcon_core.verb:set package 'noise' build argument 'catkin_skip_building_tests' from command line to 'False'
[1.525s] DEBUG:colcon.colcon_core.verb:Building package 'noise' with the following arguments: {'ament_cmake_args': None, 'build_base': '/home/dcs/Desktop/Lab/Lab1/ros2_ws/build/noise', 'catkin_cmake_args': None, 'catkin_skip_building_tests': False, 'cmake_args': None, 'cmake_clean_cache': False, 'cmake_clean_first': False, 'cmake_force_configure': False, 'cmake_target': None, 'cmake_target_skip_unavailable': False, 'install_base': '/home/dcs/Desktop/Lab/Lab1/ros2_ws/install/noise', 'merge_install': False, 'path': '/home/dcs/Desktop/Lab/Lab1/ros2_ws/noise', 'symlink_install': False, 'test_result_base': None}
[1.543s] Level 5:colcon.colcon_core.verb:set package 'package_name' build argument 'cmake_args' from command line to 'None'
[1.543s] Level 5:colcon.colcon_core.verb:set package 'package_name' build argument 'cmake_target' from command line to 'None'
[1.543s] Level 5:colcon.colcon_core.verb:set package 'package_name' build argument 'cmake_target_skip_unavailable' from command line to 'False'
[1.543s] Level 5:colcon.colcon_core.verb:set package 'package_name' build argument 'cmake_clean_cache' from command line to 'False'
[1.543s] Level 5:colcon.colcon_core.verb:set package 'package_name' build argument 'cmake_clean_first' from command line to 'False'
[1.543s] Level 5:colcon.colcon_core.verb:set package 'package_name' build argument 'cmake_force_configure' from command line to 'False'
[1.543s] Level 5:colcon.colcon_core.verb:set package 'package_name' build argument 'ament_cmake_args' from command line to 'None'
[1.543s] Level 5:colcon.colcon_core.verb:set package 'package_name' build argument 'catkin_cmake_args' from command line to 'None'
[1.543s] Level 5:colcon.colcon_core.verb:set package 'package_name' build argument 'catkin_skip_building_tests' from command line to 'False'
[1.543s] DEBUG:colcon.colcon_core.verb:Building package 'package_name' with the following arguments: {'ament_cmake_args': None, 'build_base': '/home/dcs/Desktop/Lab/Lab1/ros2_ws/build/package_name', 'catkin_cmake_args': None, 'catkin_skip_building_tests': False, 'cmake_args': None, 'cmake_clean_cache': False, 'cmake_clean_first': False, 'cmake_force_configure': False, 'cmake_target': None, 'cmake_target_skip_unavailable': False, 'install_base': '/home/dcs/Desktop/Lab/Lab1/ros2_ws/install/package_name', 'merge_install': False, 'path': '/home/dcs/Desktop/Lab/Lab1/ros2_ws/src/package_name', 'symlink_install': False, 'test_result_base': None}
[1.561s] Level 5:colcon.colcon_core.verb:set package 'r2' build argument 'cmake_args' from command line to 'None'
[1.561s] Level 5:colcon.colcon_core.verb:set package 'r2' build argument 'cmake_target' from command line to 'None'
[1.561s] Level 5:colcon.colcon_core.verb:set package 'r2' build argument 'cmake_target_skip_unavailable' from command line to 'False'
[1.561s] Level 5:colcon.colcon_core.verb:set package 'r2' build argument 'cmake_clean_cache' from command line to 'False'
[1.561s] Level 5:colcon.colcon_core.verb:set package 'r2' build argument 'cmake_clean_first' from command line to 'False'
[1.561s] Level 5:colcon.colcon_core.verb:set package 'r2' build argument 'cmake_force_configure' from command line to 'False'
[1.561s] Level 5:colcon.colcon_core.verb:set package 'r2' build argument 'ament_cmake_args' from command line to 'None'
[1.561s] Level 5:colcon.colcon_core.verb:set package 'r2' build argument 'catkin_cmake_args' from command line to 'None'
[1.561s] Level 5:colcon.colcon_core.verb:set package 'r2' build argument 'catkin_skip_building_tests' from command line to 'False'
[1.561s] DEBUG:colcon.colcon_core.verb:Building package 'r2' with the following arguments: {'ament_cmake_args': None, 'build_base': '/home/dcs/Desktop/Lab/Lab1/ros2_ws/build/r2', 'catkin_cmake_args': None, 'catkin_skip_building_tests': False, 'cmake_args': None, 'cmake_clean_cache': False, 'cmake_clean_first': False, 'cmake_force_configure': False, 'cmake_target': None, 'cmake_target_skip_unavailable': False, 'install_base': '/home/dcs/Desktop/Lab/Lab1/ros2_ws/install/r2', 'merge_install': False, 'path': '/home/dcs/Desktop/Lab/Lab1/ros2_ws/src/r2', 'symlink_install': False, 'test_result_base': None}
[1.579s] INFO:colcon.colcon_core.executor:Executing jobs using 'parallel' executor
[1.597s] DEBUG:colcon.colcon_parallel_executor.executor.parallel:run_until_complete
[1.598s] INFO:colcon.colcon_ros.task.ament_python.build:Building ROS package in '/home/dcs/Desktop/Lab/Lab1/ros2_ws/src/move_square' with build type 'ament_python'
[1.598s] Level 1:colcon.colcon_core.shell:create_environment_hook('move_square', 'ament_prefix_path')
[1.619s] INFO:colcon.colcon_core.plugin_system:Skipping extension 'colcon_core.shell.bat': Not used on non-Windows systems
[1.619s] INFO:colcon.colcon_core.shell:Creating environment hook '/home/dcs/Desktop/Lab/Lab1/ros2_ws/install/move_square/share/move_square/hook/ament_prefix_path.ps1'
[1.619s] INFO:colcon.colcon_core.shell:Creating environment descriptor '/home/dcs/Desktop/Lab/Lab1/ros2_ws/install/move_square/share/move_square/hook/ament_prefix_path.dsv'
[1.620s] INFO:colcon.colcon_core.shell:Creating environment hook '/home/dcs/Desktop/Lab/Lab1/ros2_ws/install/move_square/share/move_square/hook/ament_prefix_path.sh'
[1.639s] INFO:colcon.colcon_core.shell:Skip shell extension 'powershell' for command environment: Not usable outside of PowerShell
[1.639s] DEBUG:colcon.colcon_core.shell:Skip shell extension 'dsv' for command environment
[1.705s] INFO:colcon.colcon_ros.task.ament_python.build:Building ROS package in '/home/dcs/Desktop/Lab/Lab1/ros2_ws/src/move_turtlebot3' with build type 'ament_python'
[1.705s] Level 1:colcon.colcon_core.shell:create_environment_hook('move_turtlebot3', 'ament_prefix_path')
[1.727s] INFO:colcon.colcon_core.shell:Creating environment hook '/home/dcs/Desktop/Lab/Lab1/ros2_ws/install/move_turtlebot3/share/move_turtlebot3/hook/ament_prefix_path.ps1'
[1.728s] INFO:colcon.colcon_core.shell:Creating environment descriptor '/home/dcs/Desktop/Lab/Lab1/ros2_ws/install/move_turtlebot3/share/move_turtlebot3/hook/ament_prefix_path.dsv'
[1.728s] INFO:colcon.colcon_core.shell:Creating environment hook '/home/dcs/Desktop/Lab/Lab1/ros2_ws/install/move_turtlebot3/share/move_turtlebot3/hook/ament_prefix_path.sh'
[1.746s] INFO:colcon.colcon_core.shell:Skip shell extension 'powershell' for command environment: Not usable outside of PowerShell
[1.747s] DEBUG:colcon.colcon_core.shell:Skip shell extension 'dsv' for command environment
[1.814s] INFO:colcon.colcon_ros.task.ament_python.build:Building ROS package in '/home/dcs/Desktop/Lab/Lab1/ros2_ws/src/my_py_pkg' with build type 'ament_python'
[1.814s] Level 1:colcon.colcon_core.shell:create_environment_hook('my_py_pkg', 'ament_prefix_path')
[1.835s] INFO:colcon.colcon_core.shell:Creating environment hook '/home/dcs/Desktop/Lab/Lab1/ros2_ws/install/my_py_pkg/share/my_py_pkg/hook/ament_prefix_path.ps1'
[1.835s] INFO:colcon.colcon_core.shell:Creating environment descriptor '/home/dcs/Desktop/Lab/Lab1/ros2_ws/install/my_py_pkg/share/my_py_pkg/hook/ament_prefix_path.dsv'
[1.836s] INFO:colcon.colcon_core.shell:Creating environment hook '/home/dcs/Desktop/Lab/Lab1/ros2_ws/install/my_py_pkg/share/my_py_pkg/hook/ament_prefix_path.sh'
[1.855s] INFO:colcon.colcon_core.shell:Skip shell extension 'powershell' for command environment: Not usable outside of PowerShell
[1.855s] DEBUG:colcon.colcon_core.shell:Skip shell extension 'dsv' for command environment
[1.920s] INFO:colcon.colcon_ros.task.ament_python.build:Building ROS package in '/home/dcs/Desktop/Lab/Lab1/ros2_ws/noise' with build type 'ament_python'
[1.920s] Level 1:colcon.colcon_core.shell:create_environment_hook('noise', 'ament_prefix_path')
[1.941s] INFO:colcon.colcon_core.shell:Creating environment hook '/home/dcs/Desktop/Lab/Lab1/ros2_ws/install/noise/share/noise/hook/ament_prefix_path.ps1'
[1.942s] INFO:colcon.colcon_core.shell:Creating environment descriptor '/home/dcs/Desktop/Lab/Lab1/ros2_ws/install/noise/share/noise/hook/ament_prefix_path.dsv'
[1.942s] INFO:colcon.colcon_core.shell:Creating environment hook '/home/dcs/Desktop/Lab/Lab1/ros2_ws/install/noise/share/noise/hook/ament_prefix_path.sh'
[1.961s] INFO:colcon.colcon_core.shell:Skip shell extension 'powershell' for command environment: Not usable outside of PowerShell
[1.961s] DEBUG:colcon.colcon_core.shell:Skip shell extension 'dsv' for command environment
[2.160s] INFO:colcon.colcon_core.task.python.build:Building Python package in '/home/dcs/Desktop/Lab/Lab1/ros2_ws/src/move_square'
[2.181s] INFO:colcon.colcon_core.shell:Skip shell extension 'powershell' for command environment: Not usable outside of PowerShell
[2.181s] DEBUG:colcon.colcon_core.shell:Skip shell extension 'dsv' for command environment
[2.375s] INFO:colcon.colcon_core.task.python.build:Building Python package in '/home/dcs/Desktop/Lab/Lab1/ros2_ws/src/move_turtlebot3'
[2.395s] INFO:colcon.colcon_core.shell:Skip shell extension 'powershell' for command environment: Not usable outside of PowerShell
[2.395s] DEBUG:colcon.colcon_core.shell:Skip shell extension 'dsv' for command environment
[2.591s] INFO:colcon.colcon_core.task.python.build:Building Python package in '/home/dcs/Desktop/Lab/Lab1/ros2_ws/src/my_py_pkg'
[2.610s] INFO:colcon.colcon_core.shell:Skip shell extension 'powershell' for command environment: Not usable outside of PowerShell
[2.610s] DEBUG:colcon.colcon_core.shell:Skip shell extension 'dsv' for command environment
[2.799s] INFO:colcon.colcon_core.task.python.build:Building Python package in '/home/dcs/Desktop/Lab/Lab1/ros2_ws/noise'
[2.819s] INFO:colcon.colcon_core.shell:Skip shell extension 'powershell' for command environment: Not usable outside of PowerShell
[2.819s] DEBUG:colcon.colcon_core.shell:Skip shell extension 'dsv' for command environment
[3.185s] DEBUG:colcon.colcon_core.event_handler.log_command:Invoking command in '/home/dcs/Desktop/Lab/Lab1/ros2_ws/src/my_py_pkg': PYTHONPATH=/home/dcs/Desktop/Lab/Lab1/ros2_ws/build/my_py_pkg/prefix_override:/home/dcs/Desktop/Lab/Lab1/ros2_ws/install/my_py_pkg/lib/python3.8/site-packages:${PYTHONPATH} /usr/bin/python3 setup.py egg_info --egg-base ../../build/my_py_pkg build --build-base /home/dcs/Desktop/Lab/Lab1/ros2_ws/build/my_py_pkg/build install --record /home/dcs/Desktop/Lab/Lab1/ros2_ws/build/my_py_pkg/install.log --install-scripts $base/lib/my_py_pkg --single-version-externally-managed
[3.216s] DEBUG:colcon.colcon_core.event_handler.log_command:Invoking command in '/home/dcs/Desktop/Lab/Lab1/ros2_ws/src/move_turtlebot3': PYTHONPATH=/home/dcs/Desktop/Lab/Lab1/ros2_ws/build/move_turtlebot3/prefix_override:/home/dcs/Desktop/Lab/Lab1/ros2_ws/install/move_turtlebot3/lib/python3.8/site-packages:${PYTHONPATH} /usr/bin/python3 setup.py egg_info --egg-base ../../build/move_turtlebot3 build --build-base /home/dcs/Desktop/Lab/Lab1/ros2_ws/build/move_turtlebot3/build install --record /home/dcs/Desktop/Lab/Lab1/ros2_ws/build/move_turtlebot3/install.log --install-scripts $base/lib/move_turtlebot3 --single-version-externally-managed
[3.292s] DEBUG:colcon.colcon_core.event_handler.log_command:Invoking command in '/home/dcs/Desktop/Lab/Lab1/ros2_ws/src/move_square': PYTHONPATH=/home/dcs/Desktop/Lab/Lab1/ros2_ws/build/move_square/prefix_override:/home/dcs/Desktop/Lab/Lab1/ros2_ws/install/move_square/lib/python3.8/site-packages:${PYTHONPATH} /usr/bin/python3 setup.py egg_info --egg-base ../../build/move_square build --build-base /home/dcs/Desktop/Lab/Lab1/ros2_ws/build/move_square/build install --record /home/dcs/Desktop/Lab/Lab1/ros2_ws/build/move_square/install.log --install-scripts $base/lib/move_square --single-version-externally-managed
[3.336s] DEBUG:colcon.colcon_core.event_handler.log_command:Invoking command in '/home/dcs/Desktop/Lab/Lab1/ros2_ws/noise': PYTHONPATH=/home/dcs/Desktop/Lab/Lab1/ros2_ws/build/noise/prefix_override:/home/dcs/Desktop/Lab/Lab1/ros2_ws/install/noise/lib/python3.8/site-packages:${PYTHONPATH} /usr/bin/python3 setup.py egg_info --egg-base ../build/noise build --build-base /home/dcs/Desktop/Lab/Lab1/ros2_ws/build/noise/build install --record /home/dcs/Desktop/Lab/Lab1/ros2_ws/build/noise/install.log --install-scripts $base/lib/noise --single-version-externally-managed
[3.436s] DEBUG:colcon.colcon_core.event_handler.log_command:Invoked command in '/home/dcs/Desktop/Lab/Lab1/ros2_ws/src/my_py_pkg' returned '0': PYTHONPATH=/home/dcs/Desktop/Lab/Lab1/ros2_ws/build/my_py_pkg/prefix_override:/home/dcs/Desktop/Lab/Lab1/ros2_ws/install/my_py_pkg/lib/python3.8/site-packages:${PYTHONPATH} /usr/bin/python3 setup.py egg_info --egg-base ../../build/my_py_pkg build --build-base /home/dcs/Desktop/Lab/Lab1/ros2_ws/build/my_py_pkg/build install --record /home/dcs/Desktop/Lab/Lab1/ros2_ws/build/my_py_pkg/install.log --install-scripts $base/lib/my_py_pkg --single-version-externally-managed
[3.478s] Level 1:colcon.colcon_core.environment:checking '/home/dcs/Desktop/Lab/Lab1/ros2_ws/install/my_py_pkg' for CMake module files
[3.479s] Level 1:colcon.colcon_core.environment:checking '/home/dcs/Desktop/Lab/Lab1/ros2_ws/install/my_py_pkg' for CMake config files
[3.479s] Level 1:colcon.colcon_core.environment:checking '/home/dcs/Desktop/Lab/Lab1/ros2_ws/install/my_py_pkg/lib'
[3.479s] Level 1:colcon.colcon_core.environment:checking '/home/dcs/Desktop/Lab/Lab1/ros2_ws/install/my_py_pkg/bin'
[3.479s] Level 1:colcon.colcon_core.environment:checking '/home/dcs/Desktop/Lab/Lab1/ros2_ws/install/my_py_pkg/lib/pkgconfig/my_py_pkg.pc'
[3.479s] Level 1:colcon.colcon_core.environment:checking '/home/dcs/Desktop/Lab/Lab1/ros2_ws/install/my_py_pkg/lib/python3.8/site-packages'
[3.479s] Level 1:colcon.colcon_core.shell:create_environment_hook('my_py_pkg', 'pythonpath')
[3.517s] INFO:colcon.colcon_core.shell:Creating environment hook '/home/dcs/Desktop/Lab/Lab1/ros2_ws/install/my_py_pkg/share/my_py_pkg/hook/pythonpath.ps1'
[3.519s] INFO:colcon.colcon_core.shell:Creating environment descriptor '/home/dcs/Desktop/Lab/Lab1/ros2_ws/install/my_py_pkg/share/my_py_pkg/hook/pythonpath.dsv'
[3.519s] INFO:colcon.colcon_core.shell:Creating environment hook '/home/dcs/Desktop/Lab/Lab1/ros2_ws/install/my_py_pkg/share/my_py_pkg/hook/pythonpath.sh'
[3.520s] Level 1:colcon.colcon_core.environment:checking '/home/dcs/Desktop/Lab/Lab1/ros2_ws/install/my_py_pkg/bin'
[3.520s] Level 1:colcon.colcon_core.environment:create_environment_scripts_only(my_py_pkg)
[3.546s] INFO:colcon.colcon_core.shell:Creating package script '/home/dcs/Desktop/Lab/Lab1/ros2_ws/install/my_py_pkg/share/my_py_pkg/package.ps1'
[3.547s] INFO:colcon.colcon_core.shell:Creating package descriptor '/home/dcs/Desktop/Lab/Lab1/ros2_ws/install/my_py_pkg/share/my_py_pkg/package.dsv'
[3.549s] INFO:colcon.colcon_core.shell:Creating package script '/home/dcs/Desktop/Lab/Lab1/ros2_ws/install/my_py_pkg/share/my_py_pkg/package.sh'
[3.550s] INFO:colcon.colcon_core.shell:Creating package script '/home/dcs/Desktop/Lab/Lab1/ros2_ws/install/my_py_pkg/share/my_py_pkg/package.bash'
[3.551s] INFO:colcon.colcon_core.shell:Creating package script '/home/dcs/Desktop/Lab/Lab1/ros2_ws/install/my_py_pkg/share/my_py_pkg/package.zsh'
[3.551s] Level 1:colcon.colcon_core.environment:create_file_with_runtime_dependencies(/home/dcs/Desktop/Lab/Lab1/ros2_ws/install/my_py_pkg/share/colcon-core/packages/my_py_pkg)
[3.552s] INFO:colcon.colcon_ros.task.ament_python.build:Building ROS package in '/home/dcs/Desktop/Lab/Lab1/ros2_ws/src/package_name' with build type 'ament_python'
[3.553s] Level 1:colcon.colcon_core.shell:create_environment_hook('package_name', 'ament_prefix_path')
[3.596s] INFO:colcon.colcon_core.shell:Creating environment hook '/home/dcs/Desktop/Lab/Lab1/ros2_ws/install/package_name/share/package_name/hook/ament_prefix_path.ps1'
[3.596s] INFO:colcon.colcon_core.shell:Creating environment descriptor '/home/dcs/Desktop/Lab/Lab1/ros2_ws/install/package_name/share/package_name/hook/ament_prefix_path.dsv'
[3.597s] INFO:colcon.colcon_core.shell:Creating environment hook '/home/dcs/Desktop/Lab/Lab1/ros2_ws/install/package_name/share/package_name/hook/ament_prefix_path.sh'
[3.618s] INFO:colcon.colcon_core.shell:Skip shell extension 'powershell' for command environment: Not usable outside of PowerShell
[3.619s] DEBUG:colcon.colcon_core.shell:Skip shell extension 'dsv' for command environment
[3.684s] DEBUG:colcon.colcon_core.event_handler.log_command:Invoked command in '/home/dcs/Desktop/Lab/Lab1/ros2_ws/src/move_turtlebot3' returned '0': PYTHONPATH=/home/dcs/Desktop/Lab/Lab1/ros2_ws/build/move_turtlebot3/prefix_override:/home/dcs/Desktop/Lab/Lab1/ros2_ws/install/move_turtlebot3/lib/python3.8/site-packages:${PYTHONPATH} /usr/bin/python3 setup.py egg_info --egg-base ../../build/move_turtlebot3 build --build-base /home/dcs/Desktop/Lab/Lab1/ros2_ws/build/move_turtlebot3/build install --record /home/dcs/Desktop/Lab/Lab1/ros2_ws/build/move_turtlebot3/install.log --install-scripts $base/lib/move_turtlebot3 --single-version-externally-managed
[3.702s] Level 1:colcon.colcon_core.environment:checking '/home/dcs/Desktop/Lab/Lab1/ros2_ws/install/move_turtlebot3' for CMake module files
[3.703s] Level 1:colcon.colcon_core.environment:checking '/home/dcs/Desktop/Lab/Lab1/ros2_ws/install/move_turtlebot3' for CMake config files
[3.703s] Level 1:colcon.colcon_core.environment:checking '/home/dcs/Desktop/Lab/Lab1/ros2_ws/install/move_turtlebot3/lib'
[3.703s] Level 1:colcon.colcon_core.environment:checking '/home/dcs/Desktop/Lab/Lab1/ros2_ws/install/move_turtlebot3/bin'
[3.703s] Level 1:colcon.colcon_core.environment:checking '/home/dcs/Desktop/Lab/Lab1/ros2_ws/install/move_turtlebot3/lib/pkgconfig/move_turtlebot3.pc'
[3.703s] Level 1:colcon.colcon_core.environment:checking '/home/dcs/Desktop/Lab/Lab1/ros2_ws/install/move_turtlebot3/lib/python3.8/site-packages'
[3.703s] Level 1:colcon.colcon_core.shell:create_environment_hook('move_turtlebot3', 'pythonpath')
[3.722s] INFO:colcon.colcon_core.shell:Creating environment hook '/home/dcs/Desktop/Lab/Lab1/ros2_ws/install/move_turtlebot3/share/move_turtlebot3/hook/pythonpath.ps1'
[3.723s] INFO:colcon.colcon_core.shell:Creating environment descriptor '/home/dcs/Desktop/Lab/Lab1/ros2_ws/install/move_turtlebot3/share/move_turtlebot3/hook/pythonpath.dsv'
[3.723s] INFO:colcon.colcon_core.shell:Creating environment hook '/home/dcs/Desktop/Lab/Lab1/ros2_ws/install/move_turtlebot3/share/move_turtlebot3/hook/pythonpath.sh'
[3.723s] Level 1:colcon.colcon_core.environment:checking '/home/dcs/Desktop/Lab/Lab1/ros2_ws/install/move_turtlebot3/bin'
[3.723s] Level 1:colcon.colcon_core.environment:create_environment_scripts_only(move_turtlebot3)
[3.743s] INFO:colcon.colcon_core.shell:Creating package script '/home/dcs/Desktop/Lab/Lab1/ros2_ws/install/move_turtlebot3/share/move_turtlebot3/package.ps1'
[3.743s] INFO:colcon.colcon_core.shell:Creating package descriptor '/home/dcs/Desktop/Lab/Lab1/ros2_ws/install/move_turtlebot3/share/move_turtlebot3/package.dsv'
[3.744s] INFO:colcon.colcon_core.shell:Creating package script '/home/dcs/Desktop/Lab/Lab1/ros2_ws/install/move_turtlebot3/share/move_turtlebot3/package.sh'
[3.744s] INFO:colcon.colcon_core.shell:Creating package script '/home/dcs/Desktop/Lab/Lab1/ros2_ws/install/move_turtlebot3/share/move_turtlebot3/package.bash'
[3.744s] INFO:colcon.colcon_core.shell:Creating package script '/home/dcs/Desktop/Lab/Lab1/ros2_ws/install/move_turtlebot3/share/move_turtlebot3/package.zsh'
[3.744s] Level 1:colcon.colcon_core.environment:create_file_with_runtime_dependencies(/home/dcs/Desktop/Lab/Lab1/ros2_ws/install/move_turtlebot3/share/colcon-core/packages/move_turtlebot3)
[3.745s] INFO:colcon.colcon_ros.task.ament_python.build:Building ROS package in '/home/dcs/Desktop/Lab/Lab1/ros2_ws/src/r2' with build type 'ament_python'
[3.745s] Level 1:colcon.colcon_core.shell:create_environment_hook('r2', 'ament_prefix_path')
[3.766s] INFO:colcon.colcon_core.shell:Creating environment hook '/home/dcs/Desktop/Lab/Lab1/ros2_ws/install/r2/share/r2/hook/ament_prefix_path.ps1'
[3.766s] INFO:colcon.colcon_core.shell:Creating environment descriptor '/home/dcs/Desktop/Lab/Lab1/ros2_ws/install/r2/share/r2/hook/ament_prefix_path.dsv'
[3.766s] INFO:colcon.colcon_core.shell:Creating environment hook '/home/dcs/Desktop/Lab/Lab1/ros2_ws/install/r2/share/r2/hook/ament_prefix_path.sh'
[3.786s] INFO:colcon.colcon_core.shell:Skip shell extension 'powershell' for command environment: Not usable outside of PowerShell
[3.786s] DEBUG:colcon.colcon_core.shell:Skip shell extension 'dsv' for command environment
[3.850s] DEBUG:colcon.colcon_core.event_handler.log_command:Invoked command in '/home/dcs/Desktop/Lab/Lab1/ros2_ws/src/move_square' returned '0': PYTHONPATH=/home/dcs/Desktop/Lab/Lab1/ros2_ws/build/move_square/prefix_override:/home/dcs/Desktop/Lab/Lab1/ros2_ws/install/move_square/lib/python3.8/site-packages:${PYTHONPATH} /usr/bin/python3 setup.py egg_info --egg-base ../../build/move_square build --build-base /home/dcs/Desktop/Lab/Lab1/ros2_ws/build/move_square/build install --record /home/dcs/Desktop/Lab/Lab1/ros2_ws/build/move_square/install.log --install-scripts $base/lib/move_square --single-version-externally-managed
[3.879s] Level 1:colcon.colcon_core.environment:checking '/home/dcs/Desktop/Lab/Lab1/ros2_ws/install/move_square' for CMake module files
[3.879s] Level 1:colcon.colcon_core.environment:checking '/home/dcs/Desktop/Lab/Lab1/ros2_ws/install/move_square' for CMake config files
[3.880s] Level 1:colcon.colcon_core.environment:checking '/home/dcs/Desktop/Lab/Lab1/ros2_ws/install/move_square/lib'
[3.880s] Level 1:colcon.colcon_core.environment:checking '/home/dcs/Desktop/Lab/Lab1/ros2_ws/install/move_square/bin'
[3.880s] Level 1:colcon.colcon_core.environment:checking '/home/dcs/Desktop/Lab/Lab1/ros2_ws/install/move_square/lib/pkgconfig/move_square.pc'
[3.880s] Level 1:colcon.colcon_core.environment:checking '/home/dcs/Desktop/Lab/Lab1/ros2_ws/install/move_square/lib/python3.8/site-packages'
[3.880s] Level 1:colcon.colcon_core.shell:create_environment_hook('move_square', 'pythonpath')
[3.900s] INFO:colcon.colcon_core.shell:Creating environment hook '/home/dcs/Desktop/Lab/Lab1/ros2_ws/install/move_square/share/move_square/hook/pythonpath.ps1'
[3.901s] INFO:colcon.colcon_core.shell:Creating environment descriptor '/home/dcs/Desktop/Lab/Lab1/ros2_ws/install/move_square/share/move_square/hook/pythonpath.dsv'
[3.901s] INFO:colcon.colcon_core.shell:Creating environment hook '/home/dcs/Desktop/Lab/Lab1/ros2_ws/install/move_square/share/move_square/hook/pythonpath.sh'
[3.901s] Level 1:colcon.colcon_core.environment:checking '/home/dcs/Desktop/Lab/Lab1/ros2_ws/install/move_square/bin'
[3.902s] Level 1:colcon.colcon_core.environment:create_environment_scripts_only(move_square)
[3.921s] INFO:colcon.colcon_core.shell:Creating package script '/home/dcs/Desktop/Lab/Lab1/ros2_ws/install/move_square/share/move_square/package.ps1'
[3.922s] INFO:colcon.colcon_core.shell:Creating package descriptor '/home/dcs/Desktop/Lab/Lab1/ros2_ws/install/move_square/share/move_square/package.dsv'
[3.922s] INFO:colcon.colcon_core.shell:Creating package script '/home/dcs/Desktop/Lab/Lab1/ros2_ws/install/move_square/share/move_square/package.sh'
[3.923s] INFO:colcon.colcon_core.shell:Creating package script '/home/dcs/Desktop/Lab/Lab1/ros2_ws/install/move_square/share/move_square/package.bash'
[3.923s] INFO:colcon.colcon_core.shell:Creating package script '/home/dcs/Desktop/Lab/Lab1/ros2_ws/install/move_square/share/move_square/package.zsh'
[3.923s] Level 1:colcon.colcon_core.environment:create_file_with_runtime_dependencies(/home/dcs/Desktop/Lab/Lab1/ros2_ws/install/move_square/share/colcon-core/packages/move_square)
[3.924s] DEBUG:colcon.colcon_core.event_handler.log_command:Invoked command in '/home/dcs/Desktop/Lab/Lab1/ros2_ws/noise' returned '0': PYTHONPATH=/home/dcs/Desktop/Lab/Lab1/ros2_ws/build/noise/prefix_override:/home/dcs/Desktop/Lab/Lab1/ros2_ws/install/noise/lib/python3.8/site-packages:${PYTHONPATH} /usr/bin/python3 setup.py egg_info --egg-base ../build/noise build --build-base /home/dcs/Desktop/Lab/Lab1/ros2_ws/build/noise/build install --record /home/dcs/Desktop/Lab/Lab1/ros2_ws/build/noise/install.log --install-scripts $base/lib/noise --single-version-externally-managed
[3.944s] Level 1:colcon.colcon_core.environment:checking '/home/dcs/Desktop/Lab/Lab1/ros2_ws/install/noise' for CMake module files
[3.944s] Level 1:colcon.colcon_core.environment:checking '/home/dcs/Desktop/Lab/Lab1/ros2_ws/install/noise' for CMake config files
[3.945s] Level 1:colcon.colcon_core.environment:checking '/home/dcs/Desktop/Lab/Lab1/ros2_ws/install/noise/lib'
[3.945s] Level 1:colcon.colcon_core.environment:checking '/home/dcs/Desktop/Lab/Lab1/ros2_ws/install/noise/bin'
[3.945s] Level 1:colcon.colcon_core.environment:checking '/home/dcs/Desktop/Lab/Lab1/ros2_ws/install/noise/lib/pkgconfig/noise.pc'
[3.945s] Level 1:colcon.colcon_core.environment:checking '/home/dcs/Desktop/Lab/Lab1/ros2_ws/install/noise/lib/python3.8/site-packages'
[3.945s] Level 1:colcon.colcon_core.shell:create_environment_hook('noise', 'pythonpath')
[3.964s] INFO:colcon.colcon_core.shell:Creating environment hook '/home/dcs/Desktop/Lab/Lab1/ros2_ws/install/noise/share/noise/hook/pythonpath.ps1'
[3.965s] INFO:colcon.colcon_core.shell:Creating environment descriptor '/home/dcs/Desktop/Lab/Lab1/ros2_ws/install/noise/share/noise/hook/pythonpath.dsv'
[3.965s] INFO:colcon.colcon_core.shell:Creating environment hook '/home/dcs/Desktop/Lab/Lab1/ros2_ws/install/noise/share/noise/hook/pythonpath.sh'
[3.966s] Level 1:colcon.colcon_core.environment:checking '/home/dcs/Desktop/Lab/Lab1/ros2_ws/install/noise/bin'
[3.966s] Level 1:colcon.colcon_core.environment:create_environment_scripts_only(noise)
[3.986s] INFO:colcon.colcon_core.shell:Creating package script '/home/dcs/Desktop/Lab/Lab1/ros2_ws/install/noise/share/noise/package.ps1'
[3.987s] INFO:colcon.colcon_core.shell:Creating package descriptor '/home/dcs/Desktop/Lab/Lab1/ros2_ws/install/noise/share/noise/package.dsv'
[3.987s] INFO:colcon.colcon_core.shell:Creating package script '/home/dcs/Desktop/Lab/Lab1/ros2_ws/install/noise/share/noise/package.sh'
[3.988s] INFO:colcon.colcon_core.shell:Creating package script '/home/dcs/Desktop/Lab/Lab1/ros2_ws/install/noise/share/noise/package.bash'
[3.988s] INFO:colcon.colcon_core.shell:Creating package script '/home/dcs/Desktop/Lab/Lab1/ros2_ws/install/noise/share/noise/package.zsh'
[3.989s] Level 1:colcon.colcon_core.environment:create_file_with_runtime_dependencies(/home/dcs/Desktop/Lab/Lab1/ros2_ws/install/noise/share/colcon-core/packages/noise)
[4.138s] INFO:colcon.colcon_core.task.python.build:Building Python package in '/home/dcs/Desktop/Lab/Lab1/ros2_ws/src/package_name'
[4.158s] INFO:colcon.colcon_core.shell:Skip shell extension 'powershell' for command environment: Not usable outside of PowerShell
[4.158s] DEBUG:colcon.colcon_core.shell:Skip shell extension 'dsv' for command environment
[4.361s] INFO:colcon.colcon_core.task.python.build:Building Python package in '/home/dcs/Desktop/Lab/Lab1/ros2_ws/src/r2'
[4.382s] INFO:colcon.colcon_core.shell:Skip shell extension 'powershell' for command environment: Not usable outside of PowerShell
[4.383s] DEBUG:colcon.colcon_core.shell:Skip shell extension 'dsv' for command environment
[4.712s] DEBUG:colcon.colcon_core.event_handler.log_command:Invoking command in '/home/dcs/Desktop/Lab/Lab1/ros2_ws/src/package_name': PYTHONPATH=/home/dcs/Desktop/Lab/Lab1/ros2_ws/build/package_name/prefix_override:/home/dcs/Desktop/Lab/Lab1/ros2_ws/install/package_name/lib/python3.8/site-packages:${PYTHONPATH} /usr/bin/python3 setup.py egg_info --egg-base ../../build/package_name build --build-base /home/dcs/Desktop/Lab/Lab1/ros2_ws/build/package_name/build install --record /home/dcs/Desktop/Lab/Lab1/ros2_ws/build/package_name/install.log --install-scripts $base/lib/package_name --single-version-externally-managed
[4.732s] DEBUG:colcon.colcon_core.event_handler.log_command:Invoking command in '/home/dcs/Desktop/Lab/Lab1/ros2_ws/src/r2': PYTHONPATH=/home/dcs/Desktop/Lab/Lab1/ros2_ws/build/r2/prefix_override:/home/dcs/Desktop/Lab/Lab1/ros2_ws/install/r2/lib/python3.8/site-packages:${PYTHONPATH} /usr/bin/python3 setup.py egg_info --egg-base ../../build/r2 build --build-base /home/dcs/Desktop/Lab/Lab1/ros2_ws/build/r2/build install --record /home/dcs/Desktop/Lab/Lab1/ros2_ws/build/r2/install.log --install-scripts $base/lib/r2 --single-version-externally-managed
[4.902s] DEBUG:colcon.colcon_core.event_handler.log_command:Invoked command in '/home/dcs/Desktop/Lab/Lab1/ros2_ws/src/package_name' returned '0': PYTHONPATH=/home/dcs/Desktop/Lab/Lab1/ros2_ws/build/package_name/prefix_override:/home/dcs/Desktop/Lab/Lab1/ros2_ws/install/package_name/lib/python3.8/site-packages:${PYTHONPATH} /usr/bin/python3 setup.py egg_info --egg-base ../../build/package_name build --build-base /home/dcs/Desktop/Lab/Lab1/ros2_ws/build/package_name/build install --record /home/dcs/Desktop/Lab/Lab1/ros2_ws/build/package_name/install.log --install-scripts $base/lib/package_name --single-version-externally-managed
[4.916s] Level 1:colcon.colcon_core.environment:checking '/home/dcs/Desktop/Lab/Lab1/ros2_ws/install/package_name' for CMake module files
[4.921s] Level 1:colcon.colcon_core.environment:checking '/home/dcs/Desktop/Lab/Lab1/ros2_ws/install/package_name' for CMake config files
[4.922s] Level 1:colcon.colcon_core.environment:checking '/home/dcs/Desktop/Lab/Lab1/ros2_ws/install/package_name/lib'
[4.922s] Level 1:colcon.colcon_core.environment:checking '/home/dcs/Desktop/Lab/Lab1/ros2_ws/install/package_name/bin'
[4.922s] Level 1:colcon.colcon_core.environment:checking '/home/dcs/Desktop/Lab/Lab1/ros2_ws/install/package_name/lib/pkgconfig/package_name.pc'
[4.922s] Level 1:colcon.colcon_core.environment:checking '/home/dcs/Desktop/Lab/Lab1/ros2_ws/install/package_name/lib/python3.8/site-packages'
[4.922s] Level 1:colcon.colcon_core.shell:create_environment_hook('package_name', 'pythonpath')
[4.941s] INFO:colcon.colcon_core.shell:Creating environment hook '/home/dcs/Desktop/Lab/Lab1/ros2_ws/install/package_name/share/package_name/hook/pythonpath.ps1'
[4.942s] INFO:colcon.colcon_core.shell:Creating environment descriptor '/home/dcs/Desktop/Lab/Lab1/ros2_ws/install/package_name/share/package_name/hook/pythonpath.dsv'
[4.942s] INFO:colcon.colcon_core.shell:Creating environment hook '/home/dcs/Desktop/Lab/Lab1/ros2_ws/install/package_name/share/package_name/hook/pythonpath.sh'
[4.943s] Level 1:colcon.colcon_core.environment:checking '/home/dcs/Desktop/Lab/Lab1/ros2_ws/install/package_name/bin'
[4.943s] Level 1:colcon.colcon_core.environment:create_environment_scripts_only(package_name)
[4.962s] INFO:colcon.colcon_core.shell:Creating package script '/home/dcs/Desktop/Lab/Lab1/ros2_ws/install/package_name/share/package_name/package.ps1'
[4.963s] INFO:colcon.colcon_core.shell:Creating package descriptor '/home/dcs/Desktop/Lab/Lab1/ros2_ws/install/package_name/share/package_name/package.dsv'
[4.964s] INFO:colcon.colcon_core.shell:Creating package script '/home/dcs/Desktop/Lab/Lab1/ros2_ws/install/package_name/share/package_name/package.sh'
[4.964s] INFO:colcon.colcon_core.shell:Creating package script '/home/dcs/Desktop/Lab/Lab1/ros2_ws/install/package_name/share/package_name/package.bash'
[4.965s] INFO:colcon.colcon_core.shell:Creating package script '/home/dcs/Desktop/Lab/Lab1/ros2_ws/install/package_name/share/package_name/package.zsh'
[4.965s] Level 1:colcon.colcon_core.environment:create_file_with_runtime_dependencies(/home/dcs/Desktop/Lab/Lab1/ros2_ws/install/package_name/share/colcon-core/packages/package_name)
[4.967s] DEBUG:colcon.colcon_core.event_handler.log_command:Invoked command in '/home/dcs/Desktop/Lab/Lab1/ros2_ws/src/r2' returned '0': PYTHONPATH=/home/dcs/Desktop/Lab/Lab1/ros2_ws/build/r2/prefix_override:/home/dcs/Desktop/Lab/Lab1/ros2_ws/install/r2/lib/python3.8/site-packages:${PYTHONPATH} /usr/bin/python3 setup.py egg_info --egg-base ../../build/r2 build --build-base /home/dcs/Desktop/Lab/Lab1/ros2_ws/build/r2/build install --record /home/dcs/Desktop/Lab/Lab1/ros2_ws/build/r2/install.log --install-scripts $base/lib/r2 --single-version-externally-managed
[4.986s] Level 1:colcon.colcon_core.environment:checking '/home/dcs/Desktop/Lab/Lab1/ros2_ws/install/r2' for CMake module files
[4.986s] Level 1:colcon.colcon_core.environment:checking '/home/dcs/Desktop/Lab/Lab1/ros2_ws/install/r2' for CMake config files
[4.986s] Level 1:colcon.colcon_core.environment:checking '/home/dcs/Desktop/Lab/Lab1/ros2_ws/install/r2/lib'
[4.987s] Level 1:colcon.colcon_core.environment:checking '/home/dcs/Desktop/Lab/Lab1/ros2_ws/install/r2/bin'
[4.987s] Level 1:colcon.colcon_core.environment:checking '/home/dcs/Desktop/Lab/Lab1/ros2_ws/install/r2/lib/pkgconfig/r2.pc'
[4.987s] Level 1:colcon.colcon_core.environment:checking '/home/dcs/Desktop/Lab/Lab1/ros2_ws/install/r2/lib/python3.8/site-packages'
[4.987s] Level 1:colcon.colcon_core.shell:create_environment_hook('r2', 'pythonpath')
[5.006s] INFO:colcon.colcon_core.shell:Creating environment hook '/home/dcs/Desktop/Lab/Lab1/ros2_ws/install/r2/share/r2/hook/pythonpath.ps1'
[5.007s] INFO:colcon.colcon_core.shell:Creating environment descriptor '/home/dcs/Desktop/Lab/Lab1/ros2_ws/install/r2/share/r2/hook/pythonpath.dsv'
[5.007s] INFO:colcon.colcon_core.shell:Creating environment hook '/home/dcs/Desktop/Lab/Lab1/ros2_ws/install/r2/share/r2/hook/pythonpath.sh'
[5.008s] Level 1:colcon.colcon_core.environment:checking '/home/dcs/Desktop/Lab/Lab1/ros2_ws/install/r2/bin'
[5.008s] Level 1:colcon.colcon_core.environment:create_environment_scripts_only(r2)
[5.028s] INFO:colcon.colcon_core.shell:Creating package script '/home/dcs/Desktop/Lab/Lab1/ros2_ws/install/r2/share/r2/package.ps1'
[5.029s] INFO:colcon.colcon_core.shell:Creating package descriptor '/home/dcs/Desktop/Lab/Lab1/ros2_ws/install/r2/share/r2/package.dsv'
[5.030s] INFO:colcon.colcon_core.shell:Creating package script '/home/dcs/Desktop/Lab/Lab1/ros2_ws/install/r2/share/r2/package.sh'
[5.030s] INFO:colcon.colcon_core.shell:Creating package script '/home/dcs/Desktop/Lab/Lab1/ros2_ws/install/r2/share/r2/package.bash'
[5.030s] INFO:colcon.colcon_core.shell:Creating package script '/home/dcs/Desktop/Lab/Lab1/ros2_ws/install/r2/share/r2/package.zsh'
[5.031s] Level 1:colcon.colcon_core.environment:create_file_with_runtime_dependencies(/home/dcs/Desktop/Lab/Lab1/ros2_ws/install/r2/share/colcon-core/packages/r2)
[5.031s] DEBUG:colcon.colcon_parallel_executor.executor.parallel:closing loop
[5.031s] DEBUG:colcon.colcon_parallel_executor.executor.parallel:loop closed
[5.032s] DEBUG:colcon.colcon_parallel_executor.executor.parallel:run_until_complete finished with '0'
[5.032s] DEBUG:colcon.colcon_core.event_reactor:joining thread
[5.059s] INFO:colcon.colcon_core.plugin_system:Skipping extension 'colcon_notification.desktop_notification.terminal_notifier': Not used on non-Darwin systems
[5.059s] INFO:colcon.colcon_core.plugin_system:Skipping extension 'colcon_notification.desktop_notification.win32': Not used on non-Windows systems
[5.059s] INFO:colcon.colcon_notification.desktop_notification:Sending desktop notification using 'notify2'
[5.070s] DEBUG:colcon.colcon_core.event_reactor:joined thread
[5.089s] INFO:colcon.colcon_core.shell:Creating prefix script '/home/dcs/Desktop/Lab/Lab1/ros2_ws/install/local_setup.ps1'
[5.090s] INFO:colcon.colcon_core.shell:Creating prefix util module '/home/dcs/Desktop/Lab/Lab1/ros2_ws/install/_local_setup_util_ps1.py'
[5.091s] INFO:colcon.colcon_core.shell:Creating prefix chain script '/home/dcs/Desktop/Lab/Lab1/ros2_ws/install/setup.ps1'
[5.111s] INFO:colcon.colcon_core.shell:Creating prefix script '/home/dcs/Desktop/Lab/Lab1/ros2_ws/install/local_setup.sh'
[5.111s] INFO:colcon.colcon_core.shell:Creating prefix util module '/home/dcs/Desktop/Lab/Lab1/ros2_ws/install/_local_setup_util_sh.py'
[5.112s] INFO:colcon.colcon_core.shell:Creating prefix chain script '/home/dcs/Desktop/Lab/Lab1/ros2_ws/install/setup.sh'
[5.133s] INFO:colcon.colcon_core.shell:Creating prefix script '/home/dcs/Desktop/Lab/Lab1/ros2_ws/install/local_setup.bash'
[5.133s] INFO:colcon.colcon_core.shell:Creating prefix chain script '/home/dcs/Desktop/Lab/Lab1/ros2_ws/install/setup.bash'
[5.153s] INFO:colcon.colcon_core.shell:Creating prefix script '/home/dcs/Desktop/Lab/Lab1/ros2_ws/install/local_setup.zsh'
[5.153s] INFO:colcon.colcon_core.shell:Creating prefix chain script '/home/dcs/Desktop/Lab/Lab1/ros2_ws/install/setup.zsh'
