running egg_info
creating ../../../build/laser/laser.egg-info
writing ../../../build/laser/laser.egg-info/PKG-INFO
writing dependency_links to ../../../build/laser/laser.egg-info/dependency_links.txt
writing entry points to ../../../build/laser/laser.egg-info/entry_points.txt
writing requirements to ../../../build/laser/laser.egg-info/requires.txt
writing top-level names to ../../../build/laser/laser.egg-info/top_level.txt
writing manifest file '../../../build/laser/laser.egg-info/SOURCES.txt'
reading manifest file '../../../build/laser/laser.egg-info/SOURCES.txt'
writing manifest file '../../../build/laser/laser.egg-info/SOURCES.txt'
running build
running build_py
creating /home/dcs/Desktop/Lab/Lab1/build/laser/build
creating /home/dcs/Desktop/Lab/Lab1/build/laser/build/lib
creating /home/dcs/Desktop/Lab/Lab1/build/laser/build/lib/laser
copying laser/laser.py -> /home/dcs/Desktop/Lab/Lab1/build/laser/build/lib/laser
copying laser/__init__.py -> /home/dcs/Desktop/Lab/Lab1/build/laser/build/lib/laser
running install
running install_lib
creating /home/dcs/Desktop/Lab/Lab1/install/laser/lib/python3.8/site-packages/laser
copying /home/dcs/Desktop/Lab/Lab1/build/laser/build/lib/laser/laser.py -> /home/dcs/Desktop/Lab/Lab1/install/laser/lib/python3.8/site-packages/laser
copying /home/dcs/Desktop/Lab/Lab1/build/laser/build/lib/laser/__init__.py -> /home/dcs/Desktop/Lab/Lab1/install/laser/lib/python3.8/site-packages/laser
byte-compiling /home/dcs/Desktop/Lab/Lab1/install/laser/lib/python3.8/site-packages/laser/laser.py to laser.cpython-38.pyc
byte-compiling /home/dcs/Desktop/Lab/Lab1/install/laser/lib/python3.8/site-packages/laser/__init__.py to __init__.cpython-38.pyc
running install_data
creating /home/dcs/Desktop/Lab/Lab1/install/laser/share/ament_index
creating /home/dcs/Desktop/Lab/Lab1/install/laser/share/ament_index/resource_index
creating /home/dcs/Desktop/Lab/Lab1/install/laser/share/ament_index/resource_index/packages
copying resource/laser -> /home/dcs/Desktop/Lab/Lab1/install/laser/share/ament_index/resource_index/packages
copying package.xml -> /home/dcs/Desktop/Lab/Lab1/install/laser/share/laser
running install_egg_info
Copying ../../../build/laser/laser.egg-info to /home/dcs/Desktop/Lab/Lab1/install/laser/lib/python3.8/site-packages/laser-0.0.0-py3.8.egg-info
running install_scripts
Installing laser_node script to /home/dcs/Desktop/Lab/Lab1/install/laser/lib/laser
writing list of installed files to '/home/dcs/Desktop/Lab/Lab1/build/laser/install.log'
