[2.652s] Invoking command in '/home/dcs/Desktop/Lab/Lab1/ros2_ws/src/laser': PYTHONPATH=/home/dcs/Desktop/Lab/Lab1/build/laser/prefix_override:/home/dcs/Desktop/Lab/Lab1/install/laser/lib/python3.8/site-packages:${PYTHONPATH} /usr/bin/python3 setup.py egg_info --egg-base ../../../build/laser build --build-base /home/dcs/Desktop/Lab/Lab1/build/laser/build install --record /home/dcs/Desktop/Lab/Lab1/build/laser/install.log --install-scripts $base/lib/laser --single-version-externally-managed
[2.936s] running egg_info
[2.937s] creating ../../../build/laser/laser.egg-info
[2.937s] writing ../../../build/laser/laser.egg-info/PKG-INFO
[2.938s] writing dependency_links to ../../../build/laser/laser.egg-info/dependency_links.txt
[2.938s] writing entry points to ../../../build/laser/laser.egg-info/entry_points.txt
[2.938s] writing requirements to ../../../build/laser/laser.egg-info/requires.txt
[2.938s] writing top-level names to ../../../build/laser/laser.egg-info/top_level.txt
[2.951s] writing manifest file '../../../build/laser/laser.egg-info/SOURCES.txt'
[3.010s] reading manifest file '../../../build/laser/laser.egg-info/SOURCES.txt'
[3.011s] writing manifest file '../../../build/laser/laser.egg-info/SOURCES.txt'
[3.011s] running build
[3.012s] running build_py
[3.012s] creating /home/dcs/Desktop/Lab/Lab1/build/laser/build
[3.012s] creating /home/dcs/Desktop/Lab/Lab1/build/laser/build/lib
[3.012s] creating /home/dcs/Desktop/Lab/Lab1/build/laser/build/lib/laser
[3.012s] copying laser/laser.py -> /home/dcs/Desktop/Lab/Lab1/build/laser/build/lib/laser
[3.013s] copying laser/__init__.py -> /home/dcs/Desktop/Lab/Lab1/build/laser/build/lib/laser
[3.013s] running install
[3.014s] running install_lib
[3.015s] creating /home/dcs/Desktop/Lab/Lab1/install/laser/lib/python3.8/site-packages/laser
[3.015s] copying /home/dcs/Desktop/Lab/Lab1/build/laser/build/lib/laser/laser.py -> /home/dcs/Desktop/Lab/Lab1/install/laser/lib/python3.8/site-packages/laser
[3.016s] copying /home/dcs/Desktop/Lab/Lab1/build/laser/build/lib/laser/__init__.py -> /home/dcs/Desktop/Lab/Lab1/install/laser/lib/python3.8/site-packages/laser
[3.016s] byte-compiling /home/dcs/Desktop/Lab/Lab1/install/laser/lib/python3.8/site-packages/laser/laser.py to laser.cpython-38.pyc
[3.017s] byte-compiling /home/dcs/Desktop/Lab/Lab1/install/laser/lib/python3.8/site-packages/laser/__init__.py to __init__.cpython-38.pyc
[3.018s] running install_data
[3.018s] creating /home/dcs/Desktop/Lab/Lab1/install/laser/share/ament_index
[3.019s] creating /home/dcs/Desktop/Lab/Lab1/install/laser/share/ament_index/resource_index
[3.019s] creating /home/dcs/Desktop/Lab/Lab1/install/laser/share/ament_index/resource_index/packages
[3.019s] copying resource/laser -> /home/dcs/Desktop/Lab/Lab1/install/laser/share/ament_index/resource_index/packages
[3.019s] copying package.xml -> /home/dcs/Desktop/Lab/Lab1/install/laser/share/laser
[3.019s] running install_egg_info
[3.023s]   File "/home/dcs/Desktop/Lab/Lab1/install/laser/lib/python3.8/site-packages/laser/laser.py", line 37
[3.023s]     self.scan_callback,
[3.023s]     ^
[3.023s] SyntaxError: invalid syntax
[3.023s] 
[3.023s] Copying ../../../build/laser/laser.egg-info to /home/dcs/Desktop/Lab/Lab1/install/laser/lib/python3.8/site-packages/laser-0.0.0-py3.8.egg-info
[3.025s] running install_scripts
[3.058s] Installing laser_node script to /home/dcs/Desktop/Lab/Lab1/install/laser/lib/laser
[3.059s] writing list of installed files to '/home/dcs/Desktop/Lab/Lab1/build/laser/install.log'
[3.115s] Invoked command in '/home/dcs/Desktop/Lab/Lab1/ros2_ws/src/laser' returned '0': PYTHONPATH=/home/dcs/Desktop/Lab/Lab1/build/laser/prefix_override:/home/dcs/Desktop/Lab/Lab1/install/laser/lib/python3.8/site-packages:${PYTHONPATH} /usr/bin/python3 setup.py egg_info --egg-base ../../../build/laser build --build-base /home/dcs/Desktop/Lab/Lab1/build/laser/build install --record /home/dcs/Desktop/Lab/Lab1/build/laser/install.log --install-scripts $base/lib/laser --single-version-externally-managed
