[1.968s] Invoking command in '/home/dcs/Desktop/Lab/Lab1/ros2_ws/src/ClosedLoop_Obstacle': PYTHONPATH=/home/dcs/Desktop/Lab/Lab1/build/ClosedLoop_Obstacle/prefix_override:/home/dcs/Desktop/Lab/Lab1/install/ClosedLoop_Obstacle/lib/python3.8/site-packages:${PYTHONPATH} /usr/bin/python3 setup.py egg_info --egg-base ../../../build/ClosedLoop_Obstacle build --build-base /home/dcs/Desktop/Lab/Lab1/build/ClosedLoop_Obstacle/build install --record /home/dcs/Desktop/Lab/Lab1/build/ClosedLoop_Obstacle/install.log --install-scripts $base/lib/ClosedLoop_Obstacle --single-version-externally-managed
[2.184s] running egg_info
[2.184s] writing ../../../build/ClosedLoop_Obstacle/ClosedLoop_Obstacle.egg-info/PKG-INFO
[2.185s] writing dependency_links to ../../../build/ClosedLoop_Obstacle/ClosedLoop_Obstacle.egg-info/dependency_links.txt
[2.185s] writing entry points to ../../../build/ClosedLoop_Obstacle/ClosedLoop_Obstacle.egg-info/entry_points.txt
[2.185s] writing requirements to ../../../build/ClosedLoop_Obstacle/ClosedLoop_Obstacle.egg-info/requires.txt
[2.186s] writing top-level names to ../../../build/ClosedLoop_Obstacle/ClosedLoop_Obstacle.egg-info/top_level.txt
[2.210s] reading manifest file '../../../build/ClosedLoop_Obstacle/ClosedLoop_Obstacle.egg-info/SOURCES.txt'
[2.211s] writing manifest file '../../../build/ClosedLoop_Obstacle/ClosedLoop_Obstacle.egg-info/SOURCES.txt'
[2.211s] running build
[2.211s] running build_py
[2.211s] running install
[2.212s] running install_lib
[2.215s] running install_data
[2.215s] running install_egg_info
[2.217s] removing '/home/dcs/Desktop/Lab/Lab1/install/ClosedLoop_Obstacle/lib/python3.8/site-packages/ClosedLoop_Obstacle-0.0.0-py3.8.egg-info' (and everything under it)
[2.217s] Copying ../../../build/ClosedLoop_Obstacle/ClosedLoop_Obstacle.egg-info to /home/dcs/Desktop/Lab/Lab1/install/ClosedLoop_Obstacle/lib/python3.8/site-packages/ClosedLoop_Obstacle-0.0.0-py3.8.egg-info
[2.218s] running install_scripts
[2.231s] Installing ClosedLoop script to /home/dcs/Desktop/Lab/Lab1/install/ClosedLoop_Obstacle/lib/ClosedLoop_Obstacle
[2.231s] writing list of installed files to '/home/dcs/Desktop/Lab/Lab1/build/ClosedLoop_Obstacle/install.log'
[2.250s] Invoked command in '/home/dcs/Desktop/Lab/Lab1/ros2_ws/src/ClosedLoop_Obstacle' returned '0': PYTHONPATH=/home/dcs/Desktop/Lab/Lab1/build/ClosedLoop_Obstacle/prefix_override:/home/dcs/Desktop/Lab/Lab1/install/ClosedLoop_Obstacle/lib/python3.8/site-packages:${PYTHONPATH} /usr/bin/python3 setup.py egg_info --egg-base ../../../build/ClosedLoop_Obstacle build --build-base /home/dcs/Desktop/Lab/Lab1/build/ClosedLoop_Obstacle/build install --record /home/dcs/Desktop/Lab/Lab1/build/ClosedLoop_Obstacle/install.log --install-scripts $base/lib/ClosedLoop_Obstacle --single-version-externally-managed
