[1.770s] Invoking command in '/home/dcs/Desktop/Lab/Lab1/ros2_ws/src/package_name': PYTHONPATH=/home/dcs/Desktop/Lab/Lab1/build/package_name/prefix_override:/home/dcs/Desktop/Lab/Lab1/install/package_name/lib/python3.8/site-packages:${PYTHONPATH} /usr/bin/python3 setup.py egg_info --egg-base ../../../build/package_name build --build-base /home/dcs/Desktop/Lab/Lab1/build/package_name/build install --record /home/dcs/Desktop/Lab/Lab1/build/package_name/install.log --install-scripts $base/lib/package_name --single-version-externally-managed
[1.948s] running egg_info
[1.948s] writing ../../../build/package_name/package_name.egg-info/PKG-INFO
[1.949s] writing dependency_links to ../../../build/package_name/package_name.egg-info/dependency_links.txt
[1.949s] writing entry points to ../../../build/package_name/package_name.egg-info/entry_points.txt
[1.950s] writing requirements to ../../../build/package_name/package_name.egg-info/requires.txt
[1.950s] writing top-level names to ../../../build/package_name/package_name.egg-info/top_level.txt
[1.975s] reading manifest file '../../../build/package_name/package_name.egg-info/SOURCES.txt'
[1.976s] writing manifest file '../../../build/package_name/package_name.egg-info/SOURCES.txt'
[1.977s] running build
[1.977s] running build_py
[1.977s] running install
[1.978s] running install_lib
[1.979s] running install_data
[1.979s] running install_egg_info
[1.981s] removing '/home/dcs/Desktop/Lab/Lab1/install/package_name/lib/python3.8/site-packages/package_name-0.0.0-py3.8.egg-info' (and everything under it)
[1.981s] Copying ../../../build/package_name/package_name.egg-info to /home/dcs/Desktop/Lab/Lab1/install/package_name/lib/python3.8/site-packages/package_name-0.0.0-py3.8.egg-info
[1.982s] running install_scripts
[1.995s] Installing my_node script to /home/dcs/Desktop/Lab/Lab1/install/package_name/lib/package_name
[1.995s] writing list of installed files to '/home/dcs/Desktop/Lab/Lab1/build/package_name/install.log'
[2.017s] Invoked command in '/home/dcs/Desktop/Lab/Lab1/ros2_ws/src/package_name' returned '0': PYTHONPATH=/home/dcs/Desktop/Lab/Lab1/build/package_name/prefix_override:/home/dcs/Desktop/Lab/Lab1/install/package_name/lib/python3.8/site-packages:${PYTHONPATH} /usr/bin/python3 setup.py egg_info --egg-base ../../../build/package_name build --build-base /home/dcs/Desktop/Lab/Lab1/build/package_name/build install --record /home/dcs/Desktop/Lab/Lab1/build/package_name/install.log --install-scripts $base/lib/package_name --single-version-externally-managed
