[2.461s] Invoking command in '/home/dcs/Desktop/Lab/Lab1/ros2_ws/src/package_name': PYTHONPATH=/home/dcs/Desktop/Lab/Lab1/build/package_name/prefix_override:/home/dcs/Desktop/Lab/Lab1/install/package_name/lib/python3.8/site-packages:${PYTHONPATH} /usr/bin/python3 setup.py egg_info --egg-base ../../../build/package_name build --build-base /home/dcs/Desktop/Lab/Lab1/build/package_name/build install --record /home/dcs/Desktop/Lab/Lab1/build/package_name/install.log --install-scripts $base/lib/package_name --single-version-externally-managed
[2.797s] running egg_info
[2.797s] creating ../../../build/package_name/package_name.egg-info
[2.797s] writing ../../../build/package_name/package_name.egg-info/PKG-INFO
[2.797s] writing dependency_links to ../../../build/package_name/package_name.egg-info/dependency_links.txt
[2.798s] writing entry points to ../../../build/package_name/package_name.egg-info/entry_points.txt
[2.798s] writing requirements to ../../../build/package_name/package_name.egg-info/requires.txt
[2.798s] writing top-level names to ../../../build/package_name/package_name.egg-info/top_level.txt
[2.800s] writing manifest file '../../../build/package_name/package_name.egg-info/SOURCES.txt'
[2.843s] reading manifest file '../../../build/package_name/package_name.egg-info/SOURCES.txt'
[2.844s] writing manifest file '../../../build/package_name/package_name.egg-info/SOURCES.txt'
[2.844s] running build
[2.844s] running build_py
[2.844s] creating /home/dcs/Desktop/Lab/Lab1/build/package_name/build
[2.845s] creating /home/dcs/Desktop/Lab/Lab1/build/package_name/build/lib
[2.845s] creating /home/dcs/Desktop/Lab/Lab1/build/package_name/build/lib/package_name
[2.845s] copying package_name/__init__.py -> /home/dcs/Desktop/Lab/Lab1/build/package_name/build/lib/package_name
[2.846s] copying package_name/my_node.py -> /home/dcs/Desktop/Lab/Lab1/build/package_name/build/lib/package_name
[2.847s] running install
[2.848s] running install_lib
[2.849s] creating /home/dcs/Desktop/Lab/Lab1/install/package_name/lib/python3.8/site-packages/package_name
[2.850s] copying /home/dcs/Desktop/Lab/Lab1/build/package_name/build/lib/package_name/__init__.py -> /home/dcs/Desktop/Lab/Lab1/install/package_name/lib/python3.8/site-packages/package_name
[2.850s] copying /home/dcs/Desktop/Lab/Lab1/build/package_name/build/lib/package_name/my_node.py -> /home/dcs/Desktop/Lab/Lab1/install/package_name/lib/python3.8/site-packages/package_name
[2.851s] byte-compiling /home/dcs/Desktop/Lab/Lab1/install/package_name/lib/python3.8/site-packages/package_name/__init__.py to __init__.cpython-38.pyc
[2.852s] byte-compiling /home/dcs/Desktop/Lab/Lab1/install/package_name/lib/python3.8/site-packages/package_name/my_node.py to my_node.cpython-38.pyc
[2.853s] running install_data
[2.854s] creating /home/dcs/Desktop/Lab/Lab1/install/package_name/share/ament_index
[2.855s] creating /home/dcs/Desktop/Lab/Lab1/install/package_name/share/ament_index/resource_index
[2.855s] creating /home/dcs/Desktop/Lab/Lab1/install/package_name/share/ament_index/resource_index/packages
[2.855s] copying resource/package_name -> /home/dcs/Desktop/Lab/Lab1/install/package_name/share/ament_index/resource_index/packages
[2.856s] copying package.xml -> /home/dcs/Desktop/Lab/Lab1/install/package_name/share/package_name
[2.856s] running install_egg_info
[2.859s] Copying ../../../build/package_name/package_name.egg-info to /home/dcs/Desktop/Lab/Lab1/install/package_name/lib/python3.8/site-packages/package_name-0.0.0-py3.8.egg-info
[2.861s] running install_scripts
[2.886s] Installing my_node script to /home/dcs/Desktop/Lab/Lab1/install/package_name/lib/package_name
[2.886s] writing list of installed files to '/home/dcs/Desktop/Lab/Lab1/build/package_name/install.log'
[3.359s] Invoked command in '/home/dcs/Desktop/Lab/Lab1/ros2_ws/src/package_name' returned '0': PYTHONPATH=/home/dcs/Desktop/Lab/Lab1/build/package_name/prefix_override:/home/dcs/Desktop/Lab/Lab1/install/package_name/lib/python3.8/site-packages:${PYTHONPATH} /usr/bin/python3 setup.py egg_info --egg-base ../../../build/package_name build --build-base /home/dcs/Desktop/Lab/Lab1/build/package_name/build install --record /home/dcs/Desktop/Lab/Lab1/build/package_name/install.log --install-scripts $base/lib/package_name --single-version-externally-managed
