[3.045s] Invoking command in '/home/dcs/Desktop/Lab/Lab1/ros2_ws/src/controller': PYTHONPATH=/home/dcs/Desktop/Lab/Lab1/build/controller/prefix_override:/home/dcs/Desktop/Lab/Lab1/install/controller/lib/python3.8/site-packages:${PYTHONPATH} /usr/bin/python3 setup.py egg_info --egg-base ../../../build/controller build --build-base /home/dcs/Desktop/Lab/Lab1/build/controller/build install --record /home/dcs/Desktop/Lab/Lab1/build/controller/install.log --install-scripts $base/lib/controller --single-version-externally-managed
[3.338s] running egg_info
[3.341s] writing ../../../build/controller/controller.egg-info/PKG-INFO
[3.342s] writing dependency_links to ../../../build/controller/controller.egg-info/dependency_links.txt
[3.342s] writing entry points to ../../../build/controller/controller.egg-info/entry_points.txt
[3.342s] writing requirements to ../../../build/controller/controller.egg-info/requires.txt
[3.343s] writing top-level names to ../../../build/controller/controller.egg-info/top_level.txt
[3.375s] reading manifest file '../../../build/controller/controller.egg-info/SOURCES.txt'
[3.376s] writing manifest file '../../../build/controller/controller.egg-info/SOURCES.txt'
[3.377s] running build
[3.377s] running build_py
[3.377s] running install
[3.378s] running install_lib
[3.380s] running install_data
[3.380s] running install_egg_info
[3.382s] removing '/home/dcs/Desktop/Lab/Lab1/install/controller/lib/python3.8/site-packages/controller-0.0.0-py3.8.egg-info' (and everything under it)
[3.383s] Copying ../../../build/controller/controller.egg-info to /home/dcs/Desktop/Lab/Lab1/install/controller/lib/python3.8/site-packages/controller-0.0.0-py3.8.egg-info
[3.384s] running install_scripts
[3.401s] writing list of installed files to '/home/dcs/Desktop/Lab/Lab1/build/controller/install.log'
[3.433s] Invoked command in '/home/dcs/Desktop/Lab/Lab1/ros2_ws/src/controller' returned '0': PYTHONPATH=/home/dcs/Desktop/Lab/Lab1/build/controller/prefix_override:/home/dcs/Desktop/Lab/Lab1/install/controller/lib/python3.8/site-packages:${PYTHONPATH} /usr/bin/python3 setup.py egg_info --egg-base ../../../build/controller build --build-base /home/dcs/Desktop/Lab/Lab1/build/controller/build install --record /home/dcs/Desktop/Lab/Lab1/build/controller/install.log --install-scripts $base/lib/controller --single-version-externally-managed
