[1.279s] Invoking command in '/home/dcs/Desktop/Lab/Lab1/ros2_ws/src/turtlebot3': PYTHONPATH=/home/dcs/Desktop/Lab/Lab1/build/turtlebot3/prefix_override:/home/dcs/Desktop/Lab/Lab1/install/turtlebot3/lib/python3.8/site-packages:${PYTHONPATH} /usr/bin/python3 setup.py egg_info --egg-base ../../../build/turtlebot3 build --build-base /home/dcs/Desktop/Lab/Lab1/build/turtlebot3/build install --record /home/dcs/Desktop/Lab/Lab1/build/turtlebot3/install.log --install-scripts $base/lib/turtlebot3 --single-version-externally-managed
[1.486s] running egg_info
[1.486s] creating ../../../build/turtlebot3/turtlebot3.egg-info
[1.487s] writing ../../../build/turtlebot3/turtlebot3.egg-info/PKG-INFO
[1.487s] writing dependency_links to ../../../build/turtlebot3/turtlebot3.egg-info/dependency_links.txt
[1.487s] writing entry points to ../../../build/turtlebot3/turtlebot3.egg-info/entry_points.txt
[1.487s] writing requirements to ../../../build/turtlebot3/turtlebot3.egg-info/requires.txt
[1.487s] writing top-level names to ../../../build/turtlebot3/turtlebot3.egg-info/top_level.txt
[1.488s] writing manifest file '../../../build/turtlebot3/turtlebot3.egg-info/SOURCES.txt'
[1.517s] reading manifest file '../../../build/turtlebot3/turtlebot3.egg-info/SOURCES.txt'
[1.517s] writing manifest file '../../../build/turtlebot3/turtlebot3.egg-info/SOURCES.txt'
[1.517s] running build
[1.518s] running build_py
[1.518s] creating /home/dcs/Desktop/Lab/Lab1/build/turtlebot3/build
[1.518s] creating /home/dcs/Desktop/Lab/Lab1/build/turtlebot3/build/lib
[1.518s] creating /home/dcs/Desktop/Lab/Lab1/build/turtlebot3/build/lib/turtlebot3
[1.518s] copying turtlebot3/turtlebot3.py -> /home/dcs/Desktop/Lab/Lab1/build/turtlebot3/build/lib/turtlebot3
[1.522s] copying turtlebot3/__init__.py -> /home/dcs/Desktop/Lab/Lab1/build/turtlebot3/build/lib/turtlebot3
[1.522s] copying turtlebot3/run_10_trials.py -> /home/dcs/Desktop/Lab/Lab1/build/turtlebot3/build/lib/turtlebot3
[1.522s] running install
[1.523s] running install_lib
[1.524s] creating /home/dcs/Desktop/Lab/Lab1/install/turtlebot3/lib/python3.8/site-packages/turtlebot3
[1.524s] copying /home/dcs/Desktop/Lab/Lab1/build/turtlebot3/build/lib/turtlebot3/turtlebot3.py -> /home/dcs/Desktop/Lab/Lab1/install/turtlebot3/lib/python3.8/site-packages/turtlebot3
[1.524s] copying /home/dcs/Desktop/Lab/Lab1/build/turtlebot3/build/lib/turtlebot3/__init__.py -> /home/dcs/Desktop/Lab/Lab1/install/turtlebot3/lib/python3.8/site-packages/turtlebot3
[1.524s] copying /home/dcs/Desktop/Lab/Lab1/build/turtlebot3/build/lib/turtlebot3/run_10_trials.py -> /home/dcs/Desktop/Lab/Lab1/install/turtlebot3/lib/python3.8/site-packages/turtlebot3
[1.524s] byte-compiling /home/dcs/Desktop/Lab/Lab1/install/turtlebot3/lib/python3.8/site-packages/turtlebot3/turtlebot3.py to turtlebot3.cpython-38.pyc
[1.526s] byte-compiling /home/dcs/Desktop/Lab/Lab1/install/turtlebot3/lib/python3.8/site-packages/turtlebot3/__init__.py to __init__.cpython-38.pyc
[1.526s] byte-compiling /home/dcs/Desktop/Lab/Lab1/install/turtlebot3/lib/python3.8/site-packages/turtlebot3/run_10_trials.py to run_10_trials.cpython-38.pyc
[1.527s] running install_data
[1.527s] creating /home/dcs/Desktop/Lab/Lab1/install/turtlebot3/share/ament_index
[1.528s] creating /home/dcs/Desktop/Lab/Lab1/install/turtlebot3/share/ament_index/resource_index
[1.528s] creating /home/dcs/Desktop/Lab/Lab1/install/turtlebot3/share/ament_index/resource_index/packages
[1.528s] copying resource/turtlebot3 -> /home/dcs/Desktop/Lab/Lab1/install/turtlebot3/share/ament_index/resource_index/packages
[1.528s] copying package.xml -> /home/dcs/Desktop/Lab/Lab1/install/turtlebot3/share/turtlebot3
[1.528s] running install_egg_info
[1.530s] Copying ../../../build/turtlebot3/turtlebot3.egg-info to /home/dcs/Desktop/Lab/Lab1/install/turtlebot3/lib/python3.8/site-packages/turtlebot3-0.0.0-py3.8.egg-info
[1.531s] running install_scripts
[1.546s] Installing bot3 script to /home/dcs/Desktop/Lab/Lab1/install/turtlebot3/lib/turtlebot3
[1.546s] Installing run_10_trials script to /home/dcs/Desktop/Lab/Lab1/install/turtlebot3/lib/turtlebot3
[1.547s] writing list of installed files to '/home/dcs/Desktop/Lab/Lab1/build/turtlebot3/install.log'
[1.580s] Invoked command in '/home/dcs/Desktop/Lab/Lab1/ros2_ws/src/turtlebot3' returned '0': PYTHONPATH=/home/dcs/Desktop/Lab/Lab1/build/turtlebot3/prefix_override:/home/dcs/Desktop/Lab/Lab1/install/turtlebot3/lib/python3.8/site-packages:${PYTHONPATH} /usr/bin/python3 setup.py egg_info --egg-base ../../../build/turtlebot3 build --build-base /home/dcs/Desktop/Lab/Lab1/build/turtlebot3/build install --record /home/dcs/Desktop/Lab/Lab1/build/turtlebot3/install.log --install-scripts $base/lib/turtlebot3 --single-version-externally-managed
