[2.826s] Invoking command in '/home/dcs/Desktop/Lab/Lab1/ros2_ws/src/move_turtlebot3': PYTHONPATH=/home/dcs/Desktop/Lab/Lab1/ros2_ws/build/move_turtlebot3/prefix_override:/home/dcs/Desktop/Lab/Lab1/ros2_ws/install/move_turtlebot3/lib/python3.8/site-packages:${PYTHONPATH} /usr/bin/python3 setup.py egg_info --egg-base ../../build/move_turtlebot3 build --build-base /home/dcs/Desktop/Lab/Lab1/ros2_ws/build/move_turtlebot3/build install --record /home/dcs/Desktop/Lab/Lab1/ros2_ws/build/move_turtlebot3/install.log --install-scripts $base/lib/move_turtlebot3 --single-version-externally-managed
[3.109s] running egg_info
[3.110s] creating ../../build/move_turtlebot3/move_turtlebot3.egg-info
[3.111s] writing ../../build/move_turtlebot3/move_turtlebot3.egg-info/PKG-INFO
[3.111s] writing dependency_links to ../../build/move_turtlebot3/move_turtlebot3.egg-info/dependency_links.txt
[3.111s] writing entry points to ../../build/move_turtlebot3/move_turtlebot3.egg-info/entry_points.txt
[3.111s] writing requirements to ../../build/move_turtlebot3/move_turtlebot3.egg-info/requires.txt
[3.111s] writing top-level names to ../../build/move_turtlebot3/move_turtlebot3.egg-info/top_level.txt
[3.111s] writing manifest file '../../build/move_turtlebot3/move_turtlebot3.egg-info/SOURCES.txt'
[3.166s] reading manifest file '../../build/move_turtlebot3/move_turtlebot3.egg-info/SOURCES.txt'
[3.166s] writing manifest file '../../build/move_turtlebot3/move_turtlebot3.egg-info/SOURCES.txt'
[3.166s] running build
[3.167s] running build_py
[3.167s] creating /home/dcs/Desktop/Lab/Lab1/ros2_ws/build/move_turtlebot3/build
[3.168s] creating /home/dcs/Desktop/Lab/Lab1/ros2_ws/build/move_turtlebot3/build/lib
[3.168s] creating /home/dcs/Desktop/Lab/Lab1/ros2_ws/build/move_turtlebot3/build/lib/move_turtlebot3
[3.169s] copying move_turtlebot3/__init__.py -> /home/dcs/Desktop/Lab/Lab1/ros2_ws/build/move_turtlebot3/build/lib/move_turtlebot3
[3.169s] copying move_turtlebot3/trajectory.py -> /home/dcs/Desktop/Lab/Lab1/ros2_ws/build/move_turtlebot3/build/lib/move_turtlebot3
[3.170s] running install
[3.171s] running install_lib
[3.171s] creating /home/dcs/Desktop/Lab/Lab1/ros2_ws/install/move_turtlebot3/lib/python3.8/site-packages/move_turtlebot3
[3.174s] copying /home/dcs/Desktop/Lab/Lab1/ros2_ws/build/move_turtlebot3/build/lib/move_turtlebot3/__init__.py -> /home/dcs/Desktop/Lab/Lab1/ros2_ws/install/move_turtlebot3/lib/python3.8/site-packages/move_turtlebot3
[3.174s] copying /home/dcs/Desktop/Lab/Lab1/ros2_ws/build/move_turtlebot3/build/lib/move_turtlebot3/trajectory.py -> /home/dcs/Desktop/Lab/Lab1/ros2_ws/install/move_turtlebot3/lib/python3.8/site-packages/move_turtlebot3
[3.177s] byte-compiling /home/dcs/Desktop/Lab/Lab1/ros2_ws/install/move_turtlebot3/lib/python3.8/site-packages/move_turtlebot3/__init__.py to __init__.cpython-38.pyc
[3.180s] byte-compiling /home/dcs/Desktop/Lab/Lab1/ros2_ws/install/move_turtlebot3/lib/python3.8/site-packages/move_turtlebot3/trajectory.py to trajectory.cpython-38.pyc
[3.181s] running install_data
[3.181s] creating /home/dcs/Desktop/Lab/Lab1/ros2_ws/install/move_turtlebot3/share/ament_index
[3.182s] creating /home/dcs/Desktop/Lab/Lab1/ros2_ws/install/move_turtlebot3/share/ament_index/resource_index
[3.182s] creating /home/dcs/Desktop/Lab/Lab1/ros2_ws/install/move_turtlebot3/share/ament_index/resource_index/packages
[3.182s] copying resource/move_turtlebot3 -> /home/dcs/Desktop/Lab/Lab1/ros2_ws/install/move_turtlebot3/share/ament_index/resource_index/packages
[3.183s] copying package.xml -> /home/dcs/Desktop/Lab/Lab1/ros2_ws/install/move_turtlebot3/share/move_turtlebot3
[3.183s] running install_egg_info
[3.184s] Copying ../../build/move_turtlebot3/move_turtlebot3.egg-info to /home/dcs/Desktop/Lab/Lab1/ros2_ws/install/move_turtlebot3/lib/python3.8/site-packages/move_turtlebot3-0.0.0-py3.8.egg-info
[3.184s] running install_scripts
[3.217s] Installing traj script to /home/dcs/Desktop/Lab/Lab1/ros2_ws/install/move_turtlebot3/lib/move_turtlebot3
[3.218s] writing list of installed files to '/home/dcs/Desktop/Lab/Lab1/ros2_ws/build/move_turtlebot3/install.log'
[3.631s] Invoked command in '/home/dcs/Desktop/Lab/Lab1/ros2_ws/src/move_turtlebot3' returned '0': PYTHONPATH=/home/dcs/Desktop/Lab/Lab1/ros2_ws/build/move_turtlebot3/prefix_override:/home/dcs/Desktop/Lab/Lab1/ros2_ws/install/move_turtlebot3/lib/python3.8/site-packages:${PYTHONPATH} /usr/bin/python3 setup.py egg_info --egg-base ../../build/move_turtlebot3 build --build-base /home/dcs/Desktop/Lab/Lab1/ros2_ws/build/move_turtlebot3/build install --record /home/dcs/Desktop/Lab/Lab1/ros2_ws/build/move_turtlebot3/install.log --install-scripts $base/lib/move_turtlebot3 --single-version-externally-managed
