[1.684s] Invoking command in '/home/dcs/Desktop/Lab/Lab1/ros2_ws/src/turtlebot3': PYTHONPATH=/home/dcs/Desktop/Lab/Lab1/ros2_ws/build/turtlebot3/prefix_override:/home/dcs/Desktop/Lab/Lab1/ros2_ws/install/turtlebot3/lib/python3.8/site-packages:${PYTHONPATH} /usr/bin/python3 setup.py egg_info --egg-base ../../build/turtlebot3 build --build-base /home/dcs/Desktop/Lab/Lab1/ros2_ws/build/turtlebot3/build install --record /home/dcs/Desktop/Lab/Lab1/ros2_ws/build/turtlebot3/install.log --install-scripts $base/lib/turtlebot3 --single-version-externally-managed
[1.918s] running egg_info
[1.919s] creating ../../build/turtlebot3/turtlebot3.egg-info
[1.919s] writing ../../build/turtlebot3/turtlebot3.egg-info/PKG-INFO
[1.919s] writing dependency_links to ../../build/turtlebot3/turtlebot3.egg-info/dependency_links.txt
[1.919s] writing entry points to ../../build/turtlebot3/turtlebot3.egg-info/entry_points.txt
[1.919s] writing requirements to ../../build/turtlebot3/turtlebot3.egg-info/requires.txt
[1.919s] writing top-level names to ../../build/turtlebot3/turtlebot3.egg-info/top_level.txt
[1.919s] writing manifest file '../../build/turtlebot3/turtlebot3.egg-info/SOURCES.txt'
[1.966s] reading manifest file '../../build/turtlebot3/turtlebot3.egg-info/SOURCES.txt'
[1.969s] writing manifest file '../../build/turtlebot3/turtlebot3.egg-info/SOURCES.txt'
[1.973s] running build
[1.973s] running build_py
[1.973s] creating /home/dcs/Desktop/Lab/Lab1/ros2_ws/build/turtlebot3/build
[1.973s] creating /home/dcs/Desktop/Lab/Lab1/ros2_ws/build/turtlebot3/build/lib
[1.973s] creating /home/dcs/Desktop/Lab/Lab1/ros2_ws/build/turtlebot3/build/lib/turtlebot3
[1.973s] copying turtlebot3/turtlebot3.py -> /home/dcs/Desktop/Lab/Lab1/ros2_ws/build/turtlebot3/build/lib/turtlebot3
[1.974s] copying turtlebot3/__init__.py -> /home/dcs/Desktop/Lab/Lab1/ros2_ws/build/turtlebot3/build/lib/turtlebot3
[1.974s] running install
[1.974s] running install_lib
[1.974s] creating /home/dcs/Desktop/Lab/Lab1/ros2_ws/install/turtlebot3/lib/python3.8/site-packages/turtlebot3
[1.974s] copying /home/dcs/Desktop/Lab/Lab1/ros2_ws/build/turtlebot3/build/lib/turtlebot3/turtlebot3.py -> /home/dcs/Desktop/Lab/Lab1/ros2_ws/install/turtlebot3/lib/python3.8/site-packages/turtlebot3
[1.974s] copying /home/dcs/Desktop/Lab/Lab1/ros2_ws/build/turtlebot3/build/lib/turtlebot3/__init__.py -> /home/dcs/Desktop/Lab/Lab1/ros2_ws/install/turtlebot3/lib/python3.8/site-packages/turtlebot3
[1.974s] byte-compiling /home/dcs/Desktop/Lab/Lab1/ros2_ws/install/turtlebot3/lib/python3.8/site-packages/turtlebot3/turtlebot3.py to turtlebot3.cpython-38.pyc
[1.974s] byte-compiling /home/dcs/Desktop/Lab/Lab1/ros2_ws/install/turtlebot3/lib/python3.8/site-packages/turtlebot3/__init__.py to __init__.cpython-38.pyc
[1.974s] running install_data
[1.974s] creating /home/dcs/Desktop/Lab/Lab1/ros2_ws/install/turtlebot3/share/ament_index
[1.974s] creating /home/dcs/Desktop/Lab/Lab1/ros2_ws/install/turtlebot3/share/ament_index/resource_index
[1.974s] creating /home/dcs/Desktop/Lab/Lab1/ros2_ws/install/turtlebot3/share/ament_index/resource_index/packages
[1.974s] copying resource/turtlebot3 -> /home/dcs/Desktop/Lab/Lab1/ros2_ws/install/turtlebot3/share/ament_index/resource_index/packages
[1.974s] copying package.xml -> /home/dcs/Desktop/Lab/Lab1/ros2_ws/install/turtlebot3/share/turtlebot3
[1.974s] running install_egg_info
[1.997s] Copying ../../build/turtlebot3/turtlebot3.egg-info to /home/dcs/Desktop/Lab/Lab1/ros2_ws/install/turtlebot3/lib/python3.8/site-packages/turtlebot3-0.0.0-py3.8.egg-info
[1.997s] running install_scripts
[1.998s] Installing bot3 script to /home/dcs/Desktop/Lab/Lab1/ros2_ws/install/turtlebot3/lib/turtlebot3
[1.998s] writing list of installed files to '/home/dcs/Desktop/Lab/Lab1/ros2_ws/build/turtlebot3/install.log'
[2.090s] Invoked command in '/home/dcs/Desktop/Lab/Lab1/ros2_ws/src/turtlebot3' returned '0': PYTHONPATH=/home/dcs/Desktop/Lab/Lab1/ros2_ws/build/turtlebot3/prefix_override:/home/dcs/Desktop/Lab/Lab1/ros2_ws/install/turtlebot3/lib/python3.8/site-packages:${PYTHONPATH} /usr/bin/python3 setup.py egg_info --egg-base ../../build/turtlebot3 build --build-base /home/dcs/Desktop/Lab/Lab1/ros2_ws/build/turtlebot3/build install --record /home/dcs/Desktop/Lab/Lab1/ros2_ws/build/turtlebot3/install.log --install-scripts $base/lib/turtlebot3 --single-version-externally-managed
