[2.886s] Invoking command in '/home/dcs/Desktop/Lab/Lab1/ros2_ws/src/my_py_pkg': PYTHONPATH=/home/dcs/Desktop/Lab/Lab1/ros2_ws/src/build/my_py_pkg/prefix_override:/home/dcs/Desktop/Lab/Lab1/ros2_ws/src/install/my_py_pkg/lib/python3.8/site-packages:${PYTHONPATH} /usr/bin/python3 setup.py egg_info --egg-base ../build/my_py_pkg build --build-base /home/dcs/Desktop/Lab/Lab1/ros2_ws/src/build/my_py_pkg/build install --record /home/dcs/Desktop/Lab/Lab1/ros2_ws/src/build/my_py_pkg/install.log --install-scripts $base/lib/my_py_pkg --single-version-externally-managed
[3.387s] running egg_info
[3.387s] creating ../build/my_py_pkg/my_py_pkg.egg-info
[3.388s] writing ../build/my_py_pkg/my_py_pkg.egg-info/PKG-INFO
[3.388s] writing dependency_links to ../build/my_py_pkg/my_py_pkg.egg-info/dependency_links.txt
[3.389s] writing entry points to ../build/my_py_pkg/my_py_pkg.egg-info/entry_points.txt
[3.389s] writing requirements to ../build/my_py_pkg/my_py_pkg.egg-info/requires.txt
[3.389s] writing top-level names to ../build/my_py_pkg/my_py_pkg.egg-info/top_level.txt
[3.390s] writing manifest file '../build/my_py_pkg/my_py_pkg.egg-info/SOURCES.txt'
[3.426s] reading manifest file '../build/my_py_pkg/my_py_pkg.egg-info/SOURCES.txt'
[3.427s] writing manifest file '../build/my_py_pkg/my_py_pkg.egg-info/SOURCES.txt'
[3.427s] running build
[3.427s] running build_py
[3.427s] creating /home/dcs/Desktop/Lab/Lab1/ros2_ws/src/build/my_py_pkg/build
[3.427s] creating /home/dcs/Desktop/Lab/Lab1/ros2_ws/src/build/my_py_pkg/build/lib
[3.427s] creating /home/dcs/Desktop/Lab/Lab1/ros2_ws/src/build/my_py_pkg/build/lib/my_py_pkg
[3.427s] copying my_py_pkg/__init__.py -> /home/dcs/Desktop/Lab/Lab1/ros2_ws/src/build/my_py_pkg/build/lib/my_py_pkg
[3.428s] running install
[3.428s] running install_lib
[3.433s] creating /home/dcs/Desktop/Lab/Lab1/ros2_ws/src/install/my_py_pkg/lib/python3.8/site-packages/my_py_pkg
[3.433s] copying /home/dcs/Desktop/Lab/Lab1/ros2_ws/src/build/my_py_pkg/build/lib/my_py_pkg/__init__.py -> /home/dcs/Desktop/Lab/Lab1/ros2_ws/src/install/my_py_pkg/lib/python3.8/site-packages/my_py_pkg
[3.433s] byte-compiling /home/dcs/Desktop/Lab/Lab1/ros2_ws/src/install/my_py_pkg/lib/python3.8/site-packages/my_py_pkg/__init__.py to __init__.cpython-38.pyc
[3.433s] running install_data
[3.434s] creating /home/dcs/Desktop/Lab/Lab1/ros2_ws/src/install/my_py_pkg/share/ament_index
[3.434s] creating /home/dcs/Desktop/Lab/Lab1/ros2_ws/src/install/my_py_pkg/share/ament_index/resource_index
[3.434s] creating /home/dcs/Desktop/Lab/Lab1/ros2_ws/src/install/my_py_pkg/share/ament_index/resource_index/packages
[3.434s] copying resource/my_py_pkg -> /home/dcs/Desktop/Lab/Lab1/ros2_ws/src/install/my_py_pkg/share/ament_index/resource_index/packages
[3.434s] copying package.xml -> /home/dcs/Desktop/Lab/Lab1/ros2_ws/src/install/my_py_pkg/share/my_py_pkg
[3.434s] running install_egg_info
[3.434s] Copying ../build/my_py_pkg/my_py_pkg.egg-info to /home/dcs/Desktop/Lab/Lab1/ros2_ws/src/install/my_py_pkg/lib/python3.8/site-packages/my_py_pkg-0.0.0-py3.8.egg-info
[3.440s] running install_scripts
[3.460s] writing list of installed files to '/home/dcs/Desktop/Lab/Lab1/ros2_ws/src/build/my_py_pkg/install.log'
[3.812s] Invoked command in '/home/dcs/Desktop/Lab/Lab1/ros2_ws/src/my_py_pkg' returned '0': PYTHONPATH=/home/dcs/Desktop/Lab/Lab1/ros2_ws/src/build/my_py_pkg/prefix_override:/home/dcs/Desktop/Lab/Lab1/ros2_ws/src/install/my_py_pkg/lib/python3.8/site-packages:${PYTHONPATH} /usr/bin/python3 setup.py egg_info --egg-base ../build/my_py_pkg build --build-base /home/dcs/Desktop/Lab/Lab1/ros2_ws/src/build/my_py_pkg/build install --record /home/dcs/Desktop/Lab/Lab1/ros2_ws/src/build/my_py_pkg/install.log --install-scripts $base/lib/my_py_pkg --single-version-externally-managed
