[0.828s] Invoking command in '/home/dcs/Desktop/Lab/Lab1/ros2_ws/src/r2': PYTHONPATH=/home/dcs/Desktop/Lab/Lab1/ros2_ws/build/r2/prefix_override:/home/dcs/Desktop/Lab/Lab1/ros2_ws/install/r2/lib/python3.8/site-packages:${PYTHONPATH} /usr/bin/python3 setup.py egg_info --egg-base ../../build/r2 build --build-base /home/dcs/Desktop/Lab/Lab1/ros2_ws/build/r2/build install --record /home/dcs/Desktop/Lab/Lab1/ros2_ws/build/r2/install.log --install-scripts $base/lib/r2 --single-version-externally-managed
[1.024s] running egg_info
[1.025s] writing ../../build/r2/r2.egg-info/PKG-INFO
[1.025s] writing dependency_links to ../../build/r2/r2.egg-info/dependency_links.txt
[1.025s] writing entry points to ../../build/r2/r2.egg-info/entry_points.txt
[1.025s] writing requirements to ../../build/r2/r2.egg-info/requires.txt
[1.025s] writing top-level names to ../../build/r2/r2.egg-info/top_level.txt
[1.056s] reading manifest file '../../build/r2/r2.egg-info/SOURCES.txt'
[1.057s] writing manifest file '../../build/r2/r2.egg-info/SOURCES.txt'
[1.057s] running build
[1.057s] running build_py
[1.057s] copying r2/publisher.py -> /home/dcs/Desktop/Lab/Lab1/ros2_ws/build/r2/build/lib/r2
[1.058s] running install
[1.058s] running install_lib
[1.059s] copying /home/dcs/Desktop/Lab/Lab1/ros2_ws/build/r2/build/lib/r2/publisher.py -> /home/dcs/Desktop/Lab/Lab1/ros2_ws/install/r2/lib/python3.8/site-packages/r2
[1.060s] byte-compiling /home/dcs/Desktop/Lab/Lab1/ros2_ws/install/r2/lib/python3.8/site-packages/r2/publisher.py to publisher.cpython-38.pyc
[1.061s] running install_data
[1.061s] running install_egg_info
[1.063s] removing '/home/dcs/Desktop/Lab/Lab1/ros2_ws/install/r2/lib/python3.8/site-packages/r2-0.0.0-py3.8.egg-info' (and everything under it)
[1.063s] Copying ../../build/r2/r2.egg-info to /home/dcs/Desktop/Lab/Lab1/ros2_ws/install/r2/lib/python3.8/site-packages/r2-0.0.0-py3.8.egg-info
[1.064s] running install_scripts
[1.079s] Installing prt script to /home/dcs/Desktop/Lab/Lab1/ros2_ws/install/r2/lib/r2
[1.080s] Installing pub script to /home/dcs/Desktop/Lab/Lab1/ros2_ws/install/r2/lib/r2
[1.080s] writing list of installed files to '/home/dcs/Desktop/Lab/Lab1/ros2_ws/build/r2/install.log'
[1.097s] Invoked command in '/home/dcs/Desktop/Lab/Lab1/ros2_ws/src/r2' returned '0': PYTHONPATH=/home/dcs/Desktop/Lab/Lab1/ros2_ws/build/r2/prefix_override:/home/dcs/Desktop/Lab/Lab1/ros2_ws/install/r2/lib/python3.8/site-packages:${PYTHONPATH} /usr/bin/python3 setup.py egg_info --egg-base ../../build/r2 build --build-base /home/dcs/Desktop/Lab/Lab1/ros2_ws/build/r2/build install --record /home/dcs/Desktop/Lab/Lab1/ros2_ws/build/r2/install.log --install-scripts $base/lib/r2 --single-version-externally-managed
