[2.233s] Invoking command in '/home/dcs/Desktop/Lab/Lab1/ros2_ws/src/noise': PYTHONPATH=/home/dcs/Desktop/Lab/Lab1/ros2_ws/build/noise/prefix_override:/home/dcs/Desktop/Lab/Lab1/ros2_ws/install/noise/lib/python3.8/site-packages:${PYTHONPATH} /usr/bin/python3 setup.py egg_info --egg-base ../../build/noise build --build-base /home/dcs/Desktop/Lab/Lab1/ros2_ws/build/noise/build install --record /home/dcs/Desktop/Lab/Lab1/ros2_ws/build/noise/install.log --install-scripts $base/lib/noise --single-version-externally-managed
[2.521s] running egg_info
[2.522s] writing ../../build/noise/noise.egg-info/PKG-INFO
[2.522s] writing dependency_links to ../../build/noise/noise.egg-info/dependency_links.txt
[2.523s] writing entry points to ../../build/noise/noise.egg-info/entry_points.txt
[2.523s] writing requirements to ../../build/noise/noise.egg-info/requires.txt
[2.524s] writing top-level names to ../../build/noise/noise.egg-info/top_level.txt
[2.546s] reading manifest file '../../build/noise/noise.egg-info/SOURCES.txt'
[2.552s] writing manifest file '../../build/noise/noise.egg-info/SOURCES.txt'
[2.552s] running build
[2.553s] running build_py
[2.553s] copying noise/noise.py -> /home/dcs/Desktop/Lab/Lab1/ros2_ws/build/noise/build/lib/noise
[2.554s] running install
[2.554s] running install_lib
[2.554s] copying /home/dcs/Desktop/Lab/Lab1/ros2_ws/build/noise/build/lib/noise/noise.py -> /home/dcs/Desktop/Lab/Lab1/ros2_ws/install/noise/lib/python3.8/site-packages/noise
[2.554s] byte-compiling /home/dcs/Desktop/Lab/Lab1/ros2_ws/install/noise/lib/python3.8/site-packages/noise/noise.py to noise.cpython-38.pyc
[2.555s] running install_data
[2.556s] running install_egg_info
[2.560s] removing '/home/dcs/Desktop/Lab/Lab1/ros2_ws/install/noise/lib/python3.8/site-packages/noise-0.0.0-py3.8.egg-info' (and everything under it)
[2.560s] Copying ../../build/noise/noise.egg-info to /home/dcs/Desktop/Lab/Lab1/ros2_ws/install/noise/lib/python3.8/site-packages/noise-0.0.0-py3.8.egg-info
[2.560s] running install_scripts
[2.579s] Installing noise script to /home/dcs/Desktop/Lab/Lab1/ros2_ws/install/noise/lib/noise
[2.579s] writing list of installed files to '/home/dcs/Desktop/Lab/Lab1/ros2_ws/build/noise/install.log'
[2.641s] Invoked command in '/home/dcs/Desktop/Lab/Lab1/ros2_ws/src/noise' returned '0': PYTHONPATH=/home/dcs/Desktop/Lab/Lab1/ros2_ws/build/noise/prefix_override:/home/dcs/Desktop/Lab/Lab1/ros2_ws/install/noise/lib/python3.8/site-packages:${PYTHONPATH} /usr/bin/python3 setup.py egg_info --egg-base ../../build/noise build --build-base /home/dcs/Desktop/Lab/Lab1/ros2_ws/build/noise/build install --record /home/dcs/Desktop/Lab/Lab1/ros2_ws/build/noise/install.log --install-scripts $base/lib/noise --single-version-externally-managed
