[1.573s] Invoking command in '/home/dcs/Desktop/Lab/Lab1/ros2_ws/src/r2': PYTHONPATH=/home/dcs/Desktop/Lab/Lab1/build/r2/prefix_override:/home/dcs/Desktop/Lab/Lab1/install/r2/lib/python3.8/site-packages:${PYTHONPATH} /usr/bin/python3 setup.py egg_info --egg-base ../../../build/r2 build --build-base /home/dcs/Desktop/Lab/Lab1/build/r2/build install --record /home/dcs/Desktop/Lab/Lab1/build/r2/install.log --install-scripts $base/lib/r2 --single-version-externally-managed
[1.800s] running egg_info
[1.800s] writing ../../../build/r2/r2.egg-info/PKG-INFO
[1.800s] writing dependency_links to ../../../build/r2/r2.egg-info/dependency_links.txt
[1.801s] writing entry points to ../../../build/r2/r2.egg-info/entry_points.txt
[1.801s] writing requirements to ../../../build/r2/r2.egg-info/requires.txt
[1.801s] writing top-level names to ../../../build/r2/r2.egg-info/top_level.txt
[1.829s] reading manifest file '../../../build/r2/r2.egg-info/SOURCES.txt'
[1.830s] writing manifest file '../../../build/r2/r2.egg-info/SOURCES.txt'
[1.830s] running build
[1.830s] running build_py
[1.831s] running install
[1.836s] running install_lib
[1.837s] running install_data
[1.837s] running install_egg_info
[1.839s] removing '/home/dcs/Desktop/Lab/Lab1/install/r2/lib/python3.8/site-packages/r2-0.0.0-py3.8.egg-info' (and everything under it)
[1.839s] Copying ../../../build/r2/r2.egg-info to /home/dcs/Desktop/Lab/Lab1/install/r2/lib/python3.8/site-packages/r2-0.0.0-py3.8.egg-info
[1.840s] running install_scripts
[1.852s] Installing prt script to /home/dcs/Desktop/Lab/Lab1/install/r2/lib/r2
[1.856s] Installing pub script to /home/dcs/Desktop/Lab/Lab1/install/r2/lib/r2
[1.856s] Installing sub script to /home/dcs/Desktop/Lab/Lab1/install/r2/lib/r2
[1.860s] writing list of installed files to '/home/dcs/Desktop/Lab/Lab1/build/r2/install.log'
[1.947s] Invoked command in '/home/dcs/Desktop/Lab/Lab1/ros2_ws/src/r2' returned '0': PYTHONPATH=/home/dcs/Desktop/Lab/Lab1/build/r2/prefix_override:/home/dcs/Desktop/Lab/Lab1/install/r2/lib/python3.8/site-packages:${PYTHONPATH} /usr/bin/python3 setup.py egg_info --egg-base ../../../build/r2 build --build-base /home/dcs/Desktop/Lab/Lab1/build/r2/build install --record /home/dcs/Desktop/Lab/Lab1/build/r2/install.log --install-scripts $base/lib/r2 --single-version-externally-managed
