running egg_info
writing ../../build/move_square/move_square.egg-info/PKG-INFO
writing dependency_links to ../../build/move_square/move_square.egg-info/dependency_links.txt
writing entry points to ../../build/move_square/move_square.egg-info/entry_points.txt
writing requirements to ../../build/move_square/move_square.egg-info/requires.txt
writing top-level names to ../../build/move_square/move_square.egg-info/top_level.txt
reading manifest file '../../build/move_square/move_square.egg-info/SOURCES.txt'
writing manifest file '../../build/move_square/move_square.egg-info/SOURCES.txt'
running build
running build_py
copying move_square/square.py -> /home/dcs/Desktop/Lab/Lab1/ros2_ws/build/move_square/build/lib/move_square
running install
running install_lib
copying /home/dcs/Desktop/Lab/Lab1/ros2_ws/build/move_square/build/lib/move_square/square.py -> /home/dcs/Desktop/Lab/Lab1/ros2_ws/install/move_square/lib/python3.8/site-packages/move_square
byte-compiling /home/dcs/Desktop/Lab/Lab1/ros2_ws/install/move_square/lib/python3.8/site-packages/move_square/square.py to square.cpython-38.pyc
running install_data
running install_egg_info
removing '/home/dcs/Desktop/Lab/Lab1/ros2_ws/install/move_square/lib/python3.8/site-packages/move_square-0.0.0-py3.8.egg-info' (and everything under it)
Copying ../../build/move_square/move_square.egg-info to /home/dcs/Desktop/Lab/Lab1/ros2_ws/install/move_square/lib/python3.8/site-packages/move_square-0.0.0-py3.8.egg-info
running install_scripts
Installing square script to /home/dcs/Desktop/Lab/Lab1/ros2_ws/install/move_square/lib/move_square
writing list of installed files to '/home/dcs/Desktop/Lab/Lab1/ros2_ws/build/move_square/install.log'
