[1.779s] Invoking command in '/home/dcs/Desktop/Lab/Lab1/ros2_ws/src/move_square': PYTHONPATH=/home/dcs/Desktop/Lab/Lab1/ros2_ws/build/move_square/prefix_override:/home/dcs/Desktop/Lab/Lab1/ros2_ws/install/move_square/lib/python3.8/site-packages:${PYTHONPATH} /usr/bin/python3 setup.py egg_info --egg-base ../../build/move_square build --build-base /home/dcs/Desktop/Lab/Lab1/ros2_ws/build/move_square/build install --record /home/dcs/Desktop/Lab/Lab1/ros2_ws/build/move_square/install.log --install-scripts $base/lib/move_square --single-version-externally-managed
[2.041s] running egg_info
[2.042s] writing ../../build/move_square/move_square.egg-info/PKG-INFO
[2.045s] writing dependency_links to ../../build/move_square/move_square.egg-info/dependency_links.txt
[2.045s] writing entry points to ../../build/move_square/move_square.egg-info/entry_points.txt
[2.046s] writing requirements to ../../build/move_square/move_square.egg-info/requires.txt
[2.046s] writing top-level names to ../../build/move_square/move_square.egg-info/top_level.txt
[2.069s] reading manifest file '../../build/move_square/move_square.egg-info/SOURCES.txt'
[2.070s] writing manifest file '../../build/move_square/move_square.egg-info/SOURCES.txt'
[2.072s] running build
[2.072s] running build_py
[2.072s] copying move_square/square.py -> /home/dcs/Desktop/Lab/Lab1/ros2_ws/build/move_square/build/lib/move_square
[2.072s] running install
[2.072s] running install_lib
[2.072s] copying /home/dcs/Desktop/Lab/Lab1/ros2_ws/build/move_square/build/lib/move_square/square.py -> /home/dcs/Desktop/Lab/Lab1/ros2_ws/install/move_square/lib/python3.8/site-packages/move_square
[2.073s] byte-compiling /home/dcs/Desktop/Lab/Lab1/ros2_ws/install/move_square/lib/python3.8/site-packages/move_square/square.py to square.cpython-38.pyc
[2.075s] running install_data
[2.075s] running install_egg_info
[2.077s] removing '/home/dcs/Desktop/Lab/Lab1/ros2_ws/install/move_square/lib/python3.8/site-packages/move_square-0.0.0-py3.8.egg-info' (and everything under it)
[2.077s] Copying ../../build/move_square/move_square.egg-info to /home/dcs/Desktop/Lab/Lab1/ros2_ws/install/move_square/lib/python3.8/site-packages/move_square-0.0.0-py3.8.egg-info
[2.078s] running install_scripts
[2.090s] Installing square script to /home/dcs/Desktop/Lab/Lab1/ros2_ws/install/move_square/lib/move_square
[2.090s] writing list of installed files to '/home/dcs/Desktop/Lab/Lab1/ros2_ws/build/move_square/install.log'
[2.111s] Invoked command in '/home/dcs/Desktop/Lab/Lab1/ros2_ws/src/move_square' returned '0': PYTHONPATH=/home/dcs/Desktop/Lab/Lab1/ros2_ws/build/move_square/prefix_override:/home/dcs/Desktop/Lab/Lab1/ros2_ws/install/move_square/lib/python3.8/site-packages:${PYTHONPATH} /usr/bin/python3 setup.py egg_info --egg-base ../../build/move_square build --build-base /home/dcs/Desktop/Lab/Lab1/ros2_ws/build/move_square/build install --record /home/dcs/Desktop/Lab/Lab1/ros2_ws/build/move_square/install.log --install-scripts $base/lib/move_square --single-version-externally-managed
