[1.794s] Invoking command in '/home/dcs/Desktop/Lab/Lab1/ros2_ws/src/move_square': PYTHONPATH=/home/dcs/Desktop/Lab/Lab1/build/move_square/prefix_override:/home/dcs/Desktop/Lab/Lab1/install/move_square/lib/python3.8/site-packages:${PYTHONPATH} /usr/bin/python3 setup.py egg_info --egg-base ../../../build/move_square build --build-base /home/dcs/Desktop/Lab/Lab1/build/move_square/build install --record /home/dcs/Desktop/Lab/Lab1/build/move_square/install.log --install-scripts $base/lib/move_square --single-version-externally-managed
[1.972s] running egg_info
[1.973s] writing ../../../build/move_square/move_square.egg-info/PKG-INFO
[1.973s] writing dependency_links to ../../../build/move_square/move_square.egg-info/dependency_links.txt
[1.973s] writing entry points to ../../../build/move_square/move_square.egg-info/entry_points.txt
[1.973s] writing requirements to ../../../build/move_square/move_square.egg-info/requires.txt
[1.973s] writing top-level names to ../../../build/move_square/move_square.egg-info/top_level.txt
[1.991s] reading manifest file '../../../build/move_square/move_square.egg-info/SOURCES.txt'
[1.991s] writing manifest file '../../../build/move_square/move_square.egg-info/SOURCES.txt'
[1.992s] running build
[1.992s] running build_py
[1.992s] running install
[1.992s] running install_lib
[1.993s] running install_data
[1.994s] running install_egg_info
[1.995s] removing '/home/dcs/Desktop/Lab/Lab1/install/move_square/lib/python3.8/site-packages/move_square-0.0.0-py3.8.egg-info' (and everything under it)
[1.995s] Copying ../../../build/move_square/move_square.egg-info to /home/dcs/Desktop/Lab/Lab1/install/move_square/lib/python3.8/site-packages/move_square-0.0.0-py3.8.egg-info
[1.996s] running install_scripts
[2.008s] Installing square script to /home/dcs/Desktop/Lab/Lab1/install/move_square/lib/move_square
[2.009s] writing list of installed files to '/home/dcs/Desktop/Lab/Lab1/build/move_square/install.log'
[2.341s] Invoked command in '/home/dcs/Desktop/Lab/Lab1/ros2_ws/src/move_square' returned '0': PYTHONPATH=/home/dcs/Desktop/Lab/Lab1/build/move_square/prefix_override:/home/dcs/Desktop/Lab/Lab1/install/move_square/lib/python3.8/site-packages:${PYTHONPATH} /usr/bin/python3 setup.py egg_info --egg-base ../../../build/move_square build --build-base /home/dcs/Desktop/Lab/Lab1/build/move_square/build install --record /home/dcs/Desktop/Lab/Lab1/build/move_square/install.log --install-scripts $base/lib/move_square --single-version-externally-managed
