[3.153s] Invoking command in '/home/dcs/Desktop/Lab/Lab1/ros2_ws/src/my_py_pkg': PYTHONPATH=/home/dcs/Desktop/Lab/Lab1/build/my_py_pkg/prefix_override:/home/dcs/Desktop/Lab/Lab1/install/my_py_pkg/lib/python3.8/site-packages:${PYTHONPATH} /usr/bin/python3 setup.py egg_info --egg-base ../../../build/my_py_pkg build --build-base /home/dcs/Desktop/Lab/Lab1/build/my_py_pkg/build install --record /home/dcs/Desktop/Lab/Lab1/build/my_py_pkg/install.log --install-scripts $base/lib/my_py_pkg --single-version-externally-managed
[3.516s] running egg_info
[3.517s] creating ../../../build/my_py_pkg/my_py_pkg.egg-info
[3.517s] writing ../../../build/my_py_pkg/my_py_pkg.egg-info/PKG-INFO
[3.517s] writing dependency_links to ../../../build/my_py_pkg/my_py_pkg.egg-info/dependency_links.txt
[3.517s] writing entry points to ../../../build/my_py_pkg/my_py_pkg.egg-info/entry_points.txt
[3.517s] writing requirements to ../../../build/my_py_pkg/my_py_pkg.egg-info/requires.txt
[3.517s] writing top-level names to ../../../build/my_py_pkg/my_py_pkg.egg-info/top_level.txt
[3.528s] writing manifest file '../../../build/my_py_pkg/my_py_pkg.egg-info/SOURCES.txt'
[3.589s] reading manifest file '../../../build/my_py_pkg/my_py_pkg.egg-info/SOURCES.txt'
[3.589s] writing manifest file '../../../build/my_py_pkg/my_py_pkg.egg-info/SOURCES.txt'
[3.589s] running build
[3.589s] running build_py
[3.589s] creating /home/dcs/Desktop/Lab/Lab1/build/my_py_pkg/build
[3.590s] creating /home/dcs/Desktop/Lab/Lab1/build/my_py_pkg/build/lib
[3.590s] creating /home/dcs/Desktop/Lab/Lab1/build/my_py_pkg/build/lib/my_py_pkg
[3.590s] copying my_py_pkg/__init__.py -> /home/dcs/Desktop/Lab/Lab1/build/my_py_pkg/build/lib/my_py_pkg
[3.590s] running install
[3.595s] running install_lib
[3.595s] creating /home/dcs/Desktop/Lab/Lab1/install/my_py_pkg/lib/python3.8/site-packages/my_py_pkg
[3.596s] copying /home/dcs/Desktop/Lab/Lab1/build/my_py_pkg/build/lib/my_py_pkg/__init__.py -> /home/dcs/Desktop/Lab/Lab1/install/my_py_pkg/lib/python3.8/site-packages/my_py_pkg
[3.596s] byte-compiling /home/dcs/Desktop/Lab/Lab1/install/my_py_pkg/lib/python3.8/site-packages/my_py_pkg/__init__.py to __init__.cpython-38.pyc
[3.597s] running install_data
[3.597s] creating /home/dcs/Desktop/Lab/Lab1/install/my_py_pkg/share/ament_index
[3.598s] creating /home/dcs/Desktop/Lab/Lab1/install/my_py_pkg/share/ament_index/resource_index
[3.598s] creating /home/dcs/Desktop/Lab/Lab1/install/my_py_pkg/share/ament_index/resource_index/packages
[3.598s] copying resource/my_py_pkg -> /home/dcs/Desktop/Lab/Lab1/install/my_py_pkg/share/ament_index/resource_index/packages
[3.598s] copying package.xml -> /home/dcs/Desktop/Lab/Lab1/install/my_py_pkg/share/my_py_pkg
[3.598s] running install_egg_info
[3.600s] Copying ../../../build/my_py_pkg/my_py_pkg.egg-info to /home/dcs/Desktop/Lab/Lab1/install/my_py_pkg/lib/python3.8/site-packages/my_py_pkg-0.0.0-py3.8.egg-info
[3.606s] running install_scripts
[3.622s] writing list of installed files to '/home/dcs/Desktop/Lab/Lab1/build/my_py_pkg/install.log'
[3.916s] Invoked command in '/home/dcs/Desktop/Lab/Lab1/ros2_ws/src/my_py_pkg' returned '0': PYTHONPATH=/home/dcs/Desktop/Lab/Lab1/build/my_py_pkg/prefix_override:/home/dcs/Desktop/Lab/Lab1/install/my_py_pkg/lib/python3.8/site-packages:${PYTHONPATH} /usr/bin/python3 setup.py egg_info --egg-base ../../../build/my_py_pkg build --build-base /home/dcs/Desktop/Lab/Lab1/build/my_py_pkg/build install --record /home/dcs/Desktop/Lab/Lab1/build/my_py_pkg/install.log --install-scripts $base/lib/my_py_pkg --single-version-externally-managed
