[2.197s] Invoking command in '/home/dcs/Desktop/Lab/Lab1/ros2_ws/src/noise': PYTHONPATH=/home/dcs/Desktop/Lab/Lab1/build/noise/prefix_override:/home/dcs/Desktop/Lab/Lab1/install/noise/lib/python3.8/site-packages:${PYTHONPATH} /usr/bin/python3 setup.py egg_info --egg-base ../../../build/noise build --build-base /home/dcs/Desktop/Lab/Lab1/build/noise/build install --record /home/dcs/Desktop/Lab/Lab1/build/noise/install.log --install-scripts $base/lib/noise --single-version-externally-managed
[2.364s] running egg_info
[2.365s] writing ../../../build/noise/noise.egg-info/PKG-INFO
[2.366s] writing dependency_links to ../../../build/noise/noise.egg-info/dependency_links.txt
[2.366s] writing entry points to ../../../build/noise/noise.egg-info/entry_points.txt
[2.367s] writing requirements to ../../../build/noise/noise.egg-info/requires.txt
[2.367s] writing top-level names to ../../../build/noise/noise.egg-info/top_level.txt
[2.392s] reading manifest file '../../../build/noise/noise.egg-info/SOURCES.txt'
[2.394s] writing manifest file '../../../build/noise/noise.egg-info/SOURCES.txt'
[2.394s] running build
[2.395s] running build_py
[2.395s] running install
[2.397s] running install_lib
[2.398s] running install_data
[2.399s] running install_egg_info
[2.401s] removing '/home/dcs/Desktop/Lab/Lab1/install/noise/lib/python3.8/site-packages/noise-0.0.0-py3.8.egg-info' (and everything under it)
[2.402s] Copying ../../../build/noise/noise.egg-info to /home/dcs/Desktop/Lab/Lab1/install/noise/lib/python3.8/site-packages/noise-0.0.0-py3.8.egg-info
[2.403s] running install_scripts
[2.420s] Installing noise script to /home/dcs/Desktop/Lab/Lab1/install/noise/lib/noise
[2.421s] writing list of installed files to '/home/dcs/Desktop/Lab/Lab1/build/noise/install.log'
[2.444s] Invoked command in '/home/dcs/Desktop/Lab/Lab1/ros2_ws/src/noise' returned '0': PYTHONPATH=/home/dcs/Desktop/Lab/Lab1/build/noise/prefix_override:/home/dcs/Desktop/Lab/Lab1/install/noise/lib/python3.8/site-packages:${PYTHONPATH} /usr/bin/python3 setup.py egg_info --egg-base ../../../build/noise build --build-base /home/dcs/Desktop/Lab/Lab1/build/noise/build install --record /home/dcs/Desktop/Lab/Lab1/build/noise/install.log --install-scripts $base/lib/noise --single-version-externally-managed
