[2.458s] Invoking command in '/home/dcs/Desktop/Lab/Lab1/ros2_ws/src/noise': PYTHONPATH=/home/dcs/Desktop/Lab/Lab1/build/noise/prefix_override:/home/dcs/Desktop/Lab/Lab1/install/noise/lib/python3.8/site-packages:${PYTHONPATH} /usr/bin/python3 setup.py egg_info --egg-base ../../../build/noise build --build-base /home/dcs/Desktop/Lab/Lab1/build/noise/build install --record /home/dcs/Desktop/Lab/Lab1/build/noise/install.log --install-scripts $base/lib/noise --single-version-externally-managed
[2.864s] running egg_info
[2.865s] creating ../../../build/noise/noise.egg-info
[2.865s] writing ../../../build/noise/noise.egg-info/PKG-INFO
[2.865s] writing dependency_links to ../../../build/noise/noise.egg-info/dependency_links.txt
[2.865s] writing entry points to ../../../build/noise/noise.egg-info/entry_points.txt
[2.865s] writing requirements to ../../../build/noise/noise.egg-info/requires.txt
[2.865s] writing top-level names to ../../../build/noise/noise.egg-info/top_level.txt
[2.866s] writing manifest file '../../../build/noise/noise.egg-info/SOURCES.txt'
[2.932s] reading manifest file '../../../build/noise/noise.egg-info/SOURCES.txt'
[2.932s] writing manifest file '../../../build/noise/noise.egg-info/SOURCES.txt'
[2.932s] running build
[2.932s] running build_py
[2.932s] creating /home/dcs/Desktop/Lab/Lab1/build/noise/build
[2.933s] creating /home/dcs/Desktop/Lab/Lab1/build/noise/build/lib
[2.933s] creating /home/dcs/Desktop/Lab/Lab1/build/noise/build/lib/noise
[2.933s] copying noise/noise.py -> /home/dcs/Desktop/Lab/Lab1/build/noise/build/lib/noise
[2.933s] copying noise/__init__.py -> /home/dcs/Desktop/Lab/Lab1/build/noise/build/lib/noise
[2.933s] running install
[2.937s] running install_lib
[2.937s] creating /home/dcs/Desktop/Lab/Lab1/install/noise/lib/python3.8/site-packages/noise
[2.938s] copying /home/dcs/Desktop/Lab/Lab1/build/noise/build/lib/noise/noise.py -> /home/dcs/Desktop/Lab/Lab1/install/noise/lib/python3.8/site-packages/noise
[2.938s] copying /home/dcs/Desktop/Lab/Lab1/build/noise/build/lib/noise/__init__.py -> /home/dcs/Desktop/Lab/Lab1/install/noise/lib/python3.8/site-packages/noise
[2.938s] byte-compiling /home/dcs/Desktop/Lab/Lab1/install/noise/lib/python3.8/site-packages/noise/noise.py to noise.cpython-38.pyc
[2.938s] byte-compiling /home/dcs/Desktop/Lab/Lab1/install/noise/lib/python3.8/site-packages/noise/__init__.py to __init__.cpython-38.pyc
[2.938s] running install_data
[2.942s] creating /home/dcs/Desktop/Lab/Lab1/install/noise/share/ament_index
[2.942s] creating /home/dcs/Desktop/Lab/Lab1/install/noise/share/ament_index/resource_index
[2.942s] creating /home/dcs/Desktop/Lab/Lab1/install/noise/share/ament_index/resource_index/packages
[2.942s] copying resource/noise -> /home/dcs/Desktop/Lab/Lab1/install/noise/share/ament_index/resource_index/packages
[2.942s] copying package.xml -> /home/dcs/Desktop/Lab/Lab1/install/noise/share/noise
[2.942s] running install_egg_info
[2.944s] Copying ../../../build/noise/noise.egg-info to /home/dcs/Desktop/Lab/Lab1/install/noise/lib/python3.8/site-packages/noise-0.0.0-py3.8.egg-info
[2.945s] running install_scripts
[2.982s] Installing noise script to /home/dcs/Desktop/Lab/Lab1/install/noise/lib/noise
[2.982s] writing list of installed files to '/home/dcs/Desktop/Lab/Lab1/build/noise/install.log'
[3.026s] Invoked command in '/home/dcs/Desktop/Lab/Lab1/ros2_ws/src/noise' returned '0': PYTHONPATH=/home/dcs/Desktop/Lab/Lab1/build/noise/prefix_override:/home/dcs/Desktop/Lab/Lab1/install/noise/lib/python3.8/site-packages:${PYTHONPATH} /usr/bin/python3 setup.py egg_info --egg-base ../../../build/noise build --build-base /home/dcs/Desktop/Lab/Lab1/build/noise/build install --record /home/dcs/Desktop/Lab/Lab1/build/noise/install.log --install-scripts $base/lib/noise --single-version-externally-managed
