[1.262s] DEBUG:colcon:Command line arguments: ['/usr/bin/colcon', 'build']
[1.262s] DEBUG:colcon:Parsed command line arguments: Namespace(allow_overriding=[], ament_cmake_args=None, base_paths=['.'], build_base='build', catkin_cmake_args=None, catkin_skip_building_tests=False, cmake_args=None, cmake_clean_cache=False, cmake_clean_first=False, cmake_force_configure=False, cmake_target=None, cmake_target_skip_unavailable=False, continue_on_error=False, event_handlers=None, executor='parallel', ignore_user_meta=False, install_base='install', log_base=None, log_level=None, main=<bound method BuildVerb.main of <colcon_core.verb.build.BuildVerb object at 0x7f6faf5fb9d0>>, merge_install=False, metas=['./colcon.meta'], packages_above=None, packages_above_and_dependencies=None, packages_above_depth=None, packages_end=None, packages_ignore=None, packages_ignore_regex=None, packages_select=None, packages_select_build_failed=False, packages_select_by_dep=None, packages_select_regex=None, packages_select_test_failures=False, packages_skip=None, packages_skip_build_finished=False, packages_skip_by_dep=None, packages_skip_regex=None, packages_skip_test_passed=False, packages_skip_up_to=None, packages_start=None, packages_up_to=None, packages_up_to_regex=None, parallel_workers=4, paths=None, symlink_install=False, test_result_base=None, verb_extension=<colcon_core.verb.build.BuildVerb object at 0x7f6faf5fb9d0>, verb_name='build', verb_parser=<colcon_defaults.argument_parser.defaults.DefaultArgumentsDecorator object at 0x7f6faf245a60>)
[1.318s] Level 1:colcon.colcon_core.package_discovery:discover_packages(colcon_meta) check parameters
[1.318s] Level 1:colcon.colcon_core.package_discovery:discover_packages(recursive) check parameters
[1.318s] Level 1:colcon.colcon_core.package_discovery:discover_packages(ignore) check parameters
[1.318s] Level 1:colcon.colcon_core.package_discovery:discover_packages(path) check parameters
[1.318s] Level 1:colcon.colcon_core.package_discovery:discover_packages(colcon_meta) discover
[1.318s] Level 1:colcon.colcon_core.package_discovery:discover_packages(recursive) discover
[1.318s] INFO:colcon.colcon_core.package_discovery:Crawling recursively for packages in '/home/dcs/Desktop/Lab/Lab1/ros2_ws'
[1.318s] Level 1:colcon.colcon_core.package_identification:_identify(.) by extensions ['ignore', 'ignore_ament_install']
[1.318s] Level 1:colcon.colcon_core.package_identification:_identify(.) by extension 'ignore'
[1.318s] Level 1:colcon.colcon_core.package_identification:_identify(.) by extension 'ignore_ament_install'
[1.318s] Level 1:colcon.colcon_core.package_identification:_identify(.) by extensions ['colcon_pkg']
[1.318s] Level 1:colcon.colcon_core.package_identification:_identify(.) by extension 'colcon_pkg'
[1.318s] Level 1:colcon.colcon_core.package_identification:_identify(.) by extensions ['colcon_meta']
[1.318s] Level 1:colcon.colcon_core.package_identification:_identify(.) by extension 'colcon_meta'
[1.318s] Level 1:colcon.colcon_core.package_identification:_identify(.) by extensions ['ros']
[1.318s] Level 1:colcon.colcon_core.package_identification:_identify(.) by extension 'ros'
[1.326s] Level 1:colcon.colcon_core.package_identification:_identify(.) by extensions ['cmake', 'python']
[1.326s] Level 1:colcon.colcon_core.package_identification:_identify(.) by extension 'cmake'
[1.326s] Level 1:colcon.colcon_core.package_identification:_identify(.) by extension 'python'
[1.326s] Level 1:colcon.colcon_core.package_identification:_identify(.) by extensions ['python_setup_py']
[1.326s] Level 1:colcon.colcon_core.package_identification:_identify(.) by extension 'python_setup_py'
[1.326s] Level 1:colcon.colcon_core.package_identification:_identify(build) by extensions ['ignore', 'ignore_ament_install']
[1.326s] Level 1:colcon.colcon_core.package_identification:_identify(build) by extension 'ignore'
[1.326s] Level 1:colcon.colcon_core.package_identification:_identify(build) ignored
[1.326s] Level 1:colcon.colcon_core.package_identification:_identify(install) by extensions ['ignore', 'ignore_ament_install']
[1.326s] Level 1:colcon.colcon_core.package_identification:_identify(install) by extension 'ignore'
[1.327s] Level 1:colcon.colcon_core.package_identification:_identify(install) ignored
[1.327s] Level 1:colcon.colcon_core.package_identification:_identify(launch) by extensions ['ignore', 'ignore_ament_install']
[1.327s] Level 1:colcon.colcon_core.package_identification:_identify(launch) by extension 'ignore'
[1.327s] Level 1:colcon.colcon_core.package_identification:_identify(launch) by extension 'ignore_ament_install'
[1.327s] Level 1:colcon.colcon_core.package_identification:_identify(launch) by extensions ['colcon_pkg']
[1.327s] Level 1:colcon.colcon_core.package_identification:_identify(launch) by extension 'colcon_pkg'
[1.327s] Level 1:colcon.colcon_core.package_identification:_identify(launch) by extensions ['colcon_meta']
[1.327s] Level 1:colcon.colcon_core.package_identification:_identify(launch) by extension 'colcon_meta'
[1.327s] Level 1:colcon.colcon_core.package_identification:_identify(launch) by extensions ['ros']
[1.327s] Level 1:colcon.colcon_core.package_identification:_identify(launch) by extension 'ros'
[1.327s] Level 1:colcon.colcon_core.package_identification:_identify(launch) by extensions ['cmake', 'python']
[1.327s] Level 1:colcon.colcon_core.package_identification:_identify(launch) by extension 'cmake'
[1.327s] Level 1:colcon.colcon_core.package_identification:_identify(launch) by extension 'python'
[1.327s] Level 1:colcon.colcon_core.package_identification:_identify(launch) by extensions ['python_setup_py']
[1.327s] Level 1:colcon.colcon_core.package_identification:_identify(launch) by extension 'python_setup_py'
[1.327s] Level 1:colcon.colcon_core.package_identification:_identify(launch/__pycache__) by extensions ['ignore', 'ignore_ament_install']
[1.327s] Level 1:colcon.colcon_core.package_identification:_identify(launch/__pycache__) by extension 'ignore'
[1.327s] Level 1:colcon.colcon_core.package_identification:_identify(launch/__pycache__) by extension 'ignore_ament_install'
[1.327s] Level 1:colcon.colcon_core.package_identification:_identify(launch/__pycache__) by extensions ['colcon_pkg']
[1.327s] Level 1:colcon.colcon_core.package_identification:_identify(launch/__pycache__) by extension 'colcon_pkg'
[1.327s] Level 1:colcon.colcon_core.package_identification:_identify(launch/__pycache__) by extensions ['colcon_meta']
[1.327s] Level 1:colcon.colcon_core.package_identification:_identify(launch/__pycache__) by extension 'colcon_meta'
[1.327s] Level 1:colcon.colcon_core.package_identification:_identify(launch/__pycache__) by extensions ['ros']
[1.327s] Level 1:colcon.colcon_core.package_identification:_identify(launch/__pycache__) by extension 'ros'
[1.327s] Level 1:colcon.colcon_core.package_identification:_identify(launch/__pycache__) by extensions ['cmake', 'python']
[1.327s] Level 1:colcon.colcon_core.package_identification:_identify(launch/__pycache__) by extension 'cmake'
[1.327s] Level 1:colcon.colcon_core.package_identification:_identify(launch/__pycache__) by extension 'python'
[1.327s] Level 1:colcon.colcon_core.package_identification:_identify(launch/__pycache__) by extensions ['python_setup_py']
[1.327s] Level 1:colcon.colcon_core.package_identification:_identify(launch/__pycache__) by extension 'python_setup_py'
[1.327s] Level 1:colcon.colcon_core.package_identification:_identify(log) by extensions ['ignore', 'ignore_ament_install']
[1.328s] Level 1:colcon.colcon_core.package_identification:_identify(log) by extension 'ignore'
[1.328s] Level 1:colcon.colcon_core.package_identification:_identify(log) ignored
[1.328s] Level 1:colcon.colcon_core.package_identification:_identify(src) by extensions ['ignore', 'ignore_ament_install']
[1.328s] Level 1:colcon.colcon_core.package_identification:_identify(src) by extension 'ignore'
[1.328s] Level 1:colcon.colcon_core.package_identification:_identify(src) by extension 'ignore_ament_install'
[1.328s] Level 1:colcon.colcon_core.package_identification:_identify(src) by extensions ['colcon_pkg']
[1.328s] Level 1:colcon.colcon_core.package_identification:_identify(src) by extension 'colcon_pkg'
[1.328s] Level 1:colcon.colcon_core.package_identification:_identify(src) by extensions ['colcon_meta']
[1.328s] Level 1:colcon.colcon_core.package_identification:_identify(src) by extension 'colcon_meta'
[1.328s] Level 1:colcon.colcon_core.package_identification:_identify(src) by extensions ['ros']
[1.328s] Level 1:colcon.colcon_core.package_identification:_identify(src) by extension 'ros'
[1.328s] Level 1:colcon.colcon_core.package_identification:_identify(src) by extensions ['cmake', 'python']
[1.328s] Level 1:colcon.colcon_core.package_identification:_identify(src) by extension 'cmake'
[1.328s] Level 1:colcon.colcon_core.package_identification:_identify(src) by extension 'python'
[1.328s] Level 1:colcon.colcon_core.package_identification:_identify(src) by extensions ['python_setup_py']
[1.328s] Level 1:colcon.colcon_core.package_identification:_identify(src) by extension 'python_setup_py'
[1.328s] Level 1:colcon.colcon_core.package_identification:_identify(src/controller) by extensions ['ignore', 'ignore_ament_install']
[1.328s] Level 1:colcon.colcon_core.package_identification:_identify(src/controller) by extension 'ignore'
[1.328s] Level 1:colcon.colcon_core.package_identification:_identify(src/controller) by extension 'ignore_ament_install'
[1.328s] Level 1:colcon.colcon_core.package_identification:_identify(src/controller) by extensions ['colcon_pkg']
[1.328s] Level 1:colcon.colcon_core.package_identification:_identify(src/controller) by extension 'colcon_pkg'
[1.328s] Level 1:colcon.colcon_core.package_identification:_identify(src/controller) by extensions ['colcon_meta']
[1.328s] Level 1:colcon.colcon_core.package_identification:_identify(src/controller) by extension 'colcon_meta'
[1.328s] Level 1:colcon.colcon_core.package_identification:_identify(src/controller) by extensions ['ros']
[1.328s] Level 1:colcon.colcon_core.package_identification:_identify(src/controller) by extension 'ros'
[1.330s] DEBUG:colcon.colcon_core.package_identification:Package 'src/controller' with type 'ros.ament_python' and name 'controller'
[1.330s] Level 1:colcon.colcon_core.package_identification:_identify(src/move_square) by extensions ['ignore', 'ignore_ament_install']
[1.330s] Level 1:colcon.colcon_core.package_identification:_identify(src/move_square) by extension 'ignore'
[1.330s] Level 1:colcon.colcon_core.package_identification:_identify(src/move_square) by extension 'ignore_ament_install'
[1.330s] Level 1:colcon.colcon_core.package_identification:_identify(src/move_square) by extensions ['colcon_pkg']
[1.330s] Level 1:colcon.colcon_core.package_identification:_identify(src/move_square) by extension 'colcon_pkg'
[1.330s] Level 1:colcon.colcon_core.package_identification:_identify(src/move_square) by extensions ['colcon_meta']
[1.330s] Level 1:colcon.colcon_core.package_identification:_identify(src/move_square) by extension 'colcon_meta'
[1.330s] Level 1:colcon.colcon_core.package_identification:_identify(src/move_square) by extensions ['ros']
[1.330s] Level 1:colcon.colcon_core.package_identification:_identify(src/move_square) by extension 'ros'
[1.331s] DEBUG:colcon.colcon_core.package_identification:Package 'src/move_square' with type 'ros.ament_python' and name 'move_square'
[1.331s] Level 1:colcon.colcon_core.package_identification:_identify(src/move_turtlebot3) by extensions ['ignore', 'ignore_ament_install']
[1.331s] Level 1:colcon.colcon_core.package_identification:_identify(src/move_turtlebot3) by extension 'ignore'
[1.331s] Level 1:colcon.colcon_core.package_identification:_identify(src/move_turtlebot3) by extension 'ignore_ament_install'
[1.331s] Level 1:colcon.colcon_core.package_identification:_identify(src/move_turtlebot3) by extensions ['colcon_pkg']
[1.331s] Level 1:colcon.colcon_core.package_identification:_identify(src/move_turtlebot3) by extension 'colcon_pkg'
[1.331s] Level 1:colcon.colcon_core.package_identification:_identify(src/move_turtlebot3) by extensions ['colcon_meta']
[1.331s] Level 1:colcon.colcon_core.package_identification:_identify(src/move_turtlebot3) by extension 'colcon_meta'
[1.331s] Level 1:colcon.colcon_core.package_identification:_identify(src/move_turtlebot3) by extensions ['ros']
[1.331s] Level 1:colcon.colcon_core.package_identification:_identify(src/move_turtlebot3) by extension 'ros'
[1.331s] DEBUG:colcon.colcon_core.package_identification:Package 'src/move_turtlebot3' with type 'ros.ament_python' and name 'move_turtlebot3'
[1.331s] Level 1:colcon.colcon_core.package_identification:_identify(src/my_py_pkg) by extensions ['ignore', 'ignore_ament_install']
[1.331s] Level 1:colcon.colcon_core.package_identification:_identify(src/my_py_pkg) by extension 'ignore'
[1.331s] Level 1:colcon.colcon_core.package_identification:_identify(src/my_py_pkg) by extension 'ignore_ament_install'
[1.331s] Level 1:colcon.colcon_core.package_identification:_identify(src/my_py_pkg) by extensions ['colcon_pkg']
[1.331s] Level 1:colcon.colcon_core.package_identification:_identify(src/my_py_pkg) by extension 'colcon_pkg'
[1.331s] Level 1:colcon.colcon_core.package_identification:_identify(src/my_py_pkg) by extensions ['colcon_meta']
[1.331s] Level 1:colcon.colcon_core.package_identification:_identify(src/my_py_pkg) by extension 'colcon_meta'
[1.331s] Level 1:colcon.colcon_core.package_identification:_identify(src/my_py_pkg) by extensions ['ros']
[1.331s] Level 1:colcon.colcon_core.package_identification:_identify(src/my_py_pkg) by extension 'ros'
[1.332s] DEBUG:colcon.colcon_core.package_identification:Package 'src/my_py_pkg' with type 'ros.ament_python' and name 'my_py_pkg'
[1.332s] Level 1:colcon.colcon_core.package_identification:_identify(src/noise) by extensions ['ignore', 'ignore_ament_install']
[1.332s] Level 1:colcon.colcon_core.package_identification:_identify(src/noise) by extension 'ignore'
[1.332s] Level 1:colcon.colcon_core.package_identification:_identify(src/noise) by extension 'ignore_ament_install'
[1.332s] Level 1:colcon.colcon_core.package_identification:_identify(src/noise) by extensions ['colcon_pkg']
[1.332s] Level 1:colcon.colcon_core.package_identification:_identify(src/noise) by extension 'colcon_pkg'
[1.332s] Level 1:colcon.colcon_core.package_identification:_identify(src/noise) by extensions ['colcon_meta']
[1.332s] Level 1:colcon.colcon_core.package_identification:_identify(src/noise) by extension 'colcon_meta'
[1.332s] Level 1:colcon.colcon_core.package_identification:_identify(src/noise) by extensions ['ros']
[1.332s] Level 1:colcon.colcon_core.package_identification:_identify(src/noise) by extension 'ros'
[1.333s] DEBUG:colcon.colcon_core.package_identification:Package 'src/noise' with type 'ros.ament_python' and name 'noise'
[1.333s] Level 1:colcon.colcon_core.package_identification:_identify(src/package_name) by extensions ['ignore', 'ignore_ament_install']
[1.333s] Level 1:colcon.colcon_core.package_identification:_identify(src/package_name) by extension 'ignore'
[1.333s] Level 1:colcon.colcon_core.package_identification:_identify(src/package_name) by extension 'ignore_ament_install'
[1.333s] Level 1:colcon.colcon_core.package_identification:_identify(src/package_name) by extensions ['colcon_pkg']
[1.333s] Level 1:colcon.colcon_core.package_identification:_identify(src/package_name) by extension 'colcon_pkg'
[1.333s] Level 1:colcon.colcon_core.package_identification:_identify(src/package_name) by extensions ['colcon_meta']
[1.333s] Level 1:colcon.colcon_core.package_identification:_identify(src/package_name) by extension 'colcon_meta'
[1.333s] Level 1:colcon.colcon_core.package_identification:_identify(src/package_name) by extensions ['ros']
[1.333s] Level 1:colcon.colcon_core.package_identification:_identify(src/package_name) by extension 'ros'
[1.333s] DEBUG:colcon.colcon_core.package_identification:Package 'src/package_name' with type 'ros.ament_python' and name 'package_name'
[1.333s] Level 1:colcon.colcon_core.package_identification:_identify(src/r2) by extensions ['ignore', 'ignore_ament_install']
[1.333s] Level 1:colcon.colcon_core.package_identification:_identify(src/r2) by extension 'ignore'
[1.333s] Level 1:colcon.colcon_core.package_identification:_identify(src/r2) by extension 'ignore_ament_install'
[1.333s] Level 1:colcon.colcon_core.package_identification:_identify(src/r2) by extensions ['colcon_pkg']
[1.333s] Level 1:colcon.colcon_core.package_identification:_identify(src/r2) by extension 'colcon_pkg'
[1.333s] Level 1:colcon.colcon_core.package_identification:_identify(src/r2) by extensions ['colcon_meta']
[1.333s] Level 1:colcon.colcon_core.package_identification:_identify(src/r2) by extension 'colcon_meta'
[1.333s] Level 1:colcon.colcon_core.package_identification:_identify(src/r2) by extensions ['ros']
[1.333s] Level 1:colcon.colcon_core.package_identification:_identify(src/r2) by extension 'ros'
[1.334s] DEBUG:colcon.colcon_core.package_identification:Package 'src/r2' with type 'ros.ament_python' and name 'r2'
[1.334s] Level 1:colcon.colcon_core.package_identification:_identify(src/turtlebot3) by extensions ['ignore', 'ignore_ament_install']
[1.334s] Level 1:colcon.colcon_core.package_identification:_identify(src/turtlebot3) by extension 'ignore'
[1.334s] Level 1:colcon.colcon_core.package_identification:_identify(src/turtlebot3) by extension 'ignore_ament_install'
[1.334s] Level 1:colcon.colcon_core.package_identification:_identify(src/turtlebot3) by extensions ['colcon_pkg']
[1.334s] Level 1:colcon.colcon_core.package_identification:_identify(src/turtlebot3) by extension 'colcon_pkg'
[1.334s] Level 1:colcon.colcon_core.package_identification:_identify(src/turtlebot3) by extensions ['colcon_meta']
[1.334s] Level 1:colcon.colcon_core.package_identification:_identify(src/turtlebot3) by extension 'colcon_meta'
[1.334s] Level 1:colcon.colcon_core.package_identification:_identify(src/turtlebot3) by extensions ['ros']
[1.334s] Level 1:colcon.colcon_core.package_identification:_identify(src/turtlebot3) by extension 'ros'
[1.334s] DEBUG:colcon.colcon_core.package_identification:Package 'src/turtlebot3' with type 'ros.ament_python' and name 'turtlebot3'
[1.334s] Level 1:colcon.colcon_core.package_discovery:discover_packages(recursive) using defaults
[1.334s] Level 1:colcon.colcon_core.package_discovery:discover_packages(ignore) discover
[1.334s] Level 1:colcon.colcon_core.package_discovery:discover_packages(ignore) using defaults
[1.334s] Level 1:colcon.colcon_core.package_discovery:discover_packages(path) discover
[1.334s] Level 1:colcon.colcon_core.package_discovery:discover_packages(path) using defaults
[1.456s] Level 1:colcon.colcon_core.package_discovery:discover_packages(prefix_path) check parameters
[1.456s] Level 1:colcon.colcon_core.package_discovery:discover_packages(prefix_path) discover
[1.499s] DEBUG:colcon.colcon_installed_package_information.package_discovery:Found 8 installed packages in /home/dcs/Desktop/Lab/Lab1/ros2_ws/install
[1.521s] DEBUG:colcon.colcon_installed_package_information.package_discovery:Found 373 installed packages in /opt/ros/foxy
[1.522s] Level 1:colcon.colcon_core.package_discovery:discover_packages(prefix_path) using defaults
[1.617s] Level 5:colcon.colcon_core.verb:set package 'controller' build argument 'cmake_args' from command line to 'None'
[1.617s] Level 5:colcon.colcon_core.verb:set package 'controller' build argument 'cmake_target' from command line to 'None'
[1.617s] Level 5:colcon.colcon_core.verb:set package 'controller' build argument 'cmake_target_skip_unavailable' from command line to 'False'
[1.617s] Level 5:colcon.colcon_core.verb:set package 'controller' build argument 'cmake_clean_cache' from command line to 'False'
[1.617s] Level 5:colcon.colcon_core.verb:set package 'controller' build argument 'cmake_clean_first' from command line to 'False'
[1.617s] Level 5:colcon.colcon_core.verb:set package 'controller' build argument 'cmake_force_configure' from command line to 'False'
[1.617s] Level 5:colcon.colcon_core.verb:set package 'controller' build argument 'ament_cmake_args' from command line to 'None'
[1.617s] Level 5:colcon.colcon_core.verb:set package 'controller' build argument 'catkin_cmake_args' from command line to 'None'
[1.617s] Level 5:colcon.colcon_core.verb:set package 'controller' build argument 'catkin_skip_building_tests' from command line to 'False'
[1.617s] DEBUG:colcon.colcon_core.verb:Building package 'controller' with the following arguments: {'ament_cmake_args': None, 'build_base': '/home/dcs/Desktop/Lab/Lab1/ros2_ws/build/controller', 'catkin_cmake_args': None, 'catkin_skip_building_tests': False, 'cmake_args': None, 'cmake_clean_cache': False, 'cmake_clean_first': False, 'cmake_force_configure': False, 'cmake_target': None, 'cmake_target_skip_unavailable': False, 'install_base': '/home/dcs/Desktop/Lab/Lab1/ros2_ws/install/controller', 'merge_install': False, 'path': '/home/dcs/Desktop/Lab/Lab1/ros2_ws/src/controller', 'symlink_install': False, 'test_result_base': None}
[1.644s] Level 5:colcon.colcon_core.verb:set package 'move_square' build argument 'cmake_args' from command line to 'None'
[1.644s] Level 5:colcon.colcon_core.verb:set package 'move_square' build argument 'cmake_target' from command line to 'None'
[1.644s] Level 5:colcon.colcon_core.verb:set package 'move_square' build argument 'cmake_target_skip_unavailable' from command line to 'False'
[1.644s] Level 5:colcon.colcon_core.verb:set package 'move_square' build argument 'cmake_clean_cache' from command line to 'False'
[1.644s] Level 5:colcon.colcon_core.verb:set package 'move_square' build argument 'cmake_clean_first' from command line to 'False'
[1.644s] Level 5:colcon.colcon_core.verb:set package 'move_square' build argument 'cmake_force_configure' from command line to 'False'
[1.644s] Level 5:colcon.colcon_core.verb:set package 'move_square' build argument 'ament_cmake_args' from command line to 'None'
[1.644s] Level 5:colcon.colcon_core.verb:set package 'move_square' build argument 'catkin_cmake_args' from command line to 'None'
[1.644s] Level 5:colcon.colcon_core.verb:set package 'move_square' build argument 'catkin_skip_building_tests' from command line to 'False'
[1.644s] DEBUG:colcon.colcon_core.verb:Building package 'move_square' with the following arguments: {'ament_cmake_args': None, 'build_base': '/home/dcs/Desktop/Lab/Lab1/ros2_ws/build/move_square', 'catkin_cmake_args': None, 'catkin_skip_building_tests': False, 'cmake_args': None, 'cmake_clean_cache': False, 'cmake_clean_first': False, 'cmake_force_configure': False, 'cmake_target': None, 'cmake_target_skip_unavailable': False, 'install_base': '/home/dcs/Desktop/Lab/Lab1/ros2_ws/install/move_square', 'merge_install': False, 'path': '/home/dcs/Desktop/Lab/Lab1/ros2_ws/src/move_square', 'symlink_install': False, 'test_result_base': None}
[1.665s] Level 5:colcon.colcon_core.verb:set package 'move_turtlebot3' build argument 'cmake_args' from command line to 'None'
[1.665s] Level 5:colcon.colcon_core.verb:set package 'move_turtlebot3' build argument 'cmake_target' from command line to 'None'
[1.665s] Level 5:colcon.colcon_core.verb:set package 'move_turtlebot3' build argument 'cmake_target_skip_unavailable' from command line to 'False'
[1.665s] Level 5:colcon.colcon_core.verb:set package 'move_turtlebot3' build argument 'cmake_clean_cache' from command line to 'False'
[1.665s] Level 5:colcon.colcon_core.verb:set package 'move_turtlebot3' build argument 'cmake_clean_first' from command line to 'False'
[1.665s] Level 5:colcon.colcon_core.verb:set package 'move_turtlebot3' build argument 'cmake_force_configure' from command line to 'False'
[1.665s] Level 5:colcon.colcon_core.verb:set package 'move_turtlebot3' build argument 'ament_cmake_args' from command line to 'None'
[1.665s] Level 5:colcon.colcon_core.verb:set package 'move_turtlebot3' build argument 'catkin_cmake_args' from command line to 'None'
[1.665s] Level 5:colcon.colcon_core.verb:set package 'move_turtlebot3' build argument 'catkin_skip_building_tests' from command line to 'False'
[1.665s] DEBUG:colcon.colcon_core.verb:Building package 'move_turtlebot3' with the following arguments: {'ament_cmake_args': None, 'build_base': '/home/dcs/Desktop/Lab/Lab1/ros2_ws/build/move_turtlebot3', 'catkin_cmake_args': None, 'catkin_skip_building_tests': False, 'cmake_args': None, 'cmake_clean_cache': False, 'cmake_clean_first': False, 'cmake_force_configure': False, 'cmake_target': None, 'cmake_target_skip_unavailable': False, 'install_base': '/home/dcs/Desktop/Lab/Lab1/ros2_ws/install/move_turtlebot3', 'merge_install': False, 'path': '/home/dcs/Desktop/Lab/Lab1/ros2_ws/src/move_turtlebot3', 'symlink_install': False, 'test_result_base': None}
[1.686s] Level 5:colcon.colcon_core.verb:set package 'my_py_pkg' build argument 'cmake_args' from command line to 'None'
[1.686s] Level 5:colcon.colcon_core.verb:set package 'my_py_pkg' build argument 'cmake_target' from command line to 'None'
[1.686s] Level 5:colcon.colcon_core.verb:set package 'my_py_pkg' build argument 'cmake_target_skip_unavailable' from command line to 'False'
[1.686s] Level 5:colcon.colcon_core.verb:set package 'my_py_pkg' build argument 'cmake_clean_cache' from command line to 'False'
[1.686s] Level 5:colcon.colcon_core.verb:set package 'my_py_pkg' build argument 'cmake_clean_first' from command line to 'False'
[1.686s] Level 5:colcon.colcon_core.verb:set package 'my_py_pkg' build argument 'cmake_force_configure' from command line to 'False'
[1.686s] Level 5:colcon.colcon_core.verb:set package 'my_py_pkg' build argument 'ament_cmake_args' from command line to 'None'
[1.686s] Level 5:colcon.colcon_core.verb:set package 'my_py_pkg' build argument 'catkin_cmake_args' from command line to 'None'
[1.686s] Level 5:colcon.colcon_core.verb:set package 'my_py_pkg' build argument 'catkin_skip_building_tests' from command line to 'False'
[1.686s] DEBUG:colcon.colcon_core.verb:Building package 'my_py_pkg' with the following arguments: {'ament_cmake_args': None, 'build_base': '/home/dcs/Desktop/Lab/Lab1/ros2_ws/build/my_py_pkg', 'catkin_cmake_args': None, 'catkin_skip_building_tests': False, 'cmake_args': None, 'cmake_clean_cache': False, 'cmake_clean_first': False, 'cmake_force_configure': False, 'cmake_target': None, 'cmake_target_skip_unavailable': False, 'install_base': '/home/dcs/Desktop/Lab/Lab1/ros2_ws/install/my_py_pkg', 'merge_install': False, 'path': '/home/dcs/Desktop/Lab/Lab1/ros2_ws/src/my_py_pkg', 'symlink_install': False, 'test_result_base': None}
[1.706s] Level 5:colcon.colcon_core.verb:set package 'noise' build argument 'cmake_args' from command line to 'None'
[1.706s] Level 5:colcon.colcon_core.verb:set package 'noise' build argument 'cmake_target' from command line to 'None'
[1.706s] Level 5:colcon.colcon_core.verb:set package 'noise' build argument 'cmake_target_skip_unavailable' from command line to 'False'
[1.706s] Level 5:colcon.colcon_core.verb:set package 'noise' build argument 'cmake_clean_cache' from command line to 'False'
[1.706s] Level 5:colcon.colcon_core.verb:set package 'noise' build argument 'cmake_clean_first' from command line to 'False'
[1.706s] Level 5:colcon.colcon_core.verb:set package 'noise' build argument 'cmake_force_configure' from command line to 'False'
[1.706s] Level 5:colcon.colcon_core.verb:set package 'noise' build argument 'ament_cmake_args' from command line to 'None'
[1.706s] Level 5:colcon.colcon_core.verb:set package 'noise' build argument 'catkin_cmake_args' from command line to 'None'
[1.706s] Level 5:colcon.colcon_core.verb:set package 'noise' build argument 'catkin_skip_building_tests' from command line to 'False'
[1.706s] DEBUG:colcon.colcon_core.verb:Building package 'noise' with the following arguments: {'ament_cmake_args': None, 'build_base': '/home/dcs/Desktop/Lab/Lab1/ros2_ws/build/noise', 'catkin_cmake_args': None, 'catkin_skip_building_tests': False, 'cmake_args': None, 'cmake_clean_cache': False, 'cmake_clean_first': False, 'cmake_force_configure': False, 'cmake_target': None, 'cmake_target_skip_unavailable': False, 'install_base': '/home/dcs/Desktop/Lab/Lab1/ros2_ws/install/noise', 'merge_install': False, 'path': '/home/dcs/Desktop/Lab/Lab1/ros2_ws/src/noise', 'symlink_install': False, 'test_result_base': None}
[1.727s] Level 5:colcon.colcon_core.verb:set package 'package_name' build argument 'cmake_args' from command line to 'None'
[1.727s] Level 5:colcon.colcon_core.verb:set package 'package_name' build argument 'cmake_target' from command line to 'None'
[1.727s] Level 5:colcon.colcon_core.verb:set package 'package_name' build argument 'cmake_target_skip_unavailable' from command line to 'False'
[1.727s] Level 5:colcon.colcon_core.verb:set package 'package_name' build argument 'cmake_clean_cache' from command line to 'False'
[1.727s] Level 5:colcon.colcon_core.verb:set package 'package_name' build argument 'cmake_clean_first' from command line to 'False'
[1.727s] Level 5:colcon.colcon_core.verb:set package 'package_name' build argument 'cmake_force_configure' from command line to 'False'
[1.727s] Level 5:colcon.colcon_core.verb:set package 'package_name' build argument 'ament_cmake_args' from command line to 'None'
[1.727s] Level 5:colcon.colcon_core.verb:set package 'package_name' build argument 'catkin_cmake_args' from command line to 'None'
[1.727s] Level 5:colcon.colcon_core.verb:set package 'package_name' build argument 'catkin_skip_building_tests' from command line to 'False'
[1.727s] DEBUG:colcon.colcon_core.verb:Building package 'package_name' with the following arguments: {'ament_cmake_args': None, 'build_base': '/home/dcs/Desktop/Lab/Lab1/ros2_ws/build/package_name', 'catkin_cmake_args': None, 'catkin_skip_building_tests': False, 'cmake_args': None, 'cmake_clean_cache': False, 'cmake_clean_first': False, 'cmake_force_configure': False, 'cmake_target': None, 'cmake_target_skip_unavailable': False, 'install_base': '/home/dcs/Desktop/Lab/Lab1/ros2_ws/install/package_name', 'merge_install': False, 'path': '/home/dcs/Desktop/Lab/Lab1/ros2_ws/src/package_name', 'symlink_install': False, 'test_result_base': None}
[1.748s] Level 5:colcon.colcon_core.verb:set package 'r2' build argument 'cmake_args' from command line to 'None'
[1.748s] Level 5:colcon.colcon_core.verb:set package 'r2' build argument 'cmake_target' from command line to 'None'
[1.748s] Level 5:colcon.colcon_core.verb:set package 'r2' build argument 'cmake_target_skip_unavailable' from command line to 'False'
[1.748s] Level 5:colcon.colcon_core.verb:set package 'r2' build argument 'cmake_clean_cache' from command line to 'False'
[1.748s] Level 5:colcon.colcon_core.verb:set package 'r2' build argument 'cmake_clean_first' from command line to 'False'
[1.748s] Level 5:colcon.colcon_core.verb:set package 'r2' build argument 'cmake_force_configure' from command line to 'False'
[1.748s] Level 5:colcon.colcon_core.verb:set package 'r2' build argument 'ament_cmake_args' from command line to 'None'
[1.748s] Level 5:colcon.colcon_core.verb:set package 'r2' build argument 'catkin_cmake_args' from command line to 'None'
[1.748s] Level 5:colcon.colcon_core.verb:set package 'r2' build argument 'catkin_skip_building_tests' from command line to 'False'
[1.748s] DEBUG:colcon.colcon_core.verb:Building package 'r2' with the following arguments: {'ament_cmake_args': None, 'build_base': '/home/dcs/Desktop/Lab/Lab1/ros2_ws/build/r2', 'catkin_cmake_args': None, 'catkin_skip_building_tests': False, 'cmake_args': None, 'cmake_clean_cache': False, 'cmake_clean_first': False, 'cmake_force_configure': False, 'cmake_target': None, 'cmake_target_skip_unavailable': False, 'install_base': '/home/dcs/Desktop/Lab/Lab1/ros2_ws/install/r2', 'merge_install': False, 'path': '/home/dcs/Desktop/Lab/Lab1/ros2_ws/src/r2', 'symlink_install': False, 'test_result_base': None}
[1.768s] Level 5:colcon.colcon_core.verb:set package 'turtlebot3' build argument 'cmake_args' from command line to 'None'
[1.768s] Level 5:colcon.colcon_core.verb:set package 'turtlebot3' build argument 'cmake_target' from command line to 'None'
[1.768s] Level 5:colcon.colcon_core.verb:set package 'turtlebot3' build argument 'cmake_target_skip_unavailable' from command line to 'False'
[1.769s] Level 5:colcon.colcon_core.verb:set package 'turtlebot3' build argument 'cmake_clean_cache' from command line to 'False'
[1.769s] Level 5:colcon.colcon_core.verb:set package 'turtlebot3' build argument 'cmake_clean_first' from command line to 'False'
[1.769s] Level 5:colcon.colcon_core.verb:set package 'turtlebot3' build argument 'cmake_force_configure' from command line to 'False'
[1.769s] Level 5:colcon.colcon_core.verb:set package 'turtlebot3' build argument 'ament_cmake_args' from command line to 'None'
[1.769s] Level 5:colcon.colcon_core.verb:set package 'turtlebot3' build argument 'catkin_cmake_args' from command line to 'None'
[1.769s] Level 5:colcon.colcon_core.verb:set package 'turtlebot3' build argument 'catkin_skip_building_tests' from command line to 'False'
[1.769s] DEBUG:colcon.colcon_core.verb:Building package 'turtlebot3' with the following arguments: {'ament_cmake_args': None, 'build_base': '/home/dcs/Desktop/Lab/Lab1/ros2_ws/build/turtlebot3', 'catkin_cmake_args': None, 'catkin_skip_building_tests': False, 'cmake_args': None, 'cmake_clean_cache': False, 'cmake_clean_first': False, 'cmake_force_configure': False, 'cmake_target': None, 'cmake_target_skip_unavailable': False, 'install_base': '/home/dcs/Desktop/Lab/Lab1/ros2_ws/install/turtlebot3', 'merge_install': False, 'path': '/home/dcs/Desktop/Lab/Lab1/ros2_ws/src/turtlebot3', 'symlink_install': False, 'test_result_base': None}
[1.789s] INFO:colcon.colcon_core.executor:Executing jobs using 'parallel' executor
[1.810s] DEBUG:colcon.colcon_parallel_executor.executor.parallel:run_until_complete
[1.811s] INFO:colcon.colcon_ros.task.ament_python.build:Building ROS package in '/home/dcs/Desktop/Lab/Lab1/ros2_ws/src/controller' with build type 'ament_python'
[1.811s] Level 1:colcon.colcon_core.shell:create_environment_hook('controller', 'ament_prefix_path')
[1.833s] INFO:colcon.colcon_core.plugin_system:Skipping extension 'colcon_core.shell.bat': Not used on non-Windows systems
[1.833s] INFO:colcon.colcon_core.shell:Creating environment hook '/home/dcs/Desktop/Lab/Lab1/ros2_ws/install/controller/share/controller/hook/ament_prefix_path.ps1'
[1.834s] INFO:colcon.colcon_core.shell:Creating environment descriptor '/home/dcs/Desktop/Lab/Lab1/ros2_ws/install/controller/share/controller/hook/ament_prefix_path.dsv'
[1.835s] INFO:colcon.colcon_core.shell:Creating environment hook '/home/dcs/Desktop/Lab/Lab1/ros2_ws/install/controller/share/controller/hook/ament_prefix_path.sh'
[1.856s] INFO:colcon.colcon_core.shell:Skip shell extension 'powershell' for command environment: Not usable outside of PowerShell
[1.857s] DEBUG:colcon.colcon_core.shell:Skip shell extension 'dsv' for command environment
[1.931s] INFO:colcon.colcon_ros.task.ament_python.build:Building ROS package in '/home/dcs/Desktop/Lab/Lab1/ros2_ws/src/move_square' with build type 'ament_python'
[1.931s] Level 1:colcon.colcon_core.shell:create_environment_hook('move_square', 'ament_prefix_path')
[1.953s] INFO:colcon.colcon_core.shell:Creating environment hook '/home/dcs/Desktop/Lab/Lab1/ros2_ws/install/move_square/share/move_square/hook/ament_prefix_path.ps1'
[1.954s] INFO:colcon.colcon_core.shell:Creating environment descriptor '/home/dcs/Desktop/Lab/Lab1/ros2_ws/install/move_square/share/move_square/hook/ament_prefix_path.dsv'
[1.954s] INFO:colcon.colcon_core.shell:Creating environment hook '/home/dcs/Desktop/Lab/Lab1/ros2_ws/install/move_square/share/move_square/hook/ament_prefix_path.sh'
[1.976s] INFO:colcon.colcon_core.shell:Skip shell extension 'powershell' for command environment: Not usable outside of PowerShell
[1.976s] DEBUG:colcon.colcon_core.shell:Skip shell extension 'dsv' for command environment
[2.044s] INFO:colcon.colcon_ros.task.ament_python.build:Building ROS package in '/home/dcs/Desktop/Lab/Lab1/ros2_ws/src/move_turtlebot3' with build type 'ament_python'
[2.045s] Level 1:colcon.colcon_core.shell:create_environment_hook('move_turtlebot3', 'ament_prefix_path')
[2.067s] INFO:colcon.colcon_core.shell:Creating environment hook '/home/dcs/Desktop/Lab/Lab1/ros2_ws/install/move_turtlebot3/share/move_turtlebot3/hook/ament_prefix_path.ps1'
[2.067s] INFO:colcon.colcon_core.shell:Creating environment descriptor '/home/dcs/Desktop/Lab/Lab1/ros2_ws/install/move_turtlebot3/share/move_turtlebot3/hook/ament_prefix_path.dsv'
[2.067s] INFO:colcon.colcon_core.shell:Creating environment hook '/home/dcs/Desktop/Lab/Lab1/ros2_ws/install/move_turtlebot3/share/move_turtlebot3/hook/ament_prefix_path.sh'
[2.089s] INFO:colcon.colcon_core.shell:Skip shell extension 'powershell' for command environment: Not usable outside of PowerShell
[2.089s] DEBUG:colcon.colcon_core.shell:Skip shell extension 'dsv' for command environment
[2.157s] INFO:colcon.colcon_ros.task.ament_python.build:Building ROS package in '/home/dcs/Desktop/Lab/Lab1/ros2_ws/src/my_py_pkg' with build type 'ament_python'
[2.158s] Level 1:colcon.colcon_core.shell:create_environment_hook('my_py_pkg', 'ament_prefix_path')
[2.180s] INFO:colcon.colcon_core.shell:Creating environment hook '/home/dcs/Desktop/Lab/Lab1/ros2_ws/install/my_py_pkg/share/my_py_pkg/hook/ament_prefix_path.ps1'
[2.181s] INFO:colcon.colcon_core.shell:Creating environment descriptor '/home/dcs/Desktop/Lab/Lab1/ros2_ws/install/my_py_pkg/share/my_py_pkg/hook/ament_prefix_path.dsv'
[2.181s] INFO:colcon.colcon_core.shell:Creating environment hook '/home/dcs/Desktop/Lab/Lab1/ros2_ws/install/my_py_pkg/share/my_py_pkg/hook/ament_prefix_path.sh'
[2.203s] INFO:colcon.colcon_core.shell:Skip shell extension 'powershell' for command environment: Not usable outside of PowerShell
[2.203s] DEBUG:colcon.colcon_core.shell:Skip shell extension 'dsv' for command environment
[2.439s] INFO:colcon.colcon_core.task.python.build:Building Python package in '/home/dcs/Desktop/Lab/Lab1/ros2_ws/src/controller'
[2.462s] INFO:colcon.colcon_core.shell:Skip shell extension 'powershell' for command environment: Not usable outside of PowerShell
[2.462s] DEBUG:colcon.colcon_core.shell:Skip shell extension 'dsv' for command environment
[2.698s] INFO:colcon.colcon_core.task.python.build:Building Python package in '/home/dcs/Desktop/Lab/Lab1/ros2_ws/src/move_square'
[2.722s] INFO:colcon.colcon_core.shell:Skip shell extension 'powershell' for command environment: Not usable outside of PowerShell
[2.722s] DEBUG:colcon.colcon_core.shell:Skip shell extension 'dsv' for command environment
[2.944s] INFO:colcon.colcon_core.task.python.build:Building Python package in '/home/dcs/Desktop/Lab/Lab1/ros2_ws/src/move_turtlebot3'
[2.967s] INFO:colcon.colcon_core.shell:Skip shell extension 'powershell' for command environment: Not usable outside of PowerShell
[2.967s] DEBUG:colcon.colcon_core.shell:Skip shell extension 'dsv' for command environment
[3.192s] INFO:colcon.colcon_core.task.python.build:Building Python package in '/home/dcs/Desktop/Lab/Lab1/ros2_ws/src/my_py_pkg'
[3.215s] INFO:colcon.colcon_core.shell:Skip shell extension 'powershell' for command environment: Not usable outside of PowerShell
[3.215s] DEBUG:colcon.colcon_core.shell:Skip shell extension 'dsv' for command environment
[3.689s] DEBUG:colcon.colcon_core.event_handler.log_command:Invoking command in '/home/dcs/Desktop/Lab/Lab1/ros2_ws/src/move_square': PYTHONPATH=/home/dcs/Desktop/Lab/Lab1/ros2_ws/build/move_square/prefix_override:/home/dcs/Desktop/Lab/Lab1/ros2_ws/install/move_square/lib/python3.8/site-packages:${PYTHONPATH} /usr/bin/python3 setup.py egg_info --egg-base ../../build/move_square build --build-base /home/dcs/Desktop/Lab/Lab1/ros2_ws/build/move_square/build install --record /home/dcs/Desktop/Lab/Lab1/ros2_ws/build/move_square/install.log --install-scripts $base/lib/move_square --single-version-externally-managed
[3.713s] DEBUG:colcon.colcon_core.event_handler.log_command:Invoking command in '/home/dcs/Desktop/Lab/Lab1/ros2_ws/src/controller': PYTHONPATH=/home/dcs/Desktop/Lab/Lab1/ros2_ws/build/controller/prefix_override:/home/dcs/Desktop/Lab/Lab1/ros2_ws/install/controller/lib/python3.8/site-packages:${PYTHONPATH} /usr/bin/python3 setup.py egg_info --egg-base ../../build/controller build --build-base /home/dcs/Desktop/Lab/Lab1/ros2_ws/build/controller/build install --record /home/dcs/Desktop/Lab/Lab1/ros2_ws/build/controller/install.log --install-scripts $base/lib/controller --single-version-externally-managed
[3.732s] DEBUG:colcon.colcon_core.event_handler.log_command:Invoking command in '/home/dcs/Desktop/Lab/Lab1/ros2_ws/src/move_turtlebot3': PYTHONPATH=/home/dcs/Desktop/Lab/Lab1/ros2_ws/build/move_turtlebot3/prefix_override:/home/dcs/Desktop/Lab/Lab1/ros2_ws/install/move_turtlebot3/lib/python3.8/site-packages:${PYTHONPATH} /usr/bin/python3 setup.py egg_info --egg-base ../../build/move_turtlebot3 build --build-base /home/dcs/Desktop/Lab/Lab1/ros2_ws/build/move_turtlebot3/build install --record /home/dcs/Desktop/Lab/Lab1/ros2_ws/build/move_turtlebot3/install.log --install-scripts $base/lib/move_turtlebot3 --single-version-externally-managed
[3.805s] DEBUG:colcon.colcon_core.event_handler.log_command:Invoking command in '/home/dcs/Desktop/Lab/Lab1/ros2_ws/src/my_py_pkg': PYTHONPATH=/home/dcs/Desktop/Lab/Lab1/ros2_ws/build/my_py_pkg/prefix_override:/home/dcs/Desktop/Lab/Lab1/ros2_ws/install/my_py_pkg/lib/python3.8/site-packages:${PYTHONPATH} /usr/bin/python3 setup.py egg_info --egg-base ../../build/my_py_pkg build --build-base /home/dcs/Desktop/Lab/Lab1/ros2_ws/build/my_py_pkg/build install --record /home/dcs/Desktop/Lab/Lab1/ros2_ws/build/my_py_pkg/install.log --install-scripts $base/lib/my_py_pkg --single-version-externally-managed
[4.023s] DEBUG:colcon.colcon_core.event_handler.log_command:Invoked command in '/home/dcs/Desktop/Lab/Lab1/ros2_ws/src/move_turtlebot3' returned '0': PYTHONPATH=/home/dcs/Desktop/Lab/Lab1/ros2_ws/build/move_turtlebot3/prefix_override:/home/dcs/Desktop/Lab/Lab1/ros2_ws/install/move_turtlebot3/lib/python3.8/site-packages:${PYTHONPATH} /usr/bin/python3 setup.py egg_info --egg-base ../../build/move_turtlebot3 build --build-base /home/dcs/Desktop/Lab/Lab1/ros2_ws/build/move_turtlebot3/build install --record /home/dcs/Desktop/Lab/Lab1/ros2_ws/build/move_turtlebot3/install.log --install-scripts $base/lib/move_turtlebot3 --single-version-externally-managed
[4.078s] Level 1:colcon.colcon_core.environment:checking '/home/dcs/Desktop/Lab/Lab1/ros2_ws/install/move_turtlebot3' for CMake module files
[4.078s] Level 1:colcon.colcon_core.environment:checking '/home/dcs/Desktop/Lab/Lab1/ros2_ws/install/move_turtlebot3' for CMake config files
[4.079s] Level 1:colcon.colcon_core.environment:checking '/home/dcs/Desktop/Lab/Lab1/ros2_ws/install/move_turtlebot3/lib'
[4.079s] Level 1:colcon.colcon_core.environment:checking '/home/dcs/Desktop/Lab/Lab1/ros2_ws/install/move_turtlebot3/bin'
[4.079s] Level 1:colcon.colcon_core.environment:checking '/home/dcs/Desktop/Lab/Lab1/ros2_ws/install/move_turtlebot3/lib/pkgconfig/move_turtlebot3.pc'
[4.079s] Level 1:colcon.colcon_core.environment:checking '/home/dcs/Desktop/Lab/Lab1/ros2_ws/install/move_turtlebot3/lib/python3.8/site-packages'
[4.079s] Level 1:colcon.colcon_core.shell:create_environment_hook('move_turtlebot3', 'pythonpath')
[4.107s] INFO:colcon.colcon_core.shell:Creating environment hook '/home/dcs/Desktop/Lab/Lab1/ros2_ws/install/move_turtlebot3/share/move_turtlebot3/hook/pythonpath.ps1'
[4.108s] INFO:colcon.colcon_core.shell:Creating environment descriptor '/home/dcs/Desktop/Lab/Lab1/ros2_ws/install/move_turtlebot3/share/move_turtlebot3/hook/pythonpath.dsv'
[4.109s] INFO:colcon.colcon_core.shell:Creating environment hook '/home/dcs/Desktop/Lab/Lab1/ros2_ws/install/move_turtlebot3/share/move_turtlebot3/hook/pythonpath.sh'
[4.109s] Level 1:colcon.colcon_core.environment:checking '/home/dcs/Desktop/Lab/Lab1/ros2_ws/install/move_turtlebot3/bin'
[4.109s] Level 1:colcon.colcon_core.environment:create_environment_scripts_only(move_turtlebot3)
[4.132s] INFO:colcon.colcon_core.shell:Creating package script '/home/dcs/Desktop/Lab/Lab1/ros2_ws/install/move_turtlebot3/share/move_turtlebot3/package.ps1'
[4.133s] INFO:colcon.colcon_core.shell:Creating package descriptor '/home/dcs/Desktop/Lab/Lab1/ros2_ws/install/move_turtlebot3/share/move_turtlebot3/package.dsv'
[4.134s] INFO:colcon.colcon_core.shell:Creating package script '/home/dcs/Desktop/Lab/Lab1/ros2_ws/install/move_turtlebot3/share/move_turtlebot3/package.sh'
[4.135s] INFO:colcon.colcon_core.shell:Creating package script '/home/dcs/Desktop/Lab/Lab1/ros2_ws/install/move_turtlebot3/share/move_turtlebot3/package.bash'
[4.136s] INFO:colcon.colcon_core.shell:Creating package script '/home/dcs/Desktop/Lab/Lab1/ros2_ws/install/move_turtlebot3/share/move_turtlebot3/package.zsh'
[4.136s] Level 1:colcon.colcon_core.environment:create_file_with_runtime_dependencies(/home/dcs/Desktop/Lab/Lab1/ros2_ws/install/move_turtlebot3/share/colcon-core/packages/move_turtlebot3)
[4.138s] INFO:colcon.colcon_ros.task.ament_python.build:Building ROS package in '/home/dcs/Desktop/Lab/Lab1/ros2_ws/src/noise' with build type 'ament_python'
[4.138s] Level 1:colcon.colcon_core.shell:create_environment_hook('noise', 'ament_prefix_path')
[4.162s] INFO:colcon.colcon_core.shell:Creating environment hook '/home/dcs/Desktop/Lab/Lab1/ros2_ws/install/noise/share/noise/hook/ament_prefix_path.ps1'
[4.163s] INFO:colcon.colcon_core.shell:Creating environment descriptor '/home/dcs/Desktop/Lab/Lab1/ros2_ws/install/noise/share/noise/hook/ament_prefix_path.dsv'
[4.163s] INFO:colcon.colcon_core.shell:Creating environment hook '/home/dcs/Desktop/Lab/Lab1/ros2_ws/install/noise/share/noise/hook/ament_prefix_path.sh'
[4.187s] INFO:colcon.colcon_core.shell:Skip shell extension 'powershell' for command environment: Not usable outside of PowerShell
[4.187s] DEBUG:colcon.colcon_core.shell:Skip shell extension 'dsv' for command environment
[4.264s] DEBUG:colcon.colcon_core.event_handler.log_command:Invoked command in '/home/dcs/Desktop/Lab/Lab1/ros2_ws/src/move_square' returned '0': PYTHONPATH=/home/dcs/Desktop/Lab/Lab1/ros2_ws/build/move_square/prefix_override:/home/dcs/Desktop/Lab/Lab1/ros2_ws/install/move_square/lib/python3.8/site-packages:${PYTHONPATH} /usr/bin/python3 setup.py egg_info --egg-base ../../build/move_square build --build-base /home/dcs/Desktop/Lab/Lab1/ros2_ws/build/move_square/build install --record /home/dcs/Desktop/Lab/Lab1/ros2_ws/build/move_square/install.log --install-scripts $base/lib/move_square --single-version-externally-managed
[4.279s] Level 1:colcon.colcon_core.environment:checking '/home/dcs/Desktop/Lab/Lab1/ros2_ws/install/move_square' for CMake module files
[4.279s] Level 1:colcon.colcon_core.environment:checking '/home/dcs/Desktop/Lab/Lab1/ros2_ws/install/move_square' for CMake config files
[4.279s] Level 1:colcon.colcon_core.environment:checking '/home/dcs/Desktop/Lab/Lab1/ros2_ws/install/move_square/lib'
[4.280s] Level 1:colcon.colcon_core.environment:checking '/home/dcs/Desktop/Lab/Lab1/ros2_ws/install/move_square/bin'
[4.280s] Level 1:colcon.colcon_core.environment:checking '/home/dcs/Desktop/Lab/Lab1/ros2_ws/install/move_square/lib/pkgconfig/move_square.pc'
[4.280s] Level 1:colcon.colcon_core.environment:checking '/home/dcs/Desktop/Lab/Lab1/ros2_ws/install/move_square/lib/python3.8/site-packages'
[4.280s] Level 1:colcon.colcon_core.shell:create_environment_hook('move_square', 'pythonpath')
[4.301s] INFO:colcon.colcon_core.shell:Creating environment hook '/home/dcs/Desktop/Lab/Lab1/ros2_ws/install/move_square/share/move_square/hook/pythonpath.ps1'
[4.301s] INFO:colcon.colcon_core.shell:Creating environment descriptor '/home/dcs/Desktop/Lab/Lab1/ros2_ws/install/move_square/share/move_square/hook/pythonpath.dsv'
[4.301s] INFO:colcon.colcon_core.shell:Creating environment hook '/home/dcs/Desktop/Lab/Lab1/ros2_ws/install/move_square/share/move_square/hook/pythonpath.sh'
[4.302s] Level 1:colcon.colcon_core.environment:checking '/home/dcs/Desktop/Lab/Lab1/ros2_ws/install/move_square/bin'
[4.302s] Level 1:colcon.colcon_core.environment:create_environment_scripts_only(move_square)
[4.323s] INFO:colcon.colcon_core.shell:Creating package script '/home/dcs/Desktop/Lab/Lab1/ros2_ws/install/move_square/share/move_square/package.ps1'
[4.323s] INFO:colcon.colcon_core.shell:Creating package descriptor '/home/dcs/Desktop/Lab/Lab1/ros2_ws/install/move_square/share/move_square/package.dsv'
[4.324s] INFO:colcon.colcon_core.shell:Creating package script '/home/dcs/Desktop/Lab/Lab1/ros2_ws/install/move_square/share/move_square/package.sh'
[4.324s] INFO:colcon.colcon_core.shell:Creating package script '/home/dcs/Desktop/Lab/Lab1/ros2_ws/install/move_square/share/move_square/package.bash'
[4.324s] INFO:colcon.colcon_core.shell:Creating package script '/home/dcs/Desktop/Lab/Lab1/ros2_ws/install/move_square/share/move_square/package.zsh'
[4.325s] Level 1:colcon.colcon_core.environment:create_file_with_runtime_dependencies(/home/dcs/Desktop/Lab/Lab1/ros2_ws/install/move_square/share/colcon-core/packages/move_square)
[4.326s] DEBUG:colcon.colcon_core.event_handler.log_command:Invoked command in '/home/dcs/Desktop/Lab/Lab1/ros2_ws/src/controller' returned '0': PYTHONPATH=/home/dcs/Desktop/Lab/Lab1/ros2_ws/build/controller/prefix_override:/home/dcs/Desktop/Lab/Lab1/ros2_ws/install/controller/lib/python3.8/site-packages:${PYTHONPATH} /usr/bin/python3 setup.py egg_info --egg-base ../../build/controller build --build-base /home/dcs/Desktop/Lab/Lab1/ros2_ws/build/controller/build install --record /home/dcs/Desktop/Lab/Lab1/ros2_ws/build/controller/install.log --install-scripts $base/lib/controller --single-version-externally-managed
[4.346s] Level 1:colcon.colcon_core.environment:checking '/home/dcs/Desktop/Lab/Lab1/ros2_ws/install/controller' for CMake module files
[4.346s] Level 1:colcon.colcon_core.environment:checking '/home/dcs/Desktop/Lab/Lab1/ros2_ws/install/controller' for CMake config files
[4.347s] Level 1:colcon.colcon_core.environment:checking '/home/dcs/Desktop/Lab/Lab1/ros2_ws/install/controller/lib'
[4.347s] Level 1:colcon.colcon_core.environment:checking '/home/dcs/Desktop/Lab/Lab1/ros2_ws/install/controller/bin'
[4.347s] Level 1:colcon.colcon_core.environment:checking '/home/dcs/Desktop/Lab/Lab1/ros2_ws/install/controller/lib/pkgconfig/controller.pc'
[4.347s] Level 1:colcon.colcon_core.environment:checking '/home/dcs/Desktop/Lab/Lab1/ros2_ws/install/controller/lib/python3.8/site-packages'
[4.347s] Level 1:colcon.colcon_core.shell:create_environment_hook('controller', 'pythonpath')
[4.377s] INFO:colcon.colcon_core.shell:Creating environment hook '/home/dcs/Desktop/Lab/Lab1/ros2_ws/install/controller/share/controller/hook/pythonpath.ps1'
[4.377s] INFO:colcon.colcon_core.shell:Creating environment descriptor '/home/dcs/Desktop/Lab/Lab1/ros2_ws/install/controller/share/controller/hook/pythonpath.dsv'
[4.378s] INFO:colcon.colcon_core.shell:Creating environment hook '/home/dcs/Desktop/Lab/Lab1/ros2_ws/install/controller/share/controller/hook/pythonpath.sh'
[4.378s] Level 1:colcon.colcon_core.environment:checking '/home/dcs/Desktop/Lab/Lab1/ros2_ws/install/controller/bin'
[4.378s] Level 1:colcon.colcon_core.environment:create_environment_scripts_only(controller)
[4.399s] INFO:colcon.colcon_core.shell:Creating package script '/home/dcs/Desktop/Lab/Lab1/ros2_ws/install/controller/share/controller/package.ps1'
[4.400s] INFO:colcon.colcon_core.shell:Creating package descriptor '/home/dcs/Desktop/Lab/Lab1/ros2_ws/install/controller/share/controller/package.dsv'
[4.400s] INFO:colcon.colcon_core.shell:Creating package script '/home/dcs/Desktop/Lab/Lab1/ros2_ws/install/controller/share/controller/package.sh'
[4.401s] INFO:colcon.colcon_core.shell:Creating package script '/home/dcs/Desktop/Lab/Lab1/ros2_ws/install/controller/share/controller/package.bash'
[4.401s] INFO:colcon.colcon_core.shell:Creating package script '/home/dcs/Desktop/Lab/Lab1/ros2_ws/install/controller/share/controller/package.zsh'
[4.402s] Level 1:colcon.colcon_core.environment:create_file_with_runtime_dependencies(/home/dcs/Desktop/Lab/Lab1/ros2_ws/install/controller/share/colcon-core/packages/controller)
[4.403s] DEBUG:colcon.colcon_core.event_handler.log_command:Invoked command in '/home/dcs/Desktop/Lab/Lab1/ros2_ws/src/my_py_pkg' returned '0': PYTHONPATH=/home/dcs/Desktop/Lab/Lab1/ros2_ws/build/my_py_pkg/prefix_override:/home/dcs/Desktop/Lab/Lab1/ros2_ws/install/my_py_pkg/lib/python3.8/site-packages:${PYTHONPATH} /usr/bin/python3 setup.py egg_info --egg-base ../../build/my_py_pkg build --build-base /home/dcs/Desktop/Lab/Lab1/ros2_ws/build/my_py_pkg/build install --record /home/dcs/Desktop/Lab/Lab1/ros2_ws/build/my_py_pkg/install.log --install-scripts $base/lib/my_py_pkg --single-version-externally-managed
[4.424s] Level 1:colcon.colcon_core.environment:checking '/home/dcs/Desktop/Lab/Lab1/ros2_ws/install/my_py_pkg' for CMake module files
[4.424s] Level 1:colcon.colcon_core.environment:checking '/home/dcs/Desktop/Lab/Lab1/ros2_ws/install/my_py_pkg' for CMake config files
[4.425s] Level 1:colcon.colcon_core.environment:checking '/home/dcs/Desktop/Lab/Lab1/ros2_ws/install/my_py_pkg/lib'
[4.425s] Level 1:colcon.colcon_core.environment:checking '/home/dcs/Desktop/Lab/Lab1/ros2_ws/install/my_py_pkg/bin'
[4.425s] Level 1:colcon.colcon_core.environment:checking '/home/dcs/Desktop/Lab/Lab1/ros2_ws/install/my_py_pkg/lib/pkgconfig/my_py_pkg.pc'
[4.425s] Level 1:colcon.colcon_core.environment:checking '/home/dcs/Desktop/Lab/Lab1/ros2_ws/install/my_py_pkg/lib/python3.8/site-packages'
[4.425s] Level 1:colcon.colcon_core.shell:create_environment_hook('my_py_pkg', 'pythonpath')
[4.446s] INFO:colcon.colcon_core.shell:Creating environment hook '/home/dcs/Desktop/Lab/Lab1/ros2_ws/install/my_py_pkg/share/my_py_pkg/hook/pythonpath.ps1'
[4.447s] INFO:colcon.colcon_core.shell:Creating environment descriptor '/home/dcs/Desktop/Lab/Lab1/ros2_ws/install/my_py_pkg/share/my_py_pkg/hook/pythonpath.dsv'
[4.447s] INFO:colcon.colcon_core.shell:Creating environment hook '/home/dcs/Desktop/Lab/Lab1/ros2_ws/install/my_py_pkg/share/my_py_pkg/hook/pythonpath.sh'
[4.448s] Level 1:colcon.colcon_core.environment:checking '/home/dcs/Desktop/Lab/Lab1/ros2_ws/install/my_py_pkg/bin'
[4.448s] Level 1:colcon.colcon_core.environment:create_environment_scripts_only(my_py_pkg)
[4.469s] INFO:colcon.colcon_core.shell:Creating package script '/home/dcs/Desktop/Lab/Lab1/ros2_ws/install/my_py_pkg/share/my_py_pkg/package.ps1'
[4.470s] INFO:colcon.colcon_core.shell:Creating package descriptor '/home/dcs/Desktop/Lab/Lab1/ros2_ws/install/my_py_pkg/share/my_py_pkg/package.dsv'
[4.470s] INFO:colcon.colcon_core.shell:Creating package script '/home/dcs/Desktop/Lab/Lab1/ros2_ws/install/my_py_pkg/share/my_py_pkg/package.sh'
[4.471s] INFO:colcon.colcon_core.shell:Creating package script '/home/dcs/Desktop/Lab/Lab1/ros2_ws/install/my_py_pkg/share/my_py_pkg/package.bash'
[4.471s] INFO:colcon.colcon_core.shell:Creating package script '/home/dcs/Desktop/Lab/Lab1/ros2_ws/install/my_py_pkg/share/my_py_pkg/package.zsh'
[4.472s] Level 1:colcon.colcon_core.environment:create_file_with_runtime_dependencies(/home/dcs/Desktop/Lab/Lab1/ros2_ws/install/my_py_pkg/share/colcon-core/packages/my_py_pkg)
[4.473s] INFO:colcon.colcon_ros.task.ament_python.build:Building ROS package in '/home/dcs/Desktop/Lab/Lab1/ros2_ws/src/package_name' with build type 'ament_python'
[4.473s] Level 1:colcon.colcon_core.shell:create_environment_hook('package_name', 'ament_prefix_path')
[4.494s] INFO:colcon.colcon_core.shell:Creating environment hook '/home/dcs/Desktop/Lab/Lab1/ros2_ws/install/package_name/share/package_name/hook/ament_prefix_path.ps1'
[4.495s] INFO:colcon.colcon_core.shell:Creating environment descriptor '/home/dcs/Desktop/Lab/Lab1/ros2_ws/install/package_name/share/package_name/hook/ament_prefix_path.dsv'
[4.495s] INFO:colcon.colcon_core.shell:Creating environment hook '/home/dcs/Desktop/Lab/Lab1/ros2_ws/install/package_name/share/package_name/hook/ament_prefix_path.sh'
[4.516s] INFO:colcon.colcon_core.shell:Skip shell extension 'powershell' for command environment: Not usable outside of PowerShell
[4.517s] DEBUG:colcon.colcon_core.shell:Skip shell extension 'dsv' for command environment
[4.585s] INFO:colcon.colcon_ros.task.ament_python.build:Building ROS package in '/home/dcs/Desktop/Lab/Lab1/ros2_ws/src/r2' with build type 'ament_python'
[4.586s] Level 1:colcon.colcon_core.shell:create_environment_hook('r2', 'ament_prefix_path')
[4.609s] INFO:colcon.colcon_core.shell:Creating environment hook '/home/dcs/Desktop/Lab/Lab1/ros2_ws/install/r2/share/r2/hook/ament_prefix_path.ps1'
[4.610s] INFO:colcon.colcon_core.shell:Creating environment descriptor '/home/dcs/Desktop/Lab/Lab1/ros2_ws/install/r2/share/r2/hook/ament_prefix_path.dsv'
[4.610s] INFO:colcon.colcon_core.shell:Creating environment hook '/home/dcs/Desktop/Lab/Lab1/ros2_ws/install/r2/share/r2/hook/ament_prefix_path.sh'
[4.633s] INFO:colcon.colcon_core.shell:Skip shell extension 'powershell' for command environment: Not usable outside of PowerShell
[4.633s] DEBUG:colcon.colcon_core.shell:Skip shell extension 'dsv' for command environment
[4.703s] INFO:colcon.colcon_ros.task.ament_python.build:Building ROS package in '/home/dcs/Desktop/Lab/Lab1/ros2_ws/src/turtlebot3' with build type 'ament_python'
[4.704s] Level 1:colcon.colcon_core.shell:create_environment_hook('turtlebot3', 'ament_prefix_path')
[4.727s] INFO:colcon.colcon_core.shell:Creating environment hook '/home/dcs/Desktop/Lab/Lab1/ros2_ws/install/turtlebot3/share/turtlebot3/hook/ament_prefix_path.ps1'
[4.728s] INFO:colcon.colcon_core.shell:Creating environment descriptor '/home/dcs/Desktop/Lab/Lab1/ros2_ws/install/turtlebot3/share/turtlebot3/hook/ament_prefix_path.dsv'
[4.728s] INFO:colcon.colcon_core.shell:Creating environment hook '/home/dcs/Desktop/Lab/Lab1/ros2_ws/install/turtlebot3/share/turtlebot3/hook/ament_prefix_path.sh'
[4.751s] INFO:colcon.colcon_core.shell:Skip shell extension 'powershell' for command environment: Not usable outside of PowerShell
[4.751s] DEBUG:colcon.colcon_core.shell:Skip shell extension 'dsv' for command environment
[4.976s] INFO:colcon.colcon_core.task.python.build:Building Python package in '/home/dcs/Desktop/Lab/Lab1/ros2_ws/src/noise'
[4.999s] INFO:colcon.colcon_core.shell:Skip shell extension 'powershell' for command environment: Not usable outside of PowerShell
[5.000s] DEBUG:colcon.colcon_core.shell:Skip shell extension 'dsv' for command environment
[5.224s] INFO:colcon.colcon_core.task.python.build:Building Python package in '/home/dcs/Desktop/Lab/Lab1/ros2_ws/src/package_name'
[5.247s] INFO:colcon.colcon_core.shell:Skip shell extension 'powershell' for command environment: Not usable outside of PowerShell
[5.247s] DEBUG:colcon.colcon_core.shell:Skip shell extension 'dsv' for command environment
[5.472s] INFO:colcon.colcon_core.task.python.build:Building Python package in '/home/dcs/Desktop/Lab/Lab1/ros2_ws/src/r2'
[5.495s] INFO:colcon.colcon_core.shell:Skip shell extension 'powershell' for command environment: Not usable outside of PowerShell
[5.495s] DEBUG:colcon.colcon_core.shell:Skip shell extension 'dsv' for command environment
[5.719s] INFO:colcon.colcon_core.task.python.build:Building Python package in '/home/dcs/Desktop/Lab/Lab1/ros2_ws/src/turtlebot3'
[5.743s] INFO:colcon.colcon_core.shell:Skip shell extension 'powershell' for command environment: Not usable outside of PowerShell
[5.743s] DEBUG:colcon.colcon_core.shell:Skip shell extension 'dsv' for command environment
[6.208s] DEBUG:colcon.colcon_core.event_handler.log_command:Invoking command in '/home/dcs/Desktop/Lab/Lab1/ros2_ws/src/noise': PYTHONPATH=/home/dcs/Desktop/Lab/Lab1/ros2_ws/build/noise/prefix_override:/home/dcs/Desktop/Lab/Lab1/ros2_ws/install/noise/lib/python3.8/site-packages:${PYTHONPATH} /usr/bin/python3 setup.py egg_info --egg-base ../../build/noise build --build-base /home/dcs/Desktop/Lab/Lab1/ros2_ws/build/noise/build install --record /home/dcs/Desktop/Lab/Lab1/ros2_ws/build/noise/install.log --install-scripts $base/lib/noise --single-version-externally-managed
[6.216s] DEBUG:colcon.colcon_core.event_handler.log_command:Invoking command in '/home/dcs/Desktop/Lab/Lab1/ros2_ws/src/turtlebot3': PYTHONPATH=/home/dcs/Desktop/Lab/Lab1/ros2_ws/build/turtlebot3/prefix_override:/home/dcs/Desktop/Lab/Lab1/ros2_ws/install/turtlebot3/lib/python3.8/site-packages:${PYTHONPATH} /usr/bin/python3 setup.py egg_info --egg-base ../../build/turtlebot3 build --build-base /home/dcs/Desktop/Lab/Lab1/ros2_ws/build/turtlebot3/build install --record /home/dcs/Desktop/Lab/Lab1/ros2_ws/build/turtlebot3/install.log --install-scripts $base/lib/turtlebot3 --single-version-externally-managed
[6.271s] DEBUG:colcon.colcon_core.event_handler.log_command:Invoking command in '/home/dcs/Desktop/Lab/Lab1/ros2_ws/src/package_name': PYTHONPATH=/home/dcs/Desktop/Lab/Lab1/ros2_ws/build/package_name/prefix_override:/home/dcs/Desktop/Lab/Lab1/ros2_ws/install/package_name/lib/python3.8/site-packages:${PYTHONPATH} /usr/bin/python3 setup.py egg_info --egg-base ../../build/package_name build --build-base /home/dcs/Desktop/Lab/Lab1/ros2_ws/build/package_name/build install --record /home/dcs/Desktop/Lab/Lab1/ros2_ws/build/package_name/install.log --install-scripts $base/lib/package_name --single-version-externally-managed
[6.308s] DEBUG:colcon.colcon_core.event_handler.log_command:Invoking command in '/home/dcs/Desktop/Lab/Lab1/ros2_ws/src/r2': PYTHONPATH=/home/dcs/Desktop/Lab/Lab1/ros2_ws/build/r2/prefix_override:/home/dcs/Desktop/Lab/Lab1/ros2_ws/install/r2/lib/python3.8/site-packages:${PYTHONPATH} /usr/bin/python3 setup.py egg_info --egg-base ../../build/r2 build --build-base /home/dcs/Desktop/Lab/Lab1/ros2_ws/build/r2/build install --record /home/dcs/Desktop/Lab/Lab1/ros2_ws/build/r2/install.log --install-scripts $base/lib/r2 --single-version-externally-managed
[6.560s] DEBUG:colcon.colcon_core.event_handler.log_command:Invoked command in '/home/dcs/Desktop/Lab/Lab1/ros2_ws/src/r2' returned '0': PYTHONPATH=/home/dcs/Desktop/Lab/Lab1/ros2_ws/build/r2/prefix_override:/home/dcs/Desktop/Lab/Lab1/ros2_ws/install/r2/lib/python3.8/site-packages:${PYTHONPATH} /usr/bin/python3 setup.py egg_info --egg-base ../../build/r2 build --build-base /home/dcs/Desktop/Lab/Lab1/ros2_ws/build/r2/build install --record /home/dcs/Desktop/Lab/Lab1/ros2_ws/build/r2/install.log --install-scripts $base/lib/r2 --single-version-externally-managed
[6.589s] Level 1:colcon.colcon_core.environment:checking '/home/dcs/Desktop/Lab/Lab1/ros2_ws/install/r2' for CMake module files
[6.590s] Level 1:colcon.colcon_core.environment:checking '/home/dcs/Desktop/Lab/Lab1/ros2_ws/install/r2' for CMake config files
[6.590s] Level 1:colcon.colcon_core.environment:checking '/home/dcs/Desktop/Lab/Lab1/ros2_ws/install/r2/lib'
[6.590s] Level 1:colcon.colcon_core.environment:checking '/home/dcs/Desktop/Lab/Lab1/ros2_ws/install/r2/bin'
[6.591s] Level 1:colcon.colcon_core.environment:checking '/home/dcs/Desktop/Lab/Lab1/ros2_ws/install/r2/lib/pkgconfig/r2.pc'
[6.591s] Level 1:colcon.colcon_core.environment:checking '/home/dcs/Desktop/Lab/Lab1/ros2_ws/install/r2/lib/python3.8/site-packages'
[6.591s] Level 1:colcon.colcon_core.shell:create_environment_hook('r2', 'pythonpath')
[6.612s] INFO:colcon.colcon_core.shell:Creating environment hook '/home/dcs/Desktop/Lab/Lab1/ros2_ws/install/r2/share/r2/hook/pythonpath.ps1'
[6.613s] INFO:colcon.colcon_core.shell:Creating environment descriptor '/home/dcs/Desktop/Lab/Lab1/ros2_ws/install/r2/share/r2/hook/pythonpath.dsv'
[6.613s] INFO:colcon.colcon_core.shell:Creating environment hook '/home/dcs/Desktop/Lab/Lab1/ros2_ws/install/r2/share/r2/hook/pythonpath.sh'
[6.614s] Level 1:colcon.colcon_core.environment:checking '/home/dcs/Desktop/Lab/Lab1/ros2_ws/install/r2/bin'
[6.614s] Level 1:colcon.colcon_core.environment:create_environment_scripts_only(r2)
[6.645s] INFO:colcon.colcon_core.shell:Creating package script '/home/dcs/Desktop/Lab/Lab1/ros2_ws/install/r2/share/r2/package.ps1'
[6.645s] INFO:colcon.colcon_core.shell:Creating package descriptor '/home/dcs/Desktop/Lab/Lab1/ros2_ws/install/r2/share/r2/package.dsv'
[6.646s] INFO:colcon.colcon_core.shell:Creating package script '/home/dcs/Desktop/Lab/Lab1/ros2_ws/install/r2/share/r2/package.sh'
[6.646s] INFO:colcon.colcon_core.shell:Creating package script '/home/dcs/Desktop/Lab/Lab1/ros2_ws/install/r2/share/r2/package.bash'
[6.646s] INFO:colcon.colcon_core.shell:Creating package script '/home/dcs/Desktop/Lab/Lab1/ros2_ws/install/r2/share/r2/package.zsh'
[6.646s] Level 1:colcon.colcon_core.environment:create_file_with_runtime_dependencies(/home/dcs/Desktop/Lab/Lab1/ros2_ws/install/r2/share/colcon-core/packages/r2)
[6.649s] DEBUG:colcon.colcon_core.event_handler.log_command:Invoked command in '/home/dcs/Desktop/Lab/Lab1/ros2_ws/src/noise' returned '0': PYTHONPATH=/home/dcs/Desktop/Lab/Lab1/ros2_ws/build/noise/prefix_override:/home/dcs/Desktop/Lab/Lab1/ros2_ws/install/noise/lib/python3.8/site-packages:${PYTHONPATH} /usr/bin/python3 setup.py egg_info --egg-base ../../build/noise build --build-base /home/dcs/Desktop/Lab/Lab1/ros2_ws/build/noise/build install --record /home/dcs/Desktop/Lab/Lab1/ros2_ws/build/noise/install.log --install-scripts $base/lib/noise --single-version-externally-managed
[6.670s] Level 1:colcon.colcon_core.environment:checking '/home/dcs/Desktop/Lab/Lab1/ros2_ws/install/noise' for CMake module files
[6.670s] Level 1:colcon.colcon_core.environment:checking '/home/dcs/Desktop/Lab/Lab1/ros2_ws/install/noise' for CMake config files
[6.671s] Level 1:colcon.colcon_core.environment:checking '/home/dcs/Desktop/Lab/Lab1/ros2_ws/install/noise/lib'
[6.671s] Level 1:colcon.colcon_core.environment:checking '/home/dcs/Desktop/Lab/Lab1/ros2_ws/install/noise/bin'
[6.671s] Level 1:colcon.colcon_core.environment:checking '/home/dcs/Desktop/Lab/Lab1/ros2_ws/install/noise/lib/pkgconfig/noise.pc'
[6.671s] Level 1:colcon.colcon_core.environment:checking '/home/dcs/Desktop/Lab/Lab1/ros2_ws/install/noise/lib/python3.8/site-packages'
[6.671s] Level 1:colcon.colcon_core.shell:create_environment_hook('noise', 'pythonpath')
[6.692s] INFO:colcon.colcon_core.shell:Creating environment hook '/home/dcs/Desktop/Lab/Lab1/ros2_ws/install/noise/share/noise/hook/pythonpath.ps1'
[6.692s] INFO:colcon.colcon_core.shell:Creating environment descriptor '/home/dcs/Desktop/Lab/Lab1/ros2_ws/install/noise/share/noise/hook/pythonpath.dsv'
[6.693s] INFO:colcon.colcon_core.shell:Creating environment hook '/home/dcs/Desktop/Lab/Lab1/ros2_ws/install/noise/share/noise/hook/pythonpath.sh'
[6.693s] Level 1:colcon.colcon_core.environment:checking '/home/dcs/Desktop/Lab/Lab1/ros2_ws/install/noise/bin'
[6.693s] Level 1:colcon.colcon_core.environment:create_environment_scripts_only(noise)
[6.714s] INFO:colcon.colcon_core.shell:Creating package script '/home/dcs/Desktop/Lab/Lab1/ros2_ws/install/noise/share/noise/package.ps1'
[6.714s] INFO:colcon.colcon_core.shell:Creating package descriptor '/home/dcs/Desktop/Lab/Lab1/ros2_ws/install/noise/share/noise/package.dsv'
[6.715s] INFO:colcon.colcon_core.shell:Creating package script '/home/dcs/Desktop/Lab/Lab1/ros2_ws/install/noise/share/noise/package.sh'
[6.715s] INFO:colcon.colcon_core.shell:Creating package script '/home/dcs/Desktop/Lab/Lab1/ros2_ws/install/noise/share/noise/package.bash'
[6.715s] INFO:colcon.colcon_core.shell:Creating package script '/home/dcs/Desktop/Lab/Lab1/ros2_ws/install/noise/share/noise/package.zsh'
[6.716s] Level 1:colcon.colcon_core.environment:create_file_with_runtime_dependencies(/home/dcs/Desktop/Lab/Lab1/ros2_ws/install/noise/share/colcon-core/packages/noise)
[6.717s] DEBUG:colcon.colcon_core.event_handler.log_command:Invoked command in '/home/dcs/Desktop/Lab/Lab1/ros2_ws/src/turtlebot3' returned '0': PYTHONPATH=/home/dcs/Desktop/Lab/Lab1/ros2_ws/build/turtlebot3/prefix_override:/home/dcs/Desktop/Lab/Lab1/ros2_ws/install/turtlebot3/lib/python3.8/site-packages:${PYTHONPATH} /usr/bin/python3 setup.py egg_info --egg-base ../../build/turtlebot3 build --build-base /home/dcs/Desktop/Lab/Lab1/ros2_ws/build/turtlebot3/build install --record /home/dcs/Desktop/Lab/Lab1/ros2_ws/build/turtlebot3/install.log --install-scripts $base/lib/turtlebot3 --single-version-externally-managed
[6.737s] Level 1:colcon.colcon_core.environment:checking '/home/dcs/Desktop/Lab/Lab1/ros2_ws/install/turtlebot3' for CMake module files
[6.738s] Level 1:colcon.colcon_core.environment:checking '/home/dcs/Desktop/Lab/Lab1/ros2_ws/install/turtlebot3' for CMake config files
[6.738s] Level 1:colcon.colcon_core.environment:checking '/home/dcs/Desktop/Lab/Lab1/ros2_ws/install/turtlebot3/lib'
[6.738s] Level 1:colcon.colcon_core.environment:checking '/home/dcs/Desktop/Lab/Lab1/ros2_ws/install/turtlebot3/bin'
[6.738s] Level 1:colcon.colcon_core.environment:checking '/home/dcs/Desktop/Lab/Lab1/ros2_ws/install/turtlebot3/lib/pkgconfig/turtlebot3.pc'
[6.738s] Level 1:colcon.colcon_core.environment:checking '/home/dcs/Desktop/Lab/Lab1/ros2_ws/install/turtlebot3/lib/python3.8/site-packages'
[6.738s] Level 1:colcon.colcon_core.shell:create_environment_hook('turtlebot3', 'pythonpath')
[6.759s] INFO:colcon.colcon_core.shell:Creating environment hook '/home/dcs/Desktop/Lab/Lab1/ros2_ws/install/turtlebot3/share/turtlebot3/hook/pythonpath.ps1'
[6.760s] INFO:colcon.colcon_core.shell:Creating environment descriptor '/home/dcs/Desktop/Lab/Lab1/ros2_ws/install/turtlebot3/share/turtlebot3/hook/pythonpath.dsv'
[6.760s] INFO:colcon.colcon_core.shell:Creating environment hook '/home/dcs/Desktop/Lab/Lab1/ros2_ws/install/turtlebot3/share/turtlebot3/hook/pythonpath.sh'
[6.760s] Level 1:colcon.colcon_core.environment:checking '/home/dcs/Desktop/Lab/Lab1/ros2_ws/install/turtlebot3/bin'
[6.760s] Level 1:colcon.colcon_core.environment:create_environment_scripts_only(turtlebot3)
[6.781s] INFO:colcon.colcon_core.shell:Creating package script '/home/dcs/Desktop/Lab/Lab1/ros2_ws/install/turtlebot3/share/turtlebot3/package.ps1'
[6.781s] INFO:colcon.colcon_core.shell:Creating package descriptor '/home/dcs/Desktop/Lab/Lab1/ros2_ws/install/turtlebot3/share/turtlebot3/package.dsv'
[6.782s] INFO:colcon.colcon_core.shell:Creating package script '/home/dcs/Desktop/Lab/Lab1/ros2_ws/install/turtlebot3/share/turtlebot3/package.sh'
[6.782s] INFO:colcon.colcon_core.shell:Creating package script '/home/dcs/Desktop/Lab/Lab1/ros2_ws/install/turtlebot3/share/turtlebot3/package.bash'
[6.782s] INFO:colcon.colcon_core.shell:Creating package script '/home/dcs/Desktop/Lab/Lab1/ros2_ws/install/turtlebot3/share/turtlebot3/package.zsh'
[6.783s] Level 1:colcon.colcon_core.environment:create_file_with_runtime_dependencies(/home/dcs/Desktop/Lab/Lab1/ros2_ws/install/turtlebot3/share/colcon-core/packages/turtlebot3)
[6.784s] DEBUG:colcon.colcon_core.event_handler.log_command:Invoked command in '/home/dcs/Desktop/Lab/Lab1/ros2_ws/src/package_name' returned '0': PYTHONPATH=/home/dcs/Desktop/Lab/Lab1/ros2_ws/build/package_name/prefix_override:/home/dcs/Desktop/Lab/Lab1/ros2_ws/install/package_name/lib/python3.8/site-packages:${PYTHONPATH} /usr/bin/python3 setup.py egg_info --egg-base ../../build/package_name build --build-base /home/dcs/Desktop/Lab/Lab1/ros2_ws/build/package_name/build install --record /home/dcs/Desktop/Lab/Lab1/ros2_ws/build/package_name/install.log --install-scripts $base/lib/package_name --single-version-externally-managed
[6.804s] Level 1:colcon.colcon_core.environment:checking '/home/dcs/Desktop/Lab/Lab1/ros2_ws/install/package_name' for CMake module files
[6.805s] Level 1:colcon.colcon_core.environment:checking '/home/dcs/Desktop/Lab/Lab1/ros2_ws/install/package_name' for CMake config files
[6.805s] Level 1:colcon.colcon_core.environment:checking '/home/dcs/Desktop/Lab/Lab1/ros2_ws/install/package_name/lib'
[6.805s] Level 1:colcon.colcon_core.environment:checking '/home/dcs/Desktop/Lab/Lab1/ros2_ws/install/package_name/bin'
[6.805s] Level 1:colcon.colcon_core.environment:checking '/home/dcs/Desktop/Lab/Lab1/ros2_ws/install/package_name/lib/pkgconfig/package_name.pc'
[6.805s] Level 1:colcon.colcon_core.environment:checking '/home/dcs/Desktop/Lab/Lab1/ros2_ws/install/package_name/lib/python3.8/site-packages'
[6.805s] Level 1:colcon.colcon_core.shell:create_environment_hook('package_name', 'pythonpath')
[6.826s] INFO:colcon.colcon_core.shell:Creating environment hook '/home/dcs/Desktop/Lab/Lab1/ros2_ws/install/package_name/share/package_name/hook/pythonpath.ps1'
[6.826s] INFO:colcon.colcon_core.shell:Creating environment descriptor '/home/dcs/Desktop/Lab/Lab1/ros2_ws/install/package_name/share/package_name/hook/pythonpath.dsv'
[6.826s] INFO:colcon.colcon_core.shell:Creating environment hook '/home/dcs/Desktop/Lab/Lab1/ros2_ws/install/package_name/share/package_name/hook/pythonpath.sh'
[6.827s] Level 1:colcon.colcon_core.environment:checking '/home/dcs/Desktop/Lab/Lab1/ros2_ws/install/package_name/bin'
[6.827s] Level 1:colcon.colcon_core.environment:create_environment_scripts_only(package_name)
[6.848s] INFO:colcon.colcon_core.shell:Creating package script '/home/dcs/Desktop/Lab/Lab1/ros2_ws/install/package_name/share/package_name/package.ps1'
[6.848s] INFO:colcon.colcon_core.shell:Creating package descriptor '/home/dcs/Desktop/Lab/Lab1/ros2_ws/install/package_name/share/package_name/package.dsv'
[6.849s] INFO:colcon.colcon_core.shell:Creating package script '/home/dcs/Desktop/Lab/Lab1/ros2_ws/install/package_name/share/package_name/package.sh'
[6.849s] INFO:colcon.colcon_core.shell:Creating package script '/home/dcs/Desktop/Lab/Lab1/ros2_ws/install/package_name/share/package_name/package.bash'
[6.849s] INFO:colcon.colcon_core.shell:Creating package script '/home/dcs/Desktop/Lab/Lab1/ros2_ws/install/package_name/share/package_name/package.zsh'
[6.849s] Level 1:colcon.colcon_core.environment:create_file_with_runtime_dependencies(/home/dcs/Desktop/Lab/Lab1/ros2_ws/install/package_name/share/colcon-core/packages/package_name)
[6.850s] DEBUG:colcon.colcon_parallel_executor.executor.parallel:closing loop
[6.850s] DEBUG:colcon.colcon_parallel_executor.executor.parallel:loop closed
[6.850s] DEBUG:colcon.colcon_parallel_executor.executor.parallel:run_until_complete finished with '0'
[6.851s] DEBUG:colcon.colcon_core.event_reactor:joining thread
[6.880s] INFO:colcon.colcon_core.plugin_system:Skipping extension 'colcon_notification.desktop_notification.terminal_notifier': Not used on non-Darwin systems
[6.880s] INFO:colcon.colcon_core.plugin_system:Skipping extension 'colcon_notification.desktop_notification.win32': Not used on non-Windows systems
[6.880s] INFO:colcon.colcon_notification.desktop_notification:Sending desktop notification using 'notify2'
[6.893s] DEBUG:colcon.colcon_core.event_reactor:joined thread
[6.918s] INFO:colcon.colcon_core.shell:Creating prefix script '/home/dcs/Desktop/Lab/Lab1/ros2_ws/install/local_setup.ps1'
[6.920s] INFO:colcon.colcon_core.shell:Creating prefix util module '/home/dcs/Desktop/Lab/Lab1/ros2_ws/install/_local_setup_util_ps1.py'
[6.921s] INFO:colcon.colcon_core.shell:Creating prefix chain script '/home/dcs/Desktop/Lab/Lab1/ros2_ws/install/setup.ps1'
[6.943s] INFO:colcon.colcon_core.shell:Creating prefix script '/home/dcs/Desktop/Lab/Lab1/ros2_ws/install/local_setup.sh'
[6.943s] INFO:colcon.colcon_core.shell:Creating prefix util module '/home/dcs/Desktop/Lab/Lab1/ros2_ws/install/_local_setup_util_sh.py'
[6.944s] INFO:colcon.colcon_core.shell:Creating prefix chain script '/home/dcs/Desktop/Lab/Lab1/ros2_ws/install/setup.sh'
[6.965s] INFO:colcon.colcon_core.shell:Creating prefix script '/home/dcs/Desktop/Lab/Lab1/ros2_ws/install/local_setup.bash'
[6.966s] INFO:colcon.colcon_core.shell:Creating prefix chain script '/home/dcs/Desktop/Lab/Lab1/ros2_ws/install/setup.bash'
[6.988s] INFO:colcon.colcon_core.shell:Creating prefix script '/home/dcs/Desktop/Lab/Lab1/ros2_ws/install/local_setup.zsh'
[6.988s] INFO:colcon.colcon_core.shell:Creating prefix chain script '/home/dcs/Desktop/Lab/Lab1/ros2_ws/install/setup.zsh'
