[2.128s] Invoking command in '/home/dcs/Desktop/Lab/Lab1/ros2_ws/src/noise': PYTHONPATH=/home/dcs/Desktop/Lab/Lab1/build/noise/prefix_override:/home/dcs/Desktop/Lab/Lab1/install/noise/lib/python3.8/site-packages:${PYTHONPATH} /usr/bin/python3 setup.py egg_info --egg-base ../../../build/noise build --build-base /home/dcs/Desktop/Lab/Lab1/build/noise/build install --record /home/dcs/Desktop/Lab/Lab1/build/noise/install.log --install-scripts $base/lib/noise --single-version-externally-managed
[2.394s] running egg_info
[2.395s] writing ../../../build/noise/noise.egg-info/PKG-INFO
[2.395s] writing dependency_links to ../../../build/noise/noise.egg-info/dependency_links.txt
[2.395s] writing entry points to ../../../build/noise/noise.egg-info/entry_points.txt
[2.396s] writing requirements to ../../../build/noise/noise.egg-info/requires.txt
[2.396s] writing top-level names to ../../../build/noise/noise.egg-info/top_level.txt
[2.442s] reading manifest file '../../../build/noise/noise.egg-info/SOURCES.txt'
[2.443s] writing manifest file '../../../build/noise/noise.egg-info/SOURCES.txt'
[2.444s] running build
[2.444s] running build_py
[2.444s] running install
[2.445s] running install_lib
[2.447s] running install_data
[2.448s] running install_egg_info
[2.452s] removing '/home/dcs/Desktop/Lab/Lab1/install/noise/lib/python3.8/site-packages/noise-0.0.0-py3.8.egg-info' (and everything under it)
[2.456s] Copying ../../../build/noise/noise.egg-info to /home/dcs/Desktop/Lab/Lab1/install/noise/lib/python3.8/site-packages/noise-0.0.0-py3.8.egg-info
[2.456s] running install_scripts
[2.476s] Installing noise script to /home/dcs/Desktop/Lab/Lab1/install/noise/lib/noise
[2.476s] writing list of installed files to '/home/dcs/Desktop/Lab/Lab1/build/noise/install.log'
[2.739s] Invoked command in '/home/dcs/Desktop/Lab/Lab1/ros2_ws/src/noise' returned '0': PYTHONPATH=/home/dcs/Desktop/Lab/Lab1/build/noise/prefix_override:/home/dcs/Desktop/Lab/Lab1/install/noise/lib/python3.8/site-packages:${PYTHONPATH} /usr/bin/python3 setup.py egg_info --egg-base ../../../build/noise build --build-base /home/dcs/Desktop/Lab/Lab1/build/noise/build install --record /home/dcs/Desktop/Lab/Lab1/build/noise/install.log --install-scripts $base/lib/noise --single-version-externally-managed
