[1.513s] Invoking command in '/home/dcs/Desktop/Lab/Lab1/ros2_ws/src/turtlebot3': PYTHONPATH=/home/dcs/Desktop/Lab/Lab1/ros2_ws/build/turtlebot3/prefix_override:/home/dcs/Desktop/Lab/Lab1/ros2_ws/install/turtlebot3/lib/python3.8/site-packages:${PYTHONPATH} /usr/bin/python3 setup.py egg_info --egg-base ../../build/turtlebot3 build --build-base /home/dcs/Desktop/Lab/Lab1/ros2_ws/build/turtlebot3/build install --record /home/dcs/Desktop/Lab/Lab1/ros2_ws/build/turtlebot3/install.log --install-scripts $base/lib/turtlebot3 --single-version-externally-managed
[1.805s] running egg_info
[1.806s] writing ../../build/turtlebot3/turtlebot3.egg-info/PKG-INFO
[1.806s] writing dependency_links to ../../build/turtlebot3/turtlebot3.egg-info/dependency_links.txt
[1.807s] writing entry points to ../../build/turtlebot3/turtlebot3.egg-info/entry_points.txt
[1.808s] writing requirements to ../../build/turtlebot3/turtlebot3.egg-info/requires.txt
[1.808s] writing top-level names to ../../build/turtlebot3/turtlebot3.egg-info/top_level.txt
[1.839s] reading manifest file '../../build/turtlebot3/turtlebot3.egg-info/SOURCES.txt'
[1.839s] writing manifest file '../../build/turtlebot3/turtlebot3.egg-info/SOURCES.txt'
[1.840s] running build
[1.840s] running build_py
[1.841s] copying turtlebot3/run_10_trials.py -> /home/dcs/Desktop/Lab/Lab1/ros2_ws/build/turtlebot3/build/lib/turtlebot3
[1.842s] running install
[1.843s] running install_lib
[1.844s] copying /home/dcs/Desktop/Lab/Lab1/ros2_ws/build/turtlebot3/build/lib/turtlebot3/run_10_trials.py -> /home/dcs/Desktop/Lab/Lab1/ros2_ws/install/turtlebot3/lib/python3.8/site-packages/turtlebot3
[1.845s] byte-compiling /home/dcs/Desktop/Lab/Lab1/ros2_ws/install/turtlebot3/lib/python3.8/site-packages/turtlebot3/run_10_trials.py to run_10_trials.cpython-38.pyc
[1.847s] running install_data
[1.848s] copying package.xml -> /home/dcs/Desktop/Lab/Lab1/ros2_ws/install/turtlebot3/share/turtlebot3
[1.848s] running install_egg_info
[1.850s] removing '/home/dcs/Desktop/Lab/Lab1/ros2_ws/install/turtlebot3/lib/python3.8/site-packages/turtlebot3-0.0.0-py3.8.egg-info' (and everything under it)
[1.864s] Copying ../../build/turtlebot3/turtlebot3.egg-info to /home/dcs/Desktop/Lab/Lab1/ros2_ws/install/turtlebot3/lib/python3.8/site-packages/turtlebot3-0.0.0-py3.8.egg-info
[1.870s] running install_scripts
[1.882s] Installing bot3 script to /home/dcs/Desktop/Lab/Lab1/ros2_ws/install/turtlebot3/lib/turtlebot3
[1.882s] Installing run_10_trials script to /home/dcs/Desktop/Lab/Lab1/ros2_ws/install/turtlebot3/lib/turtlebot3
[1.883s] writing list of installed files to '/home/dcs/Desktop/Lab/Lab1/ros2_ws/build/turtlebot3/install.log'
[2.014s] Invoked command in '/home/dcs/Desktop/Lab/Lab1/ros2_ws/src/turtlebot3' returned '0': PYTHONPATH=/home/dcs/Desktop/Lab/Lab1/ros2_ws/build/turtlebot3/prefix_override:/home/dcs/Desktop/Lab/Lab1/ros2_ws/install/turtlebot3/lib/python3.8/site-packages:${PYTHONPATH} /usr/bin/python3 setup.py egg_info --egg-base ../../build/turtlebot3 build --build-base /home/dcs/Desktop/Lab/Lab1/ros2_ws/build/turtlebot3/build install --record /home/dcs/Desktop/Lab/Lab1/ros2_ws/build/turtlebot3/install.log --install-scripts $base/lib/turtlebot3 --single-version-externally-managed
