[1.749s] Invoking command in '/home/dcs/Desktop/Lab/Lab1/ros2_ws/src/package_name': PYTHONPATH=/home/dcs/Desktop/Lab/Lab1/ros2_ws/build/package_name/prefix_override:/home/dcs/Desktop/Lab/Lab1/ros2_ws/install/package_name/lib/python3.8/site-packages:${PYTHONPATH} /usr/bin/python3 setup.py egg_info --egg-base ../../build/package_name build --build-base /home/dcs/Desktop/Lab/Lab1/ros2_ws/build/package_name/build install --record /home/dcs/Desktop/Lab/Lab1/ros2_ws/build/package_name/install.log --install-scripts $base/lib/package_name --single-version-externally-managed
[2.040s] running egg_info
[2.041s] writing ../../build/package_name/package_name.egg-info/PKG-INFO
[2.042s] writing dependency_links to ../../build/package_name/package_name.egg-info/dependency_links.txt
[2.042s] writing entry points to ../../build/package_name/package_name.egg-info/entry_points.txt
[2.042s] writing requirements to ../../build/package_name/package_name.egg-info/requires.txt
[2.043s] writing top-level names to ../../build/package_name/package_name.egg-info/top_level.txt
[2.065s] reading manifest file '../../build/package_name/package_name.egg-info/SOURCES.txt'
[2.079s] writing manifest file '../../build/package_name/package_name.egg-info/SOURCES.txt'
[2.080s] running build
[2.080s] running build_py
[2.080s] running install
[2.080s] running install_lib
[2.081s] running install_data
[2.081s] running install_egg_info
[2.084s] removing '/home/dcs/Desktop/Lab/Lab1/ros2_ws/install/package_name/lib/python3.8/site-packages/package_name-0.0.0-py3.8.egg-info' (and everything under it)
[2.085s] Copying ../../build/package_name/package_name.egg-info to /home/dcs/Desktop/Lab/Lab1/ros2_ws/install/package_name/lib/python3.8/site-packages/package_name-0.0.0-py3.8.egg-info
[2.088s] running install_scripts
[2.114s] Installing my_node script to /home/dcs/Desktop/Lab/Lab1/ros2_ws/install/package_name/lib/package_name
[2.114s] writing list of installed files to '/home/dcs/Desktop/Lab/Lab1/ros2_ws/build/package_name/install.log'
[2.132s] Invoked command in '/home/dcs/Desktop/Lab/Lab1/ros2_ws/src/package_name' returned '0': PYTHONPATH=/home/dcs/Desktop/Lab/Lab1/ros2_ws/build/package_name/prefix_override:/home/dcs/Desktop/Lab/Lab1/ros2_ws/install/package_name/lib/python3.8/site-packages:${PYTHONPATH} /usr/bin/python3 setup.py egg_info --egg-base ../../build/package_name build --build-base /home/dcs/Desktop/Lab/Lab1/ros2_ws/build/package_name/build install --record /home/dcs/Desktop/Lab/Lab1/ros2_ws/build/package_name/install.log --install-scripts $base/lib/package_name --single-version-externally-managed
