[2.151s] Invoking command in '/home/dcs/Desktop/Lab/Lab1/ros2_ws/src/turtlebot3': PYTHONPATH=/home/dcs/Desktop/Lab/Lab1/build/turtlebot3/prefix_override:/home/dcs/Desktop/Lab/Lab1/install/turtlebot3/lib/python3.8/site-packages:${PYTHONPATH} /usr/bin/python3 setup.py egg_info --egg-base ../../../build/turtlebot3 build --build-base /home/dcs/Desktop/Lab/Lab1/build/turtlebot3/build install --record /home/dcs/Desktop/Lab/Lab1/build/turtlebot3/install.log --install-scripts $base/lib/turtlebot3 --single-version-externally-managed
[2.399s] running egg_info
[2.400s] writing ../../../build/turtlebot3/turtlebot3.egg-info/PKG-INFO
[2.400s] writing dependency_links to ../../../build/turtlebot3/turtlebot3.egg-info/dependency_links.txt
[2.400s] writing entry points to ../../../build/turtlebot3/turtlebot3.egg-info/entry_points.txt
[2.401s] writing requirements to ../../../build/turtlebot3/turtlebot3.egg-info/requires.txt
[2.401s] writing top-level names to ../../../build/turtlebot3/turtlebot3.egg-info/top_level.txt
[2.449s] reading manifest file '../../../build/turtlebot3/turtlebot3.egg-info/SOURCES.txt'
[2.451s] writing manifest file '../../../build/turtlebot3/turtlebot3.egg-info/SOURCES.txt'
[2.451s] running build
[2.451s] running build_py
[2.452s] running install
[2.453s] running install_lib
[2.455s] running install_data
[2.456s] running install_egg_info
[2.459s] removing '/home/dcs/Desktop/Lab/Lab1/install/turtlebot3/lib/python3.8/site-packages/turtlebot3-0.0.0-py3.8.egg-info' (and everything under it)
[2.461s] Copying ../../../build/turtlebot3/turtlebot3.egg-info to /home/dcs/Desktop/Lab/Lab1/install/turtlebot3/lib/python3.8/site-packages/turtlebot3-0.0.0-py3.8.egg-info
[2.462s] running install_scripts
[2.491s] Installing bot3 script to /home/dcs/Desktop/Lab/Lab1/install/turtlebot3/lib/turtlebot3
[2.491s] Installing run_10_trials script to /home/dcs/Desktop/Lab/Lab1/install/turtlebot3/lib/turtlebot3
[2.491s] writing list of installed files to '/home/dcs/Desktop/Lab/Lab1/build/turtlebot3/install.log'
[2.525s] Invoked command in '/home/dcs/Desktop/Lab/Lab1/ros2_ws/src/turtlebot3' returned '0': PYTHONPATH=/home/dcs/Desktop/Lab/Lab1/build/turtlebot3/prefix_override:/home/dcs/Desktop/Lab/Lab1/install/turtlebot3/lib/python3.8/site-packages:${PYTHONPATH} /usr/bin/python3 setup.py egg_info --egg-base ../../../build/turtlebot3 build --build-base /home/dcs/Desktop/Lab/Lab1/build/turtlebot3/build install --record /home/dcs/Desktop/Lab/Lab1/build/turtlebot3/install.log --install-scripts $base/lib/turtlebot3 --single-version-externally-managed
