[1.568s] Invoking command in '/home/dcs/Desktop/Lab/Lab1/ros2_ws/src/r2': PYTHONPATH=/home/dcs/Desktop/Lab/Lab1/build/r2/prefix_override:/home/dcs/Desktop/Lab/Lab1/install/r2/lib/python3.8/site-packages:${PYTHONPATH} /usr/bin/python3 setup.py egg_info --egg-base ../../../build/r2 build --build-base /home/dcs/Desktop/Lab/Lab1/build/r2/build install --record /home/dcs/Desktop/Lab/Lab1/build/r2/install.log --install-scripts $base/lib/r2 --single-version-externally-managed
[1.744s] running egg_info
[1.745s] writing ../../../build/r2/r2.egg-info/PKG-INFO
[1.745s] writing dependency_links to ../../../build/r2/r2.egg-info/dependency_links.txt
[1.745s] writing entry points to ../../../build/r2/r2.egg-info/entry_points.txt
[1.745s] writing requirements to ../../../build/r2/r2.egg-info/requires.txt
[1.746s] writing top-level names to ../../../build/r2/r2.egg-info/top_level.txt
[1.768s] reading manifest file '../../../build/r2/r2.egg-info/SOURCES.txt'
[1.769s] writing manifest file '../../../build/r2/r2.egg-info/SOURCES.txt'
[1.769s] running build
[1.769s] running build_py
[1.769s] running install
[1.770s] running install_lib
[1.771s] running install_data
[1.772s] running install_egg_info
[1.773s] removing '/home/dcs/Desktop/Lab/Lab1/install/r2/lib/python3.8/site-packages/r2-0.0.0-py3.8.egg-info' (and everything under it)
[1.773s] Copying ../../../build/r2/r2.egg-info to /home/dcs/Desktop/Lab/Lab1/install/r2/lib/python3.8/site-packages/r2-0.0.0-py3.8.egg-info
[1.774s] running install_scripts
[1.790s] Installing prt script to /home/dcs/Desktop/Lab/Lab1/install/r2/lib/r2
[1.791s] Installing pub script to /home/dcs/Desktop/Lab/Lab1/install/r2/lib/r2
[1.791s] Installing sub script to /home/dcs/Desktop/Lab/Lab1/install/r2/lib/r2
[1.791s] writing list of installed files to '/home/dcs/Desktop/Lab/Lab1/build/r2/install.log'
[1.874s] Invoked command in '/home/dcs/Desktop/Lab/Lab1/ros2_ws/src/r2' returned '0': PYTHONPATH=/home/dcs/Desktop/Lab/Lab1/build/r2/prefix_override:/home/dcs/Desktop/Lab/Lab1/install/r2/lib/python3.8/site-packages:${PYTHONPATH} /usr/bin/python3 setup.py egg_info --egg-base ../../../build/r2 build --build-base /home/dcs/Desktop/Lab/Lab1/build/r2/build install --record /home/dcs/Desktop/Lab/Lab1/build/r2/install.log --install-scripts $base/lib/r2 --single-version-externally-managed
