running egg_info
creating ../build/noise/noise.egg-info
writing ../build/noise/noise.egg-info/PKG-INFO
writing dependency_links to ../build/noise/noise.egg-info/dependency_links.txt
writing entry points to ../build/noise/noise.egg-info/entry_points.txt
writing requirements to ../build/noise/noise.egg-info/requires.txt
writing top-level names to ../build/noise/noise.egg-info/top_level.txt
writing manifest file '../build/noise/noise.egg-info/SOURCES.txt'
reading manifest file '../build/noise/noise.egg-info/SOURCES.txt'
writing manifest file '../build/noise/noise.egg-info/SOURCES.txt'
running build
running build_py
creating /home/dcs/Desktop/Lab/Lab1/ros2_ws/build/noise/build
creating /home/dcs/Desktop/Lab/Lab1/ros2_ws/build/noise/build/lib
creating /home/dcs/Desktop/Lab/Lab1/ros2_ws/build/noise/build/lib/noise
copying noise/noise.py -> /home/dcs/Desktop/Lab/Lab1/ros2_ws/build/noise/build/lib/noise
copying noise/__init__.py -> /home/dcs/Desktop/Lab/Lab1/ros2_ws/build/noise/build/lib/noise
running install
running install_lib
creating /home/dcs/Desktop/Lab/Lab1/ros2_ws/install/noise/lib/python3.8/site-packages/noise
copying /home/dcs/Desktop/Lab/Lab1/ros2_ws/build/noise/build/lib/noise/noise.py -> /home/dcs/Desktop/Lab/Lab1/ros2_ws/install/noise/lib/python3.8/site-packages/noise
copying /home/dcs/Desktop/Lab/Lab1/ros2_ws/build/noise/build/lib/noise/__init__.py -> /home/dcs/Desktop/Lab/Lab1/ros2_ws/install/noise/lib/python3.8/site-packages/noise
byte-compiling /home/dcs/Desktop/Lab/Lab1/ros2_ws/install/noise/lib/python3.8/site-packages/noise/noise.py to noise.cpython-38.pyc
byte-compiling /home/dcs/Desktop/Lab/Lab1/ros2_ws/install/noise/lib/python3.8/site-packages/noise/__init__.py to __init__.cpython-38.pyc
running install_data
creating /home/dcs/Desktop/Lab/Lab1/ros2_ws/install/noise/share/ament_index
creating /home/dcs/Desktop/Lab/Lab1/ros2_ws/install/noise/share/ament_index/resource_index
creating /home/dcs/Desktop/Lab/Lab1/ros2_ws/install/noise/share/ament_index/resource_index/packages
copying resource/noise -> /home/dcs/Desktop/Lab/Lab1/ros2_ws/install/noise/share/ament_index/resource_index/packages
copying package.xml -> /home/dcs/Desktop/Lab/Lab1/ros2_ws/install/noise/share/noise
running install_egg_info
Copying ../build/noise/noise.egg-info to /home/dcs/Desktop/Lab/Lab1/ros2_ws/install/noise/lib/python3.8/site-packages/noise-0.0.0-py3.8.egg-info
running install_scripts
Installing noise script to /home/dcs/Desktop/Lab/Lab1/ros2_ws/install/noise/lib/noise
writing list of installed files to '/home/dcs/Desktop/Lab/Lab1/ros2_ws/build/noise/install.log'
