[1.467s] Invoking command in '/home/dcs/Desktop/Lab/Lab1/ros2_ws/src/package_name': PYTHONPATH=/home/dcs/Desktop/Lab/Lab1/build/package_name/prefix_override:/home/dcs/Desktop/Lab/Lab1/install/package_name/lib/python3.8/site-packages:${PYTHONPATH} /usr/bin/python3 setup.py egg_info --egg-base ../../../build/package_name build --build-base /home/dcs/Desktop/Lab/Lab1/build/package_name/build install --record /home/dcs/Desktop/Lab/Lab1/build/package_name/install.log --install-scripts $base/lib/package_name --single-version-externally-managed
[1.738s] running egg_info
[1.738s] creating ../../../build/package_name/package_name.egg-info
[1.738s] writing ../../../build/package_name/package_name.egg-info/PKG-INFO
[1.738s] writing dependency_links to ../../../build/package_name/package_name.egg-info/dependency_links.txt
[1.738s] writing entry points to ../../../build/package_name/package_name.egg-info/entry_points.txt
[1.738s] writing requirements to ../../../build/package_name/package_name.egg-info/requires.txt
[1.738s] writing top-level names to ../../../build/package_name/package_name.egg-info/top_level.txt
[1.740s] writing manifest file '../../../build/package_name/package_name.egg-info/SOURCES.txt'
[1.784s] reading manifest file '../../../build/package_name/package_name.egg-info/SOURCES.txt'
[1.792s] writing manifest file '../../../build/package_name/package_name.egg-info/SOURCES.txt'
[1.793s] running build
[1.793s] running build_py
[1.793s] creating /home/dcs/Desktop/Lab/Lab1/build/package_name/build
[1.793s] creating /home/dcs/Desktop/Lab/Lab1/build/package_name/build/lib
[1.793s] creating /home/dcs/Desktop/Lab/Lab1/build/package_name/build/lib/package_name
[1.793s] copying package_name/__init__.py -> /home/dcs/Desktop/Lab/Lab1/build/package_name/build/lib/package_name
[1.793s] copying package_name/my_node.py -> /home/dcs/Desktop/Lab/Lab1/build/package_name/build/lib/package_name
[1.800s] running install
[1.800s] running install_lib
[1.800s] creating /home/dcs/Desktop/Lab/Lab1/install/package_name/lib/python3.8/site-packages/package_name
[1.800s] copying /home/dcs/Desktop/Lab/Lab1/build/package_name/build/lib/package_name/__init__.py -> /home/dcs/Desktop/Lab/Lab1/install/package_name/lib/python3.8/site-packages/package_name
[1.800s] copying /home/dcs/Desktop/Lab/Lab1/build/package_name/build/lib/package_name/my_node.py -> /home/dcs/Desktop/Lab/Lab1/install/package_name/lib/python3.8/site-packages/package_name
[1.800s] byte-compiling /home/dcs/Desktop/Lab/Lab1/install/package_name/lib/python3.8/site-packages/package_name/__init__.py to __init__.cpython-38.pyc
[1.800s] byte-compiling /home/dcs/Desktop/Lab/Lab1/install/package_name/lib/python3.8/site-packages/package_name/my_node.py to my_node.cpython-38.pyc
[1.801s] running install_data
[1.801s] creating /home/dcs/Desktop/Lab/Lab1/install/package_name/share/ament_index
[1.801s] creating /home/dcs/Desktop/Lab/Lab1/install/package_name/share/ament_index/resource_index
[1.801s] creating /home/dcs/Desktop/Lab/Lab1/install/package_name/share/ament_index/resource_index/packages
[1.801s] copying resource/package_name -> /home/dcs/Desktop/Lab/Lab1/install/package_name/share/ament_index/resource_index/packages
[1.801s] copying package.xml -> /home/dcs/Desktop/Lab/Lab1/install/package_name/share/package_name
[1.801s] running install_egg_info
[1.801s] Copying ../../../build/package_name/package_name.egg-info to /home/dcs/Desktop/Lab/Lab1/install/package_name/lib/python3.8/site-packages/package_name-0.0.0-py3.8.egg-info
[1.801s] running install_scripts
[1.833s] Installing my_node script to /home/dcs/Desktop/Lab/Lab1/install/package_name/lib/package_name
[1.838s] writing list of installed files to '/home/dcs/Desktop/Lab/Lab1/build/package_name/install.log'
[1.958s] Invoked command in '/home/dcs/Desktop/Lab/Lab1/ros2_ws/src/package_name' returned '0': PYTHONPATH=/home/dcs/Desktop/Lab/Lab1/build/package_name/prefix_override:/home/dcs/Desktop/Lab/Lab1/install/package_name/lib/python3.8/site-packages:${PYTHONPATH} /usr/bin/python3 setup.py egg_info --egg-base ../../../build/package_name build --build-base /home/dcs/Desktop/Lab/Lab1/build/package_name/build install --record /home/dcs/Desktop/Lab/Lab1/build/package_name/install.log --install-scripts $base/lib/package_name --single-version-externally-managed
