[20.276s] Invoking command in '/home/dcs/Desktop/Lab/Lab1/ros2_ws/src/controller': PYTHONPATH=/home/dcs/Desktop/Lab/Lab1/build/controller/prefix_override:/home/dcs/Desktop/Lab/Lab1/install/controller/lib/python3.8/site-packages:${PYTHONPATH} /usr/bin/python3 setup.py egg_info --egg-base ../../../build/controller build --build-base /home/dcs/Desktop/Lab/Lab1/build/controller/build install --record /home/dcs/Desktop/Lab/Lab1/build/controller/install.log --install-scripts $base/lib/controller --single-version-externally-managed
[20.571s] running egg_info
[20.583s] writing ../../../build/controller/controller.egg-info/PKG-INFO
[20.583s] writing dependency_links to ../../../build/controller/controller.egg-info/dependency_links.txt
[20.583s] writing entry points to ../../../build/controller/controller.egg-info/entry_points.txt
[20.583s] writing requirements to ../../../build/controller/controller.egg-info/requires.txt
[20.583s] writing top-level names to ../../../build/controller/controller.egg-info/top_level.txt
[20.598s] reading manifest file '../../../build/controller/controller.egg-info/SOURCES.txt'
[20.598s] writing manifest file '../../../build/controller/controller.egg-info/SOURCES.txt'
[20.598s] running build
[20.598s] running build_py
[20.598s] running install
[20.598s] running install_lib
[20.598s] running install_data
[20.598s] running install_egg_info
[20.599s] removing '/home/dcs/Desktop/Lab/Lab1/install/controller/lib/python3.8/site-packages/controller-0.0.0-py3.8.egg-info' (and everything under it)
[20.599s] Copying ../../../build/controller/controller.egg-info to /home/dcs/Desktop/Lab/Lab1/install/controller/lib/python3.8/site-packages/controller-0.0.0-py3.8.egg-info
[20.600s] running install_scripts
[20.612s] writing list of installed files to '/home/dcs/Desktop/Lab/Lab1/build/controller/install.log'
[20.695s] Invoked command in '/home/dcs/Desktop/Lab/Lab1/ros2_ws/src/controller' returned '0': PYTHONPATH=/home/dcs/Desktop/Lab/Lab1/build/controller/prefix_override:/home/dcs/Desktop/Lab/Lab1/install/controller/lib/python3.8/site-packages:${PYTHONPATH} /usr/bin/python3 setup.py egg_info --egg-base ../../../build/controller build --build-base /home/dcs/Desktop/Lab/Lab1/build/controller/build install --record /home/dcs/Desktop/Lab/Lab1/build/controller/install.log --install-scripts $base/lib/controller --single-version-externally-managed
