running egg_info
writing ../../../build/ClosedLoop_Obstacle/ClosedLoop_Obstacle.egg-info/PKG-INFO
writing dependency_links to ../../../build/ClosedLoop_Obstacle/ClosedLoop_Obstacle.egg-info/dependency_links.txt
writing entry points to ../../../build/ClosedLoop_Obstacle/ClosedLoop_Obstacle.egg-info/entry_points.txt
writing requirements to ../../../build/ClosedLoop_Obstacle/ClosedLoop_Obstacle.egg-info/requires.txt
writing top-level names to ../../../build/ClosedLoop_Obstacle/ClosedLoop_Obstacle.egg-info/top_level.txt
reading manifest file '../../../build/ClosedLoop_Obstacle/ClosedLoop_Obstacle.egg-info/SOURCES.txt'
writing manifest file '../../../build/ClosedLoop_Obstacle/ClosedLoop_Obstacle.egg-info/SOURCES.txt'
running build
running build_py
copying ClosedLoop_Obstacle/ClosedLoop_Obstacle.py -> /home/dcs/Desktop/Lab/Lab1/build/ClosedLoop_Obstacle/build/lib/ClosedLoop_Obstacle
running install
running install_lib
copying /home/dcs/Desktop/Lab/Lab1/build/ClosedLoop_Obstacle/build/lib/ClosedLoop_Obstacle/ClosedLoop_Obstacle.py -> /home/dcs/Desktop/Lab/Lab1/install/ClosedLoop_Obstacle/lib/python3.8/site-packages/ClosedLoop_Obstacle
byte-compiling /home/dcs/Desktop/Lab/Lab1/install/ClosedLoop_Obstacle/lib/python3.8/site-packages/ClosedLoop_Obstacle/ClosedLoop_Obstacle.py to ClosedLoop_Obstacle.cpython-38.pyc
running install_data
running install_egg_info
removing '/home/dcs/Desktop/Lab/Lab1/install/ClosedLoop_Obstacle/lib/python3.8/site-packages/ClosedLoop_Obstacle-0.0.0-py3.8.egg-info' (and everything under it)
Copying ../../../build/ClosedLoop_Obstacle/ClosedLoop_Obstacle.egg-info to /home/dcs/Desktop/Lab/Lab1/install/ClosedLoop_Obstacle/lib/python3.8/site-packages/ClosedLoop_Obstacle-0.0.0-py3.8.egg-info
running install_scripts
Installing ClosedLoop script to /home/dcs/Desktop/Lab/Lab1/install/ClosedLoop_Obstacle/lib/ClosedLoop_Obstacle
writing list of installed files to '/home/dcs/Desktop/Lab/Lab1/build/ClosedLoop_Obstacle/install.log'
