[2.666s] Invoking command in '/home/dcs/Desktop/Lab/Lab1/ros2_ws/src/laser': PYTHONPATH=/home/dcs/Desktop/Lab/Lab1/build/laser/prefix_override:/home/dcs/Desktop/Lab/Lab1/install/laser/lib/python3.8/site-packages:${PYTHONPATH} /usr/bin/python3 setup.py egg_info --egg-base ../../../build/laser build --build-base /home/dcs/Desktop/Lab/Lab1/build/laser/build install --record /home/dcs/Desktop/Lab/Lab1/build/laser/install.log --install-scripts $base/lib/laser --single-version-externally-managed
[2.950s] running egg_info
[2.950s] writing ../../../build/laser/laser.egg-info/PKG-INFO
[2.950s] writing dependency_links to ../../../build/laser/laser.egg-info/dependency_links.txt
[2.950s] writing entry points to ../../../build/laser/laser.egg-info/entry_points.txt
[2.950s] writing requirements to ../../../build/laser/laser.egg-info/requires.txt
[2.950s] writing top-level names to ../../../build/laser/laser.egg-info/top_level.txt
[3.016s] reading manifest file '../../../build/laser/laser.egg-info/SOURCES.txt'
[3.016s] writing manifest file '../../../build/laser/laser.egg-info/SOURCES.txt'
[3.016s] running build
[3.017s] running build_py
[3.021s] copying laser/laser.py -> /home/dcs/Desktop/Lab/Lab1/build/laser/build/lib/laser
[3.021s] copying laser/__init__.py -> /home/dcs/Desktop/Lab/Lab1/build/laser/build/lib/laser
[3.022s] running install
[3.023s] running install_lib
[3.023s] copying /home/dcs/Desktop/Lab/Lab1/build/laser/build/lib/laser/laser.py -> /home/dcs/Desktop/Lab/Lab1/install/laser/lib/python3.8/site-packages/laser
[3.024s] copying /home/dcs/Desktop/Lab/Lab1/build/laser/build/lib/laser/__init__.py -> /home/dcs/Desktop/Lab/Lab1/install/laser/lib/python3.8/site-packages/laser
[3.024s] byte-compiling /home/dcs/Desktop/Lab/Lab1/install/laser/lib/python3.8/site-packages/laser/laser.py to laser.cpython-38.pyc
[3.026s] byte-compiling /home/dcs/Desktop/Lab/Lab1/install/laser/lib/python3.8/site-packages/laser/__init__.py to __init__.cpython-38.pyc
[3.029s] running install_data
[3.030s] running install_egg_info
[3.032s] removing '/home/dcs/Desktop/Lab/Lab1/install/laser/lib/python3.8/site-packages/laser-0.0.0-py3.8.egg-info' (and everything under it)
[3.032s] Copying ../../../build/laser/laser.egg-info to /home/dcs/Desktop/Lab/Lab1/install/laser/lib/python3.8/site-packages/laser-0.0.0-py3.8.egg-info
[3.032s] running install_scripts
[3.070s] Installing laser_node script to /home/dcs/Desktop/Lab/Lab1/install/laser/lib/laser
[3.070s] writing list of installed files to '/home/dcs/Desktop/Lab/Lab1/build/laser/install.log'
[3.931s] Invoked command in '/home/dcs/Desktop/Lab/Lab1/ros2_ws/src/laser' returned '0': PYTHONPATH=/home/dcs/Desktop/Lab/Lab1/build/laser/prefix_override:/home/dcs/Desktop/Lab/Lab1/install/laser/lib/python3.8/site-packages:${PYTHONPATH} /usr/bin/python3 setup.py egg_info --egg-base ../../../build/laser build --build-base /home/dcs/Desktop/Lab/Lab1/build/laser/build install --record /home/dcs/Desktop/Lab/Lab1/build/laser/install.log --install-scripts $base/lib/laser --single-version-externally-managed
