/home/dcs/Desktop/Lab/Lab1/ros2_ws/src/install/r2/lib/python3.8/site-packages/r2/printer.py
/home/dcs/Desktop/Lab/Lab1/ros2_ws/src/install/r2/lib/python3.8/site-packages/r2/subscriber.py
/home/dcs/Desktop/Lab/Lab1/ros2_ws/src/install/r2/lib/python3.8/site-packages/r2/__init__.py
/home/dcs/Desktop/Lab/Lab1/ros2_ws/src/install/r2/lib/python3.8/site-packages/r2/publisher.py
/home/dcs/Desktop/Lab/Lab1/ros2_ws/src/install/r2/lib/python3.8/site-packages/r2/__pycache__/printer.cpython-38.pyc
/home/dcs/Desktop/Lab/Lab1/ros2_ws/src/install/r2/lib/python3.8/site-packages/r2/__pycache__/subscriber.cpython-38.pyc
/home/dcs/Desktop/Lab/Lab1/ros2_ws/src/install/r2/lib/python3.8/site-packages/r2/__pycache__/__init__.cpython-38.pyc
/home/dcs/Desktop/Lab/Lab1/ros2_ws/src/install/r2/lib/python3.8/site-packages/r2/__pycache__/publisher.cpython-38.pyc
/home/dcs/Desktop/Lab/Lab1/ros2_ws/src/install/r2/share/ament_index/resource_index/packages/r2
/home/dcs/Desktop/Lab/Lab1/ros2_ws/src/install/r2/share/r2/package.xml
/home/dcs/Desktop/Lab/Lab1/ros2_ws/src/install/r2/lib/python3.8/site-packages/r2-0.0.0-py3.8.egg-info/entry_points.txt
/home/dcs/Desktop/Lab/Lab1/ros2_ws/src/install/r2/lib/python3.8/site-packages/r2-0.0.0-py3.8.egg-info/SOURCES.txt
/home/dcs/Desktop/Lab/Lab1/ros2_ws/src/install/r2/lib/python3.8/site-packages/r2-0.0.0-py3.8.egg-info/top_level.txt
/home/dcs/Desktop/Lab/Lab1/ros2_ws/src/install/r2/lib/python3.8/site-packages/r2-0.0.0-py3.8.egg-info/dependency_links.txt
/home/dcs/Desktop/Lab/Lab1/ros2_ws/src/install/r2/lib/python3.8/site-packages/r2-0.0.0-py3.8.egg-info/PKG-INFO
/home/dcs/Desktop/Lab/Lab1/ros2_ws/src/install/r2/lib/python3.8/site-packages/r2-0.0.0-py3.8.egg-info/requires.txt
/home/dcs/Desktop/Lab/Lab1/ros2_ws/src/install/r2/lib/python3.8/site-packages/r2-0.0.0-py3.8.egg-info/zip-safe
/home/dcs/Desktop/Lab/Lab1/ros2_ws/src/install/r2/lib/r2/prt
/home/dcs/Desktop/Lab/Lab1/ros2_ws/src/install/r2/lib/r2/pub
/home/dcs/Desktop/Lab/Lab1/ros2_ws/src/install/r2/lib/r2/sub
