[1.691s] Invoking command in '/home/dcs/Desktop/Lab/Lab1/ros2_ws/src/my_py_pkg': PYTHONPATH=/home/dcs/Desktop/Lab/Lab1/build/my_py_pkg/prefix_override:/home/dcs/Desktop/Lab/Lab1/install/my_py_pkg/lib/python3.8/site-packages:${PYTHONPATH} /usr/bin/python3 setup.py egg_info --egg-base ../../../build/my_py_pkg build --build-base /home/dcs/Desktop/Lab/Lab1/build/my_py_pkg/build install --record /home/dcs/Desktop/Lab/Lab1/build/my_py_pkg/install.log --install-scripts $base/lib/my_py_pkg --single-version-externally-managed
[1.973s] running egg_info
[1.973s] writing ../../../build/my_py_pkg/my_py_pkg.egg-info/PKG-INFO
[1.973s] writing dependency_links to ../../../build/my_py_pkg/my_py_pkg.egg-info/dependency_links.txt
[1.974s] writing entry points to ../../../build/my_py_pkg/my_py_pkg.egg-info/entry_points.txt
[1.974s] writing requirements to ../../../build/my_py_pkg/my_py_pkg.egg-info/requires.txt
[1.974s] writing top-level names to ../../../build/my_py_pkg/my_py_pkg.egg-info/top_level.txt
[2.010s] reading manifest file '../../../build/my_py_pkg/my_py_pkg.egg-info/SOURCES.txt'
[2.011s] writing manifest file '../../../build/my_py_pkg/my_py_pkg.egg-info/SOURCES.txt'
[2.011s] running build
[2.011s] running build_py
[2.011s] running install
[2.014s] running install_lib
[2.014s] running install_data
[2.014s] running install_egg_info
[2.014s] removing '/home/dcs/Desktop/Lab/Lab1/install/my_py_pkg/lib/python3.8/site-packages/my_py_pkg-0.0.0-py3.8.egg-info' (and everything under it)
[2.015s] Copying ../../../build/my_py_pkg/my_py_pkg.egg-info to /home/dcs/Desktop/Lab/Lab1/install/my_py_pkg/lib/python3.8/site-packages/my_py_pkg-0.0.0-py3.8.egg-info
[2.015s] running install_scripts
[2.030s] writing list of installed files to '/home/dcs/Desktop/Lab/Lab1/build/my_py_pkg/install.log'
[2.397s] Invoked command in '/home/dcs/Desktop/Lab/Lab1/ros2_ws/src/my_py_pkg' returned '0': PYTHONPATH=/home/dcs/Desktop/Lab/Lab1/build/my_py_pkg/prefix_override:/home/dcs/Desktop/Lab/Lab1/install/my_py_pkg/lib/python3.8/site-packages:${PYTHONPATH} /usr/bin/python3 setup.py egg_info --egg-base ../../../build/my_py_pkg build --build-base /home/dcs/Desktop/Lab/Lab1/build/my_py_pkg/build install --record /home/dcs/Desktop/Lab/Lab1/build/my_py_pkg/install.log --install-scripts $base/lib/my_py_pkg --single-version-externally-managed
