[2.225s] Invoking command in '/home/dcs/Desktop/Lab/Lab1/ros2_ws/src/noise': PYTHONPATH=/home/dcs/Desktop/Lab/Lab1/ros2_ws/build/noise/prefix_override:/home/dcs/Desktop/Lab/Lab1/ros2_ws/install/noise/lib/python3.8/site-packages:${PYTHONPATH} /usr/bin/python3 setup.py egg_info --egg-base ../../build/noise build --build-base /home/dcs/Desktop/Lab/Lab1/ros2_ws/build/noise/build install --record /home/dcs/Desktop/Lab/Lab1/ros2_ws/build/noise/install.log --install-scripts $base/lib/noise --single-version-externally-managed
[2.415s] running egg_info
[2.416s] writing ../../build/noise/noise.egg-info/PKG-INFO
[2.417s] writing dependency_links to ../../build/noise/noise.egg-info/dependency_links.txt
[2.417s] writing entry points to ../../build/noise/noise.egg-info/entry_points.txt
[2.418s] writing requirements to ../../build/noise/noise.egg-info/requires.txt
[2.418s] writing top-level names to ../../build/noise/noise.egg-info/top_level.txt
[2.449s] reading manifest file '../../build/noise/noise.egg-info/SOURCES.txt'
[2.450s] writing manifest file '../../build/noise/noise.egg-info/SOURCES.txt'
[2.450s] running build
[2.451s] running build_py
[2.451s] running install
[2.452s] running install_lib
[2.452s] running install_data
[2.453s] running install_egg_info
[2.475s] removing '/home/dcs/Desktop/Lab/Lab1/ros2_ws/install/noise/lib/python3.8/site-packages/noise-0.0.0-py3.8.egg-info' (and everything under it)
[2.476s] Copying ../../build/noise/noise.egg-info to /home/dcs/Desktop/Lab/Lab1/ros2_ws/install/noise/lib/python3.8/site-packages/noise-0.0.0-py3.8.egg-info
[2.478s] running install_scripts
[2.490s] Installing noise script to /home/dcs/Desktop/Lab/Lab1/ros2_ws/install/noise/lib/noise
[2.490s] writing list of installed files to '/home/dcs/Desktop/Lab/Lab1/ros2_ws/build/noise/install.log'
[2.552s] Invoked command in '/home/dcs/Desktop/Lab/Lab1/ros2_ws/src/noise' returned '0': PYTHONPATH=/home/dcs/Desktop/Lab/Lab1/ros2_ws/build/noise/prefix_override:/home/dcs/Desktop/Lab/Lab1/ros2_ws/install/noise/lib/python3.8/site-packages:${PYTHONPATH} /usr/bin/python3 setup.py egg_info --egg-base ../../build/noise build --build-base /home/dcs/Desktop/Lab/Lab1/ros2_ws/build/noise/build install --record /home/dcs/Desktop/Lab/Lab1/ros2_ws/build/noise/install.log --install-scripts $base/lib/noise --single-version-externally-managed
