[1.154s] DEBUG:colcon:Command line arguments: ['/usr/bin/colcon', 'build']
[1.154s] DEBUG:colcon:Parsed command line arguments: Namespace(allow_overriding=[], ament_cmake_args=None, base_paths=['.'], build_base='build', catkin_cmake_args=None, catkin_skip_building_tests=False, cmake_args=None, cmake_clean_cache=False, cmake_clean_first=False, cmake_force_configure=False, cmake_target=None, cmake_target_skip_unavailable=False, continue_on_error=False, event_handlers=None, executor='parallel', ignore_user_meta=False, install_base='install', log_base=None, log_level=None, main=<bound method BuildVerb.main of <colcon_core.verb.build.BuildVerb object at 0x7feba7796850>>, merge_install=False, metas=['./colcon.meta'], packages_above=None, packages_above_and_dependencies=None, packages_above_depth=None, packages_end=None, packages_ignore=None, packages_ignore_regex=None, packages_select=None, packages_select_build_failed=False, packages_select_by_dep=None, packages_select_regex=None, packages_select_test_failures=False, packages_skip=None, packages_skip_build_finished=False, packages_skip_by_dep=None, packages_skip_regex=None, packages_skip_test_passed=False, packages_skip_up_to=None, packages_start=None, packages_up_to=None, packages_up_to_regex=None, parallel_workers=4, paths=None, symlink_install=False, test_result_base=None, verb_extension=<colcon_core.verb.build.BuildVerb object at 0x7feba7796850>, verb_name='build', verb_parser=<colcon_defaults.argument_parser.defaults.DefaultArgumentsDecorator object at 0x7feba77fd640>)
[1.204s] Level 1:colcon.colcon_core.package_discovery:discover_packages(colcon_meta) check parameters
[1.204s] Level 1:colcon.colcon_core.package_discovery:discover_packages(recursive) check parameters
[1.204s] Level 1:colcon.colcon_core.package_discovery:discover_packages(ignore) check parameters
[1.204s] Level 1:colcon.colcon_core.package_discovery:discover_packages(path) check parameters
[1.205s] Level 1:colcon.colcon_core.package_discovery:discover_packages(colcon_meta) discover
[1.205s] Level 1:colcon.colcon_core.package_discovery:discover_packages(recursive) discover
[1.205s] INFO:colcon.colcon_core.package_discovery:Crawling recursively for packages in '/home/dcs/Desktop/Lab/Lab1/ros2_ws'
[1.205s] Level 1:colcon.colcon_core.package_identification:_identify(.) by extensions ['ignore', 'ignore_ament_install']
[1.205s] Level 1:colcon.colcon_core.package_identification:_identify(.) by extension 'ignore'
[1.205s] Level 1:colcon.colcon_core.package_identification:_identify(.) by extension 'ignore_ament_install'
[1.205s] Level 1:colcon.colcon_core.package_identification:_identify(.) by extensions ['colcon_pkg']
[1.205s] Level 1:colcon.colcon_core.package_identification:_identify(.) by extension 'colcon_pkg'
[1.205s] Level 1:colcon.colcon_core.package_identification:_identify(.) by extensions ['colcon_meta']
[1.205s] Level 1:colcon.colcon_core.package_identification:_identify(.) by extension 'colcon_meta'
[1.205s] Level 1:colcon.colcon_core.package_identification:_identify(.) by extensions ['ros']
[1.205s] Level 1:colcon.colcon_core.package_identification:_identify(.) by extension 'ros'
[1.212s] Level 1:colcon.colcon_core.package_identification:_identify(.) by extensions ['cmake', 'python']
[1.212s] Level 1:colcon.colcon_core.package_identification:_identify(.) by extension 'cmake'
[1.212s] Level 1:colcon.colcon_core.package_identification:_identify(.) by extension 'python'
[1.212s] Level 1:colcon.colcon_core.package_identification:_identify(.) by extensions ['python_setup_py']
[1.213s] Level 1:colcon.colcon_core.package_identification:_identify(.) by extension 'python_setup_py'
[1.213s] Level 1:colcon.colcon_core.package_identification:_identify(build) by extensions ['ignore', 'ignore_ament_install']
[1.213s] Level 1:colcon.colcon_core.package_identification:_identify(build) by extension 'ignore'
[1.213s] Level 1:colcon.colcon_core.package_identification:_identify(build) ignored
[1.213s] Level 1:colcon.colcon_core.package_identification:_identify(install) by extensions ['ignore', 'ignore_ament_install']
[1.213s] Level 1:colcon.colcon_core.package_identification:_identify(install) by extension 'ignore'
[1.213s] Level 1:colcon.colcon_core.package_identification:_identify(install) ignored
[1.214s] Level 1:colcon.colcon_core.package_identification:_identify(launch) by extensions ['ignore', 'ignore_ament_install']
[1.214s] Level 1:colcon.colcon_core.package_identification:_identify(launch) by extension 'ignore'
[1.214s] Level 1:colcon.colcon_core.package_identification:_identify(launch) by extension 'ignore_ament_install'
[1.214s] Level 1:colcon.colcon_core.package_identification:_identify(launch) by extensions ['colcon_pkg']
[1.214s] Level 1:colcon.colcon_core.package_identification:_identify(launch) by extension 'colcon_pkg'
[1.214s] Level 1:colcon.colcon_core.package_identification:_identify(launch) by extensions ['colcon_meta']
[1.214s] Level 1:colcon.colcon_core.package_identification:_identify(launch) by extension 'colcon_meta'
[1.214s] Level 1:colcon.colcon_core.package_identification:_identify(launch) by extensions ['ros']
[1.214s] Level 1:colcon.colcon_core.package_identification:_identify(launch) by extension 'ros'
[1.214s] Level 1:colcon.colcon_core.package_identification:_identify(launch) by extensions ['cmake', 'python']
[1.214s] Level 1:colcon.colcon_core.package_identification:_identify(launch) by extension 'cmake'
[1.214s] Level 1:colcon.colcon_core.package_identification:_identify(launch) by extension 'python'
[1.214s] Level 1:colcon.colcon_core.package_identification:_identify(launch) by extensions ['python_setup_py']
[1.214s] Level 1:colcon.colcon_core.package_identification:_identify(launch) by extension 'python_setup_py'
[1.215s] Level 1:colcon.colcon_core.package_identification:_identify(launch/__pycache__) by extensions ['ignore', 'ignore_ament_install']
[1.215s] Level 1:colcon.colcon_core.package_identification:_identify(launch/__pycache__) by extension 'ignore'
[1.215s] Level 1:colcon.colcon_core.package_identification:_identify(launch/__pycache__) by extension 'ignore_ament_install'
[1.215s] Level 1:colcon.colcon_core.package_identification:_identify(launch/__pycache__) by extensions ['colcon_pkg']
[1.215s] Level 1:colcon.colcon_core.package_identification:_identify(launch/__pycache__) by extension 'colcon_pkg'
[1.215s] Level 1:colcon.colcon_core.package_identification:_identify(launch/__pycache__) by extensions ['colcon_meta']
[1.215s] Level 1:colcon.colcon_core.package_identification:_identify(launch/__pycache__) by extension 'colcon_meta'
[1.215s] Level 1:colcon.colcon_core.package_identification:_identify(launch/__pycache__) by extensions ['ros']
[1.215s] Level 1:colcon.colcon_core.package_identification:_identify(launch/__pycache__) by extension 'ros'
[1.215s] Level 1:colcon.colcon_core.package_identification:_identify(launch/__pycache__) by extensions ['cmake', 'python']
[1.215s] Level 1:colcon.colcon_core.package_identification:_identify(launch/__pycache__) by extension 'cmake'
[1.215s] Level 1:colcon.colcon_core.package_identification:_identify(launch/__pycache__) by extension 'python'
[1.215s] Level 1:colcon.colcon_core.package_identification:_identify(launch/__pycache__) by extensions ['python_setup_py']
[1.215s] Level 1:colcon.colcon_core.package_identification:_identify(launch/__pycache__) by extension 'python_setup_py'
[1.216s] Level 1:colcon.colcon_core.package_identification:_identify(log) by extensions ['ignore', 'ignore_ament_install']
[1.216s] Level 1:colcon.colcon_core.package_identification:_identify(log) by extension 'ignore'
[1.216s] Level 1:colcon.colcon_core.package_identification:_identify(log) ignored
[1.216s] Level 1:colcon.colcon_core.package_identification:_identify(noise) by extensions ['ignore', 'ignore_ament_install']
[1.216s] Level 1:colcon.colcon_core.package_identification:_identify(noise) by extension 'ignore'
[1.216s] Level 1:colcon.colcon_core.package_identification:_identify(noise) by extension 'ignore_ament_install'
[1.216s] Level 1:colcon.colcon_core.package_identification:_identify(noise) by extensions ['colcon_pkg']
[1.216s] Level 1:colcon.colcon_core.package_identification:_identify(noise) by extension 'colcon_pkg'
[1.216s] Level 1:colcon.colcon_core.package_identification:_identify(noise) by extensions ['colcon_meta']
[1.216s] Level 1:colcon.colcon_core.package_identification:_identify(noise) by extension 'colcon_meta'
[1.216s] Level 1:colcon.colcon_core.package_identification:_identify(noise) by extensions ['ros']
[1.216s] Level 1:colcon.colcon_core.package_identification:_identify(noise) by extension 'ros'
[1.218s] DEBUG:colcon.colcon_core.package_identification:Package 'noise' with type 'ros.ament_python' and name 'noise'
[1.218s] Level 1:colcon.colcon_core.package_identification:_identify(src) by extensions ['ignore', 'ignore_ament_install']
[1.218s] Level 1:colcon.colcon_core.package_identification:_identify(src) by extension 'ignore'
[1.219s] Level 1:colcon.colcon_core.package_identification:_identify(src) by extension 'ignore_ament_install'
[1.219s] Level 1:colcon.colcon_core.package_identification:_identify(src) by extensions ['colcon_pkg']
[1.219s] Level 1:colcon.colcon_core.package_identification:_identify(src) by extension 'colcon_pkg'
[1.219s] Level 1:colcon.colcon_core.package_identification:_identify(src) by extensions ['colcon_meta']
[1.219s] Level 1:colcon.colcon_core.package_identification:_identify(src) by extension 'colcon_meta'
[1.219s] Level 1:colcon.colcon_core.package_identification:_identify(src) by extensions ['ros']
[1.219s] Level 1:colcon.colcon_core.package_identification:_identify(src) by extension 'ros'
[1.219s] Level 1:colcon.colcon_core.package_identification:_identify(src) by extensions ['cmake', 'python']
[1.219s] Level 1:colcon.colcon_core.package_identification:_identify(src) by extension 'cmake'
[1.219s] Level 1:colcon.colcon_core.package_identification:_identify(src) by extension 'python'
[1.219s] Level 1:colcon.colcon_core.package_identification:_identify(src) by extensions ['python_setup_py']
[1.219s] Level 1:colcon.colcon_core.package_identification:_identify(src) by extension 'python_setup_py'
[1.219s] Level 1:colcon.colcon_core.package_identification:_identify(src/move_square) by extensions ['ignore', 'ignore_ament_install']
[1.219s] Level 1:colcon.colcon_core.package_identification:_identify(src/move_square) by extension 'ignore'
[1.220s] Level 1:colcon.colcon_core.package_identification:_identify(src/move_square) by extension 'ignore_ament_install'
[1.220s] Level 1:colcon.colcon_core.package_identification:_identify(src/move_square) by extensions ['colcon_pkg']
[1.220s] Level 1:colcon.colcon_core.package_identification:_identify(src/move_square) by extension 'colcon_pkg'
[1.220s] Level 1:colcon.colcon_core.package_identification:_identify(src/move_square) by extensions ['colcon_meta']
[1.220s] Level 1:colcon.colcon_core.package_identification:_identify(src/move_square) by extension 'colcon_meta'
[1.220s] Level 1:colcon.colcon_core.package_identification:_identify(src/move_square) by extensions ['ros']
[1.220s] Level 1:colcon.colcon_core.package_identification:_identify(src/move_square) by extension 'ros'
[1.220s] DEBUG:colcon.colcon_core.package_identification:Package 'src/move_square' with type 'ros.ament_python' and name 'move_square'
[1.220s] Level 1:colcon.colcon_core.package_identification:_identify(src/move_turtlebot3) by extensions ['ignore', 'ignore_ament_install']
[1.220s] Level 1:colcon.colcon_core.package_identification:_identify(src/move_turtlebot3) by extension 'ignore'
[1.221s] Level 1:colcon.colcon_core.package_identification:_identify(src/move_turtlebot3) by extension 'ignore_ament_install'
[1.221s] Level 1:colcon.colcon_core.package_identification:_identify(src/move_turtlebot3) by extensions ['colcon_pkg']
[1.221s] Level 1:colcon.colcon_core.package_identification:_identify(src/move_turtlebot3) by extension 'colcon_pkg'
[1.221s] Level 1:colcon.colcon_core.package_identification:_identify(src/move_turtlebot3) by extensions ['colcon_meta']
[1.221s] Level 1:colcon.colcon_core.package_identification:_identify(src/move_turtlebot3) by extension 'colcon_meta'
[1.221s] Level 1:colcon.colcon_core.package_identification:_identify(src/move_turtlebot3) by extensions ['ros']
[1.221s] Level 1:colcon.colcon_core.package_identification:_identify(src/move_turtlebot3) by extension 'ros'
[1.221s] DEBUG:colcon.colcon_core.package_identification:Package 'src/move_turtlebot3' with type 'ros.ament_python' and name 'move_turtlebot3'
[1.221s] Level 1:colcon.colcon_core.package_identification:_identify(src/my_py_pkg) by extensions ['ignore', 'ignore_ament_install']
[1.221s] Level 1:colcon.colcon_core.package_identification:_identify(src/my_py_pkg) by extension 'ignore'
[1.221s] Level 1:colcon.colcon_core.package_identification:_identify(src/my_py_pkg) by extension 'ignore_ament_install'
[1.222s] Level 1:colcon.colcon_core.package_identification:_identify(src/my_py_pkg) by extensions ['colcon_pkg']
[1.222s] Level 1:colcon.colcon_core.package_identification:_identify(src/my_py_pkg) by extension 'colcon_pkg'
[1.222s] Level 1:colcon.colcon_core.package_identification:_identify(src/my_py_pkg) by extensions ['colcon_meta']
[1.222s] Level 1:colcon.colcon_core.package_identification:_identify(src/my_py_pkg) by extension 'colcon_meta'
[1.222s] Level 1:colcon.colcon_core.package_identification:_identify(src/my_py_pkg) by extensions ['ros']
[1.222s] Level 1:colcon.colcon_core.package_identification:_identify(src/my_py_pkg) by extension 'ros'
[1.222s] DEBUG:colcon.colcon_core.package_identification:Package 'src/my_py_pkg' with type 'ros.ament_python' and name 'my_py_pkg'
[1.222s] Level 1:colcon.colcon_core.package_identification:_identify(src/package_name) by extensions ['ignore', 'ignore_ament_install']
[1.222s] Level 1:colcon.colcon_core.package_identification:_identify(src/package_name) by extension 'ignore'
[1.222s] Level 1:colcon.colcon_core.package_identification:_identify(src/package_name) by extension 'ignore_ament_install'
[1.222s] Level 1:colcon.colcon_core.package_identification:_identify(src/package_name) by extensions ['colcon_pkg']
[1.223s] Level 1:colcon.colcon_core.package_identification:_identify(src/package_name) by extension 'colcon_pkg'
[1.223s] Level 1:colcon.colcon_core.package_identification:_identify(src/package_name) by extensions ['colcon_meta']
[1.223s] Level 1:colcon.colcon_core.package_identification:_identify(src/package_name) by extension 'colcon_meta'
[1.223s] Level 1:colcon.colcon_core.package_identification:_identify(src/package_name) by extensions ['ros']
[1.223s] Level 1:colcon.colcon_core.package_identification:_identify(src/package_name) by extension 'ros'
[1.223s] DEBUG:colcon.colcon_core.package_identification:Package 'src/package_name' with type 'ros.ament_python' and name 'package_name'
[1.223s] Level 1:colcon.colcon_core.package_identification:_identify(src/r2) by extensions ['ignore', 'ignore_ament_install']
[1.223s] Level 1:colcon.colcon_core.package_identification:_identify(src/r2) by extension 'ignore'
[1.223s] Level 1:colcon.colcon_core.package_identification:_identify(src/r2) by extension 'ignore_ament_install'
[1.223s] Level 1:colcon.colcon_core.package_identification:_identify(src/r2) by extensions ['colcon_pkg']
[1.224s] Level 1:colcon.colcon_core.package_identification:_identify(src/r2) by extension 'colcon_pkg'
[1.224s] Level 1:colcon.colcon_core.package_identification:_identify(src/r2) by extensions ['colcon_meta']
[1.224s] Level 1:colcon.colcon_core.package_identification:_identify(src/r2) by extension 'colcon_meta'
[1.224s] Level 1:colcon.colcon_core.package_identification:_identify(src/r2) by extensions ['ros']
[1.224s] Level 1:colcon.colcon_core.package_identification:_identify(src/r2) by extension 'ros'
[1.224s] DEBUG:colcon.colcon_core.package_identification:Package 'src/r2' with type 'ros.ament_python' and name 'r2'
[1.224s] Level 1:colcon.colcon_core.package_discovery:discover_packages(recursive) using defaults
[1.224s] Level 1:colcon.colcon_core.package_discovery:discover_packages(ignore) discover
[1.224s] Level 1:colcon.colcon_core.package_discovery:discover_packages(ignore) using defaults
[1.224s] Level 1:colcon.colcon_core.package_discovery:discover_packages(path) discover
[1.224s] Level 1:colcon.colcon_core.package_discovery:discover_packages(path) using defaults
[1.332s] Level 1:colcon.colcon_core.package_discovery:discover_packages(prefix_path) check parameters
[1.332s] Level 1:colcon.colcon_core.package_discovery:discover_packages(prefix_path) discover
[1.351s] WARNING:colcon.colcon_core.prefix_path.colcon:The path '/home/dcs/Desktop/Lab/Lab1/ros2_ws/src/install' in the environment variable COLCON_PREFIX_PATH doesn't exist
[1.351s] WARNING:colcon.colcon_core.prefix_path.colcon:The path '/home/dcs/Desktop/Lab/Lab1/install' in the environment variable COLCON_PREFIX_PATH doesn't exist
[1.351s] WARNING:colcon.colcon_ros.prefix_path.ament:The path '/home/dcs/Desktop/Lab/Lab1/ros2_ws/src/install/r2' in the environment variable AMENT_PREFIX_PATH doesn't exist
[1.351s] WARNING:colcon.colcon_ros.prefix_path.ament:The path '/home/dcs/Desktop/Lab/Lab1/ros2_ws/src/install/package_name' in the environment variable AMENT_PREFIX_PATH doesn't exist
[1.351s] WARNING:colcon.colcon_ros.prefix_path.ament:The path '/home/dcs/Desktop/Lab/Lab1/ros2_ws/src/install/my_py_pkg' in the environment variable AMENT_PREFIX_PATH doesn't exist
[1.351s] WARNING:colcon.colcon_ros.prefix_path.ament:The path '/home/dcs/Desktop/Lab/Lab1/ros2_ws/src/install/move_turtlebot3' in the environment variable AMENT_PREFIX_PATH doesn't exist
[1.352s] WARNING:colcon.colcon_ros.prefix_path.ament:The path '/home/dcs/Desktop/Lab/Lab1/install/r2' in the environment variable AMENT_PREFIX_PATH doesn't exist
[1.352s] WARNING:colcon.colcon_ros.prefix_path.ament:The path '/home/dcs/Desktop/Lab/Lab1/install/package_name' in the environment variable AMENT_PREFIX_PATH doesn't exist
[1.352s] WARNING:colcon.colcon_ros.prefix_path.ament:The path '/home/dcs/Desktop/Lab/Lab1/install/my_py_pkg' in the environment variable AMENT_PREFIX_PATH doesn't exist
[1.352s] WARNING:colcon.colcon_ros.prefix_path.ament:The path '/home/dcs/Desktop/Lab/Lab1/install/move_turtlebot3' in the environment variable AMENT_PREFIX_PATH doesn't exist
[1.370s] DEBUG:colcon.colcon_installed_package_information.package_discovery:Found 6 installed packages in /home/dcs/Desktop/Lab/Lab1/ros2_ws/install
[1.390s] DEBUG:colcon.colcon_installed_package_information.package_discovery:Found 373 installed packages in /opt/ros/foxy
[1.391s] Level 1:colcon.colcon_core.package_discovery:discover_packages(prefix_path) using defaults
[1.474s] Level 5:colcon.colcon_core.verb:set package 'move_square' build argument 'cmake_args' from command line to 'None'
[1.474s] Level 5:colcon.colcon_core.verb:set package 'move_square' build argument 'cmake_target' from command line to 'None'
[1.474s] Level 5:colcon.colcon_core.verb:set package 'move_square' build argument 'cmake_target_skip_unavailable' from command line to 'False'
[1.474s] Level 5:colcon.colcon_core.verb:set package 'move_square' build argument 'cmake_clean_cache' from command line to 'False'
[1.474s] Level 5:colcon.colcon_core.verb:set package 'move_square' build argument 'cmake_clean_first' from command line to 'False'
[1.474s] Level 5:colcon.colcon_core.verb:set package 'move_square' build argument 'cmake_force_configure' from command line to 'False'
[1.474s] Level 5:colcon.colcon_core.verb:set package 'move_square' build argument 'ament_cmake_args' from command line to 'None'
[1.475s] Level 5:colcon.colcon_core.verb:set package 'move_square' build argument 'catkin_cmake_args' from command line to 'None'
[1.475s] Level 5:colcon.colcon_core.verb:set package 'move_square' build argument 'catkin_skip_building_tests' from command line to 'False'
[1.475s] DEBUG:colcon.colcon_core.verb:Building package 'move_square' with the following arguments: {'ament_cmake_args': None, 'build_base': '/home/dcs/Desktop/Lab/Lab1/ros2_ws/build/move_square', 'catkin_cmake_args': None, 'catkin_skip_building_tests': False, 'cmake_args': None, 'cmake_clean_cache': False, 'cmake_clean_first': False, 'cmake_force_configure': False, 'cmake_target': None, 'cmake_target_skip_unavailable': False, 'install_base': '/home/dcs/Desktop/Lab/Lab1/ros2_ws/install/move_square', 'merge_install': False, 'path': '/home/dcs/Desktop/Lab/Lab1/ros2_ws/src/move_square', 'symlink_install': False, 'test_result_base': None}
[1.498s] Level 5:colcon.colcon_core.verb:set package 'move_turtlebot3' build argument 'cmake_args' from command line to 'None'
[1.498s] Level 5:colcon.colcon_core.verb:set package 'move_turtlebot3' build argument 'cmake_target' from command line to 'None'
[1.498s] Level 5:colcon.colcon_core.verb:set package 'move_turtlebot3' build argument 'cmake_target_skip_unavailable' from command line to 'False'
[1.498s] Level 5:colcon.colcon_core.verb:set package 'move_turtlebot3' build argument 'cmake_clean_cache' from command line to 'False'
[1.498s] Level 5:colcon.colcon_core.verb:set package 'move_turtlebot3' build argument 'cmake_clean_first' from command line to 'False'
[1.498s] Level 5:colcon.colcon_core.verb:set package 'move_turtlebot3' build argument 'cmake_force_configure' from command line to 'False'
[1.499s] Level 5:colcon.colcon_core.verb:set package 'move_turtlebot3' build argument 'ament_cmake_args' from command line to 'None'
[1.499s] Level 5:colcon.colcon_core.verb:set package 'move_turtlebot3' build argument 'catkin_cmake_args' from command line to 'None'
[1.499s] Level 5:colcon.colcon_core.verb:set package 'move_turtlebot3' build argument 'catkin_skip_building_tests' from command line to 'False'
[1.499s] DEBUG:colcon.colcon_core.verb:Building package 'move_turtlebot3' with the following arguments: {'ament_cmake_args': None, 'build_base': '/home/dcs/Desktop/Lab/Lab1/ros2_ws/build/move_turtlebot3', 'catkin_cmake_args': None, 'catkin_skip_building_tests': False, 'cmake_args': None, 'cmake_clean_cache': False, 'cmake_clean_first': False, 'cmake_force_configure': False, 'cmake_target': None, 'cmake_target_skip_unavailable': False, 'install_base': '/home/dcs/Desktop/Lab/Lab1/ros2_ws/install/move_turtlebot3', 'merge_install': False, 'path': '/home/dcs/Desktop/Lab/Lab1/ros2_ws/src/move_turtlebot3', 'symlink_install': False, 'test_result_base': None}
[1.525s] Level 5:colcon.colcon_core.verb:set package 'my_py_pkg' build argument 'cmake_args' from command line to 'None'
[1.526s] Level 5:colcon.colcon_core.verb:set package 'my_py_pkg' build argument 'cmake_target' from command line to 'None'
[1.526s] Level 5:colcon.colcon_core.verb:set package 'my_py_pkg' build argument 'cmake_target_skip_unavailable' from command line to 'False'
[1.526s] Level 5:colcon.colcon_core.verb:set package 'my_py_pkg' build argument 'cmake_clean_cache' from command line to 'False'
[1.526s] Level 5:colcon.colcon_core.verb:set package 'my_py_pkg' build argument 'cmake_clean_first' from command line to 'False'
[1.526s] Level 5:colcon.colcon_core.verb:set package 'my_py_pkg' build argument 'cmake_force_configure' from command line to 'False'
[1.526s] Level 5:colcon.colcon_core.verb:set package 'my_py_pkg' build argument 'ament_cmake_args' from command line to 'None'
[1.526s] Level 5:colcon.colcon_core.verb:set package 'my_py_pkg' build argument 'catkin_cmake_args' from command line to 'None'
[1.526s] Level 5:colcon.colcon_core.verb:set package 'my_py_pkg' build argument 'catkin_skip_building_tests' from command line to 'False'
[1.526s] DEBUG:colcon.colcon_core.verb:Building package 'my_py_pkg' with the following arguments: {'ament_cmake_args': None, 'build_base': '/home/dcs/Desktop/Lab/Lab1/ros2_ws/build/my_py_pkg', 'catkin_cmake_args': None, 'catkin_skip_building_tests': False, 'cmake_args': None, 'cmake_clean_cache': False, 'cmake_clean_first': False, 'cmake_force_configure': False, 'cmake_target': None, 'cmake_target_skip_unavailable': False, 'install_base': '/home/dcs/Desktop/Lab/Lab1/ros2_ws/install/my_py_pkg', 'merge_install': False, 'path': '/home/dcs/Desktop/Lab/Lab1/ros2_ws/src/my_py_pkg', 'symlink_install': False, 'test_result_base': None}
[1.544s] Level 5:colcon.colcon_core.verb:set package 'noise' build argument 'cmake_args' from command line to 'None'
[1.544s] Level 5:colcon.colcon_core.verb:set package 'noise' build argument 'cmake_target' from command line to 'None'
[1.545s] Level 5:colcon.colcon_core.verb:set package 'noise' build argument 'cmake_target_skip_unavailable' from command line to 'False'
[1.545s] Level 5:colcon.colcon_core.verb:set package 'noise' build argument 'cmake_clean_cache' from command line to 'False'
[1.545s] Level 5:colcon.colcon_core.verb:set package 'noise' build argument 'cmake_clean_first' from command line to 'False'
[1.545s] Level 5:colcon.colcon_core.verb:set package 'noise' build argument 'cmake_force_configure' from command line to 'False'
[1.545s] Level 5:colcon.colcon_core.verb:set package 'noise' build argument 'ament_cmake_args' from command line to 'None'
[1.545s] Level 5:colcon.colcon_core.verb:set package 'noise' build argument 'catkin_cmake_args' from command line to 'None'
[1.545s] Level 5:colcon.colcon_core.verb:set package 'noise' build argument 'catkin_skip_building_tests' from command line to 'False'
[1.545s] DEBUG:colcon.colcon_core.verb:Building package 'noise' with the following arguments: {'ament_cmake_args': None, 'build_base': '/home/dcs/Desktop/Lab/Lab1/ros2_ws/build/noise', 'catkin_cmake_args': None, 'catkin_skip_building_tests': False, 'cmake_args': None, 'cmake_clean_cache': False, 'cmake_clean_first': False, 'cmake_force_configure': False, 'cmake_target': None, 'cmake_target_skip_unavailable': False, 'install_base': '/home/dcs/Desktop/Lab/Lab1/ros2_ws/install/noise', 'merge_install': False, 'path': '/home/dcs/Desktop/Lab/Lab1/ros2_ws/noise', 'symlink_install': False, 'test_result_base': None}
[1.563s] Level 5:colcon.colcon_core.verb:set package 'package_name' build argument 'cmake_args' from command line to 'None'
[1.563s] Level 5:colcon.colcon_core.verb:set package 'package_name' build argument 'cmake_target' from command line to 'None'
[1.563s] Level 5:colcon.colcon_core.verb:set package 'package_name' build argument 'cmake_target_skip_unavailable' from command line to 'False'
[1.563s] Level 5:colcon.colcon_core.verb:set package 'package_name' build argument 'cmake_clean_cache' from command line to 'False'
[1.563s] Level 5:colcon.colcon_core.verb:set package 'package_name' build argument 'cmake_clean_first' from command line to 'False'
[1.563s] Level 5:colcon.colcon_core.verb:set package 'package_name' build argument 'cmake_force_configure' from command line to 'False'
[1.563s] Level 5:colcon.colcon_core.verb:set package 'package_name' build argument 'ament_cmake_args' from command line to 'None'
[1.564s] Level 5:colcon.colcon_core.verb:set package 'package_name' build argument 'catkin_cmake_args' from command line to 'None'
[1.564s] Level 5:colcon.colcon_core.verb:set package 'package_name' build argument 'catkin_skip_building_tests' from command line to 'False'
[1.564s] DEBUG:colcon.colcon_core.verb:Building package 'package_name' with the following arguments: {'ament_cmake_args': None, 'build_base': '/home/dcs/Desktop/Lab/Lab1/ros2_ws/build/package_name', 'catkin_cmake_args': None, 'catkin_skip_building_tests': False, 'cmake_args': None, 'cmake_clean_cache': False, 'cmake_clean_first': False, 'cmake_force_configure': False, 'cmake_target': None, 'cmake_target_skip_unavailable': False, 'install_base': '/home/dcs/Desktop/Lab/Lab1/ros2_ws/install/package_name', 'merge_install': False, 'path': '/home/dcs/Desktop/Lab/Lab1/ros2_ws/src/package_name', 'symlink_install': False, 'test_result_base': None}
[1.582s] Level 5:colcon.colcon_core.verb:set package 'r2' build argument 'cmake_args' from command line to 'None'
[1.582s] Level 5:colcon.colcon_core.verb:set package 'r2' build argument 'cmake_target' from command line to 'None'
[1.582s] Level 5:colcon.colcon_core.verb:set package 'r2' build argument 'cmake_target_skip_unavailable' from command line to 'False'
[1.582s] Level 5:colcon.colcon_core.verb:set package 'r2' build argument 'cmake_clean_cache' from command line to 'False'
[1.582s] Level 5:colcon.colcon_core.verb:set package 'r2' build argument 'cmake_clean_first' from command line to 'False'
[1.582s] Level 5:colcon.colcon_core.verb:set package 'r2' build argument 'cmake_force_configure' from command line to 'False'
[1.582s] Level 5:colcon.colcon_core.verb:set package 'r2' build argument 'ament_cmake_args' from command line to 'None'
[1.582s] Level 5:colcon.colcon_core.verb:set package 'r2' build argument 'catkin_cmake_args' from command line to 'None'
[1.582s] Level 5:colcon.colcon_core.verb:set package 'r2' build argument 'catkin_skip_building_tests' from command line to 'False'
[1.582s] DEBUG:colcon.colcon_core.verb:Building package 'r2' with the following arguments: {'ament_cmake_args': None, 'build_base': '/home/dcs/Desktop/Lab/Lab1/ros2_ws/build/r2', 'catkin_cmake_args': None, 'catkin_skip_building_tests': False, 'cmake_args': None, 'cmake_clean_cache': False, 'cmake_clean_first': False, 'cmake_force_configure': False, 'cmake_target': None, 'cmake_target_skip_unavailable': False, 'install_base': '/home/dcs/Desktop/Lab/Lab1/ros2_ws/install/r2', 'merge_install': False, 'path': '/home/dcs/Desktop/Lab/Lab1/ros2_ws/src/r2', 'symlink_install': False, 'test_result_base': None}
[1.600s] INFO:colcon.colcon_core.executor:Executing jobs using 'parallel' executor
[1.619s] DEBUG:colcon.colcon_parallel_executor.executor.parallel:run_until_complete
[1.619s] INFO:colcon.colcon_ros.task.ament_python.build:Building ROS package in '/home/dcs/Desktop/Lab/Lab1/ros2_ws/src/move_square' with build type 'ament_python'
[1.619s] Level 1:colcon.colcon_core.shell:create_environment_hook('move_square', 'ament_prefix_path')
[1.639s] INFO:colcon.colcon_core.plugin_system:Skipping extension 'colcon_core.shell.bat': Not used on non-Windows systems
[1.639s] INFO:colcon.colcon_core.shell:Creating environment hook '/home/dcs/Desktop/Lab/Lab1/ros2_ws/install/move_square/share/move_square/hook/ament_prefix_path.ps1'
[1.639s] INFO:colcon.colcon_core.shell:Creating environment descriptor '/home/dcs/Desktop/Lab/Lab1/ros2_ws/install/move_square/share/move_square/hook/ament_prefix_path.dsv'
[1.640s] INFO:colcon.colcon_core.shell:Creating environment hook '/home/dcs/Desktop/Lab/Lab1/ros2_ws/install/move_square/share/move_square/hook/ament_prefix_path.sh'
[1.659s] INFO:colcon.colcon_core.shell:Skip shell extension 'powershell' for command environment: Not usable outside of PowerShell
[1.659s] DEBUG:colcon.colcon_core.shell:Skip shell extension 'dsv' for command environment
[1.717s] INFO:colcon.colcon_ros.task.ament_python.build:Building ROS package in '/home/dcs/Desktop/Lab/Lab1/ros2_ws/src/move_turtlebot3' with build type 'ament_python'
[1.718s] Level 1:colcon.colcon_core.shell:create_environment_hook('move_turtlebot3', 'ament_prefix_path')
[1.738s] INFO:colcon.colcon_core.shell:Creating environment hook '/home/dcs/Desktop/Lab/Lab1/ros2_ws/install/move_turtlebot3/share/move_turtlebot3/hook/ament_prefix_path.ps1'
[1.738s] INFO:colcon.colcon_core.shell:Creating environment descriptor '/home/dcs/Desktop/Lab/Lab1/ros2_ws/install/move_turtlebot3/share/move_turtlebot3/hook/ament_prefix_path.dsv'
[1.739s] INFO:colcon.colcon_core.shell:Creating environment hook '/home/dcs/Desktop/Lab/Lab1/ros2_ws/install/move_turtlebot3/share/move_turtlebot3/hook/ament_prefix_path.sh'
[1.757s] INFO:colcon.colcon_core.shell:Skip shell extension 'powershell' for command environment: Not usable outside of PowerShell
[1.758s] DEBUG:colcon.colcon_core.shell:Skip shell extension 'dsv' for command environment
[1.818s] INFO:colcon.colcon_ros.task.ament_python.build:Building ROS package in '/home/dcs/Desktop/Lab/Lab1/ros2_ws/src/my_py_pkg' with build type 'ament_python'
[1.819s] Level 1:colcon.colcon_core.shell:create_environment_hook('my_py_pkg', 'ament_prefix_path')
[1.840s] INFO:colcon.colcon_core.shell:Creating environment hook '/home/dcs/Desktop/Lab/Lab1/ros2_ws/install/my_py_pkg/share/my_py_pkg/hook/ament_prefix_path.ps1'
[1.841s] INFO:colcon.colcon_core.shell:Creating environment descriptor '/home/dcs/Desktop/Lab/Lab1/ros2_ws/install/my_py_pkg/share/my_py_pkg/hook/ament_prefix_path.dsv'
[1.841s] INFO:colcon.colcon_core.shell:Creating environment hook '/home/dcs/Desktop/Lab/Lab1/ros2_ws/install/my_py_pkg/share/my_py_pkg/hook/ament_prefix_path.sh'
[1.860s] INFO:colcon.colcon_core.shell:Skip shell extension 'powershell' for command environment: Not usable outside of PowerShell
[1.860s] DEBUG:colcon.colcon_core.shell:Skip shell extension 'dsv' for command environment
[1.922s] INFO:colcon.colcon_ros.task.ament_python.build:Building ROS package in '/home/dcs/Desktop/Lab/Lab1/ros2_ws/noise' with build type 'ament_python'
[1.922s] Level 1:colcon.colcon_core.shell:create_environment_hook('noise', 'ament_prefix_path')
[1.942s] INFO:colcon.colcon_core.shell:Creating environment hook '/home/dcs/Desktop/Lab/Lab1/ros2_ws/install/noise/share/noise/hook/ament_prefix_path.ps1'
[1.942s] INFO:colcon.colcon_core.shell:Creating environment descriptor '/home/dcs/Desktop/Lab/Lab1/ros2_ws/install/noise/share/noise/hook/ament_prefix_path.dsv'
[1.943s] INFO:colcon.colcon_core.shell:Creating environment hook '/home/dcs/Desktop/Lab/Lab1/ros2_ws/install/noise/share/noise/hook/ament_prefix_path.sh'
[1.962s] INFO:colcon.colcon_core.shell:Skip shell extension 'powershell' for command environment: Not usable outside of PowerShell
[1.962s] DEBUG:colcon.colcon_core.shell:Skip shell extension 'dsv' for command environment
[2.162s] INFO:colcon.colcon_core.task.python.build:Building Python package in '/home/dcs/Desktop/Lab/Lab1/ros2_ws/src/move_square'
[2.181s] INFO:colcon.colcon_core.shell:Skip shell extension 'powershell' for command environment: Not usable outside of PowerShell
[2.181s] DEBUG:colcon.colcon_core.shell:Skip shell extension 'dsv' for command environment
[2.364s] INFO:colcon.colcon_core.task.python.build:Building Python package in '/home/dcs/Desktop/Lab/Lab1/ros2_ws/src/move_turtlebot3'
[2.394s] INFO:colcon.colcon_core.shell:Skip shell extension 'powershell' for command environment: Not usable outside of PowerShell
[2.394s] DEBUG:colcon.colcon_core.shell:Skip shell extension 'dsv' for command environment
[2.576s] INFO:colcon.colcon_core.task.python.build:Building Python package in '/home/dcs/Desktop/Lab/Lab1/ros2_ws/src/my_py_pkg'
[2.595s] INFO:colcon.colcon_core.shell:Skip shell extension 'powershell' for command environment: Not usable outside of PowerShell
[2.595s] DEBUG:colcon.colcon_core.shell:Skip shell extension 'dsv' for command environment
[2.783s] INFO:colcon.colcon_core.task.python.build:Building Python package in '/home/dcs/Desktop/Lab/Lab1/ros2_ws/noise'
[2.802s] INFO:colcon.colcon_core.shell:Skip shell extension 'powershell' for command environment: Not usable outside of PowerShell
[2.803s] DEBUG:colcon.colcon_core.shell:Skip shell extension 'dsv' for command environment
[3.184s] DEBUG:colcon.colcon_core.event_handler.log_command:Invoking command in '/home/dcs/Desktop/Lab/Lab1/ros2_ws/src/move_square': PYTHONPATH=/home/dcs/Desktop/Lab/Lab1/ros2_ws/build/move_square/prefix_override:/home/dcs/Desktop/Lab/Lab1/ros2_ws/install/move_square/lib/python3.8/site-packages:${PYTHONPATH} /usr/bin/python3 setup.py egg_info --egg-base ../../build/move_square build --build-base /home/dcs/Desktop/Lab/Lab1/ros2_ws/build/move_square/build install --record /home/dcs/Desktop/Lab/Lab1/ros2_ws/build/move_square/install.log --install-scripts $base/lib/move_square --single-version-externally-managed
[3.216s] DEBUG:colcon.colcon_core.event_handler.log_command:Invoking command in '/home/dcs/Desktop/Lab/Lab1/ros2_ws/src/my_py_pkg': PYTHONPATH=/home/dcs/Desktop/Lab/Lab1/ros2_ws/build/my_py_pkg/prefix_override:/home/dcs/Desktop/Lab/Lab1/ros2_ws/install/my_py_pkg/lib/python3.8/site-packages:${PYTHONPATH} /usr/bin/python3 setup.py egg_info --egg-base ../../build/my_py_pkg build --build-base /home/dcs/Desktop/Lab/Lab1/ros2_ws/build/my_py_pkg/build install --record /home/dcs/Desktop/Lab/Lab1/ros2_ws/build/my_py_pkg/install.log --install-scripts $base/lib/my_py_pkg --single-version-externally-managed
[3.238s] DEBUG:colcon.colcon_core.event_handler.log_command:Invoking command in '/home/dcs/Desktop/Lab/Lab1/ros2_ws/noise': PYTHONPATH=/home/dcs/Desktop/Lab/Lab1/ros2_ws/build/noise/prefix_override:/home/dcs/Desktop/Lab/Lab1/ros2_ws/install/noise/lib/python3.8/site-packages:${PYTHONPATH} /usr/bin/python3 setup.py egg_info --egg-base ../build/noise build --build-base /home/dcs/Desktop/Lab/Lab1/ros2_ws/build/noise/build install --record /home/dcs/Desktop/Lab/Lab1/ros2_ws/build/noise/install.log --install-scripts $base/lib/noise --single-version-externally-managed
[3.310s] DEBUG:colcon.colcon_core.event_handler.log_command:Invoking command in '/home/dcs/Desktop/Lab/Lab1/ros2_ws/src/move_turtlebot3': PYTHONPATH=/home/dcs/Desktop/Lab/Lab1/ros2_ws/build/move_turtlebot3/prefix_override:/home/dcs/Desktop/Lab/Lab1/ros2_ws/install/move_turtlebot3/lib/python3.8/site-packages:${PYTHONPATH} /usr/bin/python3 setup.py egg_info --egg-base ../../build/move_turtlebot3 build --build-base /home/dcs/Desktop/Lab/Lab1/ros2_ws/build/move_turtlebot3/build install --record /home/dcs/Desktop/Lab/Lab1/ros2_ws/build/move_turtlebot3/install.log --install-scripts $base/lib/move_turtlebot3 --single-version-externally-managed
[3.464s] DEBUG:colcon.colcon_core.event_handler.log_command:Invoked command in '/home/dcs/Desktop/Lab/Lab1/ros2_ws/src/my_py_pkg' returned '0': PYTHONPATH=/home/dcs/Desktop/Lab/Lab1/ros2_ws/build/my_py_pkg/prefix_override:/home/dcs/Desktop/Lab/Lab1/ros2_ws/install/my_py_pkg/lib/python3.8/site-packages:${PYTHONPATH} /usr/bin/python3 setup.py egg_info --egg-base ../../build/my_py_pkg build --build-base /home/dcs/Desktop/Lab/Lab1/ros2_ws/build/my_py_pkg/build install --record /home/dcs/Desktop/Lab/Lab1/ros2_ws/build/my_py_pkg/install.log --install-scripts $base/lib/my_py_pkg --single-version-externally-managed
[3.479s] Level 1:colcon.colcon_core.environment:checking '/home/dcs/Desktop/Lab/Lab1/ros2_ws/install/my_py_pkg' for CMake module files
[3.479s] Level 1:colcon.colcon_core.environment:checking '/home/dcs/Desktop/Lab/Lab1/ros2_ws/install/my_py_pkg' for CMake config files
[3.480s] Level 1:colcon.colcon_core.environment:checking '/home/dcs/Desktop/Lab/Lab1/ros2_ws/install/my_py_pkg/lib'
[3.480s] Level 1:colcon.colcon_core.environment:checking '/home/dcs/Desktop/Lab/Lab1/ros2_ws/install/my_py_pkg/bin'
[3.480s] Level 1:colcon.colcon_core.environment:checking '/home/dcs/Desktop/Lab/Lab1/ros2_ws/install/my_py_pkg/lib/pkgconfig/my_py_pkg.pc'
[3.480s] Level 1:colcon.colcon_core.environment:checking '/home/dcs/Desktop/Lab/Lab1/ros2_ws/install/my_py_pkg/lib/python3.8/site-packages'
[3.480s] Level 1:colcon.colcon_core.shell:create_environment_hook('my_py_pkg', 'pythonpath')
[3.504s] INFO:colcon.colcon_core.shell:Creating environment hook '/home/dcs/Desktop/Lab/Lab1/ros2_ws/install/my_py_pkg/share/my_py_pkg/hook/pythonpath.ps1'
[3.505s] INFO:colcon.colcon_core.shell:Creating environment descriptor '/home/dcs/Desktop/Lab/Lab1/ros2_ws/install/my_py_pkg/share/my_py_pkg/hook/pythonpath.dsv'
[3.506s] INFO:colcon.colcon_core.shell:Creating environment hook '/home/dcs/Desktop/Lab/Lab1/ros2_ws/install/my_py_pkg/share/my_py_pkg/hook/pythonpath.sh'
[3.506s] Level 1:colcon.colcon_core.environment:checking '/home/dcs/Desktop/Lab/Lab1/ros2_ws/install/my_py_pkg/bin'
[3.506s] Level 1:colcon.colcon_core.environment:create_environment_scripts_only(my_py_pkg)
[3.541s] INFO:colcon.colcon_core.shell:Creating package script '/home/dcs/Desktop/Lab/Lab1/ros2_ws/install/my_py_pkg/share/my_py_pkg/package.ps1'
[3.544s] INFO:colcon.colcon_core.shell:Creating package descriptor '/home/dcs/Desktop/Lab/Lab1/ros2_ws/install/my_py_pkg/share/my_py_pkg/package.dsv'
[3.544s] INFO:colcon.colcon_core.shell:Creating package script '/home/dcs/Desktop/Lab/Lab1/ros2_ws/install/my_py_pkg/share/my_py_pkg/package.sh'
[3.545s] INFO:colcon.colcon_core.shell:Creating package script '/home/dcs/Desktop/Lab/Lab1/ros2_ws/install/my_py_pkg/share/my_py_pkg/package.bash'
[3.546s] INFO:colcon.colcon_core.shell:Creating package script '/home/dcs/Desktop/Lab/Lab1/ros2_ws/install/my_py_pkg/share/my_py_pkg/package.zsh'
[3.551s] Level 1:colcon.colcon_core.environment:create_file_with_runtime_dependencies(/home/dcs/Desktop/Lab/Lab1/ros2_ws/install/my_py_pkg/share/colcon-core/packages/my_py_pkg)
[3.552s] INFO:colcon.colcon_ros.task.ament_python.build:Building ROS package in '/home/dcs/Desktop/Lab/Lab1/ros2_ws/src/package_name' with build type 'ament_python'
[3.553s] Level 1:colcon.colcon_core.shell:create_environment_hook('package_name', 'ament_prefix_path')
[3.572s] INFO:colcon.colcon_core.shell:Creating environment hook '/home/dcs/Desktop/Lab/Lab1/ros2_ws/install/package_name/share/package_name/hook/ament_prefix_path.ps1'
[3.572s] INFO:colcon.colcon_core.shell:Creating environment descriptor '/home/dcs/Desktop/Lab/Lab1/ros2_ws/install/package_name/share/package_name/hook/ament_prefix_path.dsv'
[3.573s] INFO:colcon.colcon_core.shell:Creating environment hook '/home/dcs/Desktop/Lab/Lab1/ros2_ws/install/package_name/share/package_name/hook/ament_prefix_path.sh'
[3.594s] INFO:colcon.colcon_core.shell:Skip shell extension 'powershell' for command environment: Not usable outside of PowerShell
[3.594s] DEBUG:colcon.colcon_core.shell:Skip shell extension 'dsv' for command environment
[3.669s] DEBUG:colcon.colcon_core.event_handler.log_command:Invoked command in '/home/dcs/Desktop/Lab/Lab1/ros2_ws/src/move_square' returned '0': PYTHONPATH=/home/dcs/Desktop/Lab/Lab1/ros2_ws/build/move_square/prefix_override:/home/dcs/Desktop/Lab/Lab1/ros2_ws/install/move_square/lib/python3.8/site-packages:${PYTHONPATH} /usr/bin/python3 setup.py egg_info --egg-base ../../build/move_square build --build-base /home/dcs/Desktop/Lab/Lab1/ros2_ws/build/move_square/build install --record /home/dcs/Desktop/Lab/Lab1/ros2_ws/build/move_square/install.log --install-scripts $base/lib/move_square --single-version-externally-managed
[3.680s] Level 1:colcon.colcon_core.environment:checking '/home/dcs/Desktop/Lab/Lab1/ros2_ws/install/move_square' for CMake module files
[3.680s] Level 1:colcon.colcon_core.environment:checking '/home/dcs/Desktop/Lab/Lab1/ros2_ws/install/move_square' for CMake config files
[3.680s] Level 1:colcon.colcon_core.environment:checking '/home/dcs/Desktop/Lab/Lab1/ros2_ws/install/move_square/lib'
[3.680s] Level 1:colcon.colcon_core.environment:checking '/home/dcs/Desktop/Lab/Lab1/ros2_ws/install/move_square/bin'
[3.680s] Level 1:colcon.colcon_core.environment:checking '/home/dcs/Desktop/Lab/Lab1/ros2_ws/install/move_square/lib/pkgconfig/move_square.pc'
[3.681s] Level 1:colcon.colcon_core.environment:checking '/home/dcs/Desktop/Lab/Lab1/ros2_ws/install/move_square/lib/python3.8/site-packages'
[3.681s] Level 1:colcon.colcon_core.shell:create_environment_hook('move_square', 'pythonpath')
[3.701s] INFO:colcon.colcon_core.shell:Creating environment hook '/home/dcs/Desktop/Lab/Lab1/ros2_ws/install/move_square/share/move_square/hook/pythonpath.ps1'
[3.701s] INFO:colcon.colcon_core.shell:Creating environment descriptor '/home/dcs/Desktop/Lab/Lab1/ros2_ws/install/move_square/share/move_square/hook/pythonpath.dsv'
[3.702s] INFO:colcon.colcon_core.shell:Creating environment hook '/home/dcs/Desktop/Lab/Lab1/ros2_ws/install/move_square/share/move_square/hook/pythonpath.sh'
[3.702s] Level 1:colcon.colcon_core.environment:checking '/home/dcs/Desktop/Lab/Lab1/ros2_ws/install/move_square/bin'
[3.702s] Level 1:colcon.colcon_core.environment:create_environment_scripts_only(move_square)
[3.722s] INFO:colcon.colcon_core.shell:Creating package script '/home/dcs/Desktop/Lab/Lab1/ros2_ws/install/move_square/share/move_square/package.ps1'
[3.723s] INFO:colcon.colcon_core.shell:Creating package descriptor '/home/dcs/Desktop/Lab/Lab1/ros2_ws/install/move_square/share/move_square/package.dsv'
[3.723s] INFO:colcon.colcon_core.shell:Creating package script '/home/dcs/Desktop/Lab/Lab1/ros2_ws/install/move_square/share/move_square/package.sh'
[3.724s] INFO:colcon.colcon_core.shell:Creating package script '/home/dcs/Desktop/Lab/Lab1/ros2_ws/install/move_square/share/move_square/package.bash'
[3.724s] INFO:colcon.colcon_core.shell:Creating package script '/home/dcs/Desktop/Lab/Lab1/ros2_ws/install/move_square/share/move_square/package.zsh'
[3.724s] Level 1:colcon.colcon_core.environment:create_file_with_runtime_dependencies(/home/dcs/Desktop/Lab/Lab1/ros2_ws/install/move_square/share/colcon-core/packages/move_square)
[3.725s] DEBUG:colcon.colcon_core.event_handler.log_command:Invoked command in '/home/dcs/Desktop/Lab/Lab1/ros2_ws/noise' returned '0': PYTHONPATH=/home/dcs/Desktop/Lab/Lab1/ros2_ws/build/noise/prefix_override:/home/dcs/Desktop/Lab/Lab1/ros2_ws/install/noise/lib/python3.8/site-packages:${PYTHONPATH} /usr/bin/python3 setup.py egg_info --egg-base ../build/noise build --build-base /home/dcs/Desktop/Lab/Lab1/ros2_ws/build/noise/build install --record /home/dcs/Desktop/Lab/Lab1/ros2_ws/build/noise/install.log --install-scripts $base/lib/noise --single-version-externally-managed
[3.745s] Level 1:colcon.colcon_core.environment:checking '/home/dcs/Desktop/Lab/Lab1/ros2_ws/install/noise' for CMake module files
[3.745s] Level 1:colcon.colcon_core.environment:checking '/home/dcs/Desktop/Lab/Lab1/ros2_ws/install/noise' for CMake config files
[3.745s] Level 1:colcon.colcon_core.environment:checking '/home/dcs/Desktop/Lab/Lab1/ros2_ws/install/noise/lib'
[3.745s] Level 1:colcon.colcon_core.environment:checking '/home/dcs/Desktop/Lab/Lab1/ros2_ws/install/noise/bin'
[3.746s] Level 1:colcon.colcon_core.environment:checking '/home/dcs/Desktop/Lab/Lab1/ros2_ws/install/noise/lib/pkgconfig/noise.pc'
[3.746s] Level 1:colcon.colcon_core.environment:checking '/home/dcs/Desktop/Lab/Lab1/ros2_ws/install/noise/lib/python3.8/site-packages'
[3.746s] Level 1:colcon.colcon_core.shell:create_environment_hook('noise', 'pythonpath')
[3.765s] INFO:colcon.colcon_core.shell:Creating environment hook '/home/dcs/Desktop/Lab/Lab1/ros2_ws/install/noise/share/noise/hook/pythonpath.ps1'
[3.766s] INFO:colcon.colcon_core.shell:Creating environment descriptor '/home/dcs/Desktop/Lab/Lab1/ros2_ws/install/noise/share/noise/hook/pythonpath.dsv'
[3.766s] INFO:colcon.colcon_core.shell:Creating environment hook '/home/dcs/Desktop/Lab/Lab1/ros2_ws/install/noise/share/noise/hook/pythonpath.sh'
[3.767s] Level 1:colcon.colcon_core.environment:checking '/home/dcs/Desktop/Lab/Lab1/ros2_ws/install/noise/bin'
[3.767s] Level 1:colcon.colcon_core.environment:create_environment_scripts_only(noise)
[3.789s] INFO:colcon.colcon_core.shell:Creating package script '/home/dcs/Desktop/Lab/Lab1/ros2_ws/install/noise/share/noise/package.ps1'
[3.790s] INFO:colcon.colcon_core.shell:Creating package descriptor '/home/dcs/Desktop/Lab/Lab1/ros2_ws/install/noise/share/noise/package.dsv'
[3.790s] INFO:colcon.colcon_core.shell:Creating package script '/home/dcs/Desktop/Lab/Lab1/ros2_ws/install/noise/share/noise/package.sh'
[3.791s] INFO:colcon.colcon_core.shell:Creating package script '/home/dcs/Desktop/Lab/Lab1/ros2_ws/install/noise/share/noise/package.bash'
[3.791s] INFO:colcon.colcon_core.shell:Creating package script '/home/dcs/Desktop/Lab/Lab1/ros2_ws/install/noise/share/noise/package.zsh'
[3.791s] Level 1:colcon.colcon_core.environment:create_file_with_runtime_dependencies(/home/dcs/Desktop/Lab/Lab1/ros2_ws/install/noise/share/colcon-core/packages/noise)
[3.793s] INFO:colcon.colcon_ros.task.ament_python.build:Building ROS package in '/home/dcs/Desktop/Lab/Lab1/ros2_ws/src/r2' with build type 'ament_python'
[3.793s] Level 1:colcon.colcon_core.shell:create_environment_hook('r2', 'ament_prefix_path')
[3.812s] INFO:colcon.colcon_core.shell:Creating environment hook '/home/dcs/Desktop/Lab/Lab1/ros2_ws/install/r2/share/r2/hook/ament_prefix_path.ps1'
[3.813s] INFO:colcon.colcon_core.shell:Creating environment descriptor '/home/dcs/Desktop/Lab/Lab1/ros2_ws/install/r2/share/r2/hook/ament_prefix_path.dsv'
[3.813s] INFO:colcon.colcon_core.shell:Creating environment hook '/home/dcs/Desktop/Lab/Lab1/ros2_ws/install/r2/share/r2/hook/ament_prefix_path.sh'
[3.844s] INFO:colcon.colcon_core.shell:Skip shell extension 'powershell' for command environment: Not usable outside of PowerShell
[3.844s] DEBUG:colcon.colcon_core.shell:Skip shell extension 'dsv' for command environment
[3.911s] DEBUG:colcon.colcon_core.event_handler.log_command:Invoked command in '/home/dcs/Desktop/Lab/Lab1/ros2_ws/src/move_turtlebot3' returned '0': PYTHONPATH=/home/dcs/Desktop/Lab/Lab1/ros2_ws/build/move_turtlebot3/prefix_override:/home/dcs/Desktop/Lab/Lab1/ros2_ws/install/move_turtlebot3/lib/python3.8/site-packages:${PYTHONPATH} /usr/bin/python3 setup.py egg_info --egg-base ../../build/move_turtlebot3 build --build-base /home/dcs/Desktop/Lab/Lab1/ros2_ws/build/move_turtlebot3/build install --record /home/dcs/Desktop/Lab/Lab1/ros2_ws/build/move_turtlebot3/install.log --install-scripts $base/lib/move_turtlebot3 --single-version-externally-managed
[3.926s] Level 1:colcon.colcon_core.environment:checking '/home/dcs/Desktop/Lab/Lab1/ros2_ws/install/move_turtlebot3' for CMake module files
[3.926s] Level 1:colcon.colcon_core.environment:checking '/home/dcs/Desktop/Lab/Lab1/ros2_ws/install/move_turtlebot3' for CMake config files
[3.926s] Level 1:colcon.colcon_core.environment:checking '/home/dcs/Desktop/Lab/Lab1/ros2_ws/install/move_turtlebot3/lib'
[3.927s] Level 1:colcon.colcon_core.environment:checking '/home/dcs/Desktop/Lab/Lab1/ros2_ws/install/move_turtlebot3/bin'
[3.927s] Level 1:colcon.colcon_core.environment:checking '/home/dcs/Desktop/Lab/Lab1/ros2_ws/install/move_turtlebot3/lib/pkgconfig/move_turtlebot3.pc'
[3.927s] Level 1:colcon.colcon_core.environment:checking '/home/dcs/Desktop/Lab/Lab1/ros2_ws/install/move_turtlebot3/lib/python3.8/site-packages'
[3.927s] Level 1:colcon.colcon_core.shell:create_environment_hook('move_turtlebot3', 'pythonpath')
[3.946s] INFO:colcon.colcon_core.shell:Creating environment hook '/home/dcs/Desktop/Lab/Lab1/ros2_ws/install/move_turtlebot3/share/move_turtlebot3/hook/pythonpath.ps1'
[3.947s] INFO:colcon.colcon_core.shell:Creating environment descriptor '/home/dcs/Desktop/Lab/Lab1/ros2_ws/install/move_turtlebot3/share/move_turtlebot3/hook/pythonpath.dsv'
[3.947s] INFO:colcon.colcon_core.shell:Creating environment hook '/home/dcs/Desktop/Lab/Lab1/ros2_ws/install/move_turtlebot3/share/move_turtlebot3/hook/pythonpath.sh'
[3.948s] Level 1:colcon.colcon_core.environment:checking '/home/dcs/Desktop/Lab/Lab1/ros2_ws/install/move_turtlebot3/bin'
[3.948s] Level 1:colcon.colcon_core.environment:create_environment_scripts_only(move_turtlebot3)
[3.967s] INFO:colcon.colcon_core.shell:Creating package script '/home/dcs/Desktop/Lab/Lab1/ros2_ws/install/move_turtlebot3/share/move_turtlebot3/package.ps1'
[3.968s] INFO:colcon.colcon_core.shell:Creating package descriptor '/home/dcs/Desktop/Lab/Lab1/ros2_ws/install/move_turtlebot3/share/move_turtlebot3/package.dsv'
[3.969s] INFO:colcon.colcon_core.shell:Creating package script '/home/dcs/Desktop/Lab/Lab1/ros2_ws/install/move_turtlebot3/share/move_turtlebot3/package.sh'
[3.969s] INFO:colcon.colcon_core.shell:Creating package script '/home/dcs/Desktop/Lab/Lab1/ros2_ws/install/move_turtlebot3/share/move_turtlebot3/package.bash'
[3.969s] INFO:colcon.colcon_core.shell:Creating package script '/home/dcs/Desktop/Lab/Lab1/ros2_ws/install/move_turtlebot3/share/move_turtlebot3/package.zsh'
[3.970s] Level 1:colcon.colcon_core.environment:create_file_with_runtime_dependencies(/home/dcs/Desktop/Lab/Lab1/ros2_ws/install/move_turtlebot3/share/colcon-core/packages/move_turtlebot3)
[4.108s] INFO:colcon.colcon_core.task.python.build:Building Python package in '/home/dcs/Desktop/Lab/Lab1/ros2_ws/src/package_name'
[4.128s] INFO:colcon.colcon_core.shell:Skip shell extension 'powershell' for command environment: Not usable outside of PowerShell
[4.129s] DEBUG:colcon.colcon_core.shell:Skip shell extension 'dsv' for command environment
[4.325s] INFO:colcon.colcon_core.task.python.build:Building Python package in '/home/dcs/Desktop/Lab/Lab1/ros2_ws/src/r2'
[4.346s] INFO:colcon.colcon_core.shell:Skip shell extension 'powershell' for command environment: Not usable outside of PowerShell
[4.346s] DEBUG:colcon.colcon_core.shell:Skip shell extension 'dsv' for command environment
[4.641s] DEBUG:colcon.colcon_core.event_handler.log_command:Invoking command in '/home/dcs/Desktop/Lab/Lab1/ros2_ws/src/package_name': PYTHONPATH=/home/dcs/Desktop/Lab/Lab1/ros2_ws/build/package_name/prefix_override:/home/dcs/Desktop/Lab/Lab1/ros2_ws/install/package_name/lib/python3.8/site-packages:${PYTHONPATH} /usr/bin/python3 setup.py egg_info --egg-base ../../build/package_name build --build-base /home/dcs/Desktop/Lab/Lab1/ros2_ws/build/package_name/build install --record /home/dcs/Desktop/Lab/Lab1/ros2_ws/build/package_name/install.log --install-scripts $base/lib/package_name --single-version-externally-managed
[4.655s] DEBUG:colcon.colcon_core.event_handler.log_command:Invoking command in '/home/dcs/Desktop/Lab/Lab1/ros2_ws/src/r2': PYTHONPATH=/home/dcs/Desktop/Lab/Lab1/ros2_ws/build/r2/prefix_override:/home/dcs/Desktop/Lab/Lab1/ros2_ws/install/r2/lib/python3.8/site-packages:${PYTHONPATH} /usr/bin/python3 setup.py egg_info --egg-base ../../build/r2 build --build-base /home/dcs/Desktop/Lab/Lab1/ros2_ws/build/r2/build install --record /home/dcs/Desktop/Lab/Lab1/ros2_ws/build/r2/install.log --install-scripts $base/lib/r2 --single-version-externally-managed
[4.860s] DEBUG:colcon.colcon_core.event_handler.log_command:Invoked command in '/home/dcs/Desktop/Lab/Lab1/ros2_ws/src/package_name' returned '0': PYTHONPATH=/home/dcs/Desktop/Lab/Lab1/ros2_ws/build/package_name/prefix_override:/home/dcs/Desktop/Lab/Lab1/ros2_ws/install/package_name/lib/python3.8/site-packages:${PYTHONPATH} /usr/bin/python3 setup.py egg_info --egg-base ../../build/package_name build --build-base /home/dcs/Desktop/Lab/Lab1/ros2_ws/build/package_name/build install --record /home/dcs/Desktop/Lab/Lab1/ros2_ws/build/package_name/install.log --install-scripts $base/lib/package_name --single-version-externally-managed
[4.884s] Level 1:colcon.colcon_core.environment:checking '/home/dcs/Desktop/Lab/Lab1/ros2_ws/install/package_name' for CMake module files
[4.885s] Level 1:colcon.colcon_core.environment:checking '/home/dcs/Desktop/Lab/Lab1/ros2_ws/install/package_name' for CMake config files
[4.885s] Level 1:colcon.colcon_core.environment:checking '/home/dcs/Desktop/Lab/Lab1/ros2_ws/install/package_name/lib'
[4.885s] Level 1:colcon.colcon_core.environment:checking '/home/dcs/Desktop/Lab/Lab1/ros2_ws/install/package_name/bin'
[4.885s] Level 1:colcon.colcon_core.environment:checking '/home/dcs/Desktop/Lab/Lab1/ros2_ws/install/package_name/lib/pkgconfig/package_name.pc'
[4.885s] Level 1:colcon.colcon_core.environment:checking '/home/dcs/Desktop/Lab/Lab1/ros2_ws/install/package_name/lib/python3.8/site-packages'
[4.885s] Level 1:colcon.colcon_core.shell:create_environment_hook('package_name', 'pythonpath')
[4.905s] INFO:colcon.colcon_core.shell:Creating environment hook '/home/dcs/Desktop/Lab/Lab1/ros2_ws/install/package_name/share/package_name/hook/pythonpath.ps1'
[4.906s] INFO:colcon.colcon_core.shell:Creating environment descriptor '/home/dcs/Desktop/Lab/Lab1/ros2_ws/install/package_name/share/package_name/hook/pythonpath.dsv'
[4.906s] INFO:colcon.colcon_core.shell:Creating environment hook '/home/dcs/Desktop/Lab/Lab1/ros2_ws/install/package_name/share/package_name/hook/pythonpath.sh'
[4.907s] Level 1:colcon.colcon_core.environment:checking '/home/dcs/Desktop/Lab/Lab1/ros2_ws/install/package_name/bin'
[4.907s] Level 1:colcon.colcon_core.environment:create_environment_scripts_only(package_name)
[4.927s] INFO:colcon.colcon_core.shell:Creating package script '/home/dcs/Desktop/Lab/Lab1/ros2_ws/install/package_name/share/package_name/package.ps1'
[4.927s] INFO:colcon.colcon_core.shell:Creating package descriptor '/home/dcs/Desktop/Lab/Lab1/ros2_ws/install/package_name/share/package_name/package.dsv'
[4.927s] INFO:colcon.colcon_core.shell:Creating package script '/home/dcs/Desktop/Lab/Lab1/ros2_ws/install/package_name/share/package_name/package.sh'
[4.928s] INFO:colcon.colcon_core.shell:Creating package script '/home/dcs/Desktop/Lab/Lab1/ros2_ws/install/package_name/share/package_name/package.bash'
[4.928s] INFO:colcon.colcon_core.shell:Creating package script '/home/dcs/Desktop/Lab/Lab1/ros2_ws/install/package_name/share/package_name/package.zsh'
[4.928s] Level 1:colcon.colcon_core.environment:create_file_with_runtime_dependencies(/home/dcs/Desktop/Lab/Lab1/ros2_ws/install/package_name/share/colcon-core/packages/package_name)
[4.929s] DEBUG:colcon.colcon_core.event_handler.log_command:Invoked command in '/home/dcs/Desktop/Lab/Lab1/ros2_ws/src/r2' returned '0': PYTHONPATH=/home/dcs/Desktop/Lab/Lab1/ros2_ws/build/r2/prefix_override:/home/dcs/Desktop/Lab/Lab1/ros2_ws/install/r2/lib/python3.8/site-packages:${PYTHONPATH} /usr/bin/python3 setup.py egg_info --egg-base ../../build/r2 build --build-base /home/dcs/Desktop/Lab/Lab1/ros2_ws/build/r2/build install --record /home/dcs/Desktop/Lab/Lab1/ros2_ws/build/r2/install.log --install-scripts $base/lib/r2 --single-version-externally-managed
[4.950s] Level 1:colcon.colcon_core.environment:checking '/home/dcs/Desktop/Lab/Lab1/ros2_ws/install/r2' for CMake module files
[4.951s] Level 1:colcon.colcon_core.environment:checking '/home/dcs/Desktop/Lab/Lab1/ros2_ws/install/r2' for CMake config files
[4.951s] Level 1:colcon.colcon_core.environment:checking '/home/dcs/Desktop/Lab/Lab1/ros2_ws/install/r2/lib'
[4.951s] Level 1:colcon.colcon_core.environment:checking '/home/dcs/Desktop/Lab/Lab1/ros2_ws/install/r2/bin'
[4.951s] Level 1:colcon.colcon_core.environment:checking '/home/dcs/Desktop/Lab/Lab1/ros2_ws/install/r2/lib/pkgconfig/r2.pc'
[4.951s] Level 1:colcon.colcon_core.environment:checking '/home/dcs/Desktop/Lab/Lab1/ros2_ws/install/r2/lib/python3.8/site-packages'
[4.951s] Level 1:colcon.colcon_core.shell:create_environment_hook('r2', 'pythonpath')
[4.974s] INFO:colcon.colcon_core.shell:Creating environment hook '/home/dcs/Desktop/Lab/Lab1/ros2_ws/install/r2/share/r2/hook/pythonpath.ps1'
[4.975s] INFO:colcon.colcon_core.shell:Creating environment descriptor '/home/dcs/Desktop/Lab/Lab1/ros2_ws/install/r2/share/r2/hook/pythonpath.dsv'
[4.975s] INFO:colcon.colcon_core.shell:Creating environment hook '/home/dcs/Desktop/Lab/Lab1/ros2_ws/install/r2/share/r2/hook/pythonpath.sh'
[4.975s] Level 1:colcon.colcon_core.environment:checking '/home/dcs/Desktop/Lab/Lab1/ros2_ws/install/r2/bin'
[4.975s] Level 1:colcon.colcon_core.environment:create_environment_scripts_only(r2)
[4.996s] INFO:colcon.colcon_core.shell:Creating package script '/home/dcs/Desktop/Lab/Lab1/ros2_ws/install/r2/share/r2/package.ps1'
[4.996s] INFO:colcon.colcon_core.shell:Creating package descriptor '/home/dcs/Desktop/Lab/Lab1/ros2_ws/install/r2/share/r2/package.dsv'
[4.997s] INFO:colcon.colcon_core.shell:Creating package script '/home/dcs/Desktop/Lab/Lab1/ros2_ws/install/r2/share/r2/package.sh'
[4.997s] INFO:colcon.colcon_core.shell:Creating package script '/home/dcs/Desktop/Lab/Lab1/ros2_ws/install/r2/share/r2/package.bash'
[4.997s] INFO:colcon.colcon_core.shell:Creating package script '/home/dcs/Desktop/Lab/Lab1/ros2_ws/install/r2/share/r2/package.zsh'
[4.997s] Level 1:colcon.colcon_core.environment:create_file_with_runtime_dependencies(/home/dcs/Desktop/Lab/Lab1/ros2_ws/install/r2/share/colcon-core/packages/r2)
[4.998s] DEBUG:colcon.colcon_parallel_executor.executor.parallel:closing loop
[4.998s] DEBUG:colcon.colcon_parallel_executor.executor.parallel:loop closed
[4.998s] DEBUG:colcon.colcon_parallel_executor.executor.parallel:run_until_complete finished with '0'
[4.998s] DEBUG:colcon.colcon_core.event_reactor:joining thread
[5.020s] INFO:colcon.colcon_core.plugin_system:Skipping extension 'colcon_notification.desktop_notification.terminal_notifier': Not used on non-Darwin systems
[5.020s] INFO:colcon.colcon_core.plugin_system:Skipping extension 'colcon_notification.desktop_notification.win32': Not used on non-Windows systems
[5.020s] INFO:colcon.colcon_notification.desktop_notification:Sending desktop notification using 'notify2'
[5.030s] DEBUG:colcon.colcon_core.event_reactor:joined thread
[5.050s] INFO:colcon.colcon_core.shell:Creating prefix script '/home/dcs/Desktop/Lab/Lab1/ros2_ws/install/local_setup.ps1'
[5.051s] INFO:colcon.colcon_core.shell:Creating prefix util module '/home/dcs/Desktop/Lab/Lab1/ros2_ws/install/_local_setup_util_ps1.py'
[5.052s] INFO:colcon.colcon_core.shell:Creating prefix chain script '/home/dcs/Desktop/Lab/Lab1/ros2_ws/install/setup.ps1'
[5.071s] INFO:colcon.colcon_core.shell:Creating prefix script '/home/dcs/Desktop/Lab/Lab1/ros2_ws/install/local_setup.sh'
[5.072s] INFO:colcon.colcon_core.shell:Creating prefix util module '/home/dcs/Desktop/Lab/Lab1/ros2_ws/install/_local_setup_util_sh.py'
[5.072s] INFO:colcon.colcon_core.shell:Creating prefix chain script '/home/dcs/Desktop/Lab/Lab1/ros2_ws/install/setup.sh'
[5.092s] INFO:colcon.colcon_core.shell:Creating prefix script '/home/dcs/Desktop/Lab/Lab1/ros2_ws/install/local_setup.bash'
[5.093s] INFO:colcon.colcon_core.shell:Creating prefix chain script '/home/dcs/Desktop/Lab/Lab1/ros2_ws/install/setup.bash'
[5.112s] INFO:colcon.colcon_core.shell:Creating prefix script '/home/dcs/Desktop/Lab/Lab1/ros2_ws/install/local_setup.zsh'
[5.113s] INFO:colcon.colcon_core.shell:Creating prefix chain script '/home/dcs/Desktop/Lab/Lab1/ros2_ws/install/setup.zsh'
