[2.709s] Invoking command in '/home/dcs/Desktop/Lab/Lab1/ros2_ws/src/controller': PYTHONPATH=/home/dcs/Desktop/Lab/Lab1/build/controller/prefix_override:/home/dcs/Desktop/Lab/Lab1/install/controller/lib/python3.8/site-packages:${PYTHONPATH} /usr/bin/python3 setup.py egg_info --egg-base ../../../build/controller build --build-base /home/dcs/Desktop/Lab/Lab1/build/controller/build install --record /home/dcs/Desktop/Lab/Lab1/build/controller/install.log --install-scripts $base/lib/controller --single-version-externally-managed
[3.223s] running egg_info
[3.223s] writing ../../../build/controller/controller.egg-info/PKG-INFO
[3.223s] writing dependency_links to ../../../build/controller/controller.egg-info/dependency_links.txt
[3.223s] writing entry points to ../../../build/controller/controller.egg-info/entry_points.txt
[3.227s] writing requirements to ../../../build/controller/controller.egg-info/requires.txt
[3.228s] writing top-level names to ../../../build/controller/controller.egg-info/top_level.txt
[3.293s] reading manifest file '../../../build/controller/controller.egg-info/SOURCES.txt'
[3.293s] writing manifest file '../../../build/controller/controller.egg-info/SOURCES.txt'
[3.293s] running build
[3.293s] running build_py
[3.293s] running install
[3.294s] running install_lib
[3.303s] running install_data
[3.304s] running install_egg_info
[3.306s] removing '/home/dcs/Desktop/Lab/Lab1/install/controller/lib/python3.8/site-packages/controller-0.0.0-py3.8.egg-info' (and everything under it)
[3.306s] Copying ../../../build/controller/controller.egg-info to /home/dcs/Desktop/Lab/Lab1/install/controller/lib/python3.8/site-packages/controller-0.0.0-py3.8.egg-info
[3.307s] running install_scripts
[3.340s] writing list of installed files to '/home/dcs/Desktop/Lab/Lab1/build/controller/install.log'
[3.936s] Invoked command in '/home/dcs/Desktop/Lab/Lab1/ros2_ws/src/controller' returned '0': PYTHONPATH=/home/dcs/Desktop/Lab/Lab1/build/controller/prefix_override:/home/dcs/Desktop/Lab/Lab1/install/controller/lib/python3.8/site-packages:${PYTHONPATH} /usr/bin/python3 setup.py egg_info --egg-base ../../../build/controller build --build-base /home/dcs/Desktop/Lab/Lab1/build/controller/build install --record /home/dcs/Desktop/Lab/Lab1/build/controller/install.log --install-scripts $base/lib/controller --single-version-externally-managed
