[2.779s] Invoking command in '/home/dcs/Desktop/Lab/Lab1/ros2_ws/src/package_name': PYTHONPATH=/home/dcs/Desktop/Lab/Lab1/build/package_name/prefix_override:/home/dcs/Desktop/Lab/Lab1/install/package_name/lib/python3.8/site-packages:${PYTHONPATH} /usr/bin/python3 setup.py egg_info --egg-base ../../../build/package_name build --build-base /home/dcs/Desktop/Lab/Lab1/build/package_name/build install --record /home/dcs/Desktop/Lab/Lab1/build/package_name/install.log --install-scripts $base/lib/package_name --single-version-externally-managed
[3.087s] running egg_info
[3.087s] writing ../../../build/package_name/package_name.egg-info/PKG-INFO
[3.088s] writing dependency_links to ../../../build/package_name/package_name.egg-info/dependency_links.txt
[3.088s] writing entry points to ../../../build/package_name/package_name.egg-info/entry_points.txt
[3.088s] writing requirements to ../../../build/package_name/package_name.egg-info/requires.txt
[3.088s] writing top-level names to ../../../build/package_name/package_name.egg-info/top_level.txt
[3.123s] reading manifest file '../../../build/package_name/package_name.egg-info/SOURCES.txt'
[3.124s] writing manifest file '../../../build/package_name/package_name.egg-info/SOURCES.txt'
[3.124s] running build
[3.124s] running build_py
[3.124s] running install
[3.125s] running install_lib
[3.126s] running install_data
[3.127s] running install_egg_info
[3.128s] removing '/home/dcs/Desktop/Lab/Lab1/install/package_name/lib/python3.8/site-packages/package_name-0.0.0-py3.8.egg-info' (and everything under it)
[3.129s] Copying ../../../build/package_name/package_name.egg-info to /home/dcs/Desktop/Lab/Lab1/install/package_name/lib/python3.8/site-packages/package_name-0.0.0-py3.8.egg-info
[3.130s] running install_scripts
[3.156s] Installing my_node script to /home/dcs/Desktop/Lab/Lab1/install/package_name/lib/package_name
[3.157s] writing list of installed files to '/home/dcs/Desktop/Lab/Lab1/build/package_name/install.log'
[3.182s] Invoked command in '/home/dcs/Desktop/Lab/Lab1/ros2_ws/src/package_name' returned '0': PYTHONPATH=/home/dcs/Desktop/Lab/Lab1/build/package_name/prefix_override:/home/dcs/Desktop/Lab/Lab1/install/package_name/lib/python3.8/site-packages:${PYTHONPATH} /usr/bin/python3 setup.py egg_info --egg-base ../../../build/package_name build --build-base /home/dcs/Desktop/Lab/Lab1/build/package_name/build install --record /home/dcs/Desktop/Lab/Lab1/build/package_name/install.log --install-scripts $base/lib/package_name --single-version-externally-managed
