[1.440s] Invoking command in '/home/dcs/Desktop/Lab/Lab1/ros2_ws/src/move_turtlebot3': PYTHONPATH=/home/dcs/Desktop/Lab/Lab1/ros2_ws/build/move_turtlebot3/prefix_override:/home/dcs/Desktop/Lab/Lab1/ros2_ws/install/move_turtlebot3/lib/python3.8/site-packages:${PYTHONPATH} /usr/bin/python3 setup.py egg_info --egg-base ../../build/move_turtlebot3 build --build-base /home/dcs/Desktop/Lab/Lab1/ros2_ws/build/move_turtlebot3/build install --record /home/dcs/Desktop/Lab/Lab1/ros2_ws/build/move_turtlebot3/install.log --install-scripts $base/lib/move_turtlebot3 --single-version-externally-managed
[1.634s] running egg_info
[1.635s] writing ../../build/move_turtlebot3/move_turtlebot3.egg-info/PKG-INFO
[1.635s] writing dependency_links to ../../build/move_turtlebot3/move_turtlebot3.egg-info/dependency_links.txt
[1.636s] writing entry points to ../../build/move_turtlebot3/move_turtlebot3.egg-info/entry_points.txt
[1.636s] writing requirements to ../../build/move_turtlebot3/move_turtlebot3.egg-info/requires.txt
[1.645s] writing top-level names to ../../build/move_turtlebot3/move_turtlebot3.egg-info/top_level.txt
[1.678s] reading manifest file '../../build/move_turtlebot3/move_turtlebot3.egg-info/SOURCES.txt'
[1.678s] writing manifest file '../../build/move_turtlebot3/move_turtlebot3.egg-info/SOURCES.txt'
[1.679s] running build
[1.679s] running build_py
[1.679s] running install
[1.679s] running install_lib
[1.687s] running install_data
[1.688s] running install_egg_info
[1.688s] removing '/home/dcs/Desktop/Lab/Lab1/ros2_ws/install/move_turtlebot3/lib/python3.8/site-packages/move_turtlebot3-0.0.0-py3.8.egg-info' (and everything under it)
[1.688s] Copying ../../build/move_turtlebot3/move_turtlebot3.egg-info to /home/dcs/Desktop/Lab/Lab1/ros2_ws/install/move_turtlebot3/lib/python3.8/site-packages/move_turtlebot3-0.0.0-py3.8.egg-info
[1.688s] running install_scripts
[1.707s] Installing traj script to /home/dcs/Desktop/Lab/Lab1/ros2_ws/install/move_turtlebot3/lib/move_turtlebot3
[1.708s] writing list of installed files to '/home/dcs/Desktop/Lab/Lab1/ros2_ws/build/move_turtlebot3/install.log'
[1.724s] Invoked command in '/home/dcs/Desktop/Lab/Lab1/ros2_ws/src/move_turtlebot3' returned '0': PYTHONPATH=/home/dcs/Desktop/Lab/Lab1/ros2_ws/build/move_turtlebot3/prefix_override:/home/dcs/Desktop/Lab/Lab1/ros2_ws/install/move_turtlebot3/lib/python3.8/site-packages:${PYTHONPATH} /usr/bin/python3 setup.py egg_info --egg-base ../../build/move_turtlebot3 build --build-base /home/dcs/Desktop/Lab/Lab1/ros2_ws/build/move_turtlebot3/build install --record /home/dcs/Desktop/Lab/Lab1/ros2_ws/build/move_turtlebot3/install.log --install-scripts $base/lib/move_turtlebot3 --single-version-externally-managed
