[1.668s] Invoking command in '/home/dcs/Desktop/Lab/Lab1/ros2_ws/src/move_square': PYTHONPATH=/home/dcs/Desktop/Lab/Lab1/ros2_ws/build/move_square/prefix_override:/home/dcs/Desktop/Lab/Lab1/ros2_ws/install/move_square/lib/python3.8/site-packages:${PYTHONPATH} /usr/bin/python3 setup.py egg_info --egg-base ../../build/move_square build --build-base /home/dcs/Desktop/Lab/Lab1/ros2_ws/build/move_square/build install --record /home/dcs/Desktop/Lab/Lab1/ros2_ws/build/move_square/install.log --install-scripts $base/lib/move_square --single-version-externally-managed
[1.893s] running egg_info
[1.894s] writing ../../build/move_square/move_square.egg-info/PKG-INFO
[1.894s] writing dependency_links to ../../build/move_square/move_square.egg-info/dependency_links.txt
[1.900s] writing entry points to ../../build/move_square/move_square.egg-info/entry_points.txt
[1.903s] writing requirements to ../../build/move_square/move_square.egg-info/requires.txt
[1.908s] writing top-level names to ../../build/move_square/move_square.egg-info/top_level.txt
[1.943s] reading manifest file '../../build/move_square/move_square.egg-info/SOURCES.txt'
[1.948s] writing manifest file '../../build/move_square/move_square.egg-info/SOURCES.txt'
[1.948s] running build
[1.950s] running build_py
[1.950s] running install
[1.951s] running install_lib
[1.951s] running install_data
[1.951s] running install_egg_info
[1.951s] removing '/home/dcs/Desktop/Lab/Lab1/ros2_ws/install/move_square/lib/python3.8/site-packages/move_square-0.0.0-py3.8.egg-info' (and everything under it)
[1.952s] Copying ../../build/move_square/move_square.egg-info to /home/dcs/Desktop/Lab/Lab1/ros2_ws/install/move_square/lib/python3.8/site-packages/move_square-0.0.0-py3.8.egg-info
[1.952s] running install_scripts
[1.973s] Installing square script to /home/dcs/Desktop/Lab/Lab1/ros2_ws/install/move_square/lib/move_square
[1.973s] writing list of installed files to '/home/dcs/Desktop/Lab/Lab1/ros2_ws/build/move_square/install.log'
[1.985s] Invoked command in '/home/dcs/Desktop/Lab/Lab1/ros2_ws/src/move_square' returned '0': PYTHONPATH=/home/dcs/Desktop/Lab/Lab1/ros2_ws/build/move_square/prefix_override:/home/dcs/Desktop/Lab/Lab1/ros2_ws/install/move_square/lib/python3.8/site-packages:${PYTHONPATH} /usr/bin/python3 setup.py egg_info --egg-base ../../build/move_square build --build-base /home/dcs/Desktop/Lab/Lab1/ros2_ws/build/move_square/build install --record /home/dcs/Desktop/Lab/Lab1/ros2_ws/build/move_square/install.log --install-scripts $base/lib/move_square --single-version-externally-managed
