[1.652s] Invoking command in '/home/dcs/Desktop/Lab/Lab1/ros2_ws/src/move_square': PYTHONPATH=/home/dcs/Desktop/Lab/Lab1/ros2_ws/build/move_square/prefix_override:/home/dcs/Desktop/Lab/Lab1/ros2_ws/install/move_square/lib/python3.8/site-packages:${PYTHONPATH} /usr/bin/python3 setup.py egg_info --egg-base ../../build/move_square build --build-base /home/dcs/Desktop/Lab/Lab1/ros2_ws/build/move_square/build install --record /home/dcs/Desktop/Lab/Lab1/ros2_ws/build/move_square/install.log --install-scripts $base/lib/move_square --single-version-externally-managed
[1.959s] running egg_info
[1.960s] writing ../../build/move_square/move_square.egg-info/PKG-INFO
[1.962s] writing dependency_links to ../../build/move_square/move_square.egg-info/dependency_links.txt
[1.962s] writing entry points to ../../build/move_square/move_square.egg-info/entry_points.txt
[1.962s] writing requirements to ../../build/move_square/move_square.egg-info/requires.txt
[1.962s] writing top-level names to ../../build/move_square/move_square.egg-info/top_level.txt
[1.999s] reading manifest file '../../build/move_square/move_square.egg-info/SOURCES.txt'
[1.999s] writing manifest file '../../build/move_square/move_square.egg-info/SOURCES.txt'
[1.999s] running build
[1.999s] running build_py
[1.999s] copying move_square/square.py -> /home/dcs/Desktop/Lab/Lab1/ros2_ws/build/move_square/build/lib/move_square
[1.999s] running install
[2.000s] running install_lib
[2.001s] copying /home/dcs/Desktop/Lab/Lab1/ros2_ws/build/move_square/build/lib/move_square/square.py -> /home/dcs/Desktop/Lab/Lab1/ros2_ws/install/move_square/lib/python3.8/site-packages/move_square
[2.001s] byte-compiling /home/dcs/Desktop/Lab/Lab1/ros2_ws/install/move_square/lib/python3.8/site-packages/move_square/square.py to square.cpython-38.pyc
[2.002s] running install_data
[2.002s] running install_egg_info
[2.003s] removing '/home/dcs/Desktop/Lab/Lab1/ros2_ws/install/move_square/lib/python3.8/site-packages/move_square-0.0.0-py3.8.egg-info' (and everything under it)
[2.004s] Copying ../../build/move_square/move_square.egg-info to /home/dcs/Desktop/Lab/Lab1/ros2_ws/install/move_square/lib/python3.8/site-packages/move_square-0.0.0-py3.8.egg-info
[2.004s] running install_scripts
[2.023s] Installing square script to /home/dcs/Desktop/Lab/Lab1/ros2_ws/install/move_square/lib/move_square
[2.023s] writing list of installed files to '/home/dcs/Desktop/Lab/Lab1/ros2_ws/build/move_square/install.log'
[2.050s] Invoked command in '/home/dcs/Desktop/Lab/Lab1/ros2_ws/src/move_square' returned '0': PYTHONPATH=/home/dcs/Desktop/Lab/Lab1/ros2_ws/build/move_square/prefix_override:/home/dcs/Desktop/Lab/Lab1/ros2_ws/install/move_square/lib/python3.8/site-packages:${PYTHONPATH} /usr/bin/python3 setup.py egg_info --egg-base ../../build/move_square build --build-base /home/dcs/Desktop/Lab/Lab1/ros2_ws/build/move_square/build install --record /home/dcs/Desktop/Lab/Lab1/ros2_ws/build/move_square/install.log --install-scripts $base/lib/move_square --single-version-externally-managed
