[1.616s] Invoking command in '/home/dcs/Desktop/Lab/Lab1/ros2_ws/src/my_py_pkg': PYTHONPATH=/home/dcs/Desktop/Lab/Lab1/build/my_py_pkg/prefix_override:/home/dcs/Desktop/Lab/Lab1/install/my_py_pkg/lib/python3.8/site-packages:${PYTHONPATH} /usr/bin/python3 setup.py egg_info --egg-base ../../../build/my_py_pkg build --build-base /home/dcs/Desktop/Lab/Lab1/build/my_py_pkg/build install --record /home/dcs/Desktop/Lab/Lab1/build/my_py_pkg/install.log --install-scripts $base/lib/my_py_pkg --single-version-externally-managed
[1.926s] running egg_info
[1.926s] creating ../../../build/my_py_pkg/my_py_pkg.egg-info
[1.926s] writing ../../../build/my_py_pkg/my_py_pkg.egg-info/PKG-INFO
[1.926s] writing dependency_links to ../../../build/my_py_pkg/my_py_pkg.egg-info/dependency_links.txt
[1.926s] writing entry points to ../../../build/my_py_pkg/my_py_pkg.egg-info/entry_points.txt
[1.926s] writing requirements to ../../../build/my_py_pkg/my_py_pkg.egg-info/requires.txt
[1.926s] writing top-level names to ../../../build/my_py_pkg/my_py_pkg.egg-info/top_level.txt
[1.926s] writing manifest file '../../../build/my_py_pkg/my_py_pkg.egg-info/SOURCES.txt'
[1.960s] reading manifest file '../../../build/my_py_pkg/my_py_pkg.egg-info/SOURCES.txt'
[1.960s] writing manifest file '../../../build/my_py_pkg/my_py_pkg.egg-info/SOURCES.txt'
[1.960s] running build
[1.960s] running build_py
[1.960s] creating /home/dcs/Desktop/Lab/Lab1/build/my_py_pkg/build
[1.960s] creating /home/dcs/Desktop/Lab/Lab1/build/my_py_pkg/build/lib
[1.960s] creating /home/dcs/Desktop/Lab/Lab1/build/my_py_pkg/build/lib/my_py_pkg
[1.960s] copying my_py_pkg/__init__.py -> /home/dcs/Desktop/Lab/Lab1/build/my_py_pkg/build/lib/my_py_pkg
[1.960s] running install
[1.961s] running install_lib
[1.965s] creating /home/dcs/Desktop/Lab/Lab1/install/my_py_pkg/lib/python3.8/site-packages/my_py_pkg
[1.965s] copying /home/dcs/Desktop/Lab/Lab1/build/my_py_pkg/build/lib/my_py_pkg/__init__.py -> /home/dcs/Desktop/Lab/Lab1/install/my_py_pkg/lib/python3.8/site-packages/my_py_pkg
[1.967s] byte-compiling /home/dcs/Desktop/Lab/Lab1/install/my_py_pkg/lib/python3.8/site-packages/my_py_pkg/__init__.py to __init__.cpython-38.pyc
[1.967s] running install_data
[1.968s] creating /home/dcs/Desktop/Lab/Lab1/install/my_py_pkg/share/ament_index
[1.968s] creating /home/dcs/Desktop/Lab/Lab1/install/my_py_pkg/share/ament_index/resource_index
[1.968s] creating /home/dcs/Desktop/Lab/Lab1/install/my_py_pkg/share/ament_index/resource_index/packages
[1.968s] copying resource/my_py_pkg -> /home/dcs/Desktop/Lab/Lab1/install/my_py_pkg/share/ament_index/resource_index/packages
[1.968s] copying package.xml -> /home/dcs/Desktop/Lab/Lab1/install/my_py_pkg/share/my_py_pkg
[1.968s] running install_egg_info
[1.969s] Copying ../../../build/my_py_pkg/my_py_pkg.egg-info to /home/dcs/Desktop/Lab/Lab1/install/my_py_pkg/lib/python3.8/site-packages/my_py_pkg-0.0.0-py3.8.egg-info
[1.970s] running install_scripts
[1.984s] writing list of installed files to '/home/dcs/Desktop/Lab/Lab1/build/my_py_pkg/install.log'
[2.114s] Invoked command in '/home/dcs/Desktop/Lab/Lab1/ros2_ws/src/my_py_pkg' returned '0': PYTHONPATH=/home/dcs/Desktop/Lab/Lab1/build/my_py_pkg/prefix_override:/home/dcs/Desktop/Lab/Lab1/install/my_py_pkg/lib/python3.8/site-packages:${PYTHONPATH} /usr/bin/python3 setup.py egg_info --egg-base ../../../build/my_py_pkg build --build-base /home/dcs/Desktop/Lab/Lab1/build/my_py_pkg/build install --record /home/dcs/Desktop/Lab/Lab1/build/my_py_pkg/install.log --install-scripts $base/lib/my_py_pkg --single-version-externally-managed
