[1.531s] Invoking command in '/home/dcs/Desktop/Lab/Lab1/ros2_ws/src/move_turtlebot3': PYTHONPATH=/home/dcs/Desktop/Lab/Lab1/ros2_ws/build/move_turtlebot3/prefix_override:/home/dcs/Desktop/Lab/Lab1/ros2_ws/install/move_turtlebot3/lib/python3.8/site-packages:${PYTHONPATH} /usr/bin/python3 setup.py egg_info --egg-base ../../build/move_turtlebot3 build --build-base /home/dcs/Desktop/Lab/Lab1/ros2_ws/build/move_turtlebot3/build install --record /home/dcs/Desktop/Lab/Lab1/ros2_ws/build/move_turtlebot3/install.log --install-scripts $base/lib/move_turtlebot3 --single-version-externally-managed
[1.767s] running egg_info
[1.768s] writing ../../build/move_turtlebot3/move_turtlebot3.egg-info/PKG-INFO
[1.768s] writing dependency_links to ../../build/move_turtlebot3/move_turtlebot3.egg-info/dependency_links.txt
[1.768s] writing entry points to ../../build/move_turtlebot3/move_turtlebot3.egg-info/entry_points.txt
[1.768s] writing requirements to ../../build/move_turtlebot3/move_turtlebot3.egg-info/requires.txt
[1.768s] writing top-level names to ../../build/move_turtlebot3/move_turtlebot3.egg-info/top_level.txt
[1.824s] reading manifest file '../../build/move_turtlebot3/move_turtlebot3.egg-info/SOURCES.txt'
[1.827s] writing manifest file '../../build/move_turtlebot3/move_turtlebot3.egg-info/SOURCES.txt'
[1.827s] running build
[1.828s] running build_py
[1.828s] running install
[1.830s] running install_lib
[1.832s] running install_data
[1.839s] running install_egg_info
[1.841s] removing '/home/dcs/Desktop/Lab/Lab1/ros2_ws/install/move_turtlebot3/lib/python3.8/site-packages/move_turtlebot3-0.0.0-py3.8.egg-info' (and everything under it)
[1.841s] Copying ../../build/move_turtlebot3/move_turtlebot3.egg-info to /home/dcs/Desktop/Lab/Lab1/ros2_ws/install/move_turtlebot3/lib/python3.8/site-packages/move_turtlebot3-0.0.0-py3.8.egg-info
[1.841s] running install_scripts
[1.878s] Installing traj script to /home/dcs/Desktop/Lab/Lab1/ros2_ws/install/move_turtlebot3/lib/move_turtlebot3
[1.880s] writing list of installed files to '/home/dcs/Desktop/Lab/Lab1/ros2_ws/build/move_turtlebot3/install.log'
[2.117s] Invoked command in '/home/dcs/Desktop/Lab/Lab1/ros2_ws/src/move_turtlebot3' returned '0': PYTHONPATH=/home/dcs/Desktop/Lab/Lab1/ros2_ws/build/move_turtlebot3/prefix_override:/home/dcs/Desktop/Lab/Lab1/ros2_ws/install/move_turtlebot3/lib/python3.8/site-packages:${PYTHONPATH} /usr/bin/python3 setup.py egg_info --egg-base ../../build/move_turtlebot3 build --build-base /home/dcs/Desktop/Lab/Lab1/ros2_ws/build/move_turtlebot3/build install --record /home/dcs/Desktop/Lab/Lab1/ros2_ws/build/move_turtlebot3/install.log --install-scripts $base/lib/move_turtlebot3 --single-version-externally-managed
