[2.162s] DEBUG:colcon:Command line arguments: ['/usr/bin/colcon', 'build']
[2.162s] DEBUG:colcon:Parsed command line arguments: Namespace(allow_overriding=[], ament_cmake_args=None, base_paths=['.'], build_base='build', catkin_cmake_args=None, catkin_skip_building_tests=False, cmake_args=None, cmake_clean_cache=False, cmake_clean_first=False, cmake_force_configure=False, cmake_target=None, cmake_target_skip_unavailable=False, continue_on_error=False, event_handlers=None, executor='parallel', ignore_user_meta=False, install_base='install', log_base=None, log_level=None, main=<bound method BuildVerb.main of <colcon_core.verb.build.BuildVerb object at 0x7fd6a3ef72e0>>, merge_install=False, metas=['./colcon.meta'], packages_above=None, packages_above_and_dependencies=None, packages_above_depth=None, packages_end=None, packages_ignore=None, packages_ignore_regex=None, packages_select=None, packages_select_build_failed=False, packages_select_by_dep=None, packages_select_regex=None, packages_select_test_failures=False, packages_skip=None, packages_skip_build_finished=False, packages_skip_by_dep=None, packages_skip_regex=None, packages_skip_test_passed=False, packages_skip_up_to=None, packages_start=None, packages_up_to=None, packages_up_to_regex=None, parallel_workers=4, paths=None, symlink_install=False, test_result_base=None, verb_extension=<colcon_core.verb.build.BuildVerb object at 0x7fd6a3ef72e0>, verb_name='build', verb_parser=<colcon_defaults.argument_parser.defaults.DefaultArgumentsDecorator object at 0x7fd6a3e5e340>)
[2.254s] Level 1:colcon.colcon_core.package_discovery:discover_packages(colcon_meta) check parameters
[2.254s] Level 1:colcon.colcon_core.package_discovery:discover_packages(recursive) check parameters
[2.254s] Level 1:colcon.colcon_core.package_discovery:discover_packages(ignore) check parameters
[2.254s] Level 1:colcon.colcon_core.package_discovery:discover_packages(path) check parameters
[2.254s] Level 1:colcon.colcon_core.package_discovery:discover_packages(colcon_meta) discover
[2.254s] Level 1:colcon.colcon_core.package_discovery:discover_packages(recursive) discover
[2.254s] INFO:colcon.colcon_core.package_discovery:Crawling recursively for packages in '/home/dcs/Desktop/Lab/Lab1'
[2.254s] Level 1:colcon.colcon_core.package_identification:_identify(.) by extensions ['ignore', 'ignore_ament_install']
[2.254s] Level 1:colcon.colcon_core.package_identification:_identify(.) by extension 'ignore'
[2.254s] Level 1:colcon.colcon_core.package_identification:_identify(.) by extension 'ignore_ament_install'
[2.254s] Level 1:colcon.colcon_core.package_identification:_identify(.) by extensions ['colcon_pkg']
[2.254s] Level 1:colcon.colcon_core.package_identification:_identify(.) by extension 'colcon_pkg'
[2.254s] Level 1:colcon.colcon_core.package_identification:_identify(.) by extensions ['colcon_meta']
[2.254s] Level 1:colcon.colcon_core.package_identification:_identify(.) by extension 'colcon_meta'
[2.254s] Level 1:colcon.colcon_core.package_identification:_identify(.) by extensions ['ros']
[2.255s] Level 1:colcon.colcon_core.package_identification:_identify(.) by extension 'ros'
[2.265s] Level 1:colcon.colcon_core.package_identification:_identify(.) by extensions ['cmake', 'python']
[2.265s] Level 1:colcon.colcon_core.package_identification:_identify(.) by extension 'cmake'
[2.265s] Level 1:colcon.colcon_core.package_identification:_identify(.) by extension 'python'
[2.265s] Level 1:colcon.colcon_core.package_identification:_identify(.) by extensions ['python_setup_py']
[2.265s] Level 1:colcon.colcon_core.package_identification:_identify(.) by extension 'python_setup_py'
[2.265s] Level 1:colcon.colcon_core.package_identification:_identify(build) by extensions ['ignore', 'ignore_ament_install']
[2.265s] Level 1:colcon.colcon_core.package_identification:_identify(build) by extension 'ignore'
[2.265s] Level 1:colcon.colcon_core.package_identification:_identify(build) ignored
[2.265s] Level 1:colcon.colcon_core.package_identification:_identify(install) by extensions ['ignore', 'ignore_ament_install']
[2.266s] Level 1:colcon.colcon_core.package_identification:_identify(install) by extension 'ignore'
[2.266s] Level 1:colcon.colcon_core.package_identification:_identify(install) ignored
[2.266s] Level 1:colcon.colcon_core.package_identification:_identify(log) by extensions ['ignore', 'ignore_ament_install']
[2.266s] Level 1:colcon.colcon_core.package_identification:_identify(log) by extension 'ignore'
[2.266s] Level 1:colcon.colcon_core.package_identification:_identify(log) ignored
[2.266s] Level 1:colcon.colcon_core.package_identification:_identify(report) by extensions ['ignore', 'ignore_ament_install']
[2.266s] Level 1:colcon.colcon_core.package_identification:_identify(report) by extension 'ignore'
[2.266s] Level 1:colcon.colcon_core.package_identification:_identify(report) by extension 'ignore_ament_install'
[2.266s] Level 1:colcon.colcon_core.package_identification:_identify(report) by extensions ['colcon_pkg']
[2.266s] Level 1:colcon.colcon_core.package_identification:_identify(report) by extension 'colcon_pkg'
[2.266s] Level 1:colcon.colcon_core.package_identification:_identify(report) by extensions ['colcon_meta']
[2.266s] Level 1:colcon.colcon_core.package_identification:_identify(report) by extension 'colcon_meta'
[2.266s] Level 1:colcon.colcon_core.package_identification:_identify(report) by extensions ['ros']
[2.266s] Level 1:colcon.colcon_core.package_identification:_identify(report) by extension 'ros'
[2.266s] Level 1:colcon.colcon_core.package_identification:_identify(report) by extensions ['cmake', 'python']
[2.266s] Level 1:colcon.colcon_core.package_identification:_identify(report) by extension 'cmake'
[2.266s] Level 1:colcon.colcon_core.package_identification:_identify(report) by extension 'python'
[2.266s] Level 1:colcon.colcon_core.package_identification:_identify(report) by extensions ['python_setup_py']
[2.266s] Level 1:colcon.colcon_core.package_identification:_identify(report) by extension 'python_setup_py'
[2.267s] Level 1:colcon.colcon_core.package_identification:_identify(ros2_ws) by extensions ['ignore', 'ignore_ament_install']
[2.267s] Level 1:colcon.colcon_core.package_identification:_identify(ros2_ws) by extension 'ignore'
[2.267s] Level 1:colcon.colcon_core.package_identification:_identify(ros2_ws) by extension 'ignore_ament_install'
[2.267s] Level 1:colcon.colcon_core.package_identification:_identify(ros2_ws) by extensions ['colcon_pkg']
[2.267s] Level 1:colcon.colcon_core.package_identification:_identify(ros2_ws) by extension 'colcon_pkg'
[2.267s] Level 1:colcon.colcon_core.package_identification:_identify(ros2_ws) by extensions ['colcon_meta']
[2.267s] Level 1:colcon.colcon_core.package_identification:_identify(ros2_ws) by extension 'colcon_meta'
[2.267s] Level 1:colcon.colcon_core.package_identification:_identify(ros2_ws) by extensions ['ros']
[2.267s] Level 1:colcon.colcon_core.package_identification:_identify(ros2_ws) by extension 'ros'
[2.267s] Level 1:colcon.colcon_core.package_identification:_identify(ros2_ws) by extensions ['cmake', 'python']
[2.267s] Level 1:colcon.colcon_core.package_identification:_identify(ros2_ws) by extension 'cmake'
[2.267s] Level 1:colcon.colcon_core.package_identification:_identify(ros2_ws) by extension 'python'
[2.267s] Level 1:colcon.colcon_core.package_identification:_identify(ros2_ws) by extensions ['python_setup_py']
[2.267s] Level 1:colcon.colcon_core.package_identification:_identify(ros2_ws) by extension 'python_setup_py'
[2.267s] Level 1:colcon.colcon_core.package_identification:_identify(ros2_ws/build) by extensions ['ignore', 'ignore_ament_install']
[2.267s] Level 1:colcon.colcon_core.package_identification:_identify(ros2_ws/build) by extension 'ignore'
[2.267s] Level 1:colcon.colcon_core.package_identification:_identify(ros2_ws/build) ignored
[2.267s] Level 1:colcon.colcon_core.package_identification:_identify(ros2_ws/install) by extensions ['ignore', 'ignore_ament_install']
[2.267s] Level 1:colcon.colcon_core.package_identification:_identify(ros2_ws/install) by extension 'ignore'
[2.268s] Level 1:colcon.colcon_core.package_identification:_identify(ros2_ws/install) ignored
[2.268s] Level 1:colcon.colcon_core.package_identification:_identify(ros2_ws/launch) by extensions ['ignore', 'ignore_ament_install']
[2.268s] Level 1:colcon.colcon_core.package_identification:_identify(ros2_ws/launch) by extension 'ignore'
[2.268s] Level 1:colcon.colcon_core.package_identification:_identify(ros2_ws/launch) by extension 'ignore_ament_install'
[2.268s] Level 1:colcon.colcon_core.package_identification:_identify(ros2_ws/launch) by extensions ['colcon_pkg']
[2.268s] Level 1:colcon.colcon_core.package_identification:_identify(ros2_ws/launch) by extension 'colcon_pkg'
[2.268s] Level 1:colcon.colcon_core.package_identification:_identify(ros2_ws/launch) by extensions ['colcon_meta']
[2.268s] Level 1:colcon.colcon_core.package_identification:_identify(ros2_ws/launch) by extension 'colcon_meta'
[2.268s] Level 1:colcon.colcon_core.package_identification:_identify(ros2_ws/launch) by extensions ['ros']
[2.268s] Level 1:colcon.colcon_core.package_identification:_identify(ros2_ws/launch) by extension 'ros'
[2.268s] Level 1:colcon.colcon_core.package_identification:_identify(ros2_ws/launch) by extensions ['cmake', 'python']
[2.268s] Level 1:colcon.colcon_core.package_identification:_identify(ros2_ws/launch) by extension 'cmake'
[2.268s] Level 1:colcon.colcon_core.package_identification:_identify(ros2_ws/launch) by extension 'python'
[2.268s] Level 1:colcon.colcon_core.package_identification:_identify(ros2_ws/launch) by extensions ['python_setup_py']
[2.268s] Level 1:colcon.colcon_core.package_identification:_identify(ros2_ws/launch) by extension 'python_setup_py'
[2.268s] Level 1:colcon.colcon_core.package_identification:_identify(ros2_ws/launch/__pycache__) by extensions ['ignore', 'ignore_ament_install']
[2.268s] Level 1:colcon.colcon_core.package_identification:_identify(ros2_ws/launch/__pycache__) by extension 'ignore'
[2.268s] Level 1:colcon.colcon_core.package_identification:_identify(ros2_ws/launch/__pycache__) by extension 'ignore_ament_install'
[2.268s] Level 1:colcon.colcon_core.package_identification:_identify(ros2_ws/launch/__pycache__) by extensions ['colcon_pkg']
[2.269s] Level 1:colcon.colcon_core.package_identification:_identify(ros2_ws/launch/__pycache__) by extension 'colcon_pkg'
[2.269s] Level 1:colcon.colcon_core.package_identification:_identify(ros2_ws/launch/__pycache__) by extensions ['colcon_meta']
[2.269s] Level 1:colcon.colcon_core.package_identification:_identify(ros2_ws/launch/__pycache__) by extension 'colcon_meta'
[2.269s] Level 1:colcon.colcon_core.package_identification:_identify(ros2_ws/launch/__pycache__) by extensions ['ros']
[2.269s] Level 1:colcon.colcon_core.package_identification:_identify(ros2_ws/launch/__pycache__) by extension 'ros'
[2.269s] Level 1:colcon.colcon_core.package_identification:_identify(ros2_ws/launch/__pycache__) by extensions ['cmake', 'python']
[2.269s] Level 1:colcon.colcon_core.package_identification:_identify(ros2_ws/launch/__pycache__) by extension 'cmake'
[2.269s] Level 1:colcon.colcon_core.package_identification:_identify(ros2_ws/launch/__pycache__) by extension 'python'
[2.269s] Level 1:colcon.colcon_core.package_identification:_identify(ros2_ws/launch/__pycache__) by extensions ['python_setup_py']
[2.269s] Level 1:colcon.colcon_core.package_identification:_identify(ros2_ws/launch/__pycache__) by extension 'python_setup_py'
[2.269s] Level 1:colcon.colcon_core.package_identification:_identify(ros2_ws/log) by extensions ['ignore', 'ignore_ament_install']
[2.269s] Level 1:colcon.colcon_core.package_identification:_identify(ros2_ws/log) by extension 'ignore'
[2.269s] Level 1:colcon.colcon_core.package_identification:_identify(ros2_ws/log) ignored
[2.269s] Level 1:colcon.colcon_core.package_identification:_identify(ros2_ws/src) by extensions ['ignore', 'ignore_ament_install']
[2.269s] Level 1:colcon.colcon_core.package_identification:_identify(ros2_ws/src) by extension 'ignore'
[2.269s] Level 1:colcon.colcon_core.package_identification:_identify(ros2_ws/src) by extension 'ignore_ament_install'
[2.270s] Level 1:colcon.colcon_core.package_identification:_identify(ros2_ws/src) by extensions ['colcon_pkg']
[2.270s] Level 1:colcon.colcon_core.package_identification:_identify(ros2_ws/src) by extension 'colcon_pkg'
[2.270s] Level 1:colcon.colcon_core.package_identification:_identify(ros2_ws/src) by extensions ['colcon_meta']
[2.270s] Level 1:colcon.colcon_core.package_identification:_identify(ros2_ws/src) by extension 'colcon_meta'
[2.270s] Level 1:colcon.colcon_core.package_identification:_identify(ros2_ws/src) by extensions ['ros']
[2.270s] Level 1:colcon.colcon_core.package_identification:_identify(ros2_ws/src) by extension 'ros'
[2.270s] Level 1:colcon.colcon_core.package_identification:_identify(ros2_ws/src) by extensions ['cmake', 'python']
[2.270s] Level 1:colcon.colcon_core.package_identification:_identify(ros2_ws/src) by extension 'cmake'
[2.270s] Level 1:colcon.colcon_core.package_identification:_identify(ros2_ws/src) by extension 'python'
[2.270s] Level 1:colcon.colcon_core.package_identification:_identify(ros2_ws/src) by extensions ['python_setup_py']
[2.270s] Level 1:colcon.colcon_core.package_identification:_identify(ros2_ws/src) by extension 'python_setup_py'
[2.270s] Level 1:colcon.colcon_core.package_identification:_identify(ros2_ws/src/controller) by extensions ['ignore', 'ignore_ament_install']
[2.270s] Level 1:colcon.colcon_core.package_identification:_identify(ros2_ws/src/controller) by extension 'ignore'
[2.270s] Level 1:colcon.colcon_core.package_identification:_identify(ros2_ws/src/controller) by extension 'ignore_ament_install'
[2.270s] Level 1:colcon.colcon_core.package_identification:_identify(ros2_ws/src/controller) by extensions ['colcon_pkg']
[2.270s] Level 1:colcon.colcon_core.package_identification:_identify(ros2_ws/src/controller) by extension 'colcon_pkg'
[2.270s] Level 1:colcon.colcon_core.package_identification:_identify(ros2_ws/src/controller) by extensions ['colcon_meta']
[2.270s] Level 1:colcon.colcon_core.package_identification:_identify(ros2_ws/src/controller) by extension 'colcon_meta'
[2.270s] Level 1:colcon.colcon_core.package_identification:_identify(ros2_ws/src/controller) by extensions ['ros']
[2.270s] Level 1:colcon.colcon_core.package_identification:_identify(ros2_ws/src/controller) by extension 'ros'
[2.273s] DEBUG:colcon.colcon_core.package_identification:Package 'ros2_ws/src/controller' with type 'ros.ament_python' and name 'controller'
[2.273s] Level 1:colcon.colcon_core.package_identification:_identify(ros2_ws/src/laser) by extensions ['ignore', 'ignore_ament_install']
[2.273s] Level 1:colcon.colcon_core.package_identification:_identify(ros2_ws/src/laser) by extension 'ignore'
[2.273s] Level 1:colcon.colcon_core.package_identification:_identify(ros2_ws/src/laser) by extension 'ignore_ament_install'
[2.273s] Level 1:colcon.colcon_core.package_identification:_identify(ros2_ws/src/laser) by extensions ['colcon_pkg']
[2.273s] Level 1:colcon.colcon_core.package_identification:_identify(ros2_ws/src/laser) by extension 'colcon_pkg'
[2.273s] Level 1:colcon.colcon_core.package_identification:_identify(ros2_ws/src/laser) by extensions ['colcon_meta']
[2.273s] Level 1:colcon.colcon_core.package_identification:_identify(ros2_ws/src/laser) by extension 'colcon_meta'
[2.273s] Level 1:colcon.colcon_core.package_identification:_identify(ros2_ws/src/laser) by extensions ['ros']
[2.273s] Level 1:colcon.colcon_core.package_identification:_identify(ros2_ws/src/laser) by extension 'ros'
[2.274s] DEBUG:colcon.colcon_core.package_identification:Package 'ros2_ws/src/laser' with type 'ros.ament_python' and name 'laser'
[2.274s] Level 1:colcon.colcon_core.package_identification:_identify(ros2_ws/src/move_square) by extensions ['ignore', 'ignore_ament_install']
[2.274s] Level 1:colcon.colcon_core.package_identification:_identify(ros2_ws/src/move_square) by extension 'ignore'
[2.274s] Level 1:colcon.colcon_core.package_identification:_identify(ros2_ws/src/move_square) by extension 'ignore_ament_install'
[2.274s] Level 1:colcon.colcon_core.package_identification:_identify(ros2_ws/src/move_square) by extensions ['colcon_pkg']
[2.274s] Level 1:colcon.colcon_core.package_identification:_identify(ros2_ws/src/move_square) by extension 'colcon_pkg'
[2.274s] Level 1:colcon.colcon_core.package_identification:_identify(ros2_ws/src/move_square) by extensions ['colcon_meta']
[2.274s] Level 1:colcon.colcon_core.package_identification:_identify(ros2_ws/src/move_square) by extension 'colcon_meta'
[2.274s] Level 1:colcon.colcon_core.package_identification:_identify(ros2_ws/src/move_square) by extensions ['ros']
[2.274s] Level 1:colcon.colcon_core.package_identification:_identify(ros2_ws/src/move_square) by extension 'ros'
[2.275s] DEBUG:colcon.colcon_core.package_identification:Package 'ros2_ws/src/move_square' with type 'ros.ament_python' and name 'move_square'
[2.275s] Level 1:colcon.colcon_core.package_identification:_identify(ros2_ws/src/move_turtlebot3) by extensions ['ignore', 'ignore_ament_install']
[2.275s] Level 1:colcon.colcon_core.package_identification:_identify(ros2_ws/src/move_turtlebot3) by extension 'ignore'
[2.275s] Level 1:colcon.colcon_core.package_identification:_identify(ros2_ws/src/move_turtlebot3) by extension 'ignore_ament_install'
[2.275s] Level 1:colcon.colcon_core.package_identification:_identify(ros2_ws/src/move_turtlebot3) by extensions ['colcon_pkg']
[2.275s] Level 1:colcon.colcon_core.package_identification:_identify(ros2_ws/src/move_turtlebot3) by extension 'colcon_pkg'
[2.275s] Level 1:colcon.colcon_core.package_identification:_identify(ros2_ws/src/move_turtlebot3) by extensions ['colcon_meta']
[2.275s] Level 1:colcon.colcon_core.package_identification:_identify(ros2_ws/src/move_turtlebot3) by extension 'colcon_meta'
[2.275s] Level 1:colcon.colcon_core.package_identification:_identify(ros2_ws/src/move_turtlebot3) by extensions ['ros']
[2.275s] Level 1:colcon.colcon_core.package_identification:_identify(ros2_ws/src/move_turtlebot3) by extension 'ros'
[2.276s] DEBUG:colcon.colcon_core.package_identification:Package 'ros2_ws/src/move_turtlebot3' with type 'ros.ament_python' and name 'move_turtlebot3'
[2.276s] Level 1:colcon.colcon_core.package_identification:_identify(ros2_ws/src/my_py_pkg) by extensions ['ignore', 'ignore_ament_install']
[2.276s] Level 1:colcon.colcon_core.package_identification:_identify(ros2_ws/src/my_py_pkg) by extension 'ignore'
[2.276s] Level 1:colcon.colcon_core.package_identification:_identify(ros2_ws/src/my_py_pkg) by extension 'ignore_ament_install'
[2.276s] Level 1:colcon.colcon_core.package_identification:_identify(ros2_ws/src/my_py_pkg) by extensions ['colcon_pkg']
[2.276s] Level 1:colcon.colcon_core.package_identification:_identify(ros2_ws/src/my_py_pkg) by extension 'colcon_pkg'
[2.276s] Level 1:colcon.colcon_core.package_identification:_identify(ros2_ws/src/my_py_pkg) by extensions ['colcon_meta']
[2.276s] Level 1:colcon.colcon_core.package_identification:_identify(ros2_ws/src/my_py_pkg) by extension 'colcon_meta'
[2.276s] Level 1:colcon.colcon_core.package_identification:_identify(ros2_ws/src/my_py_pkg) by extensions ['ros']
[2.276s] Level 1:colcon.colcon_core.package_identification:_identify(ros2_ws/src/my_py_pkg) by extension 'ros'
[2.277s] DEBUG:colcon.colcon_core.package_identification:Package 'ros2_ws/src/my_py_pkg' with type 'ros.ament_python' and name 'my_py_pkg'
[2.277s] Level 1:colcon.colcon_core.package_identification:_identify(ros2_ws/src/noise) by extensions ['ignore', 'ignore_ament_install']
[2.277s] Level 1:colcon.colcon_core.package_identification:_identify(ros2_ws/src/noise) by extension 'ignore'
[2.277s] Level 1:colcon.colcon_core.package_identification:_identify(ros2_ws/src/noise) by extension 'ignore_ament_install'
[2.277s] Level 1:colcon.colcon_core.package_identification:_identify(ros2_ws/src/noise) by extensions ['colcon_pkg']
[2.277s] Level 1:colcon.colcon_core.package_identification:_identify(ros2_ws/src/noise) by extension 'colcon_pkg'
[2.277s] Level 1:colcon.colcon_core.package_identification:_identify(ros2_ws/src/noise) by extensions ['colcon_meta']
[2.277s] Level 1:colcon.colcon_core.package_identification:_identify(ros2_ws/src/noise) by extension 'colcon_meta'
[2.277s] Level 1:colcon.colcon_core.package_identification:_identify(ros2_ws/src/noise) by extensions ['ros']
[2.277s] Level 1:colcon.colcon_core.package_identification:_identify(ros2_ws/src/noise) by extension 'ros'
[2.278s] DEBUG:colcon.colcon_core.package_identification:Package 'ros2_ws/src/noise' with type 'ros.ament_python' and name 'noise'
[2.278s] Level 1:colcon.colcon_core.package_identification:_identify(ros2_ws/src/package_name) by extensions ['ignore', 'ignore_ament_install']
[2.278s] Level 1:colcon.colcon_core.package_identification:_identify(ros2_ws/src/package_name) by extension 'ignore'
[2.278s] Level 1:colcon.colcon_core.package_identification:_identify(ros2_ws/src/package_name) by extension 'ignore_ament_install'
[2.278s] Level 1:colcon.colcon_core.package_identification:_identify(ros2_ws/src/package_name) by extensions ['colcon_pkg']
[2.278s] Level 1:colcon.colcon_core.package_identification:_identify(ros2_ws/src/package_name) by extension 'colcon_pkg'
[2.278s] Level 1:colcon.colcon_core.package_identification:_identify(ros2_ws/src/package_name) by extensions ['colcon_meta']
[2.278s] Level 1:colcon.colcon_core.package_identification:_identify(ros2_ws/src/package_name) by extension 'colcon_meta'
[2.278s] Level 1:colcon.colcon_core.package_identification:_identify(ros2_ws/src/package_name) by extensions ['ros']
[2.278s] Level 1:colcon.colcon_core.package_identification:_identify(ros2_ws/src/package_name) by extension 'ros'
[2.278s] DEBUG:colcon.colcon_core.package_identification:Package 'ros2_ws/src/package_name' with type 'ros.ament_python' and name 'package_name'
[2.279s] Level 1:colcon.colcon_core.package_identification:_identify(ros2_ws/src/r2) by extensions ['ignore', 'ignore_ament_install']
[2.279s] Level 1:colcon.colcon_core.package_identification:_identify(ros2_ws/src/r2) by extension 'ignore'
[2.279s] Level 1:colcon.colcon_core.package_identification:_identify(ros2_ws/src/r2) by extension 'ignore_ament_install'
[2.279s] Level 1:colcon.colcon_core.package_identification:_identify(ros2_ws/src/r2) by extensions ['colcon_pkg']
[2.279s] Level 1:colcon.colcon_core.package_identification:_identify(ros2_ws/src/r2) by extension 'colcon_pkg'
[2.279s] Level 1:colcon.colcon_core.package_identification:_identify(ros2_ws/src/r2) by extensions ['colcon_meta']
[2.279s] Level 1:colcon.colcon_core.package_identification:_identify(ros2_ws/src/r2) by extension 'colcon_meta'
[2.279s] Level 1:colcon.colcon_core.package_identification:_identify(ros2_ws/src/r2) by extensions ['ros']
[2.279s] Level 1:colcon.colcon_core.package_identification:_identify(ros2_ws/src/r2) by extension 'ros'
[2.279s] DEBUG:colcon.colcon_core.package_identification:Package 'ros2_ws/src/r2' with type 'ros.ament_python' and name 'r2'
[2.280s] Level 1:colcon.colcon_core.package_identification:_identify(ros2_ws/src/turtlebot3) by extensions ['ignore', 'ignore_ament_install']
[2.280s] Level 1:colcon.colcon_core.package_identification:_identify(ros2_ws/src/turtlebot3) by extension 'ignore'
[2.280s] Level 1:colcon.colcon_core.package_identification:_identify(ros2_ws/src/turtlebot3) by extension 'ignore_ament_install'
[2.280s] Level 1:colcon.colcon_core.package_identification:_identify(ros2_ws/src/turtlebot3) by extensions ['colcon_pkg']
[2.280s] Level 1:colcon.colcon_core.package_identification:_identify(ros2_ws/src/turtlebot3) by extension 'colcon_pkg'
[2.280s] Level 1:colcon.colcon_core.package_identification:_identify(ros2_ws/src/turtlebot3) by extensions ['colcon_meta']
[2.280s] Level 1:colcon.colcon_core.package_identification:_identify(ros2_ws/src/turtlebot3) by extension 'colcon_meta'
[2.280s] Level 1:colcon.colcon_core.package_identification:_identify(ros2_ws/src/turtlebot3) by extensions ['ros']
[2.280s] Level 1:colcon.colcon_core.package_identification:_identify(ros2_ws/src/turtlebot3) by extension 'ros'
[2.280s] DEBUG:colcon.colcon_core.package_identification:Package 'ros2_ws/src/turtlebot3' with type 'ros.ament_python' and name 'turtlebot3'
[2.280s] Level 1:colcon.colcon_core.package_discovery:discover_packages(recursive) using defaults
[2.281s] Level 1:colcon.colcon_core.package_discovery:discover_packages(ignore) discover
[2.281s] Level 1:colcon.colcon_core.package_discovery:discover_packages(ignore) using defaults
[2.281s] Level 1:colcon.colcon_core.package_discovery:discover_packages(path) discover
[2.281s] Level 1:colcon.colcon_core.package_discovery:discover_packages(path) using defaults
[2.484s] Level 1:colcon.colcon_core.package_discovery:discover_packages(prefix_path) check parameters
[2.484s] Level 1:colcon.colcon_core.package_discovery:discover_packages(prefix_path) discover
[2.559s] DEBUG:colcon.colcon_installed_package_information.package_discovery:Found 373 installed packages in /opt/ros/foxy
[2.560s] Level 1:colcon.colcon_core.package_discovery:discover_packages(prefix_path) using defaults
[2.714s] Level 5:colcon.colcon_core.verb:set package 'controller' build argument 'cmake_args' from command line to 'None'
[2.714s] Level 5:colcon.colcon_core.verb:set package 'controller' build argument 'cmake_target' from command line to 'None'
[2.714s] Level 5:colcon.colcon_core.verb:set package 'controller' build argument 'cmake_target_skip_unavailable' from command line to 'False'
[2.714s] Level 5:colcon.colcon_core.verb:set package 'controller' build argument 'cmake_clean_cache' from command line to 'False'
[2.714s] Level 5:colcon.colcon_core.verb:set package 'controller' build argument 'cmake_clean_first' from command line to 'False'
[2.714s] Level 5:colcon.colcon_core.verb:set package 'controller' build argument 'cmake_force_configure' from command line to 'False'
[2.714s] Level 5:colcon.colcon_core.verb:set package 'controller' build argument 'ament_cmake_args' from command line to 'None'
[2.714s] Level 5:colcon.colcon_core.verb:set package 'controller' build argument 'catkin_cmake_args' from command line to 'None'
[2.714s] Level 5:colcon.colcon_core.verb:set package 'controller' build argument 'catkin_skip_building_tests' from command line to 'False'
[2.714s] DEBUG:colcon.colcon_core.verb:Building package 'controller' with the following arguments: {'ament_cmake_args': None, 'build_base': '/home/dcs/Desktop/Lab/Lab1/build/controller', 'catkin_cmake_args': None, 'catkin_skip_building_tests': False, 'cmake_args': None, 'cmake_clean_cache': False, 'cmake_clean_first': False, 'cmake_force_configure': False, 'cmake_target': None, 'cmake_target_skip_unavailable': False, 'install_base': '/home/dcs/Desktop/Lab/Lab1/install/controller', 'merge_install': False, 'path': '/home/dcs/Desktop/Lab/Lab1/ros2_ws/src/controller', 'symlink_install': False, 'test_result_base': None}
[2.749s] Level 5:colcon.colcon_core.verb:set package 'laser' build argument 'cmake_args' from command line to 'None'
[2.749s] Level 5:colcon.colcon_core.verb:set package 'laser' build argument 'cmake_target' from command line to 'None'
[2.749s] Level 5:colcon.colcon_core.verb:set package 'laser' build argument 'cmake_target_skip_unavailable' from command line to 'False'
[2.749s] Level 5:colcon.colcon_core.verb:set package 'laser' build argument 'cmake_clean_cache' from command line to 'False'
[2.749s] Level 5:colcon.colcon_core.verb:set package 'laser' build argument 'cmake_clean_first' from command line to 'False'
[2.749s] Level 5:colcon.colcon_core.verb:set package 'laser' build argument 'cmake_force_configure' from command line to 'False'
[2.749s] Level 5:colcon.colcon_core.verb:set package 'laser' build argument 'ament_cmake_args' from command line to 'None'
[2.749s] Level 5:colcon.colcon_core.verb:set package 'laser' build argument 'catkin_cmake_args' from command line to 'None'
[2.749s] Level 5:colcon.colcon_core.verb:set package 'laser' build argument 'catkin_skip_building_tests' from command line to 'False'
[2.749s] DEBUG:colcon.colcon_core.verb:Building package 'laser' with the following arguments: {'ament_cmake_args': None, 'build_base': '/home/dcs/Desktop/Lab/Lab1/build/laser', 'catkin_cmake_args': None, 'catkin_skip_building_tests': False, 'cmake_args': None, 'cmake_clean_cache': False, 'cmake_clean_first': False, 'cmake_force_configure': False, 'cmake_target': None, 'cmake_target_skip_unavailable': False, 'install_base': '/home/dcs/Desktop/Lab/Lab1/install/laser', 'merge_install': False, 'path': '/home/dcs/Desktop/Lab/Lab1/ros2_ws/src/laser', 'symlink_install': False, 'test_result_base': None}
[2.784s] Level 5:colcon.colcon_core.verb:set package 'move_square' build argument 'cmake_args' from command line to 'None'
[2.784s] Level 5:colcon.colcon_core.verb:set package 'move_square' build argument 'cmake_target' from command line to 'None'
[2.784s] Level 5:colcon.colcon_core.verb:set package 'move_square' build argument 'cmake_target_skip_unavailable' from command line to 'False'
[2.784s] Level 5:colcon.colcon_core.verb:set package 'move_square' build argument 'cmake_clean_cache' from command line to 'False'
[2.784s] Level 5:colcon.colcon_core.verb:set package 'move_square' build argument 'cmake_clean_first' from command line to 'False'
[2.784s] Level 5:colcon.colcon_core.verb:set package 'move_square' build argument 'cmake_force_configure' from command line to 'False'
[2.784s] Level 5:colcon.colcon_core.verb:set package 'move_square' build argument 'ament_cmake_args' from command line to 'None'
[2.785s] Level 5:colcon.colcon_core.verb:set package 'move_square' build argument 'catkin_cmake_args' from command line to 'None'
[2.785s] Level 5:colcon.colcon_core.verb:set package 'move_square' build argument 'catkin_skip_building_tests' from command line to 'False'
[2.785s] DEBUG:colcon.colcon_core.verb:Building package 'move_square' with the following arguments: {'ament_cmake_args': None, 'build_base': '/home/dcs/Desktop/Lab/Lab1/build/move_square', 'catkin_cmake_args': None, 'catkin_skip_building_tests': False, 'cmake_args': None, 'cmake_clean_cache': False, 'cmake_clean_first': False, 'cmake_force_configure': False, 'cmake_target': None, 'cmake_target_skip_unavailable': False, 'install_base': '/home/dcs/Desktop/Lab/Lab1/install/move_square', 'merge_install': False, 'path': '/home/dcs/Desktop/Lab/Lab1/ros2_ws/src/move_square', 'symlink_install': False, 'test_result_base': None}
[2.832s] Level 5:colcon.colcon_core.verb:set package 'move_turtlebot3' build argument 'cmake_args' from command line to 'None'
[2.833s] Level 5:colcon.colcon_core.verb:set package 'move_turtlebot3' build argument 'cmake_target' from command line to 'None'
[2.833s] Level 5:colcon.colcon_core.verb:set package 'move_turtlebot3' build argument 'cmake_target_skip_unavailable' from command line to 'False'
[2.833s] Level 5:colcon.colcon_core.verb:set package 'move_turtlebot3' build argument 'cmake_clean_cache' from command line to 'False'
[2.833s] Level 5:colcon.colcon_core.verb:set package 'move_turtlebot3' build argument 'cmake_clean_first' from command line to 'False'
[2.833s] Level 5:colcon.colcon_core.verb:set package 'move_turtlebot3' build argument 'cmake_force_configure' from command line to 'False'
[2.833s] Level 5:colcon.colcon_core.verb:set package 'move_turtlebot3' build argument 'ament_cmake_args' from command line to 'None'
[2.833s] Level 5:colcon.colcon_core.verb:set package 'move_turtlebot3' build argument 'catkin_cmake_args' from command line to 'None'
[2.833s] Level 5:colcon.colcon_core.verb:set package 'move_turtlebot3' build argument 'catkin_skip_building_tests' from command line to 'False'
[2.833s] DEBUG:colcon.colcon_core.verb:Building package 'move_turtlebot3' with the following arguments: {'ament_cmake_args': None, 'build_base': '/home/dcs/Desktop/Lab/Lab1/build/move_turtlebot3', 'catkin_cmake_args': None, 'catkin_skip_building_tests': False, 'cmake_args': None, 'cmake_clean_cache': False, 'cmake_clean_first': False, 'cmake_force_configure': False, 'cmake_target': None, 'cmake_target_skip_unavailable': False, 'install_base': '/home/dcs/Desktop/Lab/Lab1/install/move_turtlebot3', 'merge_install': False, 'path': '/home/dcs/Desktop/Lab/Lab1/ros2_ws/src/move_turtlebot3', 'symlink_install': False, 'test_result_base': None}
[2.868s] Level 5:colcon.colcon_core.verb:set package 'my_py_pkg' build argument 'cmake_args' from command line to 'None'
[2.868s] Level 5:colcon.colcon_core.verb:set package 'my_py_pkg' build argument 'cmake_target' from command line to 'None'
[2.868s] Level 5:colcon.colcon_core.verb:set package 'my_py_pkg' build argument 'cmake_target_skip_unavailable' from command line to 'False'
[2.868s] Level 5:colcon.colcon_core.verb:set package 'my_py_pkg' build argument 'cmake_clean_cache' from command line to 'False'
[2.868s] Level 5:colcon.colcon_core.verb:set package 'my_py_pkg' build argument 'cmake_clean_first' from command line to 'False'
[2.868s] Level 5:colcon.colcon_core.verb:set package 'my_py_pkg' build argument 'cmake_force_configure' from command line to 'False'
[2.868s] Level 5:colcon.colcon_core.verb:set package 'my_py_pkg' build argument 'ament_cmake_args' from command line to 'None'
[2.868s] Level 5:colcon.colcon_core.verb:set package 'my_py_pkg' build argument 'catkin_cmake_args' from command line to 'None'
[2.868s] Level 5:colcon.colcon_core.verb:set package 'my_py_pkg' build argument 'catkin_skip_building_tests' from command line to 'False'
[2.868s] DEBUG:colcon.colcon_core.verb:Building package 'my_py_pkg' with the following arguments: {'ament_cmake_args': None, 'build_base': '/home/dcs/Desktop/Lab/Lab1/build/my_py_pkg', 'catkin_cmake_args': None, 'catkin_skip_building_tests': False, 'cmake_args': None, 'cmake_clean_cache': False, 'cmake_clean_first': False, 'cmake_force_configure': False, 'cmake_target': None, 'cmake_target_skip_unavailable': False, 'install_base': '/home/dcs/Desktop/Lab/Lab1/install/my_py_pkg', 'merge_install': False, 'path': '/home/dcs/Desktop/Lab/Lab1/ros2_ws/src/my_py_pkg', 'symlink_install': False, 'test_result_base': None}
[2.903s] Level 5:colcon.colcon_core.verb:set package 'noise' build argument 'cmake_args' from command line to 'None'
[2.903s] Level 5:colcon.colcon_core.verb:set package 'noise' build argument 'cmake_target' from command line to 'None'
[2.903s] Level 5:colcon.colcon_core.verb:set package 'noise' build argument 'cmake_target_skip_unavailable' from command line to 'False'
[2.903s] Level 5:colcon.colcon_core.verb:set package 'noise' build argument 'cmake_clean_cache' from command line to 'False'
[2.903s] Level 5:colcon.colcon_core.verb:set package 'noise' build argument 'cmake_clean_first' from command line to 'False'
[2.903s] Level 5:colcon.colcon_core.verb:set package 'noise' build argument 'cmake_force_configure' from command line to 'False'
[2.903s] Level 5:colcon.colcon_core.verb:set package 'noise' build argument 'ament_cmake_args' from command line to 'None'
[2.903s] Level 5:colcon.colcon_core.verb:set package 'noise' build argument 'catkin_cmake_args' from command line to 'None'
[2.904s] Level 5:colcon.colcon_core.verb:set package 'noise' build argument 'catkin_skip_building_tests' from command line to 'False'
[2.904s] DEBUG:colcon.colcon_core.verb:Building package 'noise' with the following arguments: {'ament_cmake_args': None, 'build_base': '/home/dcs/Desktop/Lab/Lab1/build/noise', 'catkin_cmake_args': None, 'catkin_skip_building_tests': False, 'cmake_args': None, 'cmake_clean_cache': False, 'cmake_clean_first': False, 'cmake_force_configure': False, 'cmake_target': None, 'cmake_target_skip_unavailable': False, 'install_base': '/home/dcs/Desktop/Lab/Lab1/install/noise', 'merge_install': False, 'path': '/home/dcs/Desktop/Lab/Lab1/ros2_ws/src/noise', 'symlink_install': False, 'test_result_base': None}
[2.938s] Level 5:colcon.colcon_core.verb:set package 'package_name' build argument 'cmake_args' from command line to 'None'
[2.939s] Level 5:colcon.colcon_core.verb:set package 'package_name' build argument 'cmake_target' from command line to 'None'
[2.939s] Level 5:colcon.colcon_core.verb:set package 'package_name' build argument 'cmake_target_skip_unavailable' from command line to 'False'
[2.939s] Level 5:colcon.colcon_core.verb:set package 'package_name' build argument 'cmake_clean_cache' from command line to 'False'
[2.939s] Level 5:colcon.colcon_core.verb:set package 'package_name' build argument 'cmake_clean_first' from command line to 'False'
[2.939s] Level 5:colcon.colcon_core.verb:set package 'package_name' build argument 'cmake_force_configure' from command line to 'False'
[2.939s] Level 5:colcon.colcon_core.verb:set package 'package_name' build argument 'ament_cmake_args' from command line to 'None'
[2.939s] Level 5:colcon.colcon_core.verb:set package 'package_name' build argument 'catkin_cmake_args' from command line to 'None'
[2.939s] Level 5:colcon.colcon_core.verb:set package 'package_name' build argument 'catkin_skip_building_tests' from command line to 'False'
[2.939s] DEBUG:colcon.colcon_core.verb:Building package 'package_name' with the following arguments: {'ament_cmake_args': None, 'build_base': '/home/dcs/Desktop/Lab/Lab1/build/package_name', 'catkin_cmake_args': None, 'catkin_skip_building_tests': False, 'cmake_args': None, 'cmake_clean_cache': False, 'cmake_clean_first': False, 'cmake_force_configure': False, 'cmake_target': None, 'cmake_target_skip_unavailable': False, 'install_base': '/home/dcs/Desktop/Lab/Lab1/install/package_name', 'merge_install': False, 'path': '/home/dcs/Desktop/Lab/Lab1/ros2_ws/src/package_name', 'symlink_install': False, 'test_result_base': None}
[2.976s] Level 5:colcon.colcon_core.verb:set package 'r2' build argument 'cmake_args' from command line to 'None'
[2.976s] Level 5:colcon.colcon_core.verb:set package 'r2' build argument 'cmake_target' from command line to 'None'
[2.976s] Level 5:colcon.colcon_core.verb:set package 'r2' build argument 'cmake_target_skip_unavailable' from command line to 'False'
[2.976s] Level 5:colcon.colcon_core.verb:set package 'r2' build argument 'cmake_clean_cache' from command line to 'False'
[2.976s] Level 5:colcon.colcon_core.verb:set package 'r2' build argument 'cmake_clean_first' from command line to 'False'
[2.976s] Level 5:colcon.colcon_core.verb:set package 'r2' build argument 'cmake_force_configure' from command line to 'False'
[2.976s] Level 5:colcon.colcon_core.verb:set package 'r2' build argument 'ament_cmake_args' from command line to 'None'
[2.976s] Level 5:colcon.colcon_core.verb:set package 'r2' build argument 'catkin_cmake_args' from command line to 'None'
[2.976s] Level 5:colcon.colcon_core.verb:set package 'r2' build argument 'catkin_skip_building_tests' from command line to 'False'
[2.976s] DEBUG:colcon.colcon_core.verb:Building package 'r2' with the following arguments: {'ament_cmake_args': None, 'build_base': '/home/dcs/Desktop/Lab/Lab1/build/r2', 'catkin_cmake_args': None, 'catkin_skip_building_tests': False, 'cmake_args': None, 'cmake_clean_cache': False, 'cmake_clean_first': False, 'cmake_force_configure': False, 'cmake_target': None, 'cmake_target_skip_unavailable': False, 'install_base': '/home/dcs/Desktop/Lab/Lab1/install/r2', 'merge_install': False, 'path': '/home/dcs/Desktop/Lab/Lab1/ros2_ws/src/r2', 'symlink_install': False, 'test_result_base': None}
[3.011s] Level 5:colcon.colcon_core.verb:set package 'turtlebot3' build argument 'cmake_args' from command line to 'None'
[3.011s] Level 5:colcon.colcon_core.verb:set package 'turtlebot3' build argument 'cmake_target' from command line to 'None'
[3.011s] Level 5:colcon.colcon_core.verb:set package 'turtlebot3' build argument 'cmake_target_skip_unavailable' from command line to 'False'
[3.011s] Level 5:colcon.colcon_core.verb:set package 'turtlebot3' build argument 'cmake_clean_cache' from command line to 'False'
[3.011s] Level 5:colcon.colcon_core.verb:set package 'turtlebot3' build argument 'cmake_clean_first' from command line to 'False'
[3.011s] Level 5:colcon.colcon_core.verb:set package 'turtlebot3' build argument 'cmake_force_configure' from command line to 'False'
[3.011s] Level 5:colcon.colcon_core.verb:set package 'turtlebot3' build argument 'ament_cmake_args' from command line to 'None'
[3.011s] Level 5:colcon.colcon_core.verb:set package 'turtlebot3' build argument 'catkin_cmake_args' from command line to 'None'
[3.012s] Level 5:colcon.colcon_core.verb:set package 'turtlebot3' build argument 'catkin_skip_building_tests' from command line to 'False'
[3.012s] DEBUG:colcon.colcon_core.verb:Building package 'turtlebot3' with the following arguments: {'ament_cmake_args': None, 'build_base': '/home/dcs/Desktop/Lab/Lab1/build/turtlebot3', 'catkin_cmake_args': None, 'catkin_skip_building_tests': False, 'cmake_args': None, 'cmake_clean_cache': False, 'cmake_clean_first': False, 'cmake_force_configure': False, 'cmake_target': None, 'cmake_target_skip_unavailable': False, 'install_base': '/home/dcs/Desktop/Lab/Lab1/install/turtlebot3', 'merge_install': False, 'path': '/home/dcs/Desktop/Lab/Lab1/ros2_ws/src/turtlebot3', 'symlink_install': False, 'test_result_base': None}
[3.046s] INFO:colcon.colcon_core.executor:Executing jobs using 'parallel' executor
[3.082s] DEBUG:colcon.colcon_parallel_executor.executor.parallel:run_until_complete
[3.082s] INFO:colcon.colcon_ros.task.ament_python.build:Building ROS package in '/home/dcs/Desktop/Lab/Lab1/ros2_ws/src/controller' with build type 'ament_python'
[3.083s] Level 1:colcon.colcon_core.shell:create_environment_hook('controller', 'ament_prefix_path')
[3.122s] INFO:colcon.colcon_core.plugin_system:Skipping extension 'colcon_core.shell.bat': Not used on non-Windows systems
[3.122s] INFO:colcon.colcon_core.shell:Creating environment hook '/home/dcs/Desktop/Lab/Lab1/install/controller/share/controller/hook/ament_prefix_path.ps1'
[3.123s] INFO:colcon.colcon_core.shell:Creating environment descriptor '/home/dcs/Desktop/Lab/Lab1/install/controller/share/controller/hook/ament_prefix_path.dsv'
[3.124s] INFO:colcon.colcon_core.shell:Creating environment hook '/home/dcs/Desktop/Lab/Lab1/install/controller/share/controller/hook/ament_prefix_path.sh'
[3.161s] INFO:colcon.colcon_core.shell:Skip shell extension 'powershell' for command environment: Not usable outside of PowerShell
[3.161s] DEBUG:colcon.colcon_core.shell:Skip shell extension 'dsv' for command environment
[3.238s] INFO:colcon.colcon_ros.task.ament_python.build:Building ROS package in '/home/dcs/Desktop/Lab/Lab1/ros2_ws/src/laser' with build type 'ament_python'
[3.239s] Level 1:colcon.colcon_core.shell:create_environment_hook('laser', 'ament_prefix_path')
[3.279s] INFO:colcon.colcon_core.shell:Creating environment hook '/home/dcs/Desktop/Lab/Lab1/install/laser/share/laser/hook/ament_prefix_path.ps1'
[3.280s] INFO:colcon.colcon_core.shell:Creating environment descriptor '/home/dcs/Desktop/Lab/Lab1/install/laser/share/laser/hook/ament_prefix_path.dsv'
[3.280s] INFO:colcon.colcon_core.shell:Creating environment hook '/home/dcs/Desktop/Lab/Lab1/install/laser/share/laser/hook/ament_prefix_path.sh'
[3.318s] INFO:colcon.colcon_core.shell:Skip shell extension 'powershell' for command environment: Not usable outside of PowerShell
[3.318s] DEBUG:colcon.colcon_core.shell:Skip shell extension 'dsv' for command environment
[3.394s] INFO:colcon.colcon_ros.task.ament_python.build:Building ROS package in '/home/dcs/Desktop/Lab/Lab1/ros2_ws/src/move_square' with build type 'ament_python'
[3.395s] Level 1:colcon.colcon_core.shell:create_environment_hook('move_square', 'ament_prefix_path')
[3.433s] INFO:colcon.colcon_core.shell:Creating environment hook '/home/dcs/Desktop/Lab/Lab1/install/move_square/share/move_square/hook/ament_prefix_path.ps1'
[3.434s] INFO:colcon.colcon_core.shell:Creating environment descriptor '/home/dcs/Desktop/Lab/Lab1/install/move_square/share/move_square/hook/ament_prefix_path.dsv'
[3.434s] INFO:colcon.colcon_core.shell:Creating environment hook '/home/dcs/Desktop/Lab/Lab1/install/move_square/share/move_square/hook/ament_prefix_path.sh'
[3.472s] INFO:colcon.colcon_core.shell:Skip shell extension 'powershell' for command environment: Not usable outside of PowerShell
[3.472s] DEBUG:colcon.colcon_core.shell:Skip shell extension 'dsv' for command environment
[3.549s] INFO:colcon.colcon_ros.task.ament_python.build:Building ROS package in '/home/dcs/Desktop/Lab/Lab1/ros2_ws/src/move_turtlebot3' with build type 'ament_python'
[3.550s] Level 1:colcon.colcon_core.shell:create_environment_hook('move_turtlebot3', 'ament_prefix_path')
[3.590s] INFO:colcon.colcon_core.shell:Creating environment hook '/home/dcs/Desktop/Lab/Lab1/install/move_turtlebot3/share/move_turtlebot3/hook/ament_prefix_path.ps1'
[3.590s] INFO:colcon.colcon_core.shell:Creating environment descriptor '/home/dcs/Desktop/Lab/Lab1/install/move_turtlebot3/share/move_turtlebot3/hook/ament_prefix_path.dsv'
[3.591s] INFO:colcon.colcon_core.shell:Creating environment hook '/home/dcs/Desktop/Lab/Lab1/install/move_turtlebot3/share/move_turtlebot3/hook/ament_prefix_path.sh'
[3.628s] INFO:colcon.colcon_core.shell:Skip shell extension 'powershell' for command environment: Not usable outside of PowerShell
[3.628s] DEBUG:colcon.colcon_core.shell:Skip shell extension 'dsv' for command environment
[3.926s] INFO:colcon.colcon_core.task.python.build:Building Python package in '/home/dcs/Desktop/Lab/Lab1/ros2_ws/src/controller'
[3.965s] INFO:colcon.colcon_core.shell:Skip shell extension 'powershell' for command environment: Not usable outside of PowerShell
[3.965s] DEBUG:colcon.colcon_core.shell:Skip shell extension 'dsv' for command environment
[4.255s] INFO:colcon.colcon_core.task.python.build:Building Python package in '/home/dcs/Desktop/Lab/Lab1/ros2_ws/src/laser'
[4.294s] INFO:colcon.colcon_core.shell:Skip shell extension 'powershell' for command environment: Not usable outside of PowerShell
[4.294s] DEBUG:colcon.colcon_core.shell:Skip shell extension 'dsv' for command environment
[4.599s] INFO:colcon.colcon_core.task.python.build:Building Python package in '/home/dcs/Desktop/Lab/Lab1/ros2_ws/src/move_square'
[4.638s] INFO:colcon.colcon_core.shell:Skip shell extension 'powershell' for command environment: Not usable outside of PowerShell
[4.638s] DEBUG:colcon.colcon_core.shell:Skip shell extension 'dsv' for command environment
[4.947s] INFO:colcon.colcon_core.task.python.build:Building Python package in '/home/dcs/Desktop/Lab/Lab1/ros2_ws/src/move_turtlebot3'
[4.988s] INFO:colcon.colcon_core.shell:Skip shell extension 'powershell' for command environment: Not usable outside of PowerShell
[4.988s] DEBUG:colcon.colcon_core.shell:Skip shell extension 'dsv' for command environment
[5.695s] DEBUG:colcon.colcon_core.event_handler.log_command:Invoking command in '/home/dcs/Desktop/Lab/Lab1/ros2_ws/src/controller': PYTHONPATH=/home/dcs/Desktop/Lab/Lab1/build/controller/prefix_override:/home/dcs/Desktop/Lab/Lab1/install/controller/lib/python3.8/site-packages:${PYTHONPATH} /usr/bin/python3 setup.py egg_info --egg-base ../../../build/controller build --build-base /home/dcs/Desktop/Lab/Lab1/build/controller/build install --record /home/dcs/Desktop/Lab/Lab1/build/controller/install.log --install-scripts $base/lib/controller --single-version-externally-managed
[5.757s] DEBUG:colcon.colcon_core.event_handler.log_command:Invoking command in '/home/dcs/Desktop/Lab/Lab1/ros2_ws/src/laser': PYTHONPATH=/home/dcs/Desktop/Lab/Lab1/build/laser/prefix_override:/home/dcs/Desktop/Lab/Lab1/install/laser/lib/python3.8/site-packages:${PYTHONPATH} /usr/bin/python3 setup.py egg_info --egg-base ../../../build/laser build --build-base /home/dcs/Desktop/Lab/Lab1/build/laser/build install --record /home/dcs/Desktop/Lab/Lab1/build/laser/install.log --install-scripts $base/lib/laser --single-version-externally-managed
[5.833s] DEBUG:colcon.colcon_core.event_handler.log_command:Invoking command in '/home/dcs/Desktop/Lab/Lab1/ros2_ws/src/move_turtlebot3': PYTHONPATH=/home/dcs/Desktop/Lab/Lab1/build/move_turtlebot3/prefix_override:/home/dcs/Desktop/Lab/Lab1/install/move_turtlebot3/lib/python3.8/site-packages:${PYTHONPATH} /usr/bin/python3 setup.py egg_info --egg-base ../../../build/move_turtlebot3 build --build-base /home/dcs/Desktop/Lab/Lab1/build/move_turtlebot3/build install --record /home/dcs/Desktop/Lab/Lab1/build/move_turtlebot3/install.log --install-scripts $base/lib/move_turtlebot3 --single-version-externally-managed
[5.898s] DEBUG:colcon.colcon_core.event_handler.log_command:Invoking command in '/home/dcs/Desktop/Lab/Lab1/ros2_ws/src/move_square': PYTHONPATH=/home/dcs/Desktop/Lab/Lab1/build/move_square/prefix_override:/home/dcs/Desktop/Lab/Lab1/install/move_square/lib/python3.8/site-packages:${PYTHONPATH} /usr/bin/python3 setup.py egg_info --egg-base ../../../build/move_square build --build-base /home/dcs/Desktop/Lab/Lab1/build/move_square/build install --record /home/dcs/Desktop/Lab/Lab1/build/move_square/install.log --install-scripts $base/lib/move_square --single-version-externally-managed
[6.270s] DEBUG:colcon.colcon_core.event_handler.log_command:Invoked command in '/home/dcs/Desktop/Lab/Lab1/ros2_ws/src/controller' returned '0': PYTHONPATH=/home/dcs/Desktop/Lab/Lab1/build/controller/prefix_override:/home/dcs/Desktop/Lab/Lab1/install/controller/lib/python3.8/site-packages:${PYTHONPATH} /usr/bin/python3 setup.py egg_info --egg-base ../../../build/controller build --build-base /home/dcs/Desktop/Lab/Lab1/build/controller/build install --record /home/dcs/Desktop/Lab/Lab1/build/controller/install.log --install-scripts $base/lib/controller --single-version-externally-managed
[6.320s] Level 1:colcon.colcon_core.environment:checking '/home/dcs/Desktop/Lab/Lab1/install/controller' for CMake module files
[6.321s] Level 1:colcon.colcon_core.environment:checking '/home/dcs/Desktop/Lab/Lab1/install/controller' for CMake config files
[6.322s] Level 1:colcon.colcon_core.environment:checking '/home/dcs/Desktop/Lab/Lab1/install/controller/lib'
[6.322s] Level 1:colcon.colcon_core.environment:checking '/home/dcs/Desktop/Lab/Lab1/install/controller/bin'
[6.322s] Level 1:colcon.colcon_core.environment:checking '/home/dcs/Desktop/Lab/Lab1/install/controller/lib/pkgconfig/controller.pc'
[6.322s] Level 1:colcon.colcon_core.environment:checking '/home/dcs/Desktop/Lab/Lab1/install/controller/lib/python3.8/site-packages'
[6.322s] Level 1:colcon.colcon_core.shell:create_environment_hook('controller', 'pythonpath')
[6.364s] INFO:colcon.colcon_core.shell:Creating environment hook '/home/dcs/Desktop/Lab/Lab1/install/controller/share/controller/hook/pythonpath.ps1'
[6.365s] INFO:colcon.colcon_core.shell:Creating environment descriptor '/home/dcs/Desktop/Lab/Lab1/install/controller/share/controller/hook/pythonpath.dsv'
[6.365s] INFO:colcon.colcon_core.shell:Creating environment hook '/home/dcs/Desktop/Lab/Lab1/install/controller/share/controller/hook/pythonpath.sh'
[6.366s] Level 1:colcon.colcon_core.environment:checking '/home/dcs/Desktop/Lab/Lab1/install/controller/bin'
[6.366s] Level 1:colcon.colcon_core.environment:create_environment_scripts_only(controller)
[6.403s] INFO:colcon.colcon_core.shell:Creating package script '/home/dcs/Desktop/Lab/Lab1/install/controller/share/controller/package.ps1'
[6.404s] INFO:colcon.colcon_core.shell:Creating package descriptor '/home/dcs/Desktop/Lab/Lab1/install/controller/share/controller/package.dsv'
[6.405s] INFO:colcon.colcon_core.shell:Creating package script '/home/dcs/Desktop/Lab/Lab1/install/controller/share/controller/package.sh'
[6.406s] INFO:colcon.colcon_core.shell:Creating package script '/home/dcs/Desktop/Lab/Lab1/install/controller/share/controller/package.bash'
[6.407s] INFO:colcon.colcon_core.shell:Creating package script '/home/dcs/Desktop/Lab/Lab1/install/controller/share/controller/package.zsh'
[6.407s] Level 1:colcon.colcon_core.environment:create_file_with_runtime_dependencies(/home/dcs/Desktop/Lab/Lab1/install/controller/share/colcon-core/packages/controller)
[6.409s] INFO:colcon.colcon_ros.task.ament_python.build:Building ROS package in '/home/dcs/Desktop/Lab/Lab1/ros2_ws/src/my_py_pkg' with build type 'ament_python'
[6.409s] Level 1:colcon.colcon_core.shell:create_environment_hook('my_py_pkg', 'ament_prefix_path')
[6.447s] INFO:colcon.colcon_core.shell:Creating environment hook '/home/dcs/Desktop/Lab/Lab1/install/my_py_pkg/share/my_py_pkg/hook/ament_prefix_path.ps1'
[6.448s] INFO:colcon.colcon_core.shell:Creating environment descriptor '/home/dcs/Desktop/Lab/Lab1/install/my_py_pkg/share/my_py_pkg/hook/ament_prefix_path.dsv'
[6.448s] INFO:colcon.colcon_core.shell:Creating environment hook '/home/dcs/Desktop/Lab/Lab1/install/my_py_pkg/share/my_py_pkg/hook/ament_prefix_path.sh'
[6.486s] INFO:colcon.colcon_core.shell:Skip shell extension 'powershell' for command environment: Not usable outside of PowerShell
[6.486s] DEBUG:colcon.colcon_core.shell:Skip shell extension 'dsv' for command environment
[6.571s] DEBUG:colcon.colcon_core.event_handler.log_command:Invoked command in '/home/dcs/Desktop/Lab/Lab1/ros2_ws/src/move_turtlebot3' returned '0': PYTHONPATH=/home/dcs/Desktop/Lab/Lab1/build/move_turtlebot3/prefix_override:/home/dcs/Desktop/Lab/Lab1/install/move_turtlebot3/lib/python3.8/site-packages:${PYTHONPATH} /usr/bin/python3 setup.py egg_info --egg-base ../../../build/move_turtlebot3 build --build-base /home/dcs/Desktop/Lab/Lab1/build/move_turtlebot3/build install --record /home/dcs/Desktop/Lab/Lab1/build/move_turtlebot3/install.log --install-scripts $base/lib/move_turtlebot3 --single-version-externally-managed
[6.606s] Level 1:colcon.colcon_core.environment:checking '/home/dcs/Desktop/Lab/Lab1/install/move_turtlebot3' for CMake module files
[6.606s] Level 1:colcon.colcon_core.environment:checking '/home/dcs/Desktop/Lab/Lab1/install/move_turtlebot3' for CMake config files
[6.607s] Level 1:colcon.colcon_core.environment:checking '/home/dcs/Desktop/Lab/Lab1/install/move_turtlebot3/lib'
[6.607s] Level 1:colcon.colcon_core.environment:checking '/home/dcs/Desktop/Lab/Lab1/install/move_turtlebot3/bin'
[6.607s] Level 1:colcon.colcon_core.environment:checking '/home/dcs/Desktop/Lab/Lab1/install/move_turtlebot3/lib/pkgconfig/move_turtlebot3.pc'
[6.607s] Level 1:colcon.colcon_core.environment:checking '/home/dcs/Desktop/Lab/Lab1/install/move_turtlebot3/lib/python3.8/site-packages'
[6.607s] Level 1:colcon.colcon_core.shell:create_environment_hook('move_turtlebot3', 'pythonpath')
[6.644s] INFO:colcon.colcon_core.shell:Creating environment hook '/home/dcs/Desktop/Lab/Lab1/install/move_turtlebot3/share/move_turtlebot3/hook/pythonpath.ps1'
[6.645s] INFO:colcon.colcon_core.shell:Creating environment descriptor '/home/dcs/Desktop/Lab/Lab1/install/move_turtlebot3/share/move_turtlebot3/hook/pythonpath.dsv'
[6.645s] INFO:colcon.colcon_core.shell:Creating environment hook '/home/dcs/Desktop/Lab/Lab1/install/move_turtlebot3/share/move_turtlebot3/hook/pythonpath.sh'
[6.646s] Level 1:colcon.colcon_core.environment:checking '/home/dcs/Desktop/Lab/Lab1/install/move_turtlebot3/bin'
[6.646s] Level 1:colcon.colcon_core.environment:create_environment_scripts_only(move_turtlebot3)
[6.683s] INFO:colcon.colcon_core.shell:Creating package script '/home/dcs/Desktop/Lab/Lab1/install/move_turtlebot3/share/move_turtlebot3/package.ps1'
[6.683s] INFO:colcon.colcon_core.shell:Creating package descriptor '/home/dcs/Desktop/Lab/Lab1/install/move_turtlebot3/share/move_turtlebot3/package.dsv'
[6.684s] INFO:colcon.colcon_core.shell:Creating package script '/home/dcs/Desktop/Lab/Lab1/install/move_turtlebot3/share/move_turtlebot3/package.sh'
[6.684s] INFO:colcon.colcon_core.shell:Creating package script '/home/dcs/Desktop/Lab/Lab1/install/move_turtlebot3/share/move_turtlebot3/package.bash'
[6.685s] INFO:colcon.colcon_core.shell:Creating package script '/home/dcs/Desktop/Lab/Lab1/install/move_turtlebot3/share/move_turtlebot3/package.zsh'
[6.685s] Level 1:colcon.colcon_core.environment:create_file_with_runtime_dependencies(/home/dcs/Desktop/Lab/Lab1/install/move_turtlebot3/share/colcon-core/packages/move_turtlebot3)
[6.686s] DEBUG:colcon.colcon_core.event_handler.log_command:Invoked command in '/home/dcs/Desktop/Lab/Lab1/ros2_ws/src/laser' returned '0': PYTHONPATH=/home/dcs/Desktop/Lab/Lab1/build/laser/prefix_override:/home/dcs/Desktop/Lab/Lab1/install/laser/lib/python3.8/site-packages:${PYTHONPATH} /usr/bin/python3 setup.py egg_info --egg-base ../../../build/laser build --build-base /home/dcs/Desktop/Lab/Lab1/build/laser/build install --record /home/dcs/Desktop/Lab/Lab1/build/laser/install.log --install-scripts $base/lib/laser --single-version-externally-managed
[6.724s] Level 1:colcon.colcon_core.environment:checking '/home/dcs/Desktop/Lab/Lab1/install/laser' for CMake module files
[6.724s] Level 1:colcon.colcon_core.environment:checking '/home/dcs/Desktop/Lab/Lab1/install/laser' for CMake config files
[6.725s] Level 1:colcon.colcon_core.environment:checking '/home/dcs/Desktop/Lab/Lab1/install/laser/lib'
[6.725s] Level 1:colcon.colcon_core.environment:checking '/home/dcs/Desktop/Lab/Lab1/install/laser/bin'
[6.725s] Level 1:colcon.colcon_core.environment:checking '/home/dcs/Desktop/Lab/Lab1/install/laser/lib/pkgconfig/laser.pc'
[6.725s] Level 1:colcon.colcon_core.environment:checking '/home/dcs/Desktop/Lab/Lab1/install/laser/lib/python3.8/site-packages'
[6.725s] Level 1:colcon.colcon_core.shell:create_environment_hook('laser', 'pythonpath')
[6.763s] INFO:colcon.colcon_core.shell:Creating environment hook '/home/dcs/Desktop/Lab/Lab1/install/laser/share/laser/hook/pythonpath.ps1'
[6.763s] INFO:colcon.colcon_core.shell:Creating environment descriptor '/home/dcs/Desktop/Lab/Lab1/install/laser/share/laser/hook/pythonpath.dsv'
[6.767s] INFO:colcon.colcon_core.shell:Creating environment hook '/home/dcs/Desktop/Lab/Lab1/install/laser/share/laser/hook/pythonpath.sh'
[6.767s] Level 1:colcon.colcon_core.environment:checking '/home/dcs/Desktop/Lab/Lab1/install/laser/bin'
[6.767s] Level 1:colcon.colcon_core.environment:create_environment_scripts_only(laser)
[6.804s] INFO:colcon.colcon_core.shell:Creating package script '/home/dcs/Desktop/Lab/Lab1/install/laser/share/laser/package.ps1'
[6.805s] INFO:colcon.colcon_core.shell:Creating package descriptor '/home/dcs/Desktop/Lab/Lab1/install/laser/share/laser/package.dsv'
[6.806s] INFO:colcon.colcon_core.shell:Creating package script '/home/dcs/Desktop/Lab/Lab1/install/laser/share/laser/package.sh'
[6.806s] INFO:colcon.colcon_core.shell:Creating package script '/home/dcs/Desktop/Lab/Lab1/install/laser/share/laser/package.bash'
[6.806s] INFO:colcon.colcon_core.shell:Creating package script '/home/dcs/Desktop/Lab/Lab1/install/laser/share/laser/package.zsh'
[6.807s] Level 1:colcon.colcon_core.environment:create_file_with_runtime_dependencies(/home/dcs/Desktop/Lab/Lab1/install/laser/share/colcon-core/packages/laser)
[6.808s] DEBUG:colcon.colcon_core.event_handler.log_command:Invoked command in '/home/dcs/Desktop/Lab/Lab1/ros2_ws/src/move_square' returned '0': PYTHONPATH=/home/dcs/Desktop/Lab/Lab1/build/move_square/prefix_override:/home/dcs/Desktop/Lab/Lab1/install/move_square/lib/python3.8/site-packages:${PYTHONPATH} /usr/bin/python3 setup.py egg_info --egg-base ../../../build/move_square build --build-base /home/dcs/Desktop/Lab/Lab1/build/move_square/build install --record /home/dcs/Desktop/Lab/Lab1/build/move_square/install.log --install-scripts $base/lib/move_square --single-version-externally-managed
[6.845s] Level 1:colcon.colcon_core.environment:checking '/home/dcs/Desktop/Lab/Lab1/install/move_square' for CMake module files
[6.845s] Level 1:colcon.colcon_core.environment:checking '/home/dcs/Desktop/Lab/Lab1/install/move_square' for CMake config files
[6.846s] Level 1:colcon.colcon_core.environment:checking '/home/dcs/Desktop/Lab/Lab1/install/move_square/lib'
[6.846s] Level 1:colcon.colcon_core.environment:checking '/home/dcs/Desktop/Lab/Lab1/install/move_square/bin'
[6.846s] Level 1:colcon.colcon_core.environment:checking '/home/dcs/Desktop/Lab/Lab1/install/move_square/lib/pkgconfig/move_square.pc'
[6.846s] Level 1:colcon.colcon_core.environment:checking '/home/dcs/Desktop/Lab/Lab1/install/move_square/lib/python3.8/site-packages'
[6.846s] Level 1:colcon.colcon_core.shell:create_environment_hook('move_square', 'pythonpath')
[6.884s] INFO:colcon.colcon_core.shell:Creating environment hook '/home/dcs/Desktop/Lab/Lab1/install/move_square/share/move_square/hook/pythonpath.ps1'
[6.885s] INFO:colcon.colcon_core.shell:Creating environment descriptor '/home/dcs/Desktop/Lab/Lab1/install/move_square/share/move_square/hook/pythonpath.dsv'
[6.885s] INFO:colcon.colcon_core.shell:Creating environment hook '/home/dcs/Desktop/Lab/Lab1/install/move_square/share/move_square/hook/pythonpath.sh'
[6.886s] Level 1:colcon.colcon_core.environment:checking '/home/dcs/Desktop/Lab/Lab1/install/move_square/bin'
[6.886s] Level 1:colcon.colcon_core.environment:create_environment_scripts_only(move_square)
[6.923s] INFO:colcon.colcon_core.shell:Creating package script '/home/dcs/Desktop/Lab/Lab1/install/move_square/share/move_square/package.ps1'
[6.924s] INFO:colcon.colcon_core.shell:Creating package descriptor '/home/dcs/Desktop/Lab/Lab1/install/move_square/share/move_square/package.dsv'
[6.924s] INFO:colcon.colcon_core.shell:Creating package script '/home/dcs/Desktop/Lab/Lab1/install/move_square/share/move_square/package.sh'
[6.925s] INFO:colcon.colcon_core.shell:Creating package script '/home/dcs/Desktop/Lab/Lab1/install/move_square/share/move_square/package.bash'
[6.925s] INFO:colcon.colcon_core.shell:Creating package script '/home/dcs/Desktop/Lab/Lab1/install/move_square/share/move_square/package.zsh'
[6.926s] Level 1:colcon.colcon_core.environment:create_file_with_runtime_dependencies(/home/dcs/Desktop/Lab/Lab1/install/move_square/share/colcon-core/packages/move_square)
[6.927s] INFO:colcon.colcon_ros.task.ament_python.build:Building ROS package in '/home/dcs/Desktop/Lab/Lab1/ros2_ws/src/noise' with build type 'ament_python'
[6.927s] Level 1:colcon.colcon_core.shell:create_environment_hook('noise', 'ament_prefix_path')
[6.966s] INFO:colcon.colcon_core.shell:Creating environment hook '/home/dcs/Desktop/Lab/Lab1/install/noise/share/noise/hook/ament_prefix_path.ps1'
[6.967s] INFO:colcon.colcon_core.shell:Creating environment descriptor '/home/dcs/Desktop/Lab/Lab1/install/noise/share/noise/hook/ament_prefix_path.dsv'
[6.967s] INFO:colcon.colcon_core.shell:Creating environment hook '/home/dcs/Desktop/Lab/Lab1/install/noise/share/noise/hook/ament_prefix_path.sh'
[7.005s] INFO:colcon.colcon_core.shell:Skip shell extension 'powershell' for command environment: Not usable outside of PowerShell
[7.005s] DEBUG:colcon.colcon_core.shell:Skip shell extension 'dsv' for command environment
[7.084s] INFO:colcon.colcon_ros.task.ament_python.build:Building ROS package in '/home/dcs/Desktop/Lab/Lab1/ros2_ws/src/package_name' with build type 'ament_python'
[7.084s] Level 1:colcon.colcon_core.shell:create_environment_hook('package_name', 'ament_prefix_path')
[7.123s] INFO:colcon.colcon_core.shell:Creating environment hook '/home/dcs/Desktop/Lab/Lab1/install/package_name/share/package_name/hook/ament_prefix_path.ps1'
[7.124s] INFO:colcon.colcon_core.shell:Creating environment descriptor '/home/dcs/Desktop/Lab/Lab1/install/package_name/share/package_name/hook/ament_prefix_path.dsv'
[7.124s] INFO:colcon.colcon_core.shell:Creating environment hook '/home/dcs/Desktop/Lab/Lab1/install/package_name/share/package_name/hook/ament_prefix_path.sh'
[7.162s] INFO:colcon.colcon_core.shell:Skip shell extension 'powershell' for command environment: Not usable outside of PowerShell
[7.162s] DEBUG:colcon.colcon_core.shell:Skip shell extension 'dsv' for command environment
[7.244s] INFO:colcon.colcon_ros.task.ament_python.build:Building ROS package in '/home/dcs/Desktop/Lab/Lab1/ros2_ws/src/r2' with build type 'ament_python'
[7.245s] Level 1:colcon.colcon_core.shell:create_environment_hook('r2', 'ament_prefix_path')
[7.285s] INFO:colcon.colcon_core.shell:Creating environment hook '/home/dcs/Desktop/Lab/Lab1/install/r2/share/r2/hook/ament_prefix_path.ps1'
[7.286s] INFO:colcon.colcon_core.shell:Creating environment descriptor '/home/dcs/Desktop/Lab/Lab1/install/r2/share/r2/hook/ament_prefix_path.dsv'
[7.286s] INFO:colcon.colcon_core.shell:Creating environment hook '/home/dcs/Desktop/Lab/Lab1/install/r2/share/r2/hook/ament_prefix_path.sh'
[7.324s] INFO:colcon.colcon_core.shell:Skip shell extension 'powershell' for command environment: Not usable outside of PowerShell
[7.324s] DEBUG:colcon.colcon_core.shell:Skip shell extension 'dsv' for command environment
[7.620s] INFO:colcon.colcon_core.task.python.build:Building Python package in '/home/dcs/Desktop/Lab/Lab1/ros2_ws/src/my_py_pkg'
[7.671s] INFO:colcon.colcon_core.shell:Skip shell extension 'powershell' for command environment: Not usable outside of PowerShell
[7.671s] DEBUG:colcon.colcon_core.shell:Skip shell extension 'dsv' for command environment
[7.979s] INFO:colcon.colcon_core.task.python.build:Building Python package in '/home/dcs/Desktop/Lab/Lab1/ros2_ws/src/noise'
[8.018s] INFO:colcon.colcon_core.shell:Skip shell extension 'powershell' for command environment: Not usable outside of PowerShell
[8.018s] DEBUG:colcon.colcon_core.shell:Skip shell extension 'dsv' for command environment
[8.334s] INFO:colcon.colcon_core.task.python.build:Building Python package in '/home/dcs/Desktop/Lab/Lab1/ros2_ws/src/package_name'
[8.373s] INFO:colcon.colcon_core.shell:Skip shell extension 'powershell' for command environment: Not usable outside of PowerShell
[8.373s] DEBUG:colcon.colcon_core.shell:Skip shell extension 'dsv' for command environment
[8.695s] INFO:colcon.colcon_core.task.python.build:Building Python package in '/home/dcs/Desktop/Lab/Lab1/ros2_ws/src/r2'
[8.741s] INFO:colcon.colcon_core.shell:Skip shell extension 'powershell' for command environment: Not usable outside of PowerShell
[8.741s] DEBUG:colcon.colcon_core.shell:Skip shell extension 'dsv' for command environment
[9.413s] DEBUG:colcon.colcon_core.event_handler.log_command:Invoking command in '/home/dcs/Desktop/Lab/Lab1/ros2_ws/src/noise': PYTHONPATH=/home/dcs/Desktop/Lab/Lab1/build/noise/prefix_override:/home/dcs/Desktop/Lab/Lab1/install/noise/lib/python3.8/site-packages:${PYTHONPATH} /usr/bin/python3 setup.py egg_info --egg-base ../../../build/noise build --build-base /home/dcs/Desktop/Lab/Lab1/build/noise/build install --record /home/dcs/Desktop/Lab/Lab1/build/noise/install.log --install-scripts $base/lib/noise --single-version-externally-managed
[9.533s] DEBUG:colcon.colcon_core.event_handler.log_command:Invoking command in '/home/dcs/Desktop/Lab/Lab1/ros2_ws/src/r2': PYTHONPATH=/home/dcs/Desktop/Lab/Lab1/build/r2/prefix_override:/home/dcs/Desktop/Lab/Lab1/install/r2/lib/python3.8/site-packages:${PYTHONPATH} /usr/bin/python3 setup.py egg_info --egg-base ../../../build/r2 build --build-base /home/dcs/Desktop/Lab/Lab1/build/r2/build install --record /home/dcs/Desktop/Lab/Lab1/build/r2/install.log --install-scripts $base/lib/r2 --single-version-externally-managed
[9.605s] DEBUG:colcon.colcon_core.event_handler.log_command:Invoking command in '/home/dcs/Desktop/Lab/Lab1/ros2_ws/src/my_py_pkg': PYTHONPATH=/home/dcs/Desktop/Lab/Lab1/build/my_py_pkg/prefix_override:/home/dcs/Desktop/Lab/Lab1/install/my_py_pkg/lib/python3.8/site-packages:${PYTHONPATH} /usr/bin/python3 setup.py egg_info --egg-base ../../../build/my_py_pkg build --build-base /home/dcs/Desktop/Lab/Lab1/build/my_py_pkg/build install --record /home/dcs/Desktop/Lab/Lab1/build/my_py_pkg/install.log --install-scripts $base/lib/my_py_pkg --single-version-externally-managed
[9.672s] DEBUG:colcon.colcon_core.event_handler.log_command:Invoking command in '/home/dcs/Desktop/Lab/Lab1/ros2_ws/src/package_name': PYTHONPATH=/home/dcs/Desktop/Lab/Lab1/build/package_name/prefix_override:/home/dcs/Desktop/Lab/Lab1/install/package_name/lib/python3.8/site-packages:${PYTHONPATH} /usr/bin/python3 setup.py egg_info --egg-base ../../../build/package_name build --build-base /home/dcs/Desktop/Lab/Lab1/build/package_name/build install --record /home/dcs/Desktop/Lab/Lab1/build/package_name/install.log --install-scripts $base/lib/package_name --single-version-externally-managed
[9.772s] DEBUG:colcon.colcon_core.event_handler.log_command:Invoked command in '/home/dcs/Desktop/Lab/Lab1/ros2_ws/src/noise' returned '0': PYTHONPATH=/home/dcs/Desktop/Lab/Lab1/build/noise/prefix_override:/home/dcs/Desktop/Lab/Lab1/install/noise/lib/python3.8/site-packages:${PYTHONPATH} /usr/bin/python3 setup.py egg_info --egg-base ../../../build/noise build --build-base /home/dcs/Desktop/Lab/Lab1/build/noise/build install --record /home/dcs/Desktop/Lab/Lab1/build/noise/install.log --install-scripts $base/lib/noise --single-version-externally-managed
[9.840s] Level 1:colcon.colcon_core.environment:checking '/home/dcs/Desktop/Lab/Lab1/install/noise' for CMake module files
[9.841s] Level 1:colcon.colcon_core.environment:checking '/home/dcs/Desktop/Lab/Lab1/install/noise' for CMake config files
[9.851s] Level 1:colcon.colcon_core.environment:checking '/home/dcs/Desktop/Lab/Lab1/install/noise/lib'
[9.851s] Level 1:colcon.colcon_core.environment:checking '/home/dcs/Desktop/Lab/Lab1/install/noise/bin'
[9.851s] Level 1:colcon.colcon_core.environment:checking '/home/dcs/Desktop/Lab/Lab1/install/noise/lib/pkgconfig/noise.pc'
[9.851s] Level 1:colcon.colcon_core.environment:checking '/home/dcs/Desktop/Lab/Lab1/install/noise/lib/python3.8/site-packages'
[9.851s] Level 1:colcon.colcon_core.shell:create_environment_hook('noise', 'pythonpath')
[9.934s] INFO:colcon.colcon_core.shell:Creating environment hook '/home/dcs/Desktop/Lab/Lab1/install/noise/share/noise/hook/pythonpath.ps1'
[9.935s] INFO:colcon.colcon_core.shell:Creating environment descriptor '/home/dcs/Desktop/Lab/Lab1/install/noise/share/noise/hook/pythonpath.dsv'
[9.935s] INFO:colcon.colcon_core.shell:Creating environment hook '/home/dcs/Desktop/Lab/Lab1/install/noise/share/noise/hook/pythonpath.sh'
[9.936s] Level 1:colcon.colcon_core.environment:checking '/home/dcs/Desktop/Lab/Lab1/install/noise/bin'
[9.936s] Level 1:colcon.colcon_core.environment:create_environment_scripts_only(noise)
[9.977s] INFO:colcon.colcon_core.shell:Creating package script '/home/dcs/Desktop/Lab/Lab1/install/noise/share/noise/package.ps1'
[9.977s] INFO:colcon.colcon_core.shell:Creating package descriptor '/home/dcs/Desktop/Lab/Lab1/install/noise/share/noise/package.dsv'
[9.978s] INFO:colcon.colcon_core.shell:Creating package script '/home/dcs/Desktop/Lab/Lab1/install/noise/share/noise/package.sh'
[9.979s] INFO:colcon.colcon_core.shell:Creating package script '/home/dcs/Desktop/Lab/Lab1/install/noise/share/noise/package.bash'
[9.979s] INFO:colcon.colcon_core.shell:Creating package script '/home/dcs/Desktop/Lab/Lab1/install/noise/share/noise/package.zsh'
[9.980s] Level 1:colcon.colcon_core.environment:create_file_with_runtime_dependencies(/home/dcs/Desktop/Lab/Lab1/install/noise/share/colcon-core/packages/noise)
[9.982s] INFO:colcon.colcon_ros.task.ament_python.build:Building ROS package in '/home/dcs/Desktop/Lab/Lab1/ros2_ws/src/turtlebot3' with build type 'ament_python'
[9.982s] Level 1:colcon.colcon_core.shell:create_environment_hook('turtlebot3', 'ament_prefix_path')
[10.022s] INFO:colcon.colcon_core.shell:Creating environment hook '/home/dcs/Desktop/Lab/Lab1/install/turtlebot3/share/turtlebot3/hook/ament_prefix_path.ps1'
[10.023s] INFO:colcon.colcon_core.shell:Creating environment descriptor '/home/dcs/Desktop/Lab/Lab1/install/turtlebot3/share/turtlebot3/hook/ament_prefix_path.dsv'
[10.023s] INFO:colcon.colcon_core.shell:Creating environment hook '/home/dcs/Desktop/Lab/Lab1/install/turtlebot3/share/turtlebot3/hook/ament_prefix_path.sh'
[10.075s] INFO:colcon.colcon_core.shell:Skip shell extension 'powershell' for command environment: Not usable outside of PowerShell
[10.075s] DEBUG:colcon.colcon_core.shell:Skip shell extension 'dsv' for command environment
[10.203s] DEBUG:colcon.colcon_core.event_handler.log_command:Invoked command in '/home/dcs/Desktop/Lab/Lab1/ros2_ws/src/my_py_pkg' returned '0': PYTHONPATH=/home/dcs/Desktop/Lab/Lab1/build/my_py_pkg/prefix_override:/home/dcs/Desktop/Lab/Lab1/install/my_py_pkg/lib/python3.8/site-packages:${PYTHONPATH} /usr/bin/python3 setup.py egg_info --egg-base ../../../build/my_py_pkg build --build-base /home/dcs/Desktop/Lab/Lab1/build/my_py_pkg/build install --record /home/dcs/Desktop/Lab/Lab1/build/my_py_pkg/install.log --install-scripts $base/lib/my_py_pkg --single-version-externally-managed
[10.243s] Level 1:colcon.colcon_core.environment:checking '/home/dcs/Desktop/Lab/Lab1/install/my_py_pkg' for CMake module files
[10.243s] Level 1:colcon.colcon_core.environment:checking '/home/dcs/Desktop/Lab/Lab1/install/my_py_pkg' for CMake config files
[10.244s] Level 1:colcon.colcon_core.environment:checking '/home/dcs/Desktop/Lab/Lab1/install/my_py_pkg/lib'
[10.244s] Level 1:colcon.colcon_core.environment:checking '/home/dcs/Desktop/Lab/Lab1/install/my_py_pkg/bin'
[10.244s] Level 1:colcon.colcon_core.environment:checking '/home/dcs/Desktop/Lab/Lab1/install/my_py_pkg/lib/pkgconfig/my_py_pkg.pc'
[10.244s] Level 1:colcon.colcon_core.environment:checking '/home/dcs/Desktop/Lab/Lab1/install/my_py_pkg/lib/python3.8/site-packages'
[10.244s] Level 1:colcon.colcon_core.shell:create_environment_hook('my_py_pkg', 'pythonpath')
[10.281s] INFO:colcon.colcon_core.shell:Creating environment hook '/home/dcs/Desktop/Lab/Lab1/install/my_py_pkg/share/my_py_pkg/hook/pythonpath.ps1'
[10.282s] INFO:colcon.colcon_core.shell:Creating environment descriptor '/home/dcs/Desktop/Lab/Lab1/install/my_py_pkg/share/my_py_pkg/hook/pythonpath.dsv'
[10.282s] INFO:colcon.colcon_core.shell:Creating environment hook '/home/dcs/Desktop/Lab/Lab1/install/my_py_pkg/share/my_py_pkg/hook/pythonpath.sh'
[10.283s] Level 1:colcon.colcon_core.environment:checking '/home/dcs/Desktop/Lab/Lab1/install/my_py_pkg/bin'
[10.283s] Level 1:colcon.colcon_core.environment:create_environment_scripts_only(my_py_pkg)
[10.320s] INFO:colcon.colcon_core.shell:Creating package script '/home/dcs/Desktop/Lab/Lab1/install/my_py_pkg/share/my_py_pkg/package.ps1'
[10.321s] INFO:colcon.colcon_core.shell:Creating package descriptor '/home/dcs/Desktop/Lab/Lab1/install/my_py_pkg/share/my_py_pkg/package.dsv'
[10.322s] INFO:colcon.colcon_core.shell:Creating package script '/home/dcs/Desktop/Lab/Lab1/install/my_py_pkg/share/my_py_pkg/package.sh'
[10.322s] INFO:colcon.colcon_core.shell:Creating package script '/home/dcs/Desktop/Lab/Lab1/install/my_py_pkg/share/my_py_pkg/package.bash'
[10.323s] INFO:colcon.colcon_core.shell:Creating package script '/home/dcs/Desktop/Lab/Lab1/install/my_py_pkg/share/my_py_pkg/package.zsh'
[10.323s] Level 1:colcon.colcon_core.environment:create_file_with_runtime_dependencies(/home/dcs/Desktop/Lab/Lab1/install/my_py_pkg/share/colcon-core/packages/my_py_pkg)
[10.325s] DEBUG:colcon.colcon_core.event_handler.log_command:Invoked command in '/home/dcs/Desktop/Lab/Lab1/ros2_ws/src/r2' returned '0': PYTHONPATH=/home/dcs/Desktop/Lab/Lab1/build/r2/prefix_override:/home/dcs/Desktop/Lab/Lab1/install/r2/lib/python3.8/site-packages:${PYTHONPATH} /usr/bin/python3 setup.py egg_info --egg-base ../../../build/r2 build --build-base /home/dcs/Desktop/Lab/Lab1/build/r2/build install --record /home/dcs/Desktop/Lab/Lab1/build/r2/install.log --install-scripts $base/lib/r2 --single-version-externally-managed
[10.363s] Level 1:colcon.colcon_core.environment:checking '/home/dcs/Desktop/Lab/Lab1/install/r2' for CMake module files
[10.363s] Level 1:colcon.colcon_core.environment:checking '/home/dcs/Desktop/Lab/Lab1/install/r2' for CMake config files
[10.363s] Level 1:colcon.colcon_core.environment:checking '/home/dcs/Desktop/Lab/Lab1/install/r2/lib'
[10.364s] Level 1:colcon.colcon_core.environment:checking '/home/dcs/Desktop/Lab/Lab1/install/r2/bin'
[10.364s] Level 1:colcon.colcon_core.environment:checking '/home/dcs/Desktop/Lab/Lab1/install/r2/lib/pkgconfig/r2.pc'
[10.364s] Level 1:colcon.colcon_core.environment:checking '/home/dcs/Desktop/Lab/Lab1/install/r2/lib/python3.8/site-packages'
[10.364s] Level 1:colcon.colcon_core.shell:create_environment_hook('r2', 'pythonpath')
[10.401s] INFO:colcon.colcon_core.shell:Creating environment hook '/home/dcs/Desktop/Lab/Lab1/install/r2/share/r2/hook/pythonpath.ps1'
[10.401s] INFO:colcon.colcon_core.shell:Creating environment descriptor '/home/dcs/Desktop/Lab/Lab1/install/r2/share/r2/hook/pythonpath.dsv'
[10.402s] INFO:colcon.colcon_core.shell:Creating environment hook '/home/dcs/Desktop/Lab/Lab1/install/r2/share/r2/hook/pythonpath.sh'
[10.402s] Level 1:colcon.colcon_core.environment:checking '/home/dcs/Desktop/Lab/Lab1/install/r2/bin'
[10.402s] Level 1:colcon.colcon_core.environment:create_environment_scripts_only(r2)
[10.439s] INFO:colcon.colcon_core.shell:Creating package script '/home/dcs/Desktop/Lab/Lab1/install/r2/share/r2/package.ps1'
[10.439s] INFO:colcon.colcon_core.shell:Creating package descriptor '/home/dcs/Desktop/Lab/Lab1/install/r2/share/r2/package.dsv'
[10.440s] INFO:colcon.colcon_core.shell:Creating package script '/home/dcs/Desktop/Lab/Lab1/install/r2/share/r2/package.sh'
[10.440s] INFO:colcon.colcon_core.shell:Creating package script '/home/dcs/Desktop/Lab/Lab1/install/r2/share/r2/package.bash'
[10.441s] INFO:colcon.colcon_core.shell:Creating package script '/home/dcs/Desktop/Lab/Lab1/install/r2/share/r2/package.zsh'
[10.441s] Level 1:colcon.colcon_core.environment:create_file_with_runtime_dependencies(/home/dcs/Desktop/Lab/Lab1/install/r2/share/colcon-core/packages/r2)
[10.442s] DEBUG:colcon.colcon_core.event_handler.log_command:Invoked command in '/home/dcs/Desktop/Lab/Lab1/ros2_ws/src/package_name' returned '0': PYTHONPATH=/home/dcs/Desktop/Lab/Lab1/build/package_name/prefix_override:/home/dcs/Desktop/Lab/Lab1/install/package_name/lib/python3.8/site-packages:${PYTHONPATH} /usr/bin/python3 setup.py egg_info --egg-base ../../../build/package_name build --build-base /home/dcs/Desktop/Lab/Lab1/build/package_name/build install --record /home/dcs/Desktop/Lab/Lab1/build/package_name/install.log --install-scripts $base/lib/package_name --single-version-externally-managed
[10.479s] Level 1:colcon.colcon_core.environment:checking '/home/dcs/Desktop/Lab/Lab1/install/package_name' for CMake module files
[10.480s] Level 1:colcon.colcon_core.environment:checking '/home/dcs/Desktop/Lab/Lab1/install/package_name' for CMake config files
[10.480s] Level 1:colcon.colcon_core.environment:checking '/home/dcs/Desktop/Lab/Lab1/install/package_name/lib'
[10.480s] Level 1:colcon.colcon_core.environment:checking '/home/dcs/Desktop/Lab/Lab1/install/package_name/bin'
[10.481s] Level 1:colcon.colcon_core.environment:checking '/home/dcs/Desktop/Lab/Lab1/install/package_name/lib/pkgconfig/package_name.pc'
[10.481s] Level 1:colcon.colcon_core.environment:checking '/home/dcs/Desktop/Lab/Lab1/install/package_name/lib/python3.8/site-packages'
[10.481s] Level 1:colcon.colcon_core.shell:create_environment_hook('package_name', 'pythonpath')
[10.518s] INFO:colcon.colcon_core.shell:Creating environment hook '/home/dcs/Desktop/Lab/Lab1/install/package_name/share/package_name/hook/pythonpath.ps1'
[10.519s] INFO:colcon.colcon_core.shell:Creating environment descriptor '/home/dcs/Desktop/Lab/Lab1/install/package_name/share/package_name/hook/pythonpath.dsv'
[10.519s] INFO:colcon.colcon_core.shell:Creating environment hook '/home/dcs/Desktop/Lab/Lab1/install/package_name/share/package_name/hook/pythonpath.sh'
[10.520s] Level 1:colcon.colcon_core.environment:checking '/home/dcs/Desktop/Lab/Lab1/install/package_name/bin'
[10.520s] Level 1:colcon.colcon_core.environment:create_environment_scripts_only(package_name)
[10.557s] INFO:colcon.colcon_core.shell:Creating package script '/home/dcs/Desktop/Lab/Lab1/install/package_name/share/package_name/package.ps1'
[10.557s] INFO:colcon.colcon_core.shell:Creating package descriptor '/home/dcs/Desktop/Lab/Lab1/install/package_name/share/package_name/package.dsv'
[10.558s] INFO:colcon.colcon_core.shell:Creating package script '/home/dcs/Desktop/Lab/Lab1/install/package_name/share/package_name/package.sh'
[10.558s] INFO:colcon.colcon_core.shell:Creating package script '/home/dcs/Desktop/Lab/Lab1/install/package_name/share/package_name/package.bash'
[10.559s] INFO:colcon.colcon_core.shell:Creating package script '/home/dcs/Desktop/Lab/Lab1/install/package_name/share/package_name/package.zsh'
[10.559s] Level 1:colcon.colcon_core.environment:create_file_with_runtime_dependencies(/home/dcs/Desktop/Lab/Lab1/install/package_name/share/colcon-core/packages/package_name)
[10.779s] INFO:colcon.colcon_core.task.python.build:Building Python package in '/home/dcs/Desktop/Lab/Lab1/ros2_ws/src/turtlebot3'
[10.818s] INFO:colcon.colcon_core.shell:Skip shell extension 'powershell' for command environment: Not usable outside of PowerShell
[10.818s] DEBUG:colcon.colcon_core.shell:Skip shell extension 'dsv' for command environment
[11.290s] DEBUG:colcon.colcon_core.event_handler.log_command:Invoking command in '/home/dcs/Desktop/Lab/Lab1/ros2_ws/src/turtlebot3': PYTHONPATH=/home/dcs/Desktop/Lab/Lab1/build/turtlebot3/prefix_override:/home/dcs/Desktop/Lab/Lab1/install/turtlebot3/lib/python3.8/site-packages:${PYTHONPATH} /usr/bin/python3 setup.py egg_info --egg-base ../../../build/turtlebot3 build --build-base /home/dcs/Desktop/Lab/Lab1/build/turtlebot3/build install --record /home/dcs/Desktop/Lab/Lab1/build/turtlebot3/install.log --install-scripts $base/lib/turtlebot3 --single-version-externally-managed
[11.579s] DEBUG:colcon.colcon_core.event_handler.log_command:Invoked command in '/home/dcs/Desktop/Lab/Lab1/ros2_ws/src/turtlebot3' returned '0': PYTHONPATH=/home/dcs/Desktop/Lab/Lab1/build/turtlebot3/prefix_override:/home/dcs/Desktop/Lab/Lab1/install/turtlebot3/lib/python3.8/site-packages:${PYTHONPATH} /usr/bin/python3 setup.py egg_info --egg-base ../../../build/turtlebot3 build --build-base /home/dcs/Desktop/Lab/Lab1/build/turtlebot3/build install --record /home/dcs/Desktop/Lab/Lab1/build/turtlebot3/install.log --install-scripts $base/lib/turtlebot3 --single-version-externally-managed
[11.609s] Level 1:colcon.colcon_core.environment:checking '/home/dcs/Desktop/Lab/Lab1/install/turtlebot3' for CMake module files
[11.609s] Level 1:colcon.colcon_core.environment:checking '/home/dcs/Desktop/Lab/Lab1/install/turtlebot3' for CMake config files
[11.610s] Level 1:colcon.colcon_core.environment:checking '/home/dcs/Desktop/Lab/Lab1/install/turtlebot3/lib'
[11.610s] Level 1:colcon.colcon_core.environment:checking '/home/dcs/Desktop/Lab/Lab1/install/turtlebot3/bin'
[11.610s] Level 1:colcon.colcon_core.environment:checking '/home/dcs/Desktop/Lab/Lab1/install/turtlebot3/lib/pkgconfig/turtlebot3.pc'
[11.610s] Level 1:colcon.colcon_core.environment:checking '/home/dcs/Desktop/Lab/Lab1/install/turtlebot3/lib/python3.8/site-packages'
[11.611s] Level 1:colcon.colcon_core.shell:create_environment_hook('turtlebot3', 'pythonpath')
[11.662s] INFO:colcon.colcon_core.shell:Creating environment hook '/home/dcs/Desktop/Lab/Lab1/install/turtlebot3/share/turtlebot3/hook/pythonpath.ps1'
[11.663s] INFO:colcon.colcon_core.shell:Creating environment descriptor '/home/dcs/Desktop/Lab/Lab1/install/turtlebot3/share/turtlebot3/hook/pythonpath.dsv'
[11.663s] INFO:colcon.colcon_core.shell:Creating environment hook '/home/dcs/Desktop/Lab/Lab1/install/turtlebot3/share/turtlebot3/hook/pythonpath.sh'
[11.664s] Level 1:colcon.colcon_core.environment:checking '/home/dcs/Desktop/Lab/Lab1/install/turtlebot3/bin'
[11.664s] Level 1:colcon.colcon_core.environment:create_environment_scripts_only(turtlebot3)
[11.701s] INFO:colcon.colcon_core.shell:Creating package script '/home/dcs/Desktop/Lab/Lab1/install/turtlebot3/share/turtlebot3/package.ps1'
[11.702s] INFO:colcon.colcon_core.shell:Creating package descriptor '/home/dcs/Desktop/Lab/Lab1/install/turtlebot3/share/turtlebot3/package.dsv'
[11.702s] INFO:colcon.colcon_core.shell:Creating package script '/home/dcs/Desktop/Lab/Lab1/install/turtlebot3/share/turtlebot3/package.sh'
[11.703s] INFO:colcon.colcon_core.shell:Creating package script '/home/dcs/Desktop/Lab/Lab1/install/turtlebot3/share/turtlebot3/package.bash'
[11.703s] INFO:colcon.colcon_core.shell:Creating package script '/home/dcs/Desktop/Lab/Lab1/install/turtlebot3/share/turtlebot3/package.zsh'
[11.703s] Level 1:colcon.colcon_core.environment:create_file_with_runtime_dependencies(/home/dcs/Desktop/Lab/Lab1/install/turtlebot3/share/colcon-core/packages/turtlebot3)
[11.704s] DEBUG:colcon.colcon_parallel_executor.executor.parallel:closing loop
[11.704s] DEBUG:colcon.colcon_parallel_executor.executor.parallel:loop closed
[11.704s] DEBUG:colcon.colcon_parallel_executor.executor.parallel:run_until_complete finished with '0'
[11.704s] DEBUG:colcon.colcon_core.event_reactor:joining thread
[11.775s] INFO:colcon.colcon_core.plugin_system:Skipping extension 'colcon_notification.desktop_notification.terminal_notifier': Not used on non-Darwin systems
[11.775s] INFO:colcon.colcon_core.plugin_system:Skipping extension 'colcon_notification.desktop_notification.win32': Not used on non-Windows systems
[11.775s] INFO:colcon.colcon_notification.desktop_notification:Sending desktop notification using 'notify2'
[11.802s] DEBUG:colcon.colcon_core.event_reactor:joined thread
[11.859s] INFO:colcon.colcon_core.shell:Creating prefix script '/home/dcs/Desktop/Lab/Lab1/install/local_setup.ps1'
[11.860s] INFO:colcon.colcon_core.shell:Creating prefix util module '/home/dcs/Desktop/Lab/Lab1/install/_local_setup_util_ps1.py'
[11.861s] INFO:colcon.colcon_core.shell:Creating prefix chain script '/home/dcs/Desktop/Lab/Lab1/install/setup.ps1'
[11.899s] INFO:colcon.colcon_core.shell:Creating prefix script '/home/dcs/Desktop/Lab/Lab1/install/local_setup.sh'
[11.900s] INFO:colcon.colcon_core.shell:Creating prefix util module '/home/dcs/Desktop/Lab/Lab1/install/_local_setup_util_sh.py'
[11.900s] INFO:colcon.colcon_core.shell:Creating prefix chain script '/home/dcs/Desktop/Lab/Lab1/install/setup.sh'
[11.939s] INFO:colcon.colcon_core.shell:Creating prefix script '/home/dcs/Desktop/Lab/Lab1/install/local_setup.bash'
[11.940s] INFO:colcon.colcon_core.shell:Creating prefix chain script '/home/dcs/Desktop/Lab/Lab1/install/setup.bash'
[11.979s] INFO:colcon.colcon_core.shell:Creating prefix script '/home/dcs/Desktop/Lab/Lab1/install/local_setup.zsh'
[11.979s] INFO:colcon.colcon_core.shell:Creating prefix chain script '/home/dcs/Desktop/Lab/Lab1/install/setup.zsh'
