[20.365s] Invoking command in '/home/dcs/Desktop/Lab/Lab1/ros2_ws/src/OpenLoop_Obstacle': PYTHONPATH=/home/dcs/Desktop/Lab/Lab1/build/OpenLoop_Obstacle/prefix_override:/home/dcs/Desktop/Lab/Lab1/install/OpenLoop_Obstacle/lib/python3.8/site-packages:${PYTHONPATH} /usr/bin/python3 setup.py egg_info --egg-base ../../../build/OpenLoop_Obstacle build --build-base /home/dcs/Desktop/Lab/Lab1/build/OpenLoop_Obstacle/build install --record /home/dcs/Desktop/Lab/Lab1/build/OpenLoop_Obstacle/install.log --install-scripts $base/lib/OpenLoop_Obstacle --single-version-externally-managed
[20.608s] running egg_info
[20.609s] writing ../../../build/OpenLoop_Obstacle/OpenLoop_Obstacle.egg-info/PKG-INFO
[20.609s] writing dependency_links to ../../../build/OpenLoop_Obstacle/OpenLoop_Obstacle.egg-info/dependency_links.txt
[20.609s] writing entry points to ../../../build/OpenLoop_Obstacle/OpenLoop_Obstacle.egg-info/entry_points.txt
[20.609s] writing requirements to ../../../build/OpenLoop_Obstacle/OpenLoop_Obstacle.egg-info/requires.txt
[20.610s] writing top-level names to ../../../build/OpenLoop_Obstacle/OpenLoop_Obstacle.egg-info/top_level.txt
[20.633s] reading manifest file '../../../build/OpenLoop_Obstacle/OpenLoop_Obstacle.egg-info/SOURCES.txt'
[20.633s] writing manifest file '../../../build/OpenLoop_Obstacle/OpenLoop_Obstacle.egg-info/SOURCES.txt'
[20.633s] running build
[20.633s] running build_py
[20.633s] running install
[20.634s] running install_lib
[20.635s] running install_data
[20.636s] running install_egg_info
[20.637s] removing '/home/dcs/Desktop/Lab/Lab1/install/OpenLoop_Obstacle/lib/python3.8/site-packages/OpenLoop_Obstacle-0.0.0-py3.8.egg-info' (and everything under it)
[20.637s] Copying ../../../build/OpenLoop_Obstacle/OpenLoop_Obstacle.egg-info to /home/dcs/Desktop/Lab/Lab1/install/OpenLoop_Obstacle/lib/python3.8/site-packages/OpenLoop_Obstacle-0.0.0-py3.8.egg-info
[20.638s] running install_scripts
[20.652s] writing list of installed files to '/home/dcs/Desktop/Lab/Lab1/build/OpenLoop_Obstacle/install.log'
[20.875s] Invoked command in '/home/dcs/Desktop/Lab/Lab1/ros2_ws/src/OpenLoop_Obstacle' returned '0': PYTHONPATH=/home/dcs/Desktop/Lab/Lab1/build/OpenLoop_Obstacle/prefix_override:/home/dcs/Desktop/Lab/Lab1/install/OpenLoop_Obstacle/lib/python3.8/site-packages:${PYTHONPATH} /usr/bin/python3 setup.py egg_info --egg-base ../../../build/OpenLoop_Obstacle build --build-base /home/dcs/Desktop/Lab/Lab1/build/OpenLoop_Obstacle/build install --record /home/dcs/Desktop/Lab/Lab1/build/OpenLoop_Obstacle/install.log --install-scripts $base/lib/OpenLoop_Obstacle --single-version-externally-managed
