[2.728s] Invoking command in '/home/dcs/Desktop/Lab/Lab1/ros2_ws/src/r2': PYTHONPATH=/home/dcs/Desktop/Lab/Lab1/build/r2/prefix_override:/home/dcs/Desktop/Lab/Lab1/install/r2/lib/python3.8/site-packages:${PYTHONPATH} /usr/bin/python3 setup.py egg_info --egg-base ../../../build/r2 build --build-base /home/dcs/Desktop/Lab/Lab1/build/r2/build install --record /home/dcs/Desktop/Lab/Lab1/build/r2/install.log --install-scripts $base/lib/r2 --single-version-externally-managed
[3.069s] running egg_info
[3.070s] writing ../../../build/r2/r2.egg-info/PKG-INFO
[3.074s] writing dependency_links to ../../../build/r2/r2.egg-info/dependency_links.txt
[3.074s] writing entry points to ../../../build/r2/r2.egg-info/entry_points.txt
[3.074s] writing requirements to ../../../build/r2/r2.egg-info/requires.txt
[3.074s] writing top-level names to ../../../build/r2/r2.egg-info/top_level.txt
[3.118s] reading manifest file '../../../build/r2/r2.egg-info/SOURCES.txt'
[3.119s] writing manifest file '../../../build/r2/r2.egg-info/SOURCES.txt'
[3.119s] running build
[3.119s] running build_py
[3.120s] running install
[3.120s] running install_lib
[3.122s] running install_data
[3.122s] running install_egg_info
[3.124s] removing '/home/dcs/Desktop/Lab/Lab1/install/r2/lib/python3.8/site-packages/r2-0.0.0-py3.8.egg-info' (and everything under it)
[3.124s] Copying ../../../build/r2/r2.egg-info to /home/dcs/Desktop/Lab/Lab1/install/r2/lib/python3.8/site-packages/r2-0.0.0-py3.8.egg-info
[3.125s] running install_scripts
[3.142s] Installing prt script to /home/dcs/Desktop/Lab/Lab1/install/r2/lib/r2
[3.143s] Installing pub script to /home/dcs/Desktop/Lab/Lab1/install/r2/lib/r2
[3.143s] Installing sub script to /home/dcs/Desktop/Lab/Lab1/install/r2/lib/r2
[3.143s] writing list of installed files to '/home/dcs/Desktop/Lab/Lab1/build/r2/install.log'
[3.682s] Invoked command in '/home/dcs/Desktop/Lab/Lab1/ros2_ws/src/r2' returned '0': PYTHONPATH=/home/dcs/Desktop/Lab/Lab1/build/r2/prefix_override:/home/dcs/Desktop/Lab/Lab1/install/r2/lib/python3.8/site-packages:${PYTHONPATH} /usr/bin/python3 setup.py egg_info --egg-base ../../../build/r2 build --build-base /home/dcs/Desktop/Lab/Lab1/build/r2/build install --record /home/dcs/Desktop/Lab/Lab1/build/r2/install.log --install-scripts $base/lib/r2 --single-version-externally-managed
