[2.798s] Invoking command in '/home/dcs/Desktop/Lab/Lab1/ros2_ws/src/controller': PYTHONPATH=/home/dcs/Desktop/Lab/Lab1/build/controller/prefix_override:/home/dcs/Desktop/Lab/Lab1/install/controller/lib/python3.8/site-packages:${PYTHONPATH} /usr/bin/python3 setup.py egg_info --egg-base ../../../build/controller build --build-base /home/dcs/Desktop/Lab/Lab1/build/controller/build install --record /home/dcs/Desktop/Lab/Lab1/build/controller/install.log --install-scripts $base/lib/controller --single-version-externally-managed
[3.061s] running egg_info
[3.065s] writing ../../../build/controller/controller.egg-info/PKG-INFO
[3.065s] writing dependency_links to ../../../build/controller/controller.egg-info/dependency_links.txt
[3.065s] writing entry points to ../../../build/controller/controller.egg-info/entry_points.txt
[3.065s] writing requirements to ../../../build/controller/controller.egg-info/requires.txt
[3.065s] writing top-level names to ../../../build/controller/controller.egg-info/top_level.txt
[3.099s] reading manifest file '../../../build/controller/controller.egg-info/SOURCES.txt'
[3.101s] writing manifest file '../../../build/controller/controller.egg-info/SOURCES.txt'
[3.101s] running build
[3.101s] running build_py
[3.101s] running install
[3.102s] running install_lib
[3.111s] running install_data
[3.115s] running install_egg_info
[3.123s] removing '/home/dcs/Desktop/Lab/Lab1/install/controller/lib/python3.8/site-packages/controller-0.0.0-py3.8.egg-info' (and everything under it)
[3.123s] Copying ../../../build/controller/controller.egg-info to /home/dcs/Desktop/Lab/Lab1/install/controller/lib/python3.8/site-packages/controller-0.0.0-py3.8.egg-info
[3.123s] running install_scripts
[3.163s] writing list of installed files to '/home/dcs/Desktop/Lab/Lab1/build/controller/install.log'
[3.598s] Invoked command in '/home/dcs/Desktop/Lab/Lab1/ros2_ws/src/controller' returned '0': PYTHONPATH=/home/dcs/Desktop/Lab/Lab1/build/controller/prefix_override:/home/dcs/Desktop/Lab/Lab1/install/controller/lib/python3.8/site-packages:${PYTHONPATH} /usr/bin/python3 setup.py egg_info --egg-base ../../../build/controller build --build-base /home/dcs/Desktop/Lab/Lab1/build/controller/build install --record /home/dcs/Desktop/Lab/Lab1/build/controller/install.log --install-scripts $base/lib/controller --single-version-externally-managed
