[0.923s] Invoking command in '/home/dcs/Desktop/Lab/Lab1/ros2_ws/src/move_turtlebot3': PYTHONPATH=/home/dcs/Desktop/Lab/Lab1/ros2_ws/src/build/move_turtlebot3/prefix_override:/home/dcs/Desktop/Lab/Lab1/ros2_ws/src/install/move_turtlebot3/lib/python3.8/site-packages:${PYTHONPATH} /usr/bin/python3 setup.py egg_info --egg-base ../build/move_turtlebot3 build --build-base /home/dcs/Desktop/Lab/Lab1/ros2_ws/src/build/move_turtlebot3/build install --record /home/dcs/Desktop/Lab/Lab1/ros2_ws/src/build/move_turtlebot3/install.log --install-scripts $base/lib/move_turtlebot3 --single-version-externally-managed
[1.125s] running egg_info
[1.126s] writing ../build/move_turtlebot3/move_turtlebot3.egg-info/PKG-INFO
[1.127s] writing dependency_links to ../build/move_turtlebot3/move_turtlebot3.egg-info/dependency_links.txt
[1.127s] writing entry points to ../build/move_turtlebot3/move_turtlebot3.egg-info/entry_points.txt
[1.127s] writing requirements to ../build/move_turtlebot3/move_turtlebot3.egg-info/requires.txt
[1.127s] writing top-level names to ../build/move_turtlebot3/move_turtlebot3.egg-info/top_level.txt
[1.157s] reading manifest file '../build/move_turtlebot3/move_turtlebot3.egg-info/SOURCES.txt'
[1.158s] writing manifest file '../build/move_turtlebot3/move_turtlebot3.egg-info/SOURCES.txt'
[1.158s] running build
[1.158s] running build_py
[1.159s] running install
[1.159s] running install_lib
[1.160s] running install_data
[1.161s] running install_egg_info
[1.162s] removing '/home/dcs/Desktop/Lab/Lab1/ros2_ws/src/install/move_turtlebot3/lib/python3.8/site-packages/move_turtlebot3-0.0.0-py3.8.egg-info' (and everything under it)
[1.163s] Copying ../build/move_turtlebot3/move_turtlebot3.egg-info to /home/dcs/Desktop/Lab/Lab1/ros2_ws/src/install/move_turtlebot3/lib/python3.8/site-packages/move_turtlebot3-0.0.0-py3.8.egg-info
[1.164s] running install_scripts
[1.179s] Installing traj script to /home/dcs/Desktop/Lab/Lab1/ros2_ws/src/install/move_turtlebot3/lib/move_turtlebot3
[1.179s] writing list of installed files to '/home/dcs/Desktop/Lab/Lab1/ros2_ws/src/build/move_turtlebot3/install.log'
[1.206s] Invoked command in '/home/dcs/Desktop/Lab/Lab1/ros2_ws/src/move_turtlebot3' returned '0': PYTHONPATH=/home/dcs/Desktop/Lab/Lab1/ros2_ws/src/build/move_turtlebot3/prefix_override:/home/dcs/Desktop/Lab/Lab1/ros2_ws/src/install/move_turtlebot3/lib/python3.8/site-packages:${PYTHONPATH} /usr/bin/python3 setup.py egg_info --egg-base ../build/move_turtlebot3 build --build-base /home/dcs/Desktop/Lab/Lab1/ros2_ws/src/build/move_turtlebot3/build install --record /home/dcs/Desktop/Lab/Lab1/ros2_ws/src/build/move_turtlebot3/install.log --install-scripts $base/lib/move_turtlebot3 --single-version-externally-managed
