[1.704s] Invoking command in '/home/dcs/Desktop/Lab/Lab1/ros2_ws/src/OpenLoop_Obstacle': PYTHONPATH=/home/dcs/Desktop/Lab/Lab1/build/OpenLoop_Obstacle/prefix_override:/home/dcs/Desktop/Lab/Lab1/install/OpenLoop_Obstacle/lib/python3.8/site-packages:${PYTHONPATH} /usr/bin/python3 setup.py egg_info --egg-base ../../../build/OpenLoop_Obstacle build --build-base /home/dcs/Desktop/Lab/Lab1/build/OpenLoop_Obstacle/build install --record /home/dcs/Desktop/Lab/Lab1/build/OpenLoop_Obstacle/install.log --install-scripts $base/lib/OpenLoop_Obstacle --single-version-externally-managed
[1.912s] running egg_info
[1.912s] writing ../../../build/OpenLoop_Obstacle/OpenLoop_Obstacle.egg-info/PKG-INFO
[1.912s] writing dependency_links to ../../../build/OpenLoop_Obstacle/OpenLoop_Obstacle.egg-info/dependency_links.txt
[1.912s] writing entry points to ../../../build/OpenLoop_Obstacle/OpenLoop_Obstacle.egg-info/entry_points.txt
[1.912s] writing requirements to ../../../build/OpenLoop_Obstacle/OpenLoop_Obstacle.egg-info/requires.txt
[1.912s] writing top-level names to ../../../build/OpenLoop_Obstacle/OpenLoop_Obstacle.egg-info/top_level.txt
[1.957s] reading manifest file '../../../build/OpenLoop_Obstacle/OpenLoop_Obstacle.egg-info/SOURCES.txt'
[1.971s] writing manifest file '../../../build/OpenLoop_Obstacle/OpenLoop_Obstacle.egg-info/SOURCES.txt'
[1.972s] running build
[1.972s] running build_py
[1.973s] running install
[1.974s] running install_lib
[1.976s] running install_data
[1.976s] running install_egg_info
[1.978s] removing '/home/dcs/Desktop/Lab/Lab1/install/OpenLoop_Obstacle/lib/python3.8/site-packages/OpenLoop_Obstacle-0.0.0-py3.8.egg-info' (and everything under it)
[1.979s] Copying ../../../build/OpenLoop_Obstacle/OpenLoop_Obstacle.egg-info to /home/dcs/Desktop/Lab/Lab1/install/OpenLoop_Obstacle/lib/python3.8/site-packages/OpenLoop_Obstacle-0.0.0-py3.8.egg-info
[1.980s] running install_scripts
[1.996s] writing list of installed files to '/home/dcs/Desktop/Lab/Lab1/build/OpenLoop_Obstacle/install.log'
[2.020s] Invoked command in '/home/dcs/Desktop/Lab/Lab1/ros2_ws/src/OpenLoop_Obstacle' returned '0': PYTHONPATH=/home/dcs/Desktop/Lab/Lab1/build/OpenLoop_Obstacle/prefix_override:/home/dcs/Desktop/Lab/Lab1/install/OpenLoop_Obstacle/lib/python3.8/site-packages:${PYTHONPATH} /usr/bin/python3 setup.py egg_info --egg-base ../../../build/OpenLoop_Obstacle build --build-base /home/dcs/Desktop/Lab/Lab1/build/OpenLoop_Obstacle/build install --record /home/dcs/Desktop/Lab/Lab1/build/OpenLoop_Obstacle/install.log --install-scripts $base/lib/OpenLoop_Obstacle --single-version-externally-managed
