[1.649s] Invoking command in '/home/dcs/Desktop/Lab/Lab1/ros2_ws/src/controller': PYTHONPATH=/home/dcs/Desktop/Lab/Lab1/build/controller/prefix_override:/home/dcs/Desktop/Lab/Lab1/install/controller/lib/python3.8/site-packages:${PYTHONPATH} /usr/bin/python3 setup.py egg_info --egg-base ../../../build/controller build --build-base /home/dcs/Desktop/Lab/Lab1/build/controller/build install --record /home/dcs/Desktop/Lab/Lab1/build/controller/install.log --install-scripts $base/lib/controller --single-version-externally-managed
[1.959s] running egg_info
[1.959s] writing ../../../build/controller/controller.egg-info/PKG-INFO
[1.959s] writing dependency_links to ../../../build/controller/controller.egg-info/dependency_links.txt
[1.959s] writing entry points to ../../../build/controller/controller.egg-info/entry_points.txt
[1.959s] writing requirements to ../../../build/controller/controller.egg-info/requires.txt
[1.959s] writing top-level names to ../../../build/controller/controller.egg-info/top_level.txt
[1.995s] reading manifest file '../../../build/controller/controller.egg-info/SOURCES.txt'
[1.995s] writing manifest file '../../../build/controller/controller.egg-info/SOURCES.txt'
[1.995s] running build
[1.996s] running build_py
[1.996s] running install
[1.997s] running install_lib
[1.999s] running install_data
[2.000s] running install_egg_info
[2.003s] removing '/home/dcs/Desktop/Lab/Lab1/install/controller/lib/python3.8/site-packages/controller-0.0.0-py3.8.egg-info' (and everything under it)
[2.004s] Copying ../../../build/controller/controller.egg-info to /home/dcs/Desktop/Lab/Lab1/install/controller/lib/python3.8/site-packages/controller-0.0.0-py3.8.egg-info
[2.004s] running install_scripts
[2.029s] writing list of installed files to '/home/dcs/Desktop/Lab/Lab1/build/controller/install.log'
[2.053s] Invoked command in '/home/dcs/Desktop/Lab/Lab1/ros2_ws/src/controller' returned '0': PYTHONPATH=/home/dcs/Desktop/Lab/Lab1/build/controller/prefix_override:/home/dcs/Desktop/Lab/Lab1/install/controller/lib/python3.8/site-packages:${PYTHONPATH} /usr/bin/python3 setup.py egg_info --egg-base ../../../build/controller build --build-base /home/dcs/Desktop/Lab/Lab1/build/controller/build install --record /home/dcs/Desktop/Lab/Lab1/build/controller/install.log --install-scripts $base/lib/controller --single-version-externally-managed
