[1.695s] Invoking command in '/home/dcs/Desktop/Lab/Lab1/ros2_ws/src/turtlebot3': PYTHONPATH=/home/dcs/Desktop/Lab/Lab1/ros2_ws/build/turtlebot3/prefix_override:/home/dcs/Desktop/Lab/Lab1/ros2_ws/install/turtlebot3/lib/python3.8/site-packages:${PYTHONPATH} /usr/bin/python3 setup.py egg_info --egg-base ../../build/turtlebot3 build --build-base /home/dcs/Desktop/Lab/Lab1/ros2_ws/build/turtlebot3/build install --record /home/dcs/Desktop/Lab/Lab1/ros2_ws/build/turtlebot3/install.log --install-scripts $base/lib/turtlebot3 --single-version-externally-managed
[1.920s] running egg_info
[1.930s] writing ../../build/turtlebot3/turtlebot3.egg-info/PKG-INFO
[1.931s] writing dependency_links to ../../build/turtlebot3/turtlebot3.egg-info/dependency_links.txt
[1.931s] writing entry points to ../../build/turtlebot3/turtlebot3.egg-info/entry_points.txt
[1.931s] writing requirements to ../../build/turtlebot3/turtlebot3.egg-info/requires.txt
[1.932s] writing top-level names to ../../build/turtlebot3/turtlebot3.egg-info/top_level.txt
[1.961s] reading manifest file '../../build/turtlebot3/turtlebot3.egg-info/SOURCES.txt'
[1.961s] writing manifest file '../../build/turtlebot3/turtlebot3.egg-info/SOURCES.txt'
[1.961s] running build
[1.961s] running build_py
[1.961s] copying turtlebot3/turtlebot3.py -> /home/dcs/Desktop/Lab/Lab1/ros2_ws/build/turtlebot3/build/lib/turtlebot3
[1.961s] running install
[1.961s] running install_lib
[1.961s] copying /home/dcs/Desktop/Lab/Lab1/ros2_ws/build/turtlebot3/build/lib/turtlebot3/turtlebot3.py -> /home/dcs/Desktop/Lab/Lab1/ros2_ws/install/turtlebot3/lib/python3.8/site-packages/turtlebot3
[1.961s] byte-compiling /home/dcs/Desktop/Lab/Lab1/ros2_ws/install/turtlebot3/lib/python3.8/site-packages/turtlebot3/turtlebot3.py to turtlebot3.cpython-38.pyc
[1.961s] running install_data
[1.961s] running install_egg_info
[1.965s] removing '/home/dcs/Desktop/Lab/Lab1/ros2_ws/install/turtlebot3/lib/python3.8/site-packages/turtlebot3-0.0.0-py3.8.egg-info' (and everything under it)
[2.007s] Copying ../../build/turtlebot3/turtlebot3.egg-info to /home/dcs/Desktop/Lab/Lab1/ros2_ws/install/turtlebot3/lib/python3.8/site-packages/turtlebot3-0.0.0-py3.8.egg-info
[2.007s] running install_scripts
[2.007s] Installing bot3 script to /home/dcs/Desktop/Lab/Lab1/ros2_ws/install/turtlebot3/lib/turtlebot3
[2.007s] writing list of installed files to '/home/dcs/Desktop/Lab/Lab1/ros2_ws/build/turtlebot3/install.log'
[2.142s] Invoked command in '/home/dcs/Desktop/Lab/Lab1/ros2_ws/src/turtlebot3' returned '0': PYTHONPATH=/home/dcs/Desktop/Lab/Lab1/ros2_ws/build/turtlebot3/prefix_override:/home/dcs/Desktop/Lab/Lab1/ros2_ws/install/turtlebot3/lib/python3.8/site-packages:${PYTHONPATH} /usr/bin/python3 setup.py egg_info --egg-base ../../build/turtlebot3 build --build-base /home/dcs/Desktop/Lab/Lab1/ros2_ws/build/turtlebot3/build install --record /home/dcs/Desktop/Lab/Lab1/ros2_ws/build/turtlebot3/install.log --install-scripts $base/lib/turtlebot3 --single-version-externally-managed
