[1.585s] Invoking command in '/home/dcs/Desktop/Lab/Lab1/ros2_ws/src/move_square': PYTHONPATH=/home/dcs/Desktop/Lab/Lab1/ros2_ws/build/move_square/prefix_override:/home/dcs/Desktop/Lab/Lab1/ros2_ws/install/move_square/lib/python3.8/site-packages:${PYTHONPATH} /usr/bin/python3 setup.py egg_info --egg-base ../../build/move_square build --build-base /home/dcs/Desktop/Lab/Lab1/ros2_ws/build/move_square/build install --record /home/dcs/Desktop/Lab/Lab1/ros2_ws/build/move_square/install.log --install-scripts $base/lib/move_square --single-version-externally-managed
[1.778s] running egg_info
[1.779s] writing ../../build/move_square/move_square.egg-info/PKG-INFO
[1.779s] writing dependency_links to ../../build/move_square/move_square.egg-info/dependency_links.txt
[1.779s] writing entry points to ../../build/move_square/move_square.egg-info/entry_points.txt
[1.780s] writing requirements to ../../build/move_square/move_square.egg-info/requires.txt
[1.780s] writing top-level names to ../../build/move_square/move_square.egg-info/top_level.txt
[1.799s] reading manifest file '../../build/move_square/move_square.egg-info/SOURCES.txt'
[1.800s] writing manifest file '../../build/move_square/move_square.egg-info/SOURCES.txt'
[1.801s] running build
[1.801s] running build_py
[1.801s] copying move_square/square.py -> /home/dcs/Desktop/Lab/Lab1/ros2_ws/build/move_square/build/lib/move_square
[1.802s] running install
[1.803s] running install_lib
[1.803s] copying /home/dcs/Desktop/Lab/Lab1/ros2_ws/build/move_square/build/lib/move_square/square.py -> /home/dcs/Desktop/Lab/Lab1/ros2_ws/install/move_square/lib/python3.8/site-packages/move_square
[1.804s] byte-compiling /home/dcs/Desktop/Lab/Lab1/ros2_ws/install/move_square/lib/python3.8/site-packages/move_square/square.py to square.cpython-38.pyc
[1.806s] running install_data
[1.807s] running install_egg_info
[1.808s] removing '/home/dcs/Desktop/Lab/Lab1/ros2_ws/install/move_square/lib/python3.8/site-packages/move_square-0.0.0-py3.8.egg-info' (and everything under it)
[1.808s] Copying ../../build/move_square/move_square.egg-info to /home/dcs/Desktop/Lab/Lab1/ros2_ws/install/move_square/lib/python3.8/site-packages/move_square-0.0.0-py3.8.egg-info
[1.809s] running install_scripts
[1.824s] Installing square script to /home/dcs/Desktop/Lab/Lab1/ros2_ws/install/move_square/lib/move_square
[1.835s] writing list of installed files to '/home/dcs/Desktop/Lab/Lab1/ros2_ws/build/move_square/install.log'
[1.883s] Invoked command in '/home/dcs/Desktop/Lab/Lab1/ros2_ws/src/move_square' returned '0': PYTHONPATH=/home/dcs/Desktop/Lab/Lab1/ros2_ws/build/move_square/prefix_override:/home/dcs/Desktop/Lab/Lab1/ros2_ws/install/move_square/lib/python3.8/site-packages:${PYTHONPATH} /usr/bin/python3 setup.py egg_info --egg-base ../../build/move_square build --build-base /home/dcs/Desktop/Lab/Lab1/ros2_ws/build/move_square/build install --record /home/dcs/Desktop/Lab/Lab1/ros2_ws/build/move_square/install.log --install-scripts $base/lib/move_square --single-version-externally-managed
