[0.994s] Invoking command in '/home/dcs/Desktop/Lab/Lab1/ros2_ws/src/package_name': PYTHONPATH=/home/dcs/Desktop/Lab/Lab1/ros2_ws/build/package_name/prefix_override:/home/dcs/Desktop/Lab/Lab1/ros2_ws/install/package_name/lib/python3.8/site-packages:${PYTHONPATH} /usr/bin/python3 setup.py egg_info --egg-base ../../build/package_name build --build-base /home/dcs/Desktop/Lab/Lab1/ros2_ws/build/package_name/build install --record /home/dcs/Desktop/Lab/Lab1/ros2_ws/build/package_name/install.log --install-scripts $base/lib/package_name --single-version-externally-managed
[1.182s] running egg_info
[1.182s] creating ../../build/package_name/package_name.egg-info
[1.183s] writing ../../build/package_name/package_name.egg-info/PKG-INFO
[1.183s] writing dependency_links to ../../build/package_name/package_name.egg-info/dependency_links.txt
[1.183s] writing entry points to ../../build/package_name/package_name.egg-info/entry_points.txt
[1.183s] writing requirements to ../../build/package_name/package_name.egg-info/requires.txt
[1.183s] writing top-level names to ../../build/package_name/package_name.egg-info/top_level.txt
[1.189s] writing manifest file '../../build/package_name/package_name.egg-info/SOURCES.txt'
[1.218s] reading manifest file '../../build/package_name/package_name.egg-info/SOURCES.txt'
[1.219s] writing manifest file '../../build/package_name/package_name.egg-info/SOURCES.txt'
[1.219s] running build
[1.219s] running build_py
[1.219s] creating /home/dcs/Desktop/Lab/Lab1/ros2_ws/build/package_name/build
[1.219s] creating /home/dcs/Desktop/Lab/Lab1/ros2_ws/build/package_name/build/lib
[1.219s] creating /home/dcs/Desktop/Lab/Lab1/ros2_ws/build/package_name/build/lib/package_name
[1.219s] copying package_name/__init__.py -> /home/dcs/Desktop/Lab/Lab1/ros2_ws/build/package_name/build/lib/package_name
[1.220s] copying package_name/my_node.py -> /home/dcs/Desktop/Lab/Lab1/ros2_ws/build/package_name/build/lib/package_name
[1.220s] running install
[1.220s] running install_lib
[1.221s] creating /home/dcs/Desktop/Lab/Lab1/ros2_ws/install/package_name/lib/python3.8/site-packages/package_name
[1.221s] copying /home/dcs/Desktop/Lab/Lab1/ros2_ws/build/package_name/build/lib/package_name/__init__.py -> /home/dcs/Desktop/Lab/Lab1/ros2_ws/install/package_name/lib/python3.8/site-packages/package_name
[1.221s] copying /home/dcs/Desktop/Lab/Lab1/ros2_ws/build/package_name/build/lib/package_name/my_node.py -> /home/dcs/Desktop/Lab/Lab1/ros2_ws/install/package_name/lib/python3.8/site-packages/package_name
[1.221s] byte-compiling /home/dcs/Desktop/Lab/Lab1/ros2_ws/install/package_name/lib/python3.8/site-packages/package_name/__init__.py to __init__.cpython-38.pyc
[1.223s] byte-compiling /home/dcs/Desktop/Lab/Lab1/ros2_ws/install/package_name/lib/python3.8/site-packages/package_name/my_node.py to my_node.cpython-38.pyc
[1.223s] running install_data
[1.223s] creating /home/dcs/Desktop/Lab/Lab1/ros2_ws/install/package_name/share/ament_index
[1.223s] creating /home/dcs/Desktop/Lab/Lab1/ros2_ws/install/package_name/share/ament_index/resource_index
[1.223s] creating /home/dcs/Desktop/Lab/Lab1/ros2_ws/install/package_name/share/ament_index/resource_index/packages
[1.223s] copying resource/package_name -> /home/dcs/Desktop/Lab/Lab1/ros2_ws/install/package_name/share/ament_index/resource_index/packages
[1.223s] copying package.xml -> /home/dcs/Desktop/Lab/Lab1/ros2_ws/install/package_name/share/package_name
[1.223s] running install_egg_info
[1.225s] Copying ../../build/package_name/package_name.egg-info to /home/dcs/Desktop/Lab/Lab1/ros2_ws/install/package_name/lib/python3.8/site-packages/package_name-0.0.0-py3.8.egg-info
[1.225s] running install_scripts
[1.240s] Installing my_node script to /home/dcs/Desktop/Lab/Lab1/ros2_ws/install/package_name/lib/package_name
[1.240s] writing list of installed files to '/home/dcs/Desktop/Lab/Lab1/ros2_ws/build/package_name/install.log'
[1.257s] Invoked command in '/home/dcs/Desktop/Lab/Lab1/ros2_ws/src/package_name' returned '0': PYTHONPATH=/home/dcs/Desktop/Lab/Lab1/ros2_ws/build/package_name/prefix_override:/home/dcs/Desktop/Lab/Lab1/ros2_ws/install/package_name/lib/python3.8/site-packages:${PYTHONPATH} /usr/bin/python3 setup.py egg_info --egg-base ../../build/package_name build --build-base /home/dcs/Desktop/Lab/Lab1/ros2_ws/build/package_name/build install --record /home/dcs/Desktop/Lab/Lab1/ros2_ws/build/package_name/install.log --install-scripts $base/lib/package_name --single-version-externally-managed
